Log file open, 09/29/16 14:53:49
LogInit:Display: Running engine for game: First_2
LogPlatformFile: Not using cached read wrapper
LogInit:Display: RandInit(944994047) SRandInit(944994047).
LogTaskGraph: Started task graph with 5 named threads and 6 total threads with 1 sets of task threads.
LogStats: Stats thread started at 0.057440
LogPluginManager: Loaded Plugin Paper2D, From C:/Program Files (x86)/Epic Games/4.13/Engine/Plugins/2D/Paper2D/Paper2D.uplugin
LogPluginManager: Loaded Plugin LightPropagationVolume, From C:/Program Files (x86)/Epic Games/4.13/Engine/Plugins/Blendables/LightPropagationVolume/LightPropagationVolume.uplugin
LogPluginManager: Loaded Plugin BlankPlugin, From C:/Program Files (x86)/Epic Games/4.13/Engine/Plugins/Developer/BlankPlugin/BlankPlugin.uplugin
LogPluginManager: Loaded Plugin CodeLiteSourceCodeAccess, From C:/Program Files (x86)/Epic Games/4.13/Engine/Plugins/Developer/CodeLiteSourceCodeAccess/CodeLiteSourceCodeAccess.uplugin
LogPluginManager: Loaded Plugin GitSourceControl, From C:/Program Files (x86)/Epic Games/4.13/Engine/Plugins/Developer/GitSourceControl/GitSourceControl.uplugin
LogPluginManager: Loaded Plugin KDevelopSourceCodeAccess, From C:/Program Files (x86)/Epic Games/4.13/Engine/Plugins/Developer/KDevelopSourceCodeAccess/KDevelopSourceCodeAccess.uplugin
LogPluginManager: Loaded Plugin NullSourceCodeAccess, From C:/Program Files (x86)/Epic Games/4.13/Engine/Plugins/Developer/NullSourceCodeAccess/NullSourceCodeAccess.uplugin
LogPluginManager: Loaded Plugin OneSkyLocalizationService, From C:/Program Files (x86)/Epic Games/4.13/Engine/Plugins/Developer/OneSkyLocalizationService/OneSkyLocalizationService.uplugin
LogPluginManager: Loaded Plugin PerforceSourceControl, From C:/Program Files (x86)/Epic Games/4.13/Engine/Plugins/Developer/PerforceSourceControl/PerforceSourceControl.uplugin
LogPluginManager: Loaded Plugin SubversionSourceControl, From C:/Program Files (x86)/Epic Games/4.13/Engine/Plugins/Developer/SubversionSourceControl/SubversionSourceControl.uplugin
LogPluginManager: Loaded Plugin UObjectPlugin, From C:/Program Files (x86)/Epic Games/4.13/Engine/Plugins/Developer/UObjectPlugin/UObjectPlugin.uplugin
LogPluginManager: Loaded Plugin VisualStudioSourceCodeAccess, From C:/Program Files (x86)/Epic Games/4.13/Engine/Plugins/Developer/VisualStudioSourceCodeAccess/VisualStudioSourceCodeAccess.uplugin
LogPluginManager: Loaded Plugin XCodeSourceCodeAccess, From C:/Program Files (x86)/Epic Games/4.13/Engine/Plugins/Developer/XCodeSourceCodeAccess/XCodeSourceCodeAccess.uplugin
LogPluginManager: Loaded Plugin EpicSurvey, From C:/Program Files (x86)/Epic Games/4.13/Engine/Plugins/Editor/EpicSurvey/EpicSurvey.uplugin
LogPluginManager: Loaded Plugin MacGraphicsSwitching, From C:/Program Files (x86)/Epic Games/4.13/Engine/Plugins/Editor/MacGraphicsSwitching/MacGraphicsSwitching.uplugin
LogPluginManager: Loaded Plugin MobileLauncherProfileWizard, From C:/Program Files (x86)/Epic Games/4.13/Engine/Plugins/Editor/MobileLauncherProfileWizard/MobileLauncherProfileWizard.uplugin
LogPluginManager: Loaded Plugin PluginBrowser, From C:/Program Files (x86)/Epic Games/4.13/Engine/Plugins/Editor/PluginBrowser/PluginBrowser.uplugin
LogPluginManager: Loaded Plugin SpeedTreeImporter, From C:/Program Files (x86)/Epic Games/4.13/Engine/Plugins/Editor/SpeedTreeImporter/SpeedTreeImporter.uplugin
LogPluginManager: Loaded Plugin SuperSearchEditor, From C:/Program Files (x86)/Epic Games/4.13/Engine/Plugins/Editor/SuperSearchEditor/SuperSearchEditor.uplugin
LogPluginManager: Loaded Plugin AlembicImporter, From C:/Program Files (x86)/Epic Games/4.13/Engine/Plugins/Experimental/AlembicImporter/AlembicImporter.uplugin
LogPluginManager: Loaded Plugin BlueprintStats, From C:/Program Files (x86)/Epic Games/4.13/Engine/Plugins/Experimental/BlueprintStats/BlueprintStats.uplugin
LogPluginManager: Loaded Plugin CharacterAI, From C:/Program Files (x86)/Epic Games/4.13/Engine/Plugins/Experimental/CharacterAI/CharacterAI.uplugin
LogPluginManager: Loaded Plugin CodeEditor, From C:/Program Files (x86)/Epic Games/4.13/Engine/Plugins/Experimental/CodeEditor/CodeEditor.uplugin
LogPluginManager: Loaded Plugin CodeView, From C:/Program Files (x86)/Epic Games/4.13/Engine/Plugins/Experimental/CodeView/CodeView.uplugin
LogPluginManager: Loaded Plugin HTML5Networking, From C:/Program Files (x86)/Epic Games/4.13/Engine/Plugins/Experimental/HTML5Networking/HTML5Networking.uplugin
LogPluginManager: Loaded Plugin LiveEditor, From C:/Program Files (x86)/Epic Games/4.13/Engine/Plugins/Experimental/LiveEditor/LiveEditor.uplugin
LogPluginManager: Loaded Plugin OSVR, From C:/Program Files (x86)/Epic Games/4.13/Engine/Plugins/Experimental/OSVR/OSVR.uplugin
LogPluginManager: Loaded Plugin Phya, From C:/Program Files (x86)/Epic Games/4.13/Engine/Plugins/Experimental/Phya/Phya.uplugin
LogPluginManager: Loaded Plugin SignificanceManager, From C:/Program Files (x86)/Epic Games/4.13/Engine/Plugins/Experimental/SignificanceManager/SignificanceManager.uplugin
LogPluginManager: Loaded Plugin SimpleHMD, From C:/Program Files (x86)/Epic Games/4.13/Engine/Plugins/Experimental/SimpleHMD/SimpleHMD.uplugin
LogPluginManager: Loaded Plugin StereoPanorama, From C:/Program Files (x86)/Epic Games/4.13/Engine/Plugins/Experimental/StereoPanorama/StereoPanorama.uplugin
LogPluginManager: Loaded Plugin StructBox, From C:/Program Files (x86)/Epic Games/4.13/Engine/Plugins/Experimental/StructBox/StructBox.uplugin
LogPluginManager: Loaded Plugin AndroidMedia, From C:/Program Files (x86)/Epic Games/4.13/Engine/Plugins/Media/AndroidMedia/AndroidMedia.uplugin
LogPluginManager: Loaded Plugin AvfMedia, From C:/Program Files (x86)/Epic Games/4.13/Engine/Plugins/Media/AvfMedia/AvfMedia.uplugin
LogPluginManager: Loaded Plugin MediaPlayerEditor, From C:/Program Files (x86)/Epic Games/4.13/Engine/Plugins/Media/MediaPlayerEditor/MediaPlayerEditor.uplugin
LogPluginManager: Loaded Plugin WmfMedia, From C:/Program Files (x86)/Epic Games/4.13/Engine/Plugins/Media/WmfMedia/WmfMedia.uplugin
LogPluginManager: Loaded Plugin MessagingDebugger, From C:/Program Files (x86)/Epic Games/4.13/Engine/Plugins/Messaging/MessagingDebugger/MessagingDebugger.uplugin
LogPluginManager: Loaded Plugin TcpMessaging, From C:/Program Files (x86)/Epic Games/4.13/Engine/Plugins/Messaging/TcpMessaging/TcpMessaging.uplugin
LogPluginManager: Loaded Plugin UdpMessaging, From C:/Program Files (x86)/Epic Games/4.13/Engine/Plugins/Messaging/UdpMessaging/UdpMessaging.uplugin
LogPluginManager: Loaded Plugin LevelSequenceEditor, From C:/Program Files (x86)/Epic Games/4.13/Engine/Plugins/MovieScene/LevelSequenceEditor/LevelSequenceEditor.uplugin
LogPluginManager: Loaded Plugin MatineeToLevelSequence, From C:/Program Files (x86)/Epic Games/4.13/Engine/Plugins/MovieScene/MatineeToLevelSequence/MatineeToLevelSequence.uplugin
LogPluginManager: Loaded Plugin NetcodeUnitTest, From C:/Program Files (x86)/Epic Games/4.13/Engine/Plugins/NetcodeUnitTest/NetcodeUnitTest/NetcodeUnitTest.uplugin
LogPluginManager: Loaded Plugin NUTUnrealEngine4, From C:/Program Files (x86)/Epic Games/4.13/Engine/Plugins/NetcodeUnitTest/NUTUnrealEngine4/NUTUnrealEngine4.uplugin
LogPluginManager: Loaded Plugin OnlineSubsystemGooglePlay, From C:/Program Files (x86)/Epic Games/4.13/Engine/Plugins/Online/Android/OnlineSubsystemGooglePlay/OnlineSubsystemGooglePlay.uplugin
LogPluginManager: Loaded Plugin OnlineSubsystemIOS, From C:/Program Files (x86)/Epic Games/4.13/Engine/Plugins/Online/IOS/OnlineSubsystemIOS/OnlineSubsystemIOS.uplugin
LogPluginManager: Loaded Plugin OnlineFramework, From C:/Program Files (x86)/Epic Games/4.13/Engine/Plugins/Online/OnlineFramework/OnlineFramework.uplugin
LogPluginManager: Loaded Plugin OnlineSubsystem, From C:/Program Files (x86)/Epic Games/4.13/Engine/Plugins/Online/OnlineSubsystem/OnlineSubsystem.uplugin
LogPluginManager: Loaded Plugin OnlineSubsystemAmazon, From C:/Program Files (x86)/Epic Games/4.13/Engine/Plugins/Online/OnlineSubsystemAmazon/OnlineSubsystemAmazon.uplugin
LogPluginManager: Loaded Plugin OnlineSubsystemFacebook, From C:/Program Files (x86)/Epic Games/4.13/Engine/Plugins/Online/OnlineSubsystemFacebook/OnlineSubsystemFacebook.uplugin
LogPluginManager: Loaded Plugin OnlineSubsystemNull, From C:/Program Files (x86)/Epic Games/4.13/Engine/Plugins/Online/OnlineSubsystemNull/OnlineSubsystemNull.uplugin
LogPluginManager: Loaded Plugin OnlineSubsystemOculus, From C:/Program Files (x86)/Epic Games/4.13/Engine/Plugins/Online/OnlineSubsystemOculus/OnlineSubsystemOculus.uplugin
LogPluginManager: Loaded Plugin OnlineSubsystemSteam, From C:/Program Files (x86)/Epic Games/4.13/Engine/Plugins/Online/OnlineSubsystemSteam/OnlineSubsystemSteam.uplugin
LogPluginManager: Loaded Plugin OnlineSubsystemUtils, From C:/Program Files (x86)/Epic Games/4.13/Engine/Plugins/Online/OnlineSubsystemUtils/OnlineSubsystemUtils.uplugin
LogPluginManager: Loaded Plugin IOSTapJoy, From C:/Program Files (x86)/Epic Games/4.13/Engine/Plugins/Runtime/Advertising/IOSTapJoy/IOSTapJoy.uplugin
LogPluginManager: Loaded Plugin AnalyticsBlueprintLibrary, From C:/Program Files (x86)/Epic Games/4.13/Engine/Plugins/Runtime/Analytics/AnalyticsBlueprintLibrary/AnalyticsBlueprintLibrary.uplugin
LogPluginManager: Loaded Plugin AnalyticsMulticast, From C:/Program Files (x86)/Epic Games/4.13/Engine/Plugins/Runtime/Analytics/AnalyticsMulticast/AnalyticsMulticast.uplugin
LogPluginManager: Loaded Plugin Apsalar, From C:/Program Files (x86)/Epic Games/4.13/Engine/Plugins/Runtime/Analytics/Apsalar/Apsalar.uplugin
LogPluginManager: Loaded Plugin FileLogging, From C:/Program Files (x86)/Epic Games/4.13/Engine/Plugins/Runtime/Analytics/FileLogging/FileLogging.uplugin
LogPluginManager: Loaded Plugin Flurry, From C:/Program Files (x86)/Epic Games/4.13/Engine/Plugins/Runtime/Analytics/Flurry/Flurry.uplugin
LogPluginManager: Loaded Plugin AndroidDeviceProfileSelector, From C:/Program Files (x86)/Epic Games/4.13/Engine/Plugins/Runtime/AndroidDeviceProfileSelector/AndroidDeviceProfileSelector.uplugin
LogPluginManager: Loaded Plugin AndroidMoviePlayer, From C:/Program Files (x86)/Epic Games/4.13/Engine/Plugins/Runtime/AndroidMoviePlayer/AndroidMoviePlayer.uplugin
LogPluginManager: Loaded Plugin AppleMoviePlayer, From C:/Program Files (x86)/Epic Games/4.13/Engine/Plugins/Runtime/AppleMoviePlayer/AppleMoviePlayer.uplugin
LogPluginManager: Loaded Plugin ArchVisCharacter, From C:/Program Files (x86)/Epic Games/4.13/Engine/Plugins/Runtime/ArchVisCharacter/ArchVisCharacter.uplugin
LogPluginManager: Loaded Plugin CableComponent, From C:/Program Files (x86)/Epic Games/4.13/Engine/Plugins/Runtime/CableComponent/CableComponent.uplugin
LogPluginManager: Loaded Plugin CustomMeshComponent, From C:/Program Files (x86)/Epic Games/4.13/Engine/Plugins/Runtime/CustomMeshComponent/CustomMeshComponent.uplugin
LogPluginManager: Loaded Plugin ExampleDeviceProfileSelector, From C:/Program Files (x86)/Epic Games/4.13/Engine/Plugins/Runtime/ExampleDeviceProfileSelector/ExampleDeviceProfileSelector.uplugin
LogPluginManager: Loaded Plugin GearVR, From C:/Program Files (x86)/Epic Games/4.13/Engine/Plugins/Runtime/GearVR/GearVR.uplugin
LogPluginManager: Loaded Plugin GoogleVRController, From C:/Program Files (x86)/Epic Games/4.13/Engine/Plugins/Runtime/GoogleVR/GoogleVRController/GoogleVRController.uplugin
LogPluginManager: Loaded Plugin GoogleVRHMD, From C:/Program Files (x86)/Epic Games/4.13/Engine/Plugins/Runtime/GoogleVR/GoogleVRHMD/GoogleVRHMD.uplugin
LogPluginManager: Loaded Plugin IOSDeviceProfileSelector, From C:/Program Files (x86)/Epic Games/4.13/Engine/Plugins/Runtime/IOSDeviceProfileSelector/IOSDeviceProfileSelector.uplugin
LogPluginManager: Loaded Plugin LeapMotion, From C:/Program Files (x86)/Epic Games/4.13/Engine/Plugins/Runtime/LeapMotion/LeapMotion.uplugin
LogPluginManager: Loaded Plugin LinuxDeviceProfileSelector, From C:/Program Files (x86)/Epic Games/4.13/Engine/Plugins/Runtime/LinuxDeviceProfileSelector/LinuxDeviceProfileSelector.uplugin
LogPluginManager: Loaded Plugin LiveEditorListenServer, From C:/Program Files (x86)/Epic Games/4.13/Engine/Plugins/Runtime/LiveEditorListenServer/LiveEditorListenServer.uplugin
LogPluginManager: Loaded Plugin OculusAudio, From C:/Program Files (x86)/Epic Games/4.13/Engine/Plugins/Runtime/OculusAudio/OculusAudio.uplugin
LogPluginManager: Loaded Plugin OculusInput, From C:/Program Files (x86)/Epic Games/4.13/Engine/Plugins/Runtime/OculusInput/OculusInput.uplugin
LogPluginManager: Loaded Plugin OculusLibrary, From C:/Program Files (x86)/Epic Games/4.13/Engine/Plugins/Runtime/OculusLibrary/OculusLibrary.uplugin
LogPluginManager: Loaded Plugin OculusRift, From C:/Program Files (x86)/Epic Games/4.13/Engine/Plugins/Runtime/OculusRift/OculusRift.uplugin
LogPluginManager: Loaded Plugin Oodle, From C:/Program Files (x86)/Epic Games/4.13/Engine/Plugins/Runtime/PacketHandlers/CompressionComponents/Oodle/Oodle.uplugin
LogPluginManager: Loaded Plugin ProceduralMeshComponent, From C:/Program Files (x86)/Epic Games/4.13/Engine/Plugins/Runtime/ProceduralMeshComponent/ProceduralMeshComponent.uplugin
LogPluginManager: Loaded Plugin SoundMod, From C:/Program Files (x86)/Epic Games/4.13/Engine/Plugins/Runtime/SoundMod/SoundMod.uplugin
LogPluginManager: Loaded Plugin SoundVisualizations, From C:/Program Files (x86)/Epic Games/4.13/Engine/Plugins/Runtime/SoundVisualizations/SoundVisualizations.uplugin
LogPluginManager: Loaded Plugin SteamController, From C:/Program Files (x86)/Epic Games/4.13/Engine/Plugins/Runtime/Steam/SteamController/SteamController.uplugin
LogPluginManager: Loaded Plugin SteamVR, From C:/Program Files (x86)/Epic Games/4.13/Engine/Plugins/Runtime/Steam/SteamVR/SteamVR.uplugin
LogPluginManager: Loaded Plugin WebBrowserWidget, From C:/Program Files (x86)/Epic Games/4.13/Engine/Plugins/Runtime/WebBrowserWidget/WebBrowserWidget.uplugin
LogPluginManager: Loaded Plugin WindowsDeviceProfileSelector, From C:/Program Files (x86)/Epic Games/4.13/Engine/Plugins/Runtime/WindowsDeviceProfileSelector/WindowsDeviceProfileSelector.uplugin
LogPluginManager: Loaded Plugin WindowsMoviePlayer, From C:/Program Files (x86)/Epic Games/4.13/Engine/Plugins/Runtime/WindowsMoviePlayer/WindowsMoviePlayer.uplugin
LogPluginManager: Loaded Plugin ScriptPlugin, From C:/Program Files (x86)/Epic Games/4.13/Engine/Plugins/ScriptPlugin/ScriptPlugin.uplugin
LogPluginManager: Loaded Plugin SlateRemote, From C:/Program Files (x86)/Epic Games/4.13/Engine/Plugins/Slate/SlateRemote/SlateRemote.uplugin
LogInit: Using libcurl 7.47.1
LogInit:  - built for x86_64-pc-win32
LogInit:  - supports SSL with WinSSL
LogInit:  - other features:
LogInit:      CURL_VERSION_SSL
LogInit:      CURL_VERSION_IPV6
LogInit:      CURL_VERSION_ASYNCHDNS
LogInit:      CURL_VERSION_LARGEFILE
LogInit:      CURL_VERSION_IDN
LogInit:  CurlRequestOptions (configurable via config and command line):
LogInit:  - bVerifyPeer = false  - Libcurl will NOT verify peer certificate
LogInit:  - bUseHttpProxy = false  - Libcurl will NOT use HTTP proxy
LogInit:  - bDontReuseConnections = false  - Libcurl will reuse connections
LogInit:  - CertBundlePath = nullptr  - Libcurl will use whatever was configured at build time.
LogInit: Build: ++UE4+Release-4.13-CL-3106830
LogInit: Engine Version: 4.13.0-3106830+++UE4+Release-4.13
LogInit: Compatible Engine Version: 4.13.0-3106830+++UE4+Release-4.13
LogInit: Net CL: 3106830
LogDevObjectVersion: Number of dev versions registered: 13
LogDevObjectVersion:   Dev-Blueprints (B0D832E4-1F89-4F0D-ACCF-7EB736FD4AA2): 5
LogDevObjectVersion:   Dev-Build (E1C64328-A22C-4D53-A36C-8E866417BD8C): 0
LogDevObjectVersion:   Dev-Core (375EC13C-06E4-48FB-B500-84F0262A717E): 1
LogDevObjectVersion:   Dev-Editor (E4B068ED-F494-42E9-A231-DA0B2E46BB41): 6
LogDevObjectVersion:   Dev-Framework (CFFC743F-43B0-4480-9391-14DF171D2073): 12
LogDevObjectVersion:   Dev-Mobile (B02B49B5-BB20-44E9-A304-32B752E40360): 0
LogDevObjectVersion:   Dev-Networking (A4E4105C-59A1-49B5-A7C5-40C4547EDFEE): 0
LogDevObjectVersion:   Dev-Online (39C831C9-5AE6-47DC-9A44-9C173E1C8E7C): 0
LogDevObjectVersion:   Dev-Physics (78F01B33-EBEA-4F98-B9B4-84EACCB95AA2): 0
LogDevObjectVersion:   Dev-Platform (6631380F-2D4D-43E0-8009-CF276956A95A): 0
LogDevObjectVersion:   Dev-Rendering (12F88B9F-8875-4AFC-A67C-D90C383ABD29): 4
LogDevObjectVersion:   Dev-Sequencer (7B5AE74C-D270-4C10-A958-57980B212A5A): 0
LogDevObjectVersion:   Dev-VR (D7296918-1DD6-4BDD-9DE2-64A83CC13884): 0
LogInit: Compiled (64-bit): Aug 30 2016 18:11:39
LogInit: Compiled with Visual C++: 19.00.23026.00
LogInit: Build Configuration: Development
LogInit: Branch Name: ++UE4+Release-4.13
LogInit: Command line:  
LogInit: Base directory: C:/Program Files (x86)/Epic Games/4.13/Engine/Binaries/Win64/
LogInit: Installed Engine Build: 1
LogInit: Presizing for max 8388607 objects, including 0 objects not considered by GC, pre-allocating 0 bytes for permanent pool.
LogInit: Object subsystem initialized
[2016.09.29-18.53.49:188][  0]LogInit: Selected Device Profile: [Windows]
[2016.09.29-18.53.49:188][  0]LogInit: Applying CVar settings loaded from the selected device profile: [Windows]
[2016.09.29-18.53.49:199][  0]LogInit: Computer: BSARDINHA
[2016.09.29-18.53.49:199][  0]LogInit: User: Brian
[2016.09.29-18.53.49:199][  0]LogInit: CPU Page size=65536, Cores=2
[2016.09.29-18.53.49:199][  0]LogInit: High frequency timer resolution =2.530841 MHz
[2016.09.29-18.53.49:199][  0]LogMemory: Memory total: Physical=7.9GB (8GB approx)
[2016.09.29-18.53.49:199][  0]LogMemory: Platform Memory Stats for Windows
[2016.09.29-18.53.49:199][  0]LogMemory: Process Physical Memory: 255.02 MB used, 255.02 MB peak
[2016.09.29-18.53.49:199][  0]LogMemory: Process Virtual Memory: 266.12 MB used, 266.12 MB peak
[2016.09.29-18.53.49:199][  0]LogMemory: Physical Memory: 2442.15 MB used, 8075.23 MB total
[2016.09.29-18.53.49:199][  0]LogMemory: Virtual Memory: 610.45 MB used, 134217728.00 MB total
[2016.09.29-18.53.49:238][  0]LogTextLocalizationManager: No specific translations for ('en-US') exist, so ('en') translations will be used.
[2016.09.29-18.53.49:894][  0]LogD3D11RHI: D3D11 adapters:
[2016.09.29-18.53.49:919][  0]LogD3D11RHI:    0. 'NVIDIA NVS 4200M    ' (Feature Level 11_0)
[2016.09.29-18.53.49:919][  0]LogD3D11RHI:       973/0/3071 MB DedicatedVideo/DedicatedSystem/SharedSystem, Outputs:1, VendorId:0x10de
[2016.09.29-18.53.49:937][  0]LogD3D11RHI:    1. 'NVIDIA NVS 4200M    ' (Feature Level 11_0)
[2016.09.29-18.53.49:937][  0]LogD3D11RHI:       973/0/3071 MB DedicatedVideo/DedicatedSystem/SharedSystem, Outputs:0, VendorId:0x10de
[2016.09.29-18.53.49:939][  0]LogD3D11RHI:    2. 'Microsoft Basic Render Driver' (Feature Level 11_0)
[2016.09.29-18.53.49:939][  0]LogD3D11RHI:       973/0/3071 MB DedicatedVideo/DedicatedSystem/SharedSystem, Outputs:0, VendorId:0x1414
[2016.09.29-18.53.49:939][  0]LogD3D11RHI: Chosen D3D11 Adapter: 0
[2016.09.29-18.53.49:943][  0]LogD3D11RHI: Creating new Direct3DDevice
[2016.09.29-18.53.49:943][  0]LogD3D11RHI:     GPU DeviceId: 0x1057 (for the marketing name, search the web for "GPU Device Id")
[2016.09.29-18.53.49:943][  0]LogWindows: EnumDisplayDevices:
[2016.09.29-18.53.49:943][  0]LogWindows:    0. 'Intel(R) HD Graphics 3000' (P:1 D:1)
[2016.09.29-18.53.49:944][  0]LogWindows:    1. 'Intel(R) HD Graphics 3000' (P:0 D:0)
[2016.09.29-18.53.49:944][  0]LogWindows:    2. 'NVIDIA NVS 4200M    ' (P:0 D:0)
[2016.09.29-18.53.49:944][  0]LogWindows:    3. 'NVIDIA NVS 4200M    ' (P:0 D:0)
[2016.09.29-18.53.49:944][  0]LogWindows: DebugString: PrimaryIsNotTheChoosenAdapter PrimaryIsNotTheChoosenAdapter FoundDriverCount:2 
[2016.09.29-18.53.49:944][  0]LogD3D11RHI:     Adapter Name: NVIDIA NVS 4200M    
[2016.09.29-18.53.49:944][  0]LogD3D11RHI:   Driver Version: 354.45 (internal:10.18.13.5445, unified:354.45)
[2016.09.29-18.53.49:944][  0]LogD3D11RHI:      Driver Date: 11-5-2015
[2016.09.29-18.53.49:944][  0]LogRHI: Texture pool is 681 MB (70% of 973 MB)
[2016.09.29-18.53.49:957][  0]LogD3D11RHI: Async texture creation enabled
[2016.09.29-18.53.49:976][  0]LogD3D11RHI: GPU Timing Frequency: 1000.000000 (Debug: 2 2)
[2016.09.29-18.53.49:976][  0]LogShaderCompilers: Guid format shader working directory is -14 characters bigger than the processId version (../../../../../../Users/Brian/Documents/GitHub/doftg/First_2/Intermediate/Shaders/WorkingDirectory/7224/).
[2016.09.29-18.53.49:976][  0]LogShaderCompilers: Cleaned the shader compiler working directory 'C:/Users/Brian/AppData/Local/Temp/UnrealShaderWorkingDir/929BBC3C4D0A8DD6DAA31C94343A0C3E/'.
[2016.09.29-18.53.49:976][  0]LogShaderCompilers:Display: Using Local Shader Compiler.
[2016.09.29-18.53.51:079][  0]LogTemp:Display: Loaded TP AllDesktopTargetPlatform
[2016.09.29-18.53.51:089][  0]LogTemp:Display: Loaded TP WindowsClientTargetPlatform
[2016.09.29-18.53.51:100][  0]LogTemp:Display: Loaded TP WindowsNoEditorTargetPlatform
[2016.09.29-18.53.51:110][  0]LogTemp:Display: Loaded TP WindowsServerTargetPlatform
[2016.09.29-18.53.51:120][  0]LogTemp:Display: Loaded TP WindowsTargetPlatform
[2016.09.29-18.53.51:129][  0]LogTemp:Display: Loaded TP AndroidTargetPlatform
[2016.09.29-18.53.51:137][  0]LogTemp:Display: Loaded TP Android_ASTCTargetPlatform
[2016.09.29-18.53.51:146][  0]LogTemp:Display: Loaded TP Android_ATCTargetPlatform
[2016.09.29-18.53.51:155][  0]LogTemp:Display: Loaded TP Android_DXTTargetPlatform
[2016.09.29-18.53.51:164][  0]LogTemp:Display: Loaded TP Android_ETC1TargetPlatform
[2016.09.29-18.53.51:173][  0]LogTemp:Display: Loaded TP Android_ETC2TargetPlatform
[2016.09.29-18.53.51:191][  0]LogTemp:Display: Loaded TP Android_MultiTargetPlatform
[2016.09.29-18.53.51:191][  0]LogTemp:Display: Loaded TP Android_PVRTCTargetPlatform
[2016.09.29-18.53.51:193][  0]LogTemp:Display: Loaded TP HTML5TargetPlatform
[2016.09.29-18.53.51:217][  0]LogTemp:Display: Loaded TP IOSTargetPlatform
[2016.09.29-18.53.51:225][  0]LogTemp:Display: Loaded TP TVOSTargetPlatform
[2016.09.29-18.53.51:233][  0]LogTemp:Display: Loaded TP LinuxClientTargetPlatform
[2016.09.29-18.53.51:241][  0]LogTemp:Display: Loaded TP LinuxNoEditorTargetPlatform
[2016.09.29-18.53.51:249][  0]LogTemp:Display: Loaded TP LinuxServerTargetPlatform
[2016.09.29-18.53.51:258][  0]LogTemp:Display: Loaded TP LinuxTargetPlatform
[2016.09.29-18.53.51:258][  0]LogTargetPlatformManager:Display: Building Assets For Windows
[2016.09.29-18.53.51:359][  0]LogDerivedDataCache:Display: Max Cache Size: 512 MB
[2016.09.29-18.53.51:436][  0]LogDerivedDataCache: Loaded boot cache 0.08s 62MB C:/Users/Brian/AppData/Local/UnrealEngine/4.13/DerivedDataCache/Boot.ddc.
[2016.09.29-18.53.51:436][  0]LogDerivedDataCache:Display: Loaded Boot cache: C:/Users/Brian/AppData/Local/UnrealEngine/4.13/DerivedDataCache/Boot.ddc
[2016.09.29-18.53.51:436][  0]LogDerivedDataCache: FDerivedDataBackendGraph:  Pak pak cache file ../../../../../../Users/Brian/Documents/GitHub/doftg/First_2/DerivedDataCache/DDC.ddp not found, will not use a pak cache.
[2016.09.29-18.53.51:436][  0]LogDerivedDataCache: Unable to find inner node Pak for hierarchical cache Hierarchy.
[2016.09.29-18.53.51:437][  0]LogDerivedDataCache: FDerivedDataBackendGraph:  CompressedPak pak cache file ../../../../../../Users/Brian/Documents/GitHub/doftg/First_2/DerivedDataCache/Compressed.ddp not found, will not use a pak cache.
[2016.09.29-18.53.51:437][  0]LogDerivedDataCache: Unable to find inner node CompressedPak for hierarchical cache Hierarchy.
[2016.09.29-18.53.51:456][  0]LogDerivedDataCache:Display: Pak cache opened for reading ../../../Engine/DerivedDataCache/Compressed.ddp.
[2016.09.29-18.53.51:468][  0]LogDerivedDataCache: Using Local data cache path C:/Users/Brian/AppData/Local/UnrealEngine/Common/DerivedDataCache: Writable
[2016.09.29-18.53.51:709][  0]LogInit: Selected Device Profile: [Windows]
[2016.09.29-18.53.51:712][  0]LogContentStreaming: Texture pool size is 0.00 MB
[2016.09.29-18.53.51:822][  0]LogMeshUtilities: No automatic mesh reduction module available
[2016.09.29-18.53.51:822][  0]LogMeshUtilities: No automatic mesh merging module available
[2016.09.29-18.53.51:822][  0]LogMeshUtilities: No distributed automatic mesh merging module available
[2016.09.29-18.53.51:909][  0]LogMaterial: Uniform references updated for custom material expression Custom.
[2016.09.29-18.53.52:246][  0]LogNetVersion: GetLocalNetworkVersion: CL: 3106830, ProjectName: first_2, ProjectVersion: , EngineNetworkVersion: 1, GameNetworkVersion: 0, NetworkChecksum: 3625815129
[2016.09.29-18.53.52:288][  0]LogAssetRegistry: FAssetRegistry took 0.0219 seconds to start up
[2016.09.29-18.53.52:332][  0]LogPackageLocalizationCache: Processed 3 localized package path(s) for 2 prioritized culture(s) in 0.039299 seconds
[2016.09.29-18.53.52:340][  0]LogUObjectArray: 29777 objects as part of root set at end of initial load.
[2016.09.29-18.53.52:340][  0]LogUObjectAllocator: 6124704 out of 0 bytes used by permanent object pool.
[2016.09.29-18.53.52:340][  0]LogUObjectArray: CloseDisregardForGC: 0/0 objects in disregard for GC pool
[2016.09.29-18.53.52:352][  0]LogInit: WinSock: version 1.1 (2.2), MaxSocks=32767, MaxUdp=65467
[2016.09.29-18.53.52:646][  0]LogSlate: SlateFontCache - WITH_FREETYPE: 1, WITH_HARFBUZZ: 1
[2016.09.29-18.53.52:646][  0]LogSlate: SlateFontCache - WITH_FREETYPE: 1, WITH_HARFBUZZ: 1
[2016.09.29-18.53.53:453][  0]LogUdpMessaging: Initializing bridge on interface 0.0.0.0:0 to multicast group 230.0.0.1:6666.
[2016.09.29-18.53.53:713][  0]SourceControl: Info Source control is disabled
[2016.09.29-18.53.53:714][  0]SourceControl: Info Source control is disabled
[2016.09.29-18.53.53:725][  0]SourceControl: Info Source control is disabled
[2016.09.29-18.53.53:735][  0]SourceControl: Info Source control is disabled
[2016.09.29-18.53.54:069][  0]LogEngine: Initializing Engine...
[2016.09.29-18.53.54:070][  0]LogHMD: Failed to initialize OpenVR with code 110
[2016.09.29-18.53.54:229][  0]LogAIModule: Creating AISystem for world Untitled
[2016.09.29-18.53.54:238][  0]LogInit: XAudio2 using 'Headphones (High Definition Audio Device)' : 2 channels at 44.1 kHz using 16 bits per sample (channel mask 0x3)
[2016.09.29-18.53.54:253][  0]LogInit: FAudioDevice initialized.
[2016.09.29-18.53.54:284][  0]LogDerivedDataCache: Saved boot cache 0.03s 62MB C:/Users/Brian/AppData/Local/UnrealEngine/4.13/DerivedDataCache/Boot.ddc.
[2016.09.29-18.53.54:295][  0]LogInit: Texture streaming: Enabled
[2016.09.29-18.53.54:324][  0]LogInit: Transaction tracking system initialized
[2016.09.29-18.53.54:353][  0]BlueprintLog: New page: Editor Load
[2016.09.29-18.53.54:452][  0]LocalizationService: Info Localization service is disabled
[2016.09.29-18.53.54:757][  0]LogConsoleResponse:Display: 
[2016.09.29-18.53.54:881][  0]LogCook:Display: Max memory allowance for cook 16384mb min free memory 0mb
[2016.09.29-18.53.54:881][  0]LogCook:Display: Mobile HDR setting 1
[2016.09.29-18.53.55:066][  0]LogFileCache: Scanning file cache for directory 'C:/Users/Brian/Documents/GitHub/doftg/First_2/Content/' took 0.01s
[2016.09.29-18.53.55:066][  0]SourceControl: Info Source control is disabled
[2016.09.29-18.53.55:066][  0]Cmd: MAP LOAD FILE="../../../../../../Users/Brian/Documents/GitHub/doftg/First_2/Content/Demo/Maps/Level_00.umap" TEMPLATE=0 SHOWPROGRESS=1 FEATURELEVEL=3
[2016.09.29-18.53.55:067][  0]LightingResults: New page: Lighting Build
[2016.09.29-18.53.55:070][  0]MapCheck: New page: Map Check
[2016.09.29-18.53.55:070][  0]LightingResults: New page: Lighting Build
[2016.09.29-18.53.55:128][  0]LogAIModule: Creating AISystem for world Level_00
[2016.09.29-18.53.55:141][  0]LogEditorServer: Finished looking for orphan Actors (0.000 secs)
[2016.09.29-18.53.55:141][  0]Cmd: MAP CHECKDEP NOCLEARLOG
[2016.09.29-18.53.55:188][  0]MapCheck: Info Map check complete: 0 Error(s), 0 Warning(s), took 46.863ms to complete.
[2016.09.29-18.53.55:188][  0]LogFileHelpers: Loading map 'Level_00' took 0.122
[2016.09.29-18.53.55:316][  0]LogCollectionManager: Loaded 1 collections in 0.002377 seconds
[2016.09.29-18.53.55:358][  0]LogFileCache: Scanning file cache for directory 'C:/Users/Brian/Documents/GitHub/doftg/First_2/Saved/Collections/' took 0.01s
[2016.09.29-18.53.55:358][  0]LogFileCache: Scanning file cache for directory 'C:/Users/Brian/Documents/GitHub/doftg/First_2/Content/Developers/Brian/Collections/' took 0.01s
[2016.09.29-18.53.55:358][  0]LogFileCache: Scanning file cache for directory 'C:/Users/Brian/Documents/GitHub/doftg/First_2/Content/Collections/' took 0.01s
[2016.09.29-18.53.55:358][  0]LogCollectionManager: Rebuilt the GUID cache for 1 collections in 0.000006 seconds
[2016.09.29-18.53.55:358][  0]LogCollectionManager: Rebuilt the hierarchy cache for 1 collections in 0.000000 seconds
[2016.09.29-18.53.55:368][  0]LogContentBrowser: Native class hierarchy populated in 0.0100 seconds. Added 2141 classes and 415 folders.
[2016.09.29-18.53.55:372][  0]LogStats: UGameplayTagsManager::ConstructGameplayTagTree: Construct from data asset -  0.000 s
[2016.09.29-18.53.55:373][  0]LogStats: UGameplayTagsManager::ConstructGameplayTagTree: GameplayTagTreeChangedEvent.Broadcast -  0.000 s
[2016.09.29-18.53.55:373][  0]LogContentBrowser: Native class hierarchy updated for 'GameplayTags' in 0.0005 seconds. Added 12 classes and 0 folders.
[2016.09.29-18.53.55:378][  0]LogContentBrowser: Native class hierarchy updated for 'WidgetCarousel' in 0.0004 seconds. Added 0 classes and 0 folders.
[2016.09.29-18.53.55:418][  0]LogContentBrowser: Native class hierarchy updated for 'AddContentDialog' in 0.0005 seconds. Added 0 classes and 0 folders.
[2016.09.29-18.53.55:424][  0]LogContentBrowser: Native class hierarchy updated for 'SceneOutliner' in 0.0005 seconds. Added 1 classes and 2 folders.
[2016.09.29-18.53.55:441][  0]LogCrashTracker: Crashtracker disabled due to settings.
[2016.09.29-18.53.55:446][  0]LogUObjectGlobals:Warning: Failed to find object 'Class None.'
[2016.09.29-18.53.55:474][  0]LogContentBrowser: Native class hierarchy updated for 'HierarchicalLODOutliner' in 0.0006 seconds. Added 1 classes and 2 folders.
[2016.09.29-18.53.55:474][  0]LogLoad: (Engine Initialization) Total time: 7.18 seconds
[2016.09.29-18.53.55:474][  0]LogLoad: (Engine Initialization) Total Blueprint compile time: 0.01 seconds
[2016.09.29-18.53.55:474][  0]LogExternalProfiler: Found external profiler: VSPerf
[2016.09.29-18.53.55:474][  0]LogExternalProfiler: Using external profiler: VSPerf
[2016.09.29-18.53.55:492][  0]LogOcInput: OculusInput pre-init called
[2016.09.29-18.53.55:509][  0]LogContentStreaming: Texture pool size now 400 MB
[2016.09.29-18.53.55:661][  0]LogRenderer: Reallocating scene render targets to support 1004x532 (Frame:2).
[2016.09.29-18.53.55:850][  1]LogAssetRegistry: Asset discovery search completed in 3.5836 seconds
[2016.09.29-18.53.55:850][  1]LogCollectionManager: Rebuilt the object cache for 1 collections in 0.000011 seconds (found 0 objects)
[2016.09.29-18.53.55:850][  1]LogCollectionManager: Fixed up redirectors for 1 collections in 0.000031 seconds (updated 0 objects)
[2016.09.29-18.54.04:285][449]LogContentBrowser: Native class hierarchy updated for 'BlueprintGraph' in 0.0010 seconds. Added 112 classes and 0 folders.
[2016.09.29-18.58.53:228][151]BlueprintLog: New page: Compile BP_Man
[2016.09.29-18.58.53:254][151]LogBlueprint:Error: [Compiler BP_Man] Error AutoCreateRefTerm Expansion: Assignment Error  K2Node_Select_3
[2016.09.29-18.58.53:678][151]BlueprintEditorCompileResults:Error: Error AutoCreateRefTerm Expansion: Assignment Error  K2Node_Select_3
[2016.09.29-18.58.53:678][151]LogBlueprint:Warning: [Compiler BP_Man] Warning [0305.38] Compile of BP_Man failed. 1 Fatal Issue(s) 0 Warning(s) [in 450 ms] (/Game/Demo/Blueprint/BP_Man.BP_Man)
[2016.09.29-19.05.52:900][969]LogEditorTransaction: Undo Break Node Links
[2016.09.29-19.07.23:790][301]BlueprintLog: New page: Compile BP_Man
[2016.09.29-19.07.26:877][466]Cmd: OBJ SAVEPACKAGE PACKAGE="/Game/Demo/Blueprint/BP_Man" FILE="../../../../../../Users/Brian/Documents/GitHub/doftg/First_2/Content/Demo/Blueprint/BP_Man.uasset" SILENT=true
[2016.09.29-19.07.26:955][466]LogSavePackage: Save=70.23ms
[2016.09.29-19.07.26:955][466]LogSavePackage: Moving '../../../../../../Users/Brian/Documents/GitHub/doftg/First_2/Saved/BP_ManCDD56B6C441A90996115F7A001F7B913.tmp' to '../../../../../../Users/Brian/Documents/GitHub/doftg/First_2/Content/Demo/Blueprint/BP_Man.uasset'
[2016.09.29-19.07.26:961][466]LogSavePackage:Display: Finished SavePackage ../../../../../../Users/Brian/Documents/GitHub/doftg/First_2/Content/Demo/Blueprint/BP_Man.uasset
[2016.09.29-19.07.28:043][529]BlueprintLog: New page: Compile BP_Man
[2016.09.29-19.07.30:746][668]LogBlueprintUserMessages: Early PlayInEditor Detection: Level '/Game/Demo/Maps/Level_00.Level_00:PersistentLevel' has LevelScriptBlueprint '/Game/Demo/Maps/Level_00.Level_00:PersistentLevel.Level_00' with GeneratedClass '/Game/Demo/Maps/Level_00.Level_00_C' with ClassGeneratedBy '/Game/Demo/Maps/Level_00.Level_00:PersistentLevel.Level_00'
[2016.09.29-19.07.30:746][668]BlueprintLog: New page: Pre-Play auto-recompile
[2016.09.29-19.07.30:746][668]LogPlayLevel: [PlayLevel] Compiling PROTO_BP_Blueprint_0 before play...
[2016.09.29-19.07.30:879][668]LogPlayLevel: PlayLevel: Blueprint regeneration took 133 ms (1 blueprints)
[2016.09.29-19.07.30:880][668]PIE: New page: PIE session: Level_00 (Sep 29, 2016, 10:07:30 AM)
[2016.09.29-19.07.30:880][668]LogPlayLevel: Creating play world package: /Game/Demo/Maps/UEDPIE_0_Level_00
[2016.09.29-19.07.30:890][668]LogPlayLevel: PIE: StaticDuplicateObject took: (0.009580s)
[2016.09.29-19.07.30:892][668]LogAIModule: Creating AISystem for world Level_00
[2016.09.29-19.07.30:892][668]LogPlayLevel: PIE: World Init took: (0.002398s)
[2016.09.29-19.07.30:892][668]LogPlayLevel: PIE: Created PIE world by copying editor world from /Game/Demo/Maps/Level_00.Level_00 to /Game/Demo/Maps/UEDPIE_0_Level_00.Level_00 (0.012354s)
[2016.09.29-19.07.30:934][668]LogInit: XAudio2 using 'Headphones (High Definition Audio Device)' : 2 channels at 44.1 kHz using 16 bits per sample (channel mask 0x3)
[2016.09.29-19.07.30:944][668]LogInit: FAudioDevice initialized.
[2016.09.29-19.07.31:003][668]LogWorld: Game class is '2DSideScrollerGameMode_C'
[2016.09.29-19.07.31:017][668]LogWorld: Bringing World /Game/Demo/Maps/UEDPIE_0_Level_00.Level_00 up for play (max tick rate 60) at 2016.09.29-15.07.31
[2016.09.29-19.07.31:017][668]LogWorld: Bringing up level for play took: 0.013040
[2016.09.29-19.07.31:024][668]LogContentBrowser: Native class hierarchy updated for 'MovieSceneCapture' in 0.0006 seconds. Added 11 classes and 0 folders.
[2016.09.29-19.07.31:024][668]LogGameMode:Display: Match State Changed from EnteringMap to WaitingToStart
[2016.09.29-19.07.31:024][668]LogGameState: Match State Changed from EnteringMap to WaitingToStart
[2016.09.29-19.07.31:024][668]LogGameMode:Display: Match State Changed from WaitingToStart to InProgress
[2016.09.29-19.07.31:026][668]LogGameState: Match State Changed from WaitingToStart to InProgress
[2016.09.29-19.07.31:026][668]PIE: Info Play in editor start time for /Game/Demo/Maps/UEDPIE_0_Level_00 -0.438
[2016.09.29-19.07.31:026][668]LogBlueprintUserMessages: Late PlayInEditor Detection: Level '/Game/Demo/Maps/Level_00.Level_00:PersistentLevel' has LevelScriptBlueprint '/Game/Demo/Maps/Level_00.Level_00:PersistentLevel.Level_00' with GeneratedClass '/Game/Demo/Maps/Level_00.Level_00_C' with ClassGeneratedBy '/Game/Demo/Maps/Level_00.Level_00:PersistentLevel.Level_00'
[2016.09.29-19.07.39:279][ 73]LogBlueprintUserMessages: Early EndPlayMap Detection: Level '/Game/Demo/Maps/Level_00.Level_00:PersistentLevel' has LevelScriptBlueprint '/Game/Demo/Maps/Level_00.Level_00:PersistentLevel.Level_00' with GeneratedClass '/Game/Demo/Maps/Level_00.Level_00_C' with ClassGeneratedBy '/Game/Demo/Maps/Level_00.Level_00:PersistentLevel.Level_00'
[2016.09.29-19.07.39:334][ 73]LogBlueprintUserMessages: Late EndPlayMap Detection: Level '/Game/Demo/Maps/Level_00.Level_00:PersistentLevel' has LevelScriptBlueprint '/Game/Demo/Maps/Level_00.Level_00:PersistentLevel.Level_00' with GeneratedClass '/Game/Demo/Maps/Level_00.Level_00_C' with ClassGeneratedBy '/Game/Demo/Maps/Level_00.Level_00:PersistentLevel.Level_00'
[2016.09.29-19.11.57:831][324]Cmd: OBJ SAVEPACKAGE PACKAGE="/Game/Demo/Blueprint/BP_Man" FILE="../../../../../../Users/Brian/Documents/GitHub/doftg/First_2/Content/Demo/Blueprint/BP_Man.uasset" SILENT=true
[2016.09.29-19.11.57:883][324]LogSavePackage: Save=47.33ms
[2016.09.29-19.11.57:883][324]LogSavePackage: Moving '../../../../../../Users/Brian/Documents/GitHub/doftg/First_2/Saved/BP_Man907078E842995FAEA007BB959AC66405.tmp' to '../../../../../../Users/Brian/Documents/GitHub/doftg/First_2/Content/Demo/Blueprint/BP_Man.uasset'
[2016.09.29-19.11.57:887][324]LogSavePackage:Display: Finished SavePackage ../../../../../../Users/Brian/Documents/GitHub/doftg/First_2/Content/Demo/Blueprint/BP_Man.uasset
[2016.09.29-19.11.58:400][355]BlueprintLog: New page: Compile BP_Man
[2016.09.29-19.12.01:880][549]LogBlueprintUserMessages: Early PlayInEditor Detection: Level '/Game/Demo/Maps/Level_00.Level_00:PersistentLevel' has LevelScriptBlueprint '/Game/Demo/Maps/Level_00.Level_00:PersistentLevel.Level_00' with GeneratedClass '/Game/Demo/Maps/Level_00.Level_00_C' with ClassGeneratedBy '/Game/Demo/Maps/Level_00.Level_00:PersistentLevel.Level_00'
[2016.09.29-19.12.01:880][549]LogPlayLevel: PlayLevel: No blueprints needed recompiling
[2016.09.29-19.12.01:880][549]PIE: New page: PIE session: Level_00 (Sep 29, 2016, 10:12:01 AM)
[2016.09.29-19.12.01:880][549]LogPlayLevel: Creating play world package: /Game/Demo/Maps/UEDPIE_0_Level_00
[2016.09.29-19.12.01:892][549]LogPlayLevel: PIE: StaticDuplicateObject took: (0.012239s)
[2016.09.29-19.12.01:894][549]LogAIModule: Creating AISystem for world Level_00
[2016.09.29-19.12.01:894][549]LogPlayLevel: PIE: World Init took: (0.001905s)
[2016.09.29-19.12.01:895][549]LogPlayLevel: PIE: Created PIE world by copying editor world from /Game/Demo/Maps/Level_00.Level_00 to /Game/Demo/Maps/UEDPIE_0_Level_00.Level_00 (0.014513s)
[2016.09.29-19.12.01:942][549]LogInit: XAudio2 using 'Headphones (High Definition Audio Device)' : 2 channels at 44.1 kHz using 16 bits per sample (channel mask 0x3)
[2016.09.29-19.12.01:951][549]LogInit: FAudioDevice initialized.
[2016.09.29-19.12.01:985][549]LogWorld: Game class is '2DSideScrollerGameMode_C'
[2016.09.29-19.12.01:999][549]LogWorld: Bringing World /Game/Demo/Maps/UEDPIE_0_Level_00.Level_00 up for play (max tick rate 60) at 2016.09.29-15.12.01
[2016.09.29-19.12.01:999][549]LogWorld: Bringing up level for play took: 0.013371
[2016.09.29-19.12.02:000][549]LogGameMode:Display: Match State Changed from EnteringMap to WaitingToStart
[2016.09.29-19.12.02:000][549]LogGameState: Match State Changed from EnteringMap to WaitingToStart
[2016.09.29-19.12.02:001][549]LogGameMode:Display: Match State Changed from WaitingToStart to InProgress
[2016.09.29-19.12.02:002][549]LogGameState: Match State Changed from WaitingToStart to InProgress
[2016.09.29-19.12.02:002][549]PIE: Info Play in editor start time for /Game/Demo/Maps/UEDPIE_0_Level_00 0.538
[2016.09.29-19.12.02:002][549]LogBlueprintUserMessages: Late PlayInEditor Detection: Level '/Game/Demo/Maps/Level_00.Level_00:PersistentLevel' has LevelScriptBlueprint '/Game/Demo/Maps/Level_00.Level_00:PersistentLevel.Level_00' with GeneratedClass '/Game/Demo/Maps/Level_00.Level_00_C' with ClassGeneratedBy '/Game/Demo/Maps/Level_00.Level_00:PersistentLevel.Level_00'
[2016.09.29-19.12.15:200][180]LogBlueprintUserMessages: Early EndPlayMap Detection: Level '/Game/Demo/Maps/Level_00.Level_00:PersistentLevel' has LevelScriptBlueprint '/Game/Demo/Maps/Level_00.Level_00:PersistentLevel.Level_00' with GeneratedClass '/Game/Demo/Maps/Level_00.Level_00_C' with ClassGeneratedBy '/Game/Demo/Maps/Level_00.Level_00:PersistentLevel.Level_00'
[2016.09.29-19.12.15:250][180]LogBlueprintUserMessages: Late EndPlayMap Detection: Level '/Game/Demo/Maps/Level_00.Level_00:PersistentLevel' has LevelScriptBlueprint '/Game/Demo/Maps/Level_00.Level_00:PersistentLevel.Level_00' with GeneratedClass '/Game/Demo/Maps/Level_00.Level_00_C' with ClassGeneratedBy '/Game/Demo/Maps/Level_00.Level_00:PersistentLevel.Level_00'
[2016.09.29-19.14.14:864][159]LogBlueprintUserMessages: Early PlayInEditor Detection: Level '/Game/Demo/Maps/Level_00.Level_00:PersistentLevel' has LevelScriptBlueprint '/Game/Demo/Maps/Level_00.Level_00:PersistentLevel.Level_00' with GeneratedClass '/Game/Demo/Maps/Level_00.Level_00_C' with ClassGeneratedBy '/Game/Demo/Maps/Level_00.Level_00:PersistentLevel.Level_00'
[2016.09.29-19.14.14:864][159]LogPlayLevel: PlayLevel: No blueprints needed recompiling
[2016.09.29-19.14.14:864][159]PIE: New page: PIE session: Level_00 (Sep 29, 2016, 10:14:14 AM)
[2016.09.29-19.14.14:865][159]LogPlayLevel: Creating play world package: /Game/Demo/Maps/UEDPIE_0_Level_00
[2016.09.29-19.14.14:882][159]LogPlayLevel: PIE: StaticDuplicateObject took: (0.017379s)
[2016.09.29-19.14.14:884][159]LogAIModule: Creating AISystem for world Level_00
[2016.09.29-19.14.14:884][159]LogPlayLevel: PIE: World Init took: (0.002110s)
[2016.09.29-19.14.14:885][159]LogPlayLevel: PIE: Created PIE world by copying editor world from /Game/Demo/Maps/Level_00.Level_00 to /Game/Demo/Maps/UEDPIE_0_Level_00.Level_00 (0.020023s)
[2016.09.29-19.14.14:958][159]LogInit: XAudio2 using 'Headphones (High Definition Audio Device)' : 2 channels at 44.1 kHz using 16 bits per sample (channel mask 0x3)
[2016.09.29-19.14.14:970][159]LogInit: FAudioDevice initialized.
[2016.09.29-19.14.15:021][159]LogWorld: Game class is '2DSideScrollerGameMode_C'
[2016.09.29-19.14.15:041][159]LogWorld: Bringing World /Game/Demo/Maps/UEDPIE_0_Level_00.Level_00 up for play (max tick rate 60) at 2016.09.29-15.14.15
[2016.09.29-19.14.15:042][159]LogWorld: Bringing up level for play took: 0.020180
[2016.09.29-19.14.15:044][159]LogGameMode:Display: Match State Changed from EnteringMap to WaitingToStart
[2016.09.29-19.14.15:044][159]LogGameState: Match State Changed from EnteringMap to WaitingToStart
[2016.09.29-19.14.15:044][159]LogGameMode:Display: Match State Changed from WaitingToStart to InProgress
[2016.09.29-19.14.15:046][159]LogGameState: Match State Changed from WaitingToStart to InProgress
[2016.09.29-19.14.15:053][159]PIE: Info Play in editor start time for /Game/Demo/Maps/UEDPIE_0_Level_00 -0.411
[2016.09.29-19.14.15:054][159]LogBlueprintUserMessages: Late PlayInEditor Detection: Level '/Game/Demo/Maps/Level_00.Level_00:PersistentLevel' has LevelScriptBlueprint '/Game/Demo/Maps/Level_00.Level_00:PersistentLevel.Level_00' with GeneratedClass '/Game/Demo/Maps/Level_00.Level_00_C' with ClassGeneratedBy '/Game/Demo/Maps/Level_00.Level_00:PersistentLevel.Level_00'
[2016.09.29-19.14.33:225][773]LogBlueprintUserMessages: Early EndPlayMap Detection: Level '/Game/Demo/Maps/Level_00.Level_00:PersistentLevel' has LevelScriptBlueprint '/Game/Demo/Maps/Level_00.Level_00:PersistentLevel.Level_00' with GeneratedClass '/Game/Demo/Maps/Level_00.Level_00_C' with ClassGeneratedBy '/Game/Demo/Maps/Level_00.Level_00:PersistentLevel.Level_00'
[2016.09.29-19.14.33:288][773]LogBlueprintUserMessages: Late EndPlayMap Detection: Level '/Game/Demo/Maps/Level_00.Level_00:PersistentLevel' has LevelScriptBlueprint '/Game/Demo/Maps/Level_00.Level_00:PersistentLevel.Level_00' with GeneratedClass '/Game/Demo/Maps/Level_00.Level_00_C' with ClassGeneratedBy '/Game/Demo/Maps/Level_00.Level_00:PersistentLevel.Level_00'
[2016.09.29-19.17.05:049][853]LogBlueprintUserMessages: Early PlayInEditor Detection: Level '/Game/Demo/Maps/Level_00.Level_00:PersistentLevel' has LevelScriptBlueprint '/Game/Demo/Maps/Level_00.Level_00:PersistentLevel.Level_00' with GeneratedClass '/Game/Demo/Maps/Level_00.Level_00_C' with ClassGeneratedBy '/Game/Demo/Maps/Level_00.Level_00:PersistentLevel.Level_00'
[2016.09.29-19.17.05:049][853]LogPlayLevel: PlayLevel: No blueprints needed recompiling
[2016.09.29-19.17.05:050][853]PIE: New page: PIE session: Level_00 (Sep 29, 2016, 10:17:05 AM)
[2016.09.29-19.17.05:050][853]LogPlayLevel: Creating play world package: /Game/Demo/Maps/UEDPIE_0_Level_00
[2016.09.29-19.17.05:061][853]LogPlayLevel: PIE: StaticDuplicateObject took: (0.011568s)
[2016.09.29-19.17.05:063][853]LogAIModule: Creating AISystem for world Level_00
[2016.09.29-19.17.05:063][853]LogPlayLevel: PIE: World Init took: (0.001601s)
[2016.09.29-19.17.05:063][853]LogPlayLevel: PIE: Created PIE world by copying editor world from /Game/Demo/Maps/Level_00.Level_00 to /Game/Demo/Maps/UEDPIE_0_Level_00.Level_00 (0.013556s)
[2016.09.29-19.17.05:109][853]LogInit: XAudio2 using 'Headphones (High Definition Audio Device)' : 2 channels at 44.1 kHz using 16 bits per sample (channel mask 0x3)
[2016.09.29-19.17.05:118][853]LogInit: FAudioDevice initialized.
[2016.09.29-19.17.05:152][853]LogWorld: Game class is '2DSideScrollerGameMode_C'
[2016.09.29-19.17.05:168][853]LogWorld: Bringing World /Game/Demo/Maps/UEDPIE_0_Level_00.Level_00 up for play (max tick rate 60) at 2016.09.29-15.17.05
[2016.09.29-19.17.05:169][853]LogWorld: Bringing up level for play took: 0.016528
[2016.09.29-19.17.05:170][853]LogGameMode:Display: Match State Changed from EnteringMap to WaitingToStart
[2016.09.29-19.17.05:170][853]LogGameState: Match State Changed from EnteringMap to WaitingToStart
[2016.09.29-19.17.05:170][853]LogGameMode:Display: Match State Changed from WaitingToStart to InProgress
[2016.09.29-19.17.05:172][853]LogGameState: Match State Changed from WaitingToStart to InProgress
[2016.09.29-19.17.05:172][853]PIE: Info Play in editor start time for /Game/Demo/Maps/UEDPIE_0_Level_00 -0.293
[2016.09.29-19.17.05:172][853]LogBlueprintUserMessages: Late PlayInEditor Detection: Level '/Game/Demo/Maps/Level_00.Level_00:PersistentLevel' has LevelScriptBlueprint '/Game/Demo/Maps/Level_00.Level_00:PersistentLevel.Level_00' with GeneratedClass '/Game/Demo/Maps/Level_00.Level_00_C' with ClassGeneratedBy '/Game/Demo/Maps/Level_00.Level_00:PersistentLevel.Level_00'
[2016.09.29-19.17.25:482][883]LogBlueprintUserMessages: Early EndPlayMap Detection: Level '/Game/Demo/Maps/Level_00.Level_00:PersistentLevel' has LevelScriptBlueprint '/Game/Demo/Maps/Level_00.Level_00:PersistentLevel.Level_00' with GeneratedClass '/Game/Demo/Maps/Level_00.Level_00_C' with ClassGeneratedBy '/Game/Demo/Maps/Level_00.Level_00:PersistentLevel.Level_00'
[2016.09.29-19.17.25:529][883]LogBlueprintUserMessages: Late EndPlayMap Detection: Level '/Game/Demo/Maps/Level_00.Level_00:PersistentLevel' has LevelScriptBlueprint '/Game/Demo/Maps/Level_00.Level_00:PersistentLevel.Level_00' with GeneratedClass '/Game/Demo/Maps/Level_00.Level_00_C' with ClassGeneratedBy '/Game/Demo/Maps/Level_00.Level_00:PersistentLevel.Level_00'
[2016.09.29-19.19.36:815][420]LogFileHelpers: Editor autosave (incl. sublevels) for '/Game/Demo/Maps/Level_00' took 0.052
[2016.09.29-19.19.36:819][420]OBJ SavePackage: Generating thumbnails for [0] asset(s) in package [/Game/Demo/Blueprint/BP_Man] ([1] browsable assets)...
[2016.09.29-19.19.36:819][420]OBJ SavePackage: Finished generating thumbnails for package [/Game/Demo/Blueprint/BP_Man]
[2016.09.29-19.19.36:892][420]LogSavePackage: Save=63.86ms
[2016.09.29-19.19.36:892][420]LogSavePackage: Moving '../../../../../../Users/Brian/Documents/GitHub/doftg/First_2/Saved/BP_Man_Auto14F72847A4924972FB17848B30A1B58E8.tmp' to '../../../../../../Users/Brian/Documents/GitHub/doftg/First_2/Saved/Autosaves/Game/Demo/Blueprint/BP_Man_Auto1.uasset'
[2016.09.29-19.19.36:894][420]LogSavePackage:Display: Finished SavePackage ../../../../../../Users/Brian/Documents/GitHub/doftg/First_2/Saved/Autosaves/Game/Demo/Blueprint/BP_Man_Auto1.uasset
[2016.09.29-19.19.36:894][420]LogFileHelpers: Auto-saving content packages took 0.078
[2016.09.29-19.20.50:502][810]Cmd: OBJ SAVEPACKAGE PACKAGE="/Game/Demo/Blueprint/BP_Man" FILE="../../../../../../Users/Brian/Documents/GitHub/doftg/First_2/Content/Demo/Blueprint/BP_Man.uasset" SILENT=true
[2016.09.29-19.20.50:554][810]LogSavePackage: Save=47.19ms
[2016.09.29-19.20.50:554][810]LogSavePackage: Moving '../../../../../../Users/Brian/Documents/GitHub/doftg/First_2/Saved/BP_Man366C404841F1704FB8433DB940AE8BC2.tmp' to '../../../../../../Users/Brian/Documents/GitHub/doftg/First_2/Content/Demo/Blueprint/BP_Man.uasset'
[2016.09.29-19.20.50:558][810]LogSavePackage:Display: Finished SavePackage ../../../../../../Users/Brian/Documents/GitHub/doftg/First_2/Content/Demo/Blueprint/BP_Man.uasset
[2016.09.29-19.20.51:103][843]BlueprintLog: New page: Compile BP_Man
[2016.09.29-19.20.52:882][934]LogBlueprintUserMessages: Early PlayInEditor Detection: Level '/Game/Demo/Maps/Level_00.Level_00:PersistentLevel' has LevelScriptBlueprint '/Game/Demo/Maps/Level_00.Level_00:PersistentLevel.Level_00' with GeneratedClass '/Game/Demo/Maps/Level_00.Level_00_C' with ClassGeneratedBy '/Game/Demo/Maps/Level_00.Level_00:PersistentLevel.Level_00'
[2016.09.29-19.20.52:882][934]LogPlayLevel: PlayLevel: No blueprints needed recompiling
[2016.09.29-19.20.52:882][934]PIE: New page: PIE session: Level_00 (Sep 29, 2016, 10:20:52 AM)
[2016.09.29-19.20.52:882][934]LogPlayLevel: Creating play world package: /Game/Demo/Maps/UEDPIE_0_Level_00
[2016.09.29-19.20.52:894][934]LogPlayLevel: PIE: StaticDuplicateObject took: (0.012385s)
[2016.09.29-19.20.52:895][934]LogAIModule: Creating AISystem for world Level_00
[2016.09.29-19.20.52:896][934]LogPlayLevel: PIE: World Init took: (0.001411s)
[2016.09.29-19.20.52:896][934]LogPlayLevel: PIE: Created PIE world by copying editor world from /Game/Demo/Maps/Level_00.Level_00 to /Game/Demo/Maps/UEDPIE_0_Level_00.Level_00 (0.014108s)
[2016.09.29-19.20.52:963][934]LogInit: XAudio2 using 'Headphones (High Definition Audio Device)' : 2 channels at 44.1 kHz using 16 bits per sample (channel mask 0x3)
[2016.09.29-19.20.52:974][934]LogInit: FAudioDevice initialized.
[2016.09.29-19.20.53:010][934]LogWorld: Game class is '2DSideScrollerGameMode_C'
[2016.09.29-19.20.53:026][934]LogWorld: Bringing World /Game/Demo/Maps/UEDPIE_0_Level_00.Level_00 up for play (max tick rate 60) at 2016.09.29-15.20.53
[2016.09.29-19.20.53:027][934]LogWorld: Bringing up level for play took: 0.015833
[2016.09.29-19.20.53:028][934]LogGameMode:Display: Match State Changed from EnteringMap to WaitingToStart
[2016.09.29-19.20.53:028][934]LogGameState: Match State Changed from EnteringMap to WaitingToStart
[2016.09.29-19.20.53:028][934]LogGameMode:Display: Match State Changed from WaitingToStart to InProgress
[2016.09.29-19.20.53:029][934]LogGameState: Match State Changed from WaitingToStart to InProgress
[2016.09.29-19.20.53:029][934]PIE: Info Play in editor start time for /Game/Demo/Maps/UEDPIE_0_Level_00 -0.435
[2016.09.29-19.20.53:030][934]LogBlueprintUserMessages: Late PlayInEditor Detection: Level '/Game/Demo/Maps/Level_00.Level_00:PersistentLevel' has LevelScriptBlueprint '/Game/Demo/Maps/Level_00.Level_00:PersistentLevel.Level_00' with GeneratedClass '/Game/Demo/Maps/Level_00.Level_00_C' with ClassGeneratedBy '/Game/Demo/Maps/Level_00.Level_00:PersistentLevel.Level_00'
[2016.09.29-19.21.06:134][587]LogBlueprintUserMessages: Early EndPlayMap Detection: Level '/Game/Demo/Maps/Level_00.Level_00:PersistentLevel' has LevelScriptBlueprint '/Game/Demo/Maps/Level_00.Level_00:PersistentLevel.Level_00' with GeneratedClass '/Game/Demo/Maps/Level_00.Level_00_C' with ClassGeneratedBy '/Game/Demo/Maps/Level_00.Level_00:PersistentLevel.Level_00'
[2016.09.29-19.21.06:185][587]LogBlueprintUserMessages: Late EndPlayMap Detection: Level '/Game/Demo/Maps/Level_00.Level_00:PersistentLevel' has LevelScriptBlueprint '/Game/Demo/Maps/Level_00.Level_00:PersistentLevel.Level_00' with GeneratedClass '/Game/Demo/Maps/Level_00.Level_00_C' with ClassGeneratedBy '/Game/Demo/Maps/Level_00.Level_00:PersistentLevel.Level_00'
[2016.09.29-19.24.21:009][837]LogEditorTransaction: Undo Create Pin Link
[2016.09.29-19.24.30:289][340]LogEditorTransaction: Undo Create Pin Link
[2016.09.29-19.29.50:378][921]LogFileHelpers: Editor autosave (incl. sublevels) for '/Game/Demo/Maps/Level_00' took 0.041
[2016.09.29-19.29.50:380][921]OBJ SavePackage: Generating thumbnails for [0] asset(s) in package [/Game/Demo/Blueprint/BP_Man] ([1] browsable assets)...
[2016.09.29-19.29.50:380][921]OBJ SavePackage: Finished generating thumbnails for package [/Game/Demo/Blueprint/BP_Man]
[2016.09.29-19.29.50:431][921]LogSavePackage: Save=45.16ms
[2016.09.29-19.29.50:431][921]LogSavePackage: Moving '../../../../../../Users/Brian/Documents/GitHub/doftg/First_2/Saved/BP_Man_Auto276B70A994EF539061C519683C386CD62.tmp' to '../../../../../../Users/Brian/Documents/GitHub/doftg/First_2/Saved/Autosaves/Game/Demo/Blueprint/BP_Man_Auto2.uasset'
[2016.09.29-19.29.50:433][921]LogSavePackage:Display: Finished SavePackage ../../../../../../Users/Brian/Documents/GitHub/doftg/First_2/Saved/Autosaves/Game/Demo/Blueprint/BP_Man_Auto2.uasset
[2016.09.29-19.29.50:433][921]LogFileHelpers: Auto-saving content packages took 0.055
[2016.09.29-19.32.07:775][121]Cmd: OBJ SAVEPACKAGE PACKAGE="/Game/Demo/Blueprint/BP_Man" FILE="../../../../../../Users/Brian/Documents/GitHub/doftg/First_2/Content/Demo/Blueprint/BP_Man.uasset" SILENT=true
[2016.09.29-19.32.07:826][121]LogSavePackage: Save=45.36ms
[2016.09.29-19.32.07:826][121]LogSavePackage: Moving '../../../../../../Users/Brian/Documents/GitHub/doftg/First_2/Saved/BP_Man7B5C3ACF444FB6A4D0FA44829B3B9936.tmp' to '../../../../../../Users/Brian/Documents/GitHub/doftg/First_2/Content/Demo/Blueprint/BP_Man.uasset'
[2016.09.29-19.32.07:829][121]LogSavePackage:Display: Finished SavePackage ../../../../../../Users/Brian/Documents/GitHub/doftg/First_2/Content/Demo/Blueprint/BP_Man.uasset
[2016.09.29-19.32.09:912][233]LogWindowsTextInputMethodSystem:Display: IME system now deactivated.
[2016.09.29-19.32.10:113][234]Cmd: QUIT_EDITOR
[2016.09.29-19.32.11:044][234]LogExit: Preparing to exit.
[2016.09.29-19.32.11:682][234]LogDirectoryWatcher: A directory notification for 'C:/Users/Brian/Documents/GitHub/doftg/First_2/Content/' was aborted.
[2016.09.29-19.32.11:743][234]LogExit: Editor shut down
[2016.09.29-19.32.11:745][234]LogExit: Transaction tracking system shut down
[2016.09.29-19.32.11:957][234]LogObj: Freed 0b from 0 cluster array pools.
[2016.09.29-19.32.11:957][234]LogExit: Object subsystem successfully closed.
[2016.09.29-19.32.11:973][234]LogD3D11RHI: Shutdown
[2016.09.29-19.32.11:973][234]LogD3D11RHI: CleanupD3DDevice
[2016.09.29-19.32.12:036][234]LogD3D11RHI: ~FD3D11DynamicRHI
[2016.09.29-19.32.12:068][234]LogModuleManager: Shutting down and abandoning module MovieSceneCapture (236)
[2016.09.29-19.32.12:068][234]LogModuleManager: Shutting down and abandoning module BlueprintGraph (235)
[2016.09.29-19.32.12:068][234]LogModuleManager: Shutting down and abandoning module BlueprintProfiler (234)
[2016.09.29-19.32.12:068][234]LogModuleManager: Shutting down and abandoning module HierarchicalLODOutliner (233)
[2016.09.29-19.32.12:068][234]LogModuleManager: Shutting down and abandoning module CrashTracker (232)
[2016.09.29-19.32.12:068][234]LogModuleManager: Shutting down and abandoning module SceneOutliner (231)
[2016.09.29-19.32.12:068][234]LogModuleManager: Shutting down and abandoning module WidgetCarousel (230)
[2016.09.29-19.32.12:068][234]LogModuleManager: Shutting down and abandoning module AddContentDialog (229)
[2016.09.29-19.32.12:069][234]LogDirectoryWatcher: A directory notification for 'C:/Program Files (x86)/Epic Games/4.13/FeaturePacks/' was aborted.
[2016.09.29-19.32.12:070][234]LogModuleManager: Shutting down and abandoning module GameplayTags (228)
[2016.09.29-19.32.12:070][234]LogModuleManager: Shutting down and abandoning module EditorWidgets (227)
[2016.09.29-19.32.12:070][234]LogModuleManager: Shutting down and abandoning module CollectionManager (226)
[2016.09.29-19.32.12:070][234]LogDirectoryWatcher: A directory notification for 'C:/Users/Brian/Documents/GitHub/doftg/First_2/Content/Collections/' was aborted.
[2016.09.29-19.32.12:070][234]LogDirectoryWatcher: A directory notification for 'C:/Users/Brian/Documents/GitHub/doftg/First_2/Content/Developers/Brian/Collections/' was aborted.
[2016.09.29-19.32.12:070][234]LogDirectoryWatcher: A directory notification for 'C:/Users/Brian/Documents/GitHub/doftg/First_2/Saved/Collections/' was aborted.
[2016.09.29-19.32.12:070][234]LogModuleManager: Shutting down and abandoning module StatsViewer (225)
[2016.09.29-19.32.12:071][234]LogModuleManager: Shutting down and abandoning module FoliageEdit (224)
[2016.09.29-19.32.12:071][234]LogModuleManager: Shutting down and abandoning module LandscapeEditor (223)
[2016.09.29-19.32.12:071][234]LogModuleManager: Shutting down and abandoning module SceneDepthPickerMode (222)
[2016.09.29-19.32.12:071][234]LogModuleManager: Shutting down and abandoning module ActorPickerMode (221)
[2016.09.29-19.32.12:071][234]LogModuleManager: Shutting down and abandoning module GeometryMode (220)
[2016.09.29-19.32.12:071][234]LogModuleManager: Shutting down and abandoning module TextureAlignMode (219)
[2016.09.29-19.32.12:071][234]LogModuleManager: Shutting down and abandoning module BspMode (218)
[2016.09.29-19.32.12:071][234]LogModuleManager: Shutting down and abandoning module HardwareSurvey (217)
[2016.09.29-19.32.12:071][234]LogModuleManager: Shutting down and abandoning module SequenceRecorderSections (216)
[2016.09.29-19.32.12:071][234]LogModuleManager: Shutting down and abandoning module SequenceRecorder (215)
[2016.09.29-19.32.12:071][234]LogModuleManager: Shutting down and abandoning module AutomationWorker (214)
[2016.09.29-19.32.12:071][234]LogModuleManager: Shutting down and abandoning module MatineeToLevelSequence (213)
[2016.09.29-19.32.12:071][234]LogModuleManager: Shutting down and abandoning module PlacementMode (212)
[2016.09.29-19.32.12:071][234]LogModuleManager: Shutting down and abandoning module LevelSequenceEditor (211)
[2016.09.29-19.32.12:071][234]LogModuleManager: Shutting down and abandoning module WmfMediaFactory (210)
[2016.09.29-19.32.12:071][234]LogModuleManager: Shutting down and abandoning module WmfMediaEditor (209)
[2016.09.29-19.32.12:071][234]LogModuleManager: Shutting down and abandoning module AvfMediaFactory (208)
[2016.09.29-19.32.12:071][234]LogModuleManager: Shutting down and abandoning module AvfMediaEditor (207)
[2016.09.29-19.32.12:071][234]LogModuleManager: Shutting down and abandoning module Media (206)
[2016.09.29-19.32.12:071][234]LogModuleManager: Shutting down and abandoning module AndroidMediaFactory (205)
[2016.09.29-19.32.12:071][234]LogModuleManager: Shutting down and abandoning module AndroidMediaEditor (204)
[2016.09.29-19.32.12:072][234]LogModuleManager: Shutting down and abandoning module CharacterAI (203)
[2016.09.29-19.32.12:072][234]LogModuleManager: Shutting down and abandoning module SmartSnapping (202)
[2016.09.29-19.32.12:072][234]LogModuleManager: Shutting down and abandoning module SessionServices (201)
[2016.09.29-19.32.12:072][234]LogModuleManager: Shutting down and abandoning module ViewportSnapping (200)
[2016.09.29-19.32.12:072][234]LogModuleManager: Shutting down and abandoning module ViewportInteraction (199)
[2016.09.29-19.32.12:072][234]LogModuleManager: Shutting down and abandoning module LogVisualizer (198)
[2016.09.29-19.32.12:072][234]LogModuleManager: Shutting down and abandoning module GameProjectGeneration (197)
[2016.09.29-19.32.12:072][234]LogModuleManager: Shutting down and abandoning module IntroTutorials (196)
[2016.09.29-19.32.12:072][234]LogModuleManager: Shutting down and abandoning module EditorLiveStreaming (195)
[2016.09.29-19.32.12:072][234]LogModuleManager: Shutting down and abandoning module IOSPlatformEditor (194)
[2016.09.29-19.32.12:073][234]LogModuleManager: Shutting down and abandoning module HTML5PlatformEditor (193)
[2016.09.29-19.32.12:073][234]LogModuleManager: Shutting down and abandoning module AndroidDeviceDetection (192)
[2016.09.29-19.32.12:727][234]LogModuleManager: Shutting down and abandoning module AndroidPlatformEditor (191)
[2016.09.29-19.32.12:727][234]LogModuleManager: Shutting down and abandoning module IOSRuntimeSettings (190)
[2016.09.29-19.32.12:727][234]LogModuleManager: Shutting down and abandoning module AndroidRuntimeSettings (189)
[2016.09.29-19.32.12:727][234]LogModuleManager: Shutting down and abandoning module NiagaraEditor (188)
[2016.09.29-19.32.12:727][234]LogModuleManager: Shutting down and abandoning module MergeActors (187)
[2016.09.29-19.32.12:727][234]LogModuleManager: Shutting down and abandoning module SizeMap (186)
[2016.09.29-19.32.12:727][234]LogModuleManager: Shutting down and abandoning module TreeMap (185)
[2016.09.29-19.32.12:727][234]LogModuleManager: Shutting down and abandoning module ReferenceViewer (184)
[2016.09.29-19.32.12:727][234]LogModuleManager: Shutting down and abandoning module LocalizationService (183)
[2016.09.29-19.32.12:727][234]LogModuleManager: Shutting down and abandoning module LocalizationDashboard (182)
[2016.09.29-19.32.12:727][234]LogModuleManager: Shutting down and abandoning module HardwareTargeting (181)
[2016.09.29-19.32.12:728][234]LogModuleManager: Shutting down and abandoning module DeviceProfileEditor (180)
[2016.09.29-19.32.12:728][234]LogModuleManager: Shutting down and abandoning module UndoHistory (179)
[2016.09.29-19.32.12:728][234]LogModuleManager: Shutting down and abandoning module UserFeedback (178)
[2016.09.29-19.32.12:728][234]LogModuleManager: Shutting down and abandoning module XmlParser (177)
[2016.09.29-19.32.12:728][234]LogModuleManager: Shutting down and abandoning module Blutility (176)
[2016.09.29-19.32.12:728][234]LogModuleManager: Shutting down and abandoning module ProjectTargetPlatformEditor (175)
[2016.09.29-19.32.12:728][234]LogModuleManager: Shutting down and abandoning module ProjectSettingsViewer (174)
[2016.09.29-19.32.12:728][234]LogModuleManager: Shutting down and abandoning module InputBindingEditor (173)
[2016.09.29-19.32.12:728][234]LogModuleManager: Shutting down and abandoning module EditorSettingsViewer (172)
[2016.09.29-19.32.12:728][234]LogModuleManager: Shutting down and abandoning module SettingsEditor (171)
[2016.09.29-19.32.12:728][234]LogModuleManager: Shutting down and abandoning module ProjectLauncher (170)
[2016.09.29-19.32.12:728][234]LogModuleManager: Shutting down and abandoning module SessionFrontend (169)
[2016.09.29-19.32.12:728][234]LogModuleManager: Shutting down and abandoning module ProfilerClient (168)
[2016.09.29-19.32.12:728][234]LogModuleManager: Shutting down and abandoning module TargetDeviceServices (167)
[2016.09.29-19.32.12:728][234]LogModuleManager: Shutting down and abandoning module DeviceManager (166)
[2016.09.29-19.32.12:772][234]LogModuleManager: Shutting down and abandoning module AutomationController (165)
[2016.09.29-19.32.12:772][234]LogModuleManager: Shutting down and abandoning module AutomationWindow (164)
[2016.09.29-19.32.12:772][234]LogModuleManager: Shutting down and abandoning module Layers (163)
[2016.09.29-19.32.12:772][234]LogModuleManager: Shutting down and abandoning module ComponentVisualizers (162)
[2016.09.29-19.32.12:772][234]LogModuleManager: Shutting down and abandoning module DetailCustomizations (161)
[2016.09.29-19.32.12:772][234]LogModuleManager: Shutting down and abandoning module PackagesDialog (160)
[2016.09.29-19.32.12:772][234]LogModuleManager: Shutting down and abandoning module AnimGraph (159)
[2016.09.29-19.32.12:772][234]LogModuleManager: Shutting down and abandoning module Persona (158)
[2016.09.29-19.32.12:772][234]LogModuleManager: Shutting down and abandoning module Kismet (157)
[2016.09.29-19.32.12:781][234]LogModuleManager: Shutting down and abandoning module GraphEditor (156)
[2016.09.29-19.32.12:781][234]LogModuleManager: Shutting down and abandoning module ClassViewer (155)
[2016.09.29-19.32.12:781][234]LogModuleManager: Shutting down and abandoning module Toolbox (154)
[2016.09.29-19.32.12:781][234]LogModuleManager: Shutting down and abandoning module ModuleUI (153)
[2016.09.29-19.32.12:781][234]LogModuleManager: Shutting down and abandoning module MovieSceneTools (152)
[2016.09.29-19.32.12:781][234]LogModuleManager: Shutting down and abandoning module OutputLog (151)
[2016.09.29-19.32.12:781][234]LogModuleManager: Shutting down and abandoning module GammaUI (150)
[2016.09.29-19.32.12:781][234]LogModuleManager: Shutting down and abandoning module Documentation (149)
[2016.09.29-19.32.12:781][234]LogModuleManager: Shutting down and abandoning module Niagara (148)
[2016.09.29-19.32.12:781][234]LogModuleManager: Shutting down and abandoning module StreamingPauseRendering (147)
[2016.09.29-19.32.12:781][234]LogModuleManager: Shutting down and abandoning module AnalyticsET (146)
[2016.09.29-19.32.12:781][234]LogModuleManager: Shutting down and abandoning module PortalServices (145)
[2016.09.29-19.32.12:782][234]LogModuleManager: Shutting down and abandoning module PortalRpc (144)
[2016.09.29-19.32.12:782][234]LogModuleManager: Shutting down and abandoning module MessagingRpc (143)
[2016.09.29-19.32.12:782][234]LogModuleManager: Shutting down and abandoning module GameplayDebugger (142)
[2016.09.29-19.32.12:782][234]LogModuleManager: Shutting down and abandoning module AITestSuite (141)
[2016.09.29-19.32.12:782][234]LogModuleManager: Shutting down and abandoning module AIModule (140)
[2016.09.29-19.32.12:782][234]LogModuleManager: Shutting down and abandoning module ProfilerService (139)
[2016.09.29-19.32.12:857][234]LogModuleManager: Shutting down and abandoning module TaskGraph (138)
[2016.09.29-19.32.12:857][234]LogModuleManager: Shutting down and abandoning module SlateRemote (137)
[2016.09.29-19.32.12:857][234]LogModuleManager: Shutting down and abandoning module SteamVRController (136)
[2016.09.29-19.32.12:857][234]LogModuleManager: Shutting down and abandoning module SteamVR (135)
[2016.09.29-19.32.12:857][234]LogModuleManager: Shutting down and abandoning module ProceduralMeshComponentEditor (134)
[2016.09.29-19.32.12:857][234]LogModuleManager: Shutting down and abandoning module ProceduralMeshComponent (133)
[2016.09.29-19.32.12:857][234]LogModuleManager: Shutting down and abandoning module OculusLibrary (132)
[2016.09.29-19.32.12:857][234]LogModuleManager: Shutting down and abandoning module OculusInput (131)
[2016.09.29-19.32.12:857][234]LogModuleManager: Shutting down and abandoning module CustomMeshComponent (130)
[2016.09.29-19.32.12:857][234]LogModuleManager: Shutting down and abandoning module CableComponent (129)
[2016.09.29-19.32.12:857][234]LogModuleManager: Shutting down and abandoning module ArchVisCharacter (128)
[2016.09.29-19.32.12:857][234]LogModuleManager: Shutting down and abandoning module MediaPlayerEditor (126)
[2016.09.29-19.32.12:857][234]LogModuleManager: Shutting down and abandoning module HTML5Networking (125)
[2016.09.29-19.32.12:857][234]LogModuleManager: Shutting down and abandoning module GeometryCacheEd (124)
[2016.09.29-19.32.12:857][234]LogModuleManager: Shutting down and abandoning module GeometryCache (123)
[2016.09.29-19.32.12:857][234]LogModuleManager: Shutting down and abandoning module AlembicLibrary (122)
[2016.09.29-19.32.12:857][234]LogModuleManager: Shutting down and abandoning module AlembicImporter (121)
[2016.09.29-19.32.12:857][234]LogModuleManager: Shutting down and abandoning module SuperSearch (120)
[2016.09.29-19.32.12:857][234]LogModuleManager: Shutting down and abandoning module SuperSearchEditor (119)
[2016.09.29-19.32.12:857][234]LogModuleManager: Shutting down and abandoning module SpeedTreeImporter (118)
[2016.09.29-19.32.12:857][234]LogModuleManager: Shutting down and abandoning module PluginBrowser (117)
[2016.09.29-19.32.12:857][234]LogModuleManager: Shutting down and abandoning module MobileLauncherProfileWizard (116)
[2016.09.29-19.32.12:857][234]LogModuleManager: Shutting down and abandoning module EpicSurvey (115)
[2016.09.29-19.32.12:858][234]LogModuleManager: Shutting down and abandoning module DesktopPlatform (114)
[2016.09.29-19.32.12:858][234]LogModuleManager: Shutting down and abandoning module VisualStudioSourceCodeAccess (113)
[2016.09.29-19.32.12:858][234]LogModuleManager: Shutting down and abandoning module UObjectPlugin (112)
[2016.09.29-19.32.12:858][234]LogModuleManager: Shutting down and abandoning module SubversionSourceControl (111)
[2016.09.29-19.32.12:858][234]LogModuleManager: Shutting down and abandoning module PerforceSourceControl (110)
[2016.09.29-19.32.12:858][234]LogModuleManager: Shutting down and abandoning module SourceControl (109)
[2016.09.29-19.32.12:858][234]LogModuleManager: Shutting down and abandoning module GitSourceControl (108)
[2016.09.29-19.32.12:858][234]LogModuleManager: Shutting down and abandoning module LightPropagationVolumeEditor (107)
[2016.09.29-19.32.12:858][234]LogModuleManager: Shutting down and abandoning module PaperTiledImporter (106)
[2016.09.29-19.32.12:858][234]LogModuleManager: Shutting down and abandoning module PaperSpriteSheetImporter (105)
[2016.09.29-19.32.12:858][234]LogModuleManager: Shutting down and abandoning module MeshPaint (104)
[2016.09.29-19.32.12:858][234]LogModuleManager: Shutting down and abandoning module FbxAutomationBuilderModule (103)
[2016.09.29-19.32.12:858][234]LogModuleManager: Shutting down and abandoning module PixelInspectorModule (102)
[2016.09.29-19.32.12:858][234]LogModuleManager: Shutting down and abandoning module HotReload (101)
[2016.09.29-19.32.12:859][234]LogModuleManager: Shutting down and abandoning module MainFrame (100)
[2016.09.29-19.32.12:859][234]LogModuleManager: Shutting down and abandoning module LevelEditor (99)
[2016.09.29-19.32.12:861][234]LogModuleManager: Shutting down and abandoning module ContentBrowser (98)
[2016.09.29-19.32.12:863][234]LogModuleManager: Shutting down and abandoning module Paper2DEditor (97)
[2016.09.29-19.32.12:863][234]LogModuleManager: Shutting down and abandoning module UdpMessaging (96)
[2016.09.29-19.32.12:964][234]LogModuleManager: Shutting down and abandoning module TcpMessaging (95)
[2016.09.29-19.32.12:964][234]LogModuleManager: Shutting down and abandoning module LightPropagationVolumeRuntime (94)
[2016.09.29-19.32.12:964][234]LogModuleManager: Shutting down and abandoning module Paper2D (93)
[2016.09.29-19.32.12:964][234]LogModuleManager: Shutting down and abandoning module WindowsMoviePlayer (92)
[2016.09.29-19.32.12:964][234]LogModuleManager: Shutting down and abandoning module WmfMedia (91)
[2016.09.29-19.32.12:964][234]LogModuleManager: Shutting down and abandoning module MediaAssets (90)
[2016.09.29-19.32.12:964][234]LogModuleManager: Shutting down and abandoning module GameLiveStreaming (89)
[2016.09.29-19.32.12:964][234]LogModuleManager: Shutting down and abandoning module GameplayTagsEditor (88)
[2016.09.29-19.32.12:964][234]LogModuleManager: Shutting down and abandoning module VREditor (87)
[2016.09.29-19.32.12:964][234]LogModuleManager: Shutting down and abandoning module GameplayTasksEditor (86)
[2016.09.29-19.32.12:964][234]LogModuleManager: Shutting down and abandoning module PropertyEditor (85)
[2016.09.29-19.32.12:964][234]LogModuleManager: Shutting down and abandoning module BehaviorTreeEditor (84)
[2016.09.29-19.32.12:964][234]LogModuleManager: Shutting down and abandoning module FunctionalTesting (83)
[2016.09.29-19.32.12:964][234]LogModuleManager: Shutting down and abandoning module CollisionAnalyzer (82)
[2016.09.29-19.32.12:964][234]LogModuleManager: Shutting down and abandoning module Sequencer (81)
[2016.09.29-19.32.12:964][234]LogModuleManager: Shutting down and abandoning module WorkspaceMenuStructure (80)
[2016.09.29-19.32.12:964][234]LogModuleManager: Shutting down and abandoning module MessageLog (79)
[2016.09.29-19.32.12:964][234]LogModuleManager: Shutting down and abandoning module AssetTools (78)
[2016.09.29-19.32.12:965][234]LogModuleManager: Shutting down and abandoning module UMGEditor (77)
[2016.09.29-19.32.12:965][234]LogModuleManager: Shutting down and abandoning module UMG (76)
[2016.09.29-19.32.12:965][234]LogModuleManager: Shutting down and abandoning module SlateReflector (75)
[2016.09.29-19.32.12:965][234]LogModuleManager: Shutting down and abandoning module Slate (74)
[2016.09.29-19.32.12:965][234]LogModuleManager: Shutting down and abandoning module EditorStyle (73)
[2016.09.29-19.32.12:967][234]LogModuleManager: Shutting down and abandoning module SourceCodeAccess (72)
[2016.09.29-19.32.12:967][234]LogModuleManager: Shutting down and abandoning module HeadMountedDisplay (71)
[2016.09.29-19.32.12:967][234]LogModuleManager: Shutting down and abandoning module XAudio2 (70)
[2016.09.29-19.32.12:967][234]LogModuleManager: Shutting down and abandoning module Networking (68)
[2016.09.29-19.32.12:967][234]LogModuleManager: Shutting down and abandoning module Core (67)
[2016.09.29-19.32.12:967][234]LogModuleManager: Shutting down and abandoning module DirectoryWatcher (66)
[2016.09.29-19.32.12:967][234]LogDirectoryWatcher: A directory notification for '../../../Engine/Content/' was aborted.
[2016.09.29-19.32.12:968][234]LogDirectoryWatcher: A directory notification for '../../../../../../Users/Brian/Documents/GitHub/doftg/First_2/Content/' was aborted.
[2016.09.29-19.32.12:968][234]LogDirectoryWatcher: A directory notification for '../../../Engine/Plugins/2D/Paper2D/Content/' was aborted.
[2016.09.29-19.32.12:968][234]LogModuleManager: Shutting down and abandoning module AssetRegistry (65)
[2016.09.29-19.32.13:126][234]LogModuleManager: Shutting down and abandoning module KismetCompiler (64)
[2016.09.29-19.32.13:127][234]LogModuleManager: Shutting down and abandoning module PhysXFormats (63)
[2016.09.29-19.32.13:127][234]LogModuleManager: Shutting down and abandoning module MeshUtilities (62)
[2016.09.29-19.32.13:127][234]LogModuleManager: Shutting down and abandoning module DerivedDataCache (61)
[2016.09.29-19.32.13:185][234]LogDerivedDataCache: Shutdown
[2016.09.29-19.32.13:185][234]LogModuleManager: Shutting down and abandoning module VulkanShaderFormat (60)
[2016.09.29-19.32.13:185][234]LogModuleManager: Shutting down and abandoning module ShaderFormatOpenGL (59)
[2016.09.29-19.32.13:185][234]LogModuleManager: Shutting down and abandoning module ShaderFormatD3D (58)
[2016.09.29-19.32.13:185][234]LogModuleManager: Shutting down and abandoning module MetalShaderFormat (57)
[2016.09.29-19.32.13:185][234]LogModuleManager: Shutting down and abandoning module TextureFormatUncompressed (56)
[2016.09.29-19.32.13:186][234]LogModuleManager: Shutting down and abandoning module TextureFormatPVR (55)
[2016.09.29-19.32.13:186][234]LogModuleManager: Shutting down and abandoning module TextureFormatDXT (54)
[2016.09.29-19.32.13:186][234]LogModuleManager: Shutting down and abandoning module TextureFormatIntelISPCTexComp (53)
[2016.09.29-19.32.13:186][234]LogModuleManager: Shutting down and abandoning module ImageWrapper (52)
[2016.09.29-19.32.13:186][234]LogModuleManager: Shutting down and abandoning module TextureFormatASTC (51)
[2016.09.29-19.32.13:186][234]LogModuleManager: Shutting down and abandoning module TextureFormatAndroid (50)
[2016.09.29-19.32.13:186][234]LogModuleManager: Shutting down and abandoning module AudioFormatOpus (49)
[2016.09.29-19.32.13:186][234]LogModuleManager: Shutting down and abandoning module AudioFormatOgg (48)
[2016.09.29-19.32.13:186][234]LogModuleManager: Shutting down and abandoning module AudioFormatADPCM (47)
[2016.09.29-19.32.13:186][234]LogModuleManager: Shutting down and abandoning module LinuxTargetPlatform (46)
[2016.09.29-19.32.13:186][234]LogModuleManager: Shutting down and abandoning module LinuxServerTargetPlatform (45)
[2016.09.29-19.32.13:186][234]LogModuleManager: Shutting down and abandoning module LinuxNoEditorTargetPlatform (44)
[2016.09.29-19.32.13:186][234]LogModuleManager: Shutting down and abandoning module LinuxClientTargetPlatform (43)
[2016.09.29-19.32.13:186][234]LogModuleManager: Shutting down and abandoning module TVOSTargetPlatform (42)
[2016.09.29-19.32.13:186][234]LogModuleManager: Shutting down and abandoning module Messaging (41)
[2016.09.29-19.32.13:186][234]LogModuleManager: Shutting down and abandoning module IOSTargetPlatform (40)
[2016.09.29-19.32.13:186][234]LogModuleManager: Shutting down and abandoning module HTML5TargetPlatform (39)
[2016.09.29-19.32.13:186][234]LogModuleManager: Shutting down and abandoning module Android_PVRTCTargetPlatform (38)
[2016.09.29-19.32.13:186][234]LogModuleManager: Shutting down and abandoning module Android_MultiTargetPlatform (37)
[2016.09.29-19.32.13:186][234]LogModuleManager: Shutting down and abandoning module Android_ETC2TargetPlatform (36)
[2016.09.29-19.32.13:186][234]LogModuleManager: Shutting down and abandoning module Android_ETC1TargetPlatform (35)
[2016.09.29-19.32.13:186][234]LogModuleManager: Shutting down and abandoning module Android_DXTTargetPlatform (34)
[2016.09.29-19.32.13:186][234]LogModuleManager: Shutting down and abandoning module Android_ATCTargetPlatform (33)
[2016.09.29-19.32.13:186][234]LogModuleManager: Shutting down and abandoning module Android_ASTCTargetPlatform (32)
[2016.09.29-19.32.13:186][234]LogModuleManager: Shutting down and abandoning module AndroidTargetPlatform (31)
[2016.09.29-19.32.13:186][234]LogModuleManager: Shutting down and abandoning module WindowsTargetPlatform (30)
[2016.09.29-19.32.13:186][234]LogModuleManager: Shutting down and abandoning module WindowsServerTargetPlatform (29)
[2016.09.29-19.32.13:186][234]LogModuleManager: Shutting down and abandoning module WindowsNoEditorTargetPlatform (28)
[2016.09.29-19.32.13:186][234]LogModuleManager: Shutting down and abandoning module WindowsClientTargetPlatform (27)
[2016.09.29-19.32.13:186][234]LogModuleManager: Shutting down and abandoning module AllDesktopTargetPlatform (26)
[2016.09.29-19.32.13:186][234]LogModuleManager: Shutting down and abandoning module TargetPlatform (25)
[2016.09.29-19.32.13:186][234]LogModuleManager: Shutting down and abandoning module InputCore (24)
[2016.09.29-19.32.13:186][234]LogModuleManager: Shutting down and abandoning module Settings (23)
[2016.09.29-19.32.13:186][234]LogModuleManager: Shutting down and abandoning module OculusRift (22)
[2016.09.29-19.32.13:186][234]LogModuleManager: Shutting down and abandoning module GearVR (21)
[2016.09.29-19.32.13:186][234]LogModuleManager: Shutting down and abandoning module ExampleDeviceProfileSelector (20)
[2016.09.29-19.32.13:186][234]LogModuleManager: Shutting down and abandoning module OnlineBlueprintSupport (19)
[2016.09.29-19.32.13:186][234]LogModuleManager: Shutting down and abandoning module OnlineSubsystem (17)
[2016.09.29-19.32.13:186][234]LogOnline:Display: Unloading online subsystem: NULL
[2016.09.29-19.32.13:186][234]LogModuleManager: Shutting down and abandoning module HTTP (16)
[2016.09.29-19.32.13:186][234]LogHttp:Display: Http module shutting down, but needs to wait on 1 outstanding Http requests:
[2016.09.29-19.32.13:186][234]LogHttp:Display: 	verb=[POST] url=[https://datarouter.ol.epicgames.com/datarouter/api/v1/public/data?SessionID=%7BF0B68984-42B1-8DCB-DF23-34A18844BA4D%7D&AppID=UEEditor.Rocket.Release&AppVersion=%2B%2BUE4%2BRelease-4.13-CL-3106830&UserID=622d6cc84c757446e01d25b6259f4ae3%7C0088da38c4fe4f999d6f0e52c41d2185%7C0f0e893d-46e4-44f8-bd74-7f933f7c90a3&AppEnvironment=datacollector-binary&UploadType=eteventstream] status=Processing
[2016.09.29-19.32.13:202][234]LogModuleManager: Shutting down and abandoning module XMPP (15)
[2016.09.29-19.32.13:202][234]LogModuleManager: Shutting down and abandoning module TextureCompressor (14)
[2016.09.29-19.32.13:202][234]LogModuleManager: Shutting down and abandoning module ShaderCore (13)
[2016.09.29-19.32.13:202][234]LogModuleManager: Shutting down and abandoning module Landscape (12)
[2016.09.29-19.32.13:202][234]LogModuleManager: Shutting down and abandoning module SlateRHIRenderer (11)
[2016.09.29-19.32.13:206][234]LogModuleManager: Shutting down and abandoning module OpenGLDrv (10)
[2016.09.29-19.32.13:206][234]LogModuleManager: Shutting down and abandoning module D3D11RHI (9)
[2016.09.29-19.32.13:206][234]LogModuleManager: Shutting down and abandoning module AnimGraphRuntime (8)
[2016.09.29-19.32.13:206][234]LogModuleManager: Shutting down and abandoning module Renderer (7)
[2016.09.29-19.32.13:206][234]LogModuleManager: Shutting down and abandoning module Engine (6)
[2016.09.29-19.32.13:206][234]LogModuleManager: Shutting down and abandoning module CoreUObject (5)
[2016.09.29-19.32.13:206][234]LogModuleManager: Shutting down and abandoning module NetworkFile (4)
[2016.09.29-19.32.13:206][234]LogModuleManager: Shutting down and abandoning module StreamingFile (3)
[2016.09.29-19.32.13:206][234]LogModuleManager: Shutting down and abandoning module SandboxFile (2)
[2016.09.29-19.32.13:206][234]LogModuleManager: Shutting down and abandoning module PakFile (1)
[2016.09.29-19.32.13:208][234]LogExit: Exiting.
[2016.09.29-19.32.13:210][234]Log file closed, 09/29/16 15:32:13
