Log file open, 10/11/16 17:17:38
LogInit:Display: Running engine for game: First_2
LogPlatformFile: Not using cached read wrapper
LogInit:Display: RandInit(-1572320337) SRandInit(-1572320337).
LogTaskGraph: Started task graph with 5 named threads and 8 total threads with 1 sets of task threads.
LogStats: Stats thread started at 0.066946
LogPluginManager: Loaded Plugin Paper2D, From C:/Program Files (x86)/Epic Games/4.13/Engine/Plugins/2D/Paper2D/Paper2D.uplugin
LogPluginManager: Loaded Plugin LightPropagationVolume, From C:/Program Files (x86)/Epic Games/4.13/Engine/Plugins/Blendables/LightPropagationVolume/LightPropagationVolume.uplugin
LogPluginManager: Loaded Plugin BlankPlugin, From C:/Program Files (x86)/Epic Games/4.13/Engine/Plugins/Developer/BlankPlugin/BlankPlugin.uplugin
LogPluginManager: Loaded Plugin CodeLiteSourceCodeAccess, From C:/Program Files (x86)/Epic Games/4.13/Engine/Plugins/Developer/CodeLiteSourceCodeAccess/CodeLiteSourceCodeAccess.uplugin
LogPluginManager: Loaded Plugin GitSourceControl, From C:/Program Files (x86)/Epic Games/4.13/Engine/Plugins/Developer/GitSourceControl/GitSourceControl.uplugin
LogPluginManager: Loaded Plugin KDevelopSourceCodeAccess, From C:/Program Files (x86)/Epic Games/4.13/Engine/Plugins/Developer/KDevelopSourceCodeAccess/KDevelopSourceCodeAccess.uplugin
LogPluginManager: Loaded Plugin NullSourceCodeAccess, From C:/Program Files (x86)/Epic Games/4.13/Engine/Plugins/Developer/NullSourceCodeAccess/NullSourceCodeAccess.uplugin
LogPluginManager: Loaded Plugin OneSkyLocalizationService, From C:/Program Files (x86)/Epic Games/4.13/Engine/Plugins/Developer/OneSkyLocalizationService/OneSkyLocalizationService.uplugin
LogPluginManager: Loaded Plugin PerforceSourceControl, From C:/Program Files (x86)/Epic Games/4.13/Engine/Plugins/Developer/PerforceSourceControl/PerforceSourceControl.uplugin
LogPluginManager: Loaded Plugin SubversionSourceControl, From C:/Program Files (x86)/Epic Games/4.13/Engine/Plugins/Developer/SubversionSourceControl/SubversionSourceControl.uplugin
LogPluginManager: Loaded Plugin UObjectPlugin, From C:/Program Files (x86)/Epic Games/4.13/Engine/Plugins/Developer/UObjectPlugin/UObjectPlugin.uplugin
LogPluginManager: Loaded Plugin VisualStudioSourceCodeAccess, From C:/Program Files (x86)/Epic Games/4.13/Engine/Plugins/Developer/VisualStudioSourceCodeAccess/VisualStudioSourceCodeAccess.uplugin
LogPluginManager: Loaded Plugin XCodeSourceCodeAccess, From C:/Program Files (x86)/Epic Games/4.13/Engine/Plugins/Developer/XCodeSourceCodeAccess/XCodeSourceCodeAccess.uplugin
LogPluginManager: Loaded Plugin EpicSurvey, From C:/Program Files (x86)/Epic Games/4.13/Engine/Plugins/Editor/EpicSurvey/EpicSurvey.uplugin
LogPluginManager: Loaded Plugin MacGraphicsSwitching, From C:/Program Files (x86)/Epic Games/4.13/Engine/Plugins/Editor/MacGraphicsSwitching/MacGraphicsSwitching.uplugin
LogPluginManager: Loaded Plugin MobileLauncherProfileWizard, From C:/Program Files (x86)/Epic Games/4.13/Engine/Plugins/Editor/MobileLauncherProfileWizard/MobileLauncherProfileWizard.uplugin
LogPluginManager: Loaded Plugin PluginBrowser, From C:/Program Files (x86)/Epic Games/4.13/Engine/Plugins/Editor/PluginBrowser/PluginBrowser.uplugin
LogPluginManager: Loaded Plugin SpeedTreeImporter, From C:/Program Files (x86)/Epic Games/4.13/Engine/Plugins/Editor/SpeedTreeImporter/SpeedTreeImporter.uplugin
LogPluginManager: Loaded Plugin SuperSearchEditor, From C:/Program Files (x86)/Epic Games/4.13/Engine/Plugins/Editor/SuperSearchEditor/SuperSearchEditor.uplugin
LogPluginManager: Loaded Plugin AlembicImporter, From C:/Program Files (x86)/Epic Games/4.13/Engine/Plugins/Experimental/AlembicImporter/AlembicImporter.uplugin
LogPluginManager: Loaded Plugin BlueprintStats, From C:/Program Files (x86)/Epic Games/4.13/Engine/Plugins/Experimental/BlueprintStats/BlueprintStats.uplugin
LogPluginManager: Loaded Plugin CharacterAI, From C:/Program Files (x86)/Epic Games/4.13/Engine/Plugins/Experimental/CharacterAI/CharacterAI.uplugin
LogPluginManager: Loaded Plugin CodeEditor, From C:/Program Files (x86)/Epic Games/4.13/Engine/Plugins/Experimental/CodeEditor/CodeEditor.uplugin
LogPluginManager: Loaded Plugin CodeView, From C:/Program Files (x86)/Epic Games/4.13/Engine/Plugins/Experimental/CodeView/CodeView.uplugin
LogPluginManager: Loaded Plugin HTML5Networking, From C:/Program Files (x86)/Epic Games/4.13/Engine/Plugins/Experimental/HTML5Networking/HTML5Networking.uplugin
LogPluginManager: Loaded Plugin LiveEditor, From C:/Program Files (x86)/Epic Games/4.13/Engine/Plugins/Experimental/LiveEditor/LiveEditor.uplugin
LogPluginManager: Loaded Plugin OSVR, From C:/Program Files (x86)/Epic Games/4.13/Engine/Plugins/Experimental/OSVR/OSVR.uplugin
LogPluginManager: Loaded Plugin Phya, From C:/Program Files (x86)/Epic Games/4.13/Engine/Plugins/Experimental/Phya/Phya.uplugin
LogPluginManager: Loaded Plugin SignificanceManager, From C:/Program Files (x86)/Epic Games/4.13/Engine/Plugins/Experimental/SignificanceManager/SignificanceManager.uplugin
LogPluginManager: Loaded Plugin SimpleHMD, From C:/Program Files (x86)/Epic Games/4.13/Engine/Plugins/Experimental/SimpleHMD/SimpleHMD.uplugin
LogPluginManager: Loaded Plugin StereoPanorama, From C:/Program Files (x86)/Epic Games/4.13/Engine/Plugins/Experimental/StereoPanorama/StereoPanorama.uplugin
LogPluginManager: Loaded Plugin StructBox, From C:/Program Files (x86)/Epic Games/4.13/Engine/Plugins/Experimental/StructBox/StructBox.uplugin
LogPluginManager: Loaded Plugin AndroidMedia, From C:/Program Files (x86)/Epic Games/4.13/Engine/Plugins/Media/AndroidMedia/AndroidMedia.uplugin
LogPluginManager: Loaded Plugin AvfMedia, From C:/Program Files (x86)/Epic Games/4.13/Engine/Plugins/Media/AvfMedia/AvfMedia.uplugin
LogPluginManager: Loaded Plugin MediaPlayerEditor, From C:/Program Files (x86)/Epic Games/4.13/Engine/Plugins/Media/MediaPlayerEditor/MediaPlayerEditor.uplugin
LogPluginManager: Loaded Plugin WmfMedia, From C:/Program Files (x86)/Epic Games/4.13/Engine/Plugins/Media/WmfMedia/WmfMedia.uplugin
LogPluginManager: Loaded Plugin MessagingDebugger, From C:/Program Files (x86)/Epic Games/4.13/Engine/Plugins/Messaging/MessagingDebugger/MessagingDebugger.uplugin
LogPluginManager: Loaded Plugin TcpMessaging, From C:/Program Files (x86)/Epic Games/4.13/Engine/Plugins/Messaging/TcpMessaging/TcpMessaging.uplugin
LogPluginManager: Loaded Plugin UdpMessaging, From C:/Program Files (x86)/Epic Games/4.13/Engine/Plugins/Messaging/UdpMessaging/UdpMessaging.uplugin
LogPluginManager: Loaded Plugin LevelSequenceEditor, From C:/Program Files (x86)/Epic Games/4.13/Engine/Plugins/MovieScene/LevelSequenceEditor/LevelSequenceEditor.uplugin
LogPluginManager: Loaded Plugin MatineeToLevelSequence, From C:/Program Files (x86)/Epic Games/4.13/Engine/Plugins/MovieScene/MatineeToLevelSequence/MatineeToLevelSequence.uplugin
LogPluginManager: Loaded Plugin NetcodeUnitTest, From C:/Program Files (x86)/Epic Games/4.13/Engine/Plugins/NetcodeUnitTest/NetcodeUnitTest/NetcodeUnitTest.uplugin
LogPluginManager: Loaded Plugin NUTUnrealEngine4, From C:/Program Files (x86)/Epic Games/4.13/Engine/Plugins/NetcodeUnitTest/NUTUnrealEngine4/NUTUnrealEngine4.uplugin
LogPluginManager: Loaded Plugin OnlineSubsystemGooglePlay, From C:/Program Files (x86)/Epic Games/4.13/Engine/Plugins/Online/Android/OnlineSubsystemGooglePlay/OnlineSubsystemGooglePlay.uplugin
LogPluginManager: Loaded Plugin OnlineSubsystemIOS, From C:/Program Files (x86)/Epic Games/4.13/Engine/Plugins/Online/IOS/OnlineSubsystemIOS/OnlineSubsystemIOS.uplugin
LogPluginManager: Loaded Plugin OnlineFramework, From C:/Program Files (x86)/Epic Games/4.13/Engine/Plugins/Online/OnlineFramework/OnlineFramework.uplugin
LogPluginManager: Loaded Plugin OnlineSubsystem, From C:/Program Files (x86)/Epic Games/4.13/Engine/Plugins/Online/OnlineSubsystem/OnlineSubsystem.uplugin
LogPluginManager: Loaded Plugin OnlineSubsystemAmazon, From C:/Program Files (x86)/Epic Games/4.13/Engine/Plugins/Online/OnlineSubsystemAmazon/OnlineSubsystemAmazon.uplugin
LogPluginManager: Loaded Plugin OnlineSubsystemFacebook, From C:/Program Files (x86)/Epic Games/4.13/Engine/Plugins/Online/OnlineSubsystemFacebook/OnlineSubsystemFacebook.uplugin
LogPluginManager: Loaded Plugin OnlineSubsystemNull, From C:/Program Files (x86)/Epic Games/4.13/Engine/Plugins/Online/OnlineSubsystemNull/OnlineSubsystemNull.uplugin
LogPluginManager: Loaded Plugin OnlineSubsystemOculus, From C:/Program Files (x86)/Epic Games/4.13/Engine/Plugins/Online/OnlineSubsystemOculus/OnlineSubsystemOculus.uplugin
LogPluginManager: Loaded Plugin OnlineSubsystemSteam, From C:/Program Files (x86)/Epic Games/4.13/Engine/Plugins/Online/OnlineSubsystemSteam/OnlineSubsystemSteam.uplugin
LogPluginManager: Loaded Plugin OnlineSubsystemUtils, From C:/Program Files (x86)/Epic Games/4.13/Engine/Plugins/Online/OnlineSubsystemUtils/OnlineSubsystemUtils.uplugin
LogPluginManager: Loaded Plugin IOSTapJoy, From C:/Program Files (x86)/Epic Games/4.13/Engine/Plugins/Runtime/Advertising/IOSTapJoy/IOSTapJoy.uplugin
LogPluginManager: Loaded Plugin AnalyticsBlueprintLibrary, From C:/Program Files (x86)/Epic Games/4.13/Engine/Plugins/Runtime/Analytics/AnalyticsBlueprintLibrary/AnalyticsBlueprintLibrary.uplugin
LogPluginManager: Loaded Plugin AnalyticsMulticast, From C:/Program Files (x86)/Epic Games/4.13/Engine/Plugins/Runtime/Analytics/AnalyticsMulticast/AnalyticsMulticast.uplugin
LogPluginManager: Loaded Plugin Apsalar, From C:/Program Files (x86)/Epic Games/4.13/Engine/Plugins/Runtime/Analytics/Apsalar/Apsalar.uplugin
LogPluginManager: Loaded Plugin FileLogging, From C:/Program Files (x86)/Epic Games/4.13/Engine/Plugins/Runtime/Analytics/FileLogging/FileLogging.uplugin
LogPluginManager: Loaded Plugin Flurry, From C:/Program Files (x86)/Epic Games/4.13/Engine/Plugins/Runtime/Analytics/Flurry/Flurry.uplugin
LogPluginManager: Loaded Plugin AndroidDeviceProfileSelector, From C:/Program Files (x86)/Epic Games/4.13/Engine/Plugins/Runtime/AndroidDeviceProfileSelector/AndroidDeviceProfileSelector.uplugin
LogPluginManager: Loaded Plugin AndroidMoviePlayer, From C:/Program Files (x86)/Epic Games/4.13/Engine/Plugins/Runtime/AndroidMoviePlayer/AndroidMoviePlayer.uplugin
LogPluginManager: Loaded Plugin AppleMoviePlayer, From C:/Program Files (x86)/Epic Games/4.13/Engine/Plugins/Runtime/AppleMoviePlayer/AppleMoviePlayer.uplugin
LogPluginManager: Loaded Plugin ArchVisCharacter, From C:/Program Files (x86)/Epic Games/4.13/Engine/Plugins/Runtime/ArchVisCharacter/ArchVisCharacter.uplugin
LogPluginManager: Loaded Plugin CableComponent, From C:/Program Files (x86)/Epic Games/4.13/Engine/Plugins/Runtime/CableComponent/CableComponent.uplugin
LogPluginManager: Loaded Plugin CustomMeshComponent, From C:/Program Files (x86)/Epic Games/4.13/Engine/Plugins/Runtime/CustomMeshComponent/CustomMeshComponent.uplugin
LogPluginManager: Loaded Plugin ExampleDeviceProfileSelector, From C:/Program Files (x86)/Epic Games/4.13/Engine/Plugins/Runtime/ExampleDeviceProfileSelector/ExampleDeviceProfileSelector.uplugin
LogPluginManager: Loaded Plugin GearVR, From C:/Program Files (x86)/Epic Games/4.13/Engine/Plugins/Runtime/GearVR/GearVR.uplugin
LogPluginManager: Loaded Plugin GoogleVRController, From C:/Program Files (x86)/Epic Games/4.13/Engine/Plugins/Runtime/GoogleVR/GoogleVRController/GoogleVRController.uplugin
LogPluginManager: Loaded Plugin GoogleVRHMD, From C:/Program Files (x86)/Epic Games/4.13/Engine/Plugins/Runtime/GoogleVR/GoogleVRHMD/GoogleVRHMD.uplugin
LogPluginManager: Loaded Plugin IOSDeviceProfileSelector, From C:/Program Files (x86)/Epic Games/4.13/Engine/Plugins/Runtime/IOSDeviceProfileSelector/IOSDeviceProfileSelector.uplugin
LogPluginManager: Loaded Plugin LeapMotion, From C:/Program Files (x86)/Epic Games/4.13/Engine/Plugins/Runtime/LeapMotion/LeapMotion.uplugin
LogPluginManager: Loaded Plugin LinuxDeviceProfileSelector, From C:/Program Files (x86)/Epic Games/4.13/Engine/Plugins/Runtime/LinuxDeviceProfileSelector/LinuxDeviceProfileSelector.uplugin
LogPluginManager: Loaded Plugin LiveEditorListenServer, From C:/Program Files (x86)/Epic Games/4.13/Engine/Plugins/Runtime/LiveEditorListenServer/LiveEditorListenServer.uplugin
LogPluginManager: Loaded Plugin OculusAudio, From C:/Program Files (x86)/Epic Games/4.13/Engine/Plugins/Runtime/OculusAudio/OculusAudio.uplugin
LogPluginManager: Loaded Plugin OculusInput, From C:/Program Files (x86)/Epic Games/4.13/Engine/Plugins/Runtime/OculusInput/OculusInput.uplugin
LogPluginManager: Loaded Plugin OculusLibrary, From C:/Program Files (x86)/Epic Games/4.13/Engine/Plugins/Runtime/OculusLibrary/OculusLibrary.uplugin
LogPluginManager: Loaded Plugin OculusRift, From C:/Program Files (x86)/Epic Games/4.13/Engine/Plugins/Runtime/OculusRift/OculusRift.uplugin
LogPluginManager: Loaded Plugin Oodle, From C:/Program Files (x86)/Epic Games/4.13/Engine/Plugins/Runtime/PacketHandlers/CompressionComponents/Oodle/Oodle.uplugin
LogPluginManager: Loaded Plugin ProceduralMeshComponent, From C:/Program Files (x86)/Epic Games/4.13/Engine/Plugins/Runtime/ProceduralMeshComponent/ProceduralMeshComponent.uplugin
LogPluginManager: Loaded Plugin SoundMod, From C:/Program Files (x86)/Epic Games/4.13/Engine/Plugins/Runtime/SoundMod/SoundMod.uplugin
LogPluginManager: Loaded Plugin SoundVisualizations, From C:/Program Files (x86)/Epic Games/4.13/Engine/Plugins/Runtime/SoundVisualizations/SoundVisualizations.uplugin
LogPluginManager: Loaded Plugin SteamController, From C:/Program Files (x86)/Epic Games/4.13/Engine/Plugins/Runtime/Steam/SteamController/SteamController.uplugin
LogPluginManager: Loaded Plugin SteamVR, From C:/Program Files (x86)/Epic Games/4.13/Engine/Plugins/Runtime/Steam/SteamVR/SteamVR.uplugin
LogPluginManager: Loaded Plugin WebBrowserWidget, From C:/Program Files (x86)/Epic Games/4.13/Engine/Plugins/Runtime/WebBrowserWidget/WebBrowserWidget.uplugin
LogPluginManager: Loaded Plugin WindowsDeviceProfileSelector, From C:/Program Files (x86)/Epic Games/4.13/Engine/Plugins/Runtime/WindowsDeviceProfileSelector/WindowsDeviceProfileSelector.uplugin
LogPluginManager: Loaded Plugin WindowsMoviePlayer, From C:/Program Files (x86)/Epic Games/4.13/Engine/Plugins/Runtime/WindowsMoviePlayer/WindowsMoviePlayer.uplugin
LogPluginManager: Loaded Plugin ScriptPlugin, From C:/Program Files (x86)/Epic Games/4.13/Engine/Plugins/ScriptPlugin/ScriptPlugin.uplugin
LogPluginManager: Loaded Plugin SlateRemote, From C:/Program Files (x86)/Epic Games/4.13/Engine/Plugins/Slate/SlateRemote/SlateRemote.uplugin
LogInit: Using libcurl 7.47.1
LogInit:  - built for x86_64-pc-win32
LogInit:  - supports SSL with WinSSL
LogInit:  - other features:
LogInit:      CURL_VERSION_SSL
LogInit:      CURL_VERSION_IPV6
LogInit:      CURL_VERSION_ASYNCHDNS
LogInit:      CURL_VERSION_LARGEFILE
LogInit:      CURL_VERSION_IDN
LogInit:  CurlRequestOptions (configurable via config and command line):
LogInit:  - bVerifyPeer = false  - Libcurl will NOT verify peer certificate
LogInit:  - bUseHttpProxy = false  - Libcurl will NOT use HTTP proxy
LogInit:  - bDontReuseConnections = false  - Libcurl will reuse connections
LogInit:  - CertBundlePath = nullptr  - Libcurl will use whatever was configured at build time.
LogInit: Build: ++UE4+Release-4.13-CL-3142249
LogInit: Engine Version: 4.13.1-3142249+++UE4+Release-4.13
LogInit: Compatible Engine Version: 4.13.0-3106830+++UE4+Release-4.13
LogInit: Net CL: 3142249
LogDevObjectVersion: Number of dev versions registered: 13
LogDevObjectVersion:   Dev-Blueprints (B0D832E4-1F89-4F0D-ACCF-7EB736FD4AA2): 5
LogDevObjectVersion:   Dev-Build (E1C64328-A22C-4D53-A36C-8E866417BD8C): 0
LogDevObjectVersion:   Dev-Core (375EC13C-06E4-48FB-B500-84F0262A717E): 1
LogDevObjectVersion:   Dev-Editor (E4B068ED-F494-42E9-A231-DA0B2E46BB41): 6
LogDevObjectVersion:   Dev-Framework (CFFC743F-43B0-4480-9391-14DF171D2073): 12
LogDevObjectVersion:   Dev-Mobile (B02B49B5-BB20-44E9-A304-32B752E40360): 0
LogDevObjectVersion:   Dev-Networking (A4E4105C-59A1-49B5-A7C5-40C4547EDFEE): 0
LogDevObjectVersion:   Dev-Online (39C831C9-5AE6-47DC-9A44-9C173E1C8E7C): 0
LogDevObjectVersion:   Dev-Physics (78F01B33-EBEA-4F98-B9B4-84EACCB95AA2): 0
LogDevObjectVersion:   Dev-Platform (6631380F-2D4D-43E0-8009-CF276956A95A): 0
LogDevObjectVersion:   Dev-Rendering (12F88B9F-8875-4AFC-A67C-D90C383ABD29): 4
LogDevObjectVersion:   Dev-Sequencer (7B5AE74C-D270-4C10-A958-57980B212A5A): 0
LogDevObjectVersion:   Dev-VR (D7296918-1DD6-4BDD-9DE2-64A83CC13884): 0
LogInit: Compiled (64-bit): Sep 28 2016 02:12:12
LogInit: Compiled with Visual C++: 19.00.23026.00
LogInit: Build Configuration: Development
LogInit: Branch Name: ++UE4+Release-4.13
LogInit: Command line:  
LogInit: Base directory: C:/Program Files (x86)/Epic Games/4.13/Engine/Binaries/Win64/
LogInit: Installed Engine Build: 1
LogInit: Presizing for max 8388607 objects, including 0 objects not considered by GC, pre-allocating 0 bytes for permanent pool.
LogInit: Object subsystem initialized
[2016.10.11-21.17.38:392][  0]LogInit: Selected Device Profile: [Windows]
[2016.10.11-21.17.38:392][  0]LogInit: Applying CVar settings loaded from the selected device profile: [Windows]
[2016.10.11-21.17.38:399][  0]LogInit: Computer: BRIAN_MUSIC_PC
[2016.10.11-21.17.38:399][  0]LogInit: User: Brian
[2016.10.11-21.17.38:399][  0]LogInit: CPU Page size=65536, Cores=4
[2016.10.11-21.17.38:399][  0]LogInit: High frequency timer resolution =3.312653 MHz
[2016.10.11-21.17.38:399][  0]LogMemory: Memory total: Physical=32.0GB (32GB approx)
[2016.10.11-21.17.38:399][  0]LogMemory: Platform Memory Stats for Windows
[2016.10.11-21.17.38:399][  0]LogMemory: Process Physical Memory: 254.50 MB used, 254.50 MB peak
[2016.10.11-21.17.38:399][  0]LogMemory: Process Virtual Memory: 259.63 MB used, 259.63 MB peak
[2016.10.11-21.17.38:399][  0]LogMemory: Physical Memory: 4861.67 MB used, 32719.21 MB total
[2016.10.11-21.17.38:399][  0]LogMemory: Virtual Memory: 602.06 MB used, 134217728.00 MB total
[2016.10.11-21.17.38:429][  0]LogTextLocalizationManager: No specific translations for ('en-US') exist, so ('en') translations will be used.
[2016.10.11-21.17.38:933][  0]LogD3D11RHI: D3D11 adapters:
[2016.10.11-21.17.38:957][  0]LogD3D11RHI:    0. 'NVIDIA GeForce GT 635' (Feature Level 11_0)
[2016.10.11-21.17.38:957][  0]LogD3D11RHI:       967/0/3072 MB DedicatedVideo/DedicatedSystem/SharedSystem, Outputs:2, VendorId:0x10de
[2016.10.11-21.17.38:958][  0]LogD3D11RHI:    1. 'Microsoft Basic Render Driver' (Feature Level 11_0)
[2016.10.11-21.17.38:958][  0]LogD3D11RHI:       0/0/256 MB DedicatedVideo/DedicatedSystem/SharedSystem, Outputs:0, VendorId:0x1414
[2016.10.11-21.17.38:958][  0]LogD3D11RHI: Chosen D3D11 Adapter: 0
[2016.10.11-21.17.38:961][  0]LogD3D11RHI: Creating new Direct3DDevice
[2016.10.11-21.17.38:961][  0]LogD3D11RHI:     GPU DeviceId: 0x1280 (for the marketing name, search the web for "GPU Device Id")
[2016.10.11-21.17.38:961][  0]LogWindows: EnumDisplayDevices:
[2016.10.11-21.17.38:961][  0]LogWindows:    0. 'NVIDIA GeForce GT 635' (P:1 D:1)
[2016.10.11-21.17.38:961][  0]LogWindows:    1. 'NVIDIA GeForce GT 635' (P:0 D:1)
[2016.10.11-21.17.38:961][  0]LogWindows:    2. 'NVIDIA GeForce GT 635' (P:0 D:0)
[2016.10.11-21.17.38:961][  0]LogWindows: DebugString: FoundDriverCount:3 
[2016.10.11-21.17.38:961][  0]LogD3D11RHI:     Adapter Name: NVIDIA GeForce GT 635
[2016.10.11-21.17.38:961][  0]LogD3D11RHI:   Driver Version: 373.06 (internal:21.21.13.7306, unified:373.06)
[2016.10.11-21.17.38:961][  0]LogD3D11RHI:      Driver Date: 10-1-2016
[2016.10.11-21.17.38:961][  0]LogRHI: Texture pool is 677 MB (70% of 967 MB)
[2016.10.11-21.17.38:972][  0]LogD3D11RHI: Async texture creation enabled
[2016.10.11-21.17.38:988][  0]LogD3D11RHI: GPU Timing Frequency: 1000.000000 (Debug: 2 2)
[2016.10.11-21.17.38:988][  0]LogShaderCompilers: Guid format shader working directory is -14 characters bigger than the processId version (../../../../../../Users/Brian/Documents/GitHub/doftg/First_2/Intermediate/Shaders/WorkingDirectory/4592/).
[2016.10.11-21.17.38:988][  0]LogShaderCompilers: Cleaned the shader compiler working directory 'C:/Users/Brian/AppData/Local/Temp/UnrealShaderWorkingDir/06DACF5C4A0C20FB3C904BA9AE233B4A/'.
[2016.10.11-21.17.38:988][  0]LogShaderCompilers:Display: Using Local Shader Compiler.
[2016.10.11-21.17.39:844][  0]LogTemp:Display: Loaded TP AllDesktopTargetPlatform
[2016.10.11-21.17.39:850][  0]LogTemp:Display: Loaded TP WindowsClientTargetPlatform
[2016.10.11-21.17.39:858][  0]LogTemp:Display: Loaded TP WindowsNoEditorTargetPlatform
[2016.10.11-21.17.39:865][  0]LogTemp:Display: Loaded TP WindowsServerTargetPlatform
[2016.10.11-21.17.39:872][  0]LogTemp:Display: Loaded TP WindowsTargetPlatform
[2016.10.11-21.17.39:879][  0]LogTemp:Display: Loaded TP AndroidTargetPlatform
[2016.10.11-21.17.39:885][  0]LogTemp:Display: Loaded TP Android_ASTCTargetPlatform
[2016.10.11-21.17.39:891][  0]LogTemp:Display: Loaded TP Android_ATCTargetPlatform
[2016.10.11-21.17.39:897][  0]LogTemp:Display: Loaded TP Android_DXTTargetPlatform
[2016.10.11-21.17.39:903][  0]LogTemp:Display: Loaded TP Android_ETC1TargetPlatform
[2016.10.11-21.17.39:909][  0]LogTemp:Display: Loaded TP Android_ETC2TargetPlatform
[2016.10.11-21.17.39:922][  0]LogTemp:Display: Loaded TP Android_MultiTargetPlatform
[2016.10.11-21.17.39:922][  0]LogTemp:Display: Loaded TP Android_PVRTCTargetPlatform
[2016.10.11-21.17.39:922][  0]LogTemp:Display: Loaded TP HTML5TargetPlatform
[2016.10.11-21.17.39:942][  0]LogTemp:Display: Loaded TP IOSTargetPlatform
[2016.10.11-21.17.39:947][  0]LogTemp:Display: Loaded TP TVOSTargetPlatform
[2016.10.11-21.17.39:954][  0]LogTemp:Display: Loaded TP LinuxClientTargetPlatform
[2016.10.11-21.17.39:960][  0]LogTemp:Display: Loaded TP LinuxNoEditorTargetPlatform
[2016.10.11-21.17.39:966][  0]LogTemp:Display: Loaded TP LinuxServerTargetPlatform
[2016.10.11-21.17.39:972][  0]LogTemp:Display: Loaded TP LinuxTargetPlatform
[2016.10.11-21.17.39:972][  0]LogTargetPlatformManager:Display: Building Assets For Windows
[2016.10.11-21.17.40:026][  0]LogDerivedDataCache:Display: Max Cache Size: 512 MB
[2016.10.11-21.17.40:081][  0]LogDerivedDataCache: Loaded boot cache 0.06s 62MB C:/Users/Brian/AppData/Local/UnrealEngine/4.13/DerivedDataCache/Boot.ddc.
[2016.10.11-21.17.40:081][  0]LogDerivedDataCache:Display: Loaded Boot cache: C:/Users/Brian/AppData/Local/UnrealEngine/4.13/DerivedDataCache/Boot.ddc
[2016.10.11-21.17.40:082][  0]LogDerivedDataCache: FDerivedDataBackendGraph:  Pak pak cache file ../../../../../../Users/Brian/Documents/GitHub/doftg/First_2/DerivedDataCache/DDC.ddp not found, will not use a pak cache.
[2016.10.11-21.17.40:082][  0]LogDerivedDataCache: Unable to find inner node Pak for hierarchical cache Hierarchy.
[2016.10.11-21.17.40:082][  0]LogDerivedDataCache: FDerivedDataBackendGraph:  CompressedPak pak cache file ../../../../../../Users/Brian/Documents/GitHub/doftg/First_2/DerivedDataCache/Compressed.ddp not found, will not use a pak cache.
[2016.10.11-21.17.40:082][  0]LogDerivedDataCache: Unable to find inner node CompressedPak for hierarchical cache Hierarchy.
[2016.10.11-21.17.40:096][  0]LogDerivedDataCache:Display: Pak cache opened for reading ../../../Engine/DerivedDataCache/Compressed.ddp.
[2016.10.11-21.17.40:109][  0]LogDerivedDataCache: Using Local data cache path C:/Users/Brian/AppData/Local/UnrealEngine/Common/DerivedDataCache: Writable
[2016.10.11-21.17.40:261][  0]LogInit: Selected Device Profile: [Windows]
[2016.10.11-21.17.40:263][  0]LogContentStreaming: Texture pool size is 0.00 MB
[2016.10.11-21.17.40:335][  0]LogMeshUtilities: No automatic mesh reduction module available
[2016.10.11-21.17.40:335][  0]LogMeshUtilities: No automatic mesh merging module available
[2016.10.11-21.17.40:335][  0]LogMeshUtilities: No distributed automatic mesh merging module available
[2016.10.11-21.17.40:389][  0]LogMaterial: Uniform references updated for custom material expression Custom.
[2016.10.11-21.17.40:623][  0]LogNetVersion: GetLocalNetworkVersion: CL: 3106830, ProjectName: first_2, ProjectVersion: , EngineNetworkVersion: 1, GameNetworkVersion: 0, NetworkChecksum: 2097810495
[2016.10.11-21.17.40:659][  0]LogAssetRegistry: FAssetRegistry took 0.0219 seconds to start up
[2016.10.11-21.17.40:684][  0]LogPackageLocalizationCache: Processed 3 localized package path(s) for 2 prioritized culture(s) in 0.023521 seconds
[2016.10.11-21.17.40:689][  0]LogUObjectArray: 29778 objects as part of root set at end of initial load.
[2016.10.11-21.17.40:689][  0]LogUObjectAllocator: 6125456 out of 0 bytes used by permanent object pool.
[2016.10.11-21.17.40:689][  0]LogUObjectArray: CloseDisregardForGC: 0/0 objects in disregard for GC pool
[2016.10.11-21.17.40:694][  0]LogInit: WinSock: version 1.1 (2.2), MaxSocks=32767, MaxUdp=65467
[2016.10.11-21.17.40:859][  0]LogSlate: SlateFontCache - WITH_FREETYPE: 1, WITH_HARFBUZZ: 1
[2016.10.11-21.17.40:859][  0]LogSlate: SlateFontCache - WITH_FREETYPE: 1, WITH_HARFBUZZ: 1
[2016.10.11-21.17.41:350][  0]LogTcpMessaging: Initializing TcpMessaging bridge
[2016.10.11-21.17.41:367][  0]LogUdpMessaging: Initializing bridge on interface 0.0.0.0:0 to multicast group 230.0.0.1:6666.
[2016.10.11-21.17.41:571][  0]SourceControl: Info Source control is disabled
[2016.10.11-21.17.41:571][  0]SourceControl: Info Source control is disabled
[2016.10.11-21.17.41:578][  0]SourceControl: Info Source control is disabled
[2016.10.11-21.17.41:583][  0]SourceControl: Info Source control is disabled
[2016.10.11-21.17.41:769][  0]LogEngine: Initializing Engine...
[2016.10.11-21.17.41:769][  0]LogHMD: Failed to initialize OpenVR with code 110
[2016.10.11-21.17.41:874][  0]LogAIModule: Creating AISystem for world Untitled
[2016.10.11-21.17.41:882][  0]LogInit: XAudio2 using 'Line Out (Scarlett 18i20 USB)' : 2 channels at 44.1 kHz using 16 bits per sample (channel mask 0x3)
[2016.10.11-21.17.41:889][  0]LogInit: FAudioDevice initialized.
[2016.10.11-21.17.41:915][  0]LogDerivedDataCache: Saved boot cache 0.03s 62MB C:/Users/Brian/AppData/Local/UnrealEngine/4.13/DerivedDataCache/Boot.ddc.
[2016.10.11-21.17.41:920][  0]LogInit: Texture streaming: Enabled
[2016.10.11-21.17.41:938][  0]LogInit: Transaction tracking system initialized
[2016.10.11-21.17.41:953][  0]BlueprintLog: New page: Editor Load
[2016.10.11-21.17.42:004][  0]LocalizationService: Info Localization service is disabled
[2016.10.11-21.17.42:062][  0]LogConsoleResponse:Display: 
[2016.10.11-21.17.42:145][  0]LogCook:Display: Max memory allowance for cook 16384mb min free memory 0mb
[2016.10.11-21.17.42:145][  0]LogCook:Display: Mobile HDR setting 1
[2016.10.11-21.17.42:247][  0]LogFileCache: Scanning file cache for directory 'C:/Users/Brian/Documents/GitHub/doftg/First_2/Content/' took 0.01s
[2016.10.11-21.17.42:247][  0]SourceControl: Info Source control is disabled
[2016.10.11-21.17.42:247][  0]Cmd: MAP LOAD FILE="../../../../../../Users/Brian/Documents/GitHub/doftg/First_2/Content/Demo/Maps/Level_00.umap" TEMPLATE=0 SHOWPROGRESS=1 FEATURELEVEL=3
[2016.10.11-21.17.42:248][  0]LightingResults: New page: Lighting Build
[2016.10.11-21.17.42:249][  0]MapCheck: New page: Map Check
[2016.10.11-21.17.42:249][  0]LightingResults: New page: Lighting Build
[2016.10.11-21.17.42:505][  0]LogAIModule: Creating AISystem for world Level_00
[2016.10.11-21.17.42:514][  0]LogEditorServer: Finished looking for orphan Actors (0.000 secs)
[2016.10.11-21.17.42:515][  0]Cmd: MAP CHECKDEP NOCLEARLOG
[2016.10.11-21.17.42:549][  0]MapCheck: Info Map check complete: 0 Error(s), 0 Warning(s), took 34.167ms to complete.
[2016.10.11-21.17.42:549][  0]LogFileHelpers: Loading map 'Level_00' took 0.302
[2016.10.11-21.17.42:649][  0]LogCollectionManager: Loaded 1 collections in 0.001243 seconds
[2016.10.11-21.17.42:687][  0]LogFileCache: Scanning file cache for directory 'C:/Users/Brian/Documents/GitHub/doftg/First_2/Saved/Collections/' took 0.01s
[2016.10.11-21.17.42:687][  0]LogFileCache: Scanning file cache for directory 'C:/Users/Brian/Documents/GitHub/doftg/First_2/Content/Developers/Brian/Collections/' took 0.01s
[2016.10.11-21.17.42:687][  0]LogFileCache: Scanning file cache for directory 'C:/Users/Brian/Documents/GitHub/doftg/First_2/Content/Collections/' took 0.01s
[2016.10.11-21.17.42:687][  0]LogCollectionManager: Rebuilt the GUID cache for 1 collections in 0.000004 seconds
[2016.10.11-21.17.42:687][  0]LogCollectionManager: Rebuilt the hierarchy cache for 1 collections in 0.000000 seconds
[2016.10.11-21.17.42:712][  0]LogContentBrowser: Native class hierarchy populated in 0.0245 seconds. Added 2141 classes and 415 folders.
[2016.10.11-21.17.42:719][  0]LogStats: UGameplayTagsManager::ConstructGameplayTagTree: Construct from data asset -  0.000 s
[2016.10.11-21.17.42:719][  0]LogStats: UGameplayTagsManager::ConstructGameplayTagTree: GameplayTagTreeChangedEvent.Broadcast -  0.000 s
[2016.10.11-21.17.42:720][  0]LogContentBrowser: Native class hierarchy updated for 'GameplayTags' in 0.0006 seconds. Added 12 classes and 0 folders.
[2016.10.11-21.17.42:724][  0]LogContentBrowser: Native class hierarchy updated for 'WidgetCarousel' in 0.0005 seconds. Added 0 classes and 0 folders.
[2016.10.11-21.17.42:759][  0]LogContentBrowser: Native class hierarchy updated for 'AddContentDialog' in 0.0003 seconds. Added 0 classes and 0 folders.
[2016.10.11-21.17.42:763][  0]LogContentBrowser: Native class hierarchy updated for 'SceneOutliner' in 0.0004 seconds. Added 1 classes and 2 folders.
[2016.10.11-21.17.42:774][  0]LogCrashTracker: Crashtracker disabled due to settings.
[2016.10.11-21.17.42:778][  0]LogUObjectGlobals:Warning: Failed to find object 'Class None.'
[2016.10.11-21.17.42:805][  0]LogContentBrowser: Native class hierarchy updated for 'HierarchicalLODOutliner' in 0.0004 seconds. Added 1 classes and 2 folders.
[2016.10.11-21.17.42:805][  0]LogLoad: (Engine Initialization) Total time: 5.15 seconds
[2016.10.11-21.17.42:805][  0]LogLoad: (Engine Initialization) Total Blueprint compile time: 0.08 seconds
[2016.10.11-21.17.42:805][  0]LogExternalProfiler: No external profilers were discovered.  External profiling features will not be available.
[2016.10.11-21.17.42:815][  0]LogOcInput: OculusInput pre-init called
[2016.10.11-21.17.42:837][  0]LogContentStreaming: Texture pool size now 1000 MB
[2016.10.11-21.17.42:984][  0]LogRenderer: Reallocating scene render targets to support 1004x456 (Frame:2).
[2016.10.11-21.17.43:094][  1]LogAssetRegistry: Asset discovery search completed in 2.4564 seconds
[2016.10.11-21.17.43:094][  1]LogCollectionManager: Rebuilt the object cache for 1 collections in 0.000007 seconds (found 0 objects)
[2016.10.11-21.17.43:094][  1]LogCollectionManager: Fixed up redirectors for 1 collections in 0.000040 seconds (updated 0 objects)
[2016.10.11-21.17.46:775][374]LogContentBrowser: Native class hierarchy updated for 'BlueprintGraph' in 0.0007 seconds. Added 112 classes and 0 folders.
[2016.10.11-21.17.49:193][581]LogBlueprintUserMessages: Early PlayInEditor Detection: Level '/Game/Demo/Maps/Level_00.Level_00:PersistentLevel' has LevelScriptBlueprint '/Game/Demo/Maps/Level_00.Level_00:PersistentLevel.Level_00' with GeneratedClass '/Game/Demo/Maps/Level_00.Level_00_C' with ClassGeneratedBy '/Game/Demo/Maps/Level_00.Level_00:PersistentLevel.Level_00'
[2016.10.11-21.17.49:193][581]LogPlayLevel: PlayLevel: No blueprints needed recompiling
[2016.10.11-21.17.49:194][581]PIE: New page: PIE session: Level_00 (Oct 11, 2016, 12:17:49 PM)
[2016.10.11-21.17.49:194][581]LogPlayLevel: Creating play world package: /Game/Demo/Maps/UEDPIE_0_Level_00
[2016.10.11-21.17.49:201][581]LogPlayLevel: PIE: StaticDuplicateObject took: (0.006556s)
[2016.10.11-21.17.49:203][581]LogAIModule: Creating AISystem for world Level_00
[2016.10.11-21.17.49:203][581]LogPlayLevel: PIE: World Init took: (0.002404s)
[2016.10.11-21.17.49:203][581]LogPlayLevel: PIE: Created PIE world by copying editor world from /Game/Demo/Maps/Level_00.Level_00 to /Game/Demo/Maps/UEDPIE_0_Level_00.Level_00 (0.009197s)
[2016.10.11-21.17.49:226][581]LogInit: XAudio2 using 'Line Out (Scarlett 18i20 USB)' : 2 channels at 44.1 kHz using 16 bits per sample (channel mask 0x3)
[2016.10.11-21.17.49:229][581]LogInit: FAudioDevice initialized.
[2016.10.11-21.17.49:273][581]LogWorld: Game class is '2DSideScrollerGameMode_C'
[2016.10.11-21.17.49:282][581]LogWorld: Bringing World /Game/Demo/Maps/UEDPIE_0_Level_00.Level_00 up for play (max tick rate 0) at 2016.10.11-17.17.49
[2016.10.11-21.17.49:282][581]LogWorld: Bringing up level for play took: 0.007917
[2016.10.11-21.17.49:285][581]LogContentBrowser: Native class hierarchy updated for 'MovieSceneCapture' in 0.0004 seconds. Added 11 classes and 0 folders.
[2016.10.11-21.17.49:285][581]LogGameMode:Display: Match State Changed from EnteringMap to WaitingToStart
[2016.10.11-21.17.49:285][581]LogGameState: Match State Changed from EnteringMap to WaitingToStart
[2016.10.11-21.17.49:285][581]LogGameMode:Display: Match State Changed from WaitingToStart to InProgress
[2016.10.11-21.17.49:286][581]LogGameState: Match State Changed from WaitingToStart to InProgress
[2016.10.11-21.17.49:286][581]PIE: Info Play in editor start time for /Game/Demo/Maps/UEDPIE_0_Level_00 -0.443
[2016.10.11-21.17.49:286][581]LogBlueprintUserMessages: Late PlayInEditor Detection: Level '/Game/Demo/Maps/Level_00.Level_00:PersistentLevel' has LevelScriptBlueprint '/Game/Demo/Maps/Level_00.Level_00:PersistentLevel.Level_00' with GeneratedClass '/Game/Demo/Maps/Level_00.Level_00_C' with ClassGeneratedBy '/Game/Demo/Maps/Level_00.Level_00:PersistentLevel.Level_00'
[2016.10.11-21.17.57:781][274]LogBlueprintUserMessages: Early EndPlayMap Detection: Level '/Game/Demo/Maps/Level_00.Level_00:PersistentLevel' has LevelScriptBlueprint '/Game/Demo/Maps/Level_00.Level_00:PersistentLevel.Level_00' with GeneratedClass '/Game/Demo/Maps/Level_00.Level_00_C' with ClassGeneratedBy '/Game/Demo/Maps/Level_00.Level_00:PersistentLevel.Level_00'
[2016.10.11-21.17.57:831][274]LogBlueprintUserMessages: Late EndPlayMap Detection: Level '/Game/Demo/Maps/Level_00.Level_00:PersistentLevel' has LevelScriptBlueprint '/Game/Demo/Maps/Level_00.Level_00:PersistentLevel.Level_00' with GeneratedClass '/Game/Demo/Maps/Level_00.Level_00_C' with ClassGeneratedBy '/Game/Demo/Maps/Level_00.Level_00:PersistentLevel.Level_00'
[2016.10.11-21.18.28:179][759]Cmd: OBJ SAVEPACKAGE PACKAGE="/Game/Demo/Blueprint/dummyMovement" FILE="../../../../../../Users/Brian/Documents/GitHub/doftg/First_2/Content/Demo/Blueprint/dummyMovement.uasset" SILENT=true
[2016.10.11-21.18.28:215][759]LogSavePackage: Save=19.08ms
[2016.10.11-21.18.28:215][759]LogSavePackage: Moving '../../../../../../Users/Brian/Documents/GitHub/doftg/First_2/Saved/dummyMovementD37A9F9849EF2F9E65E2C9BD1D942254.tmp' to '../../../../../../Users/Brian/Documents/GitHub/doftg/First_2/Content/Demo/Blueprint/dummyMovement.uasset'
[2016.10.11-21.18.28:218][759]LogSavePackage:Display: Finished SavePackage ../../../../../../Users/Brian/Documents/GitHub/doftg/First_2/Content/Demo/Blueprint/dummyMovement.uasset
[2016.10.11-21.18.39:361][ 85]LogActorComponent: UnregisterComponent: (/Engine/Transient.EditorFloorComp) Not registered. Aborting.
[2016.10.11-21.18.57:322][144]Cmd: OBJ SAVEPACKAGE PACKAGE="/Game/Demo/Blueprint/dummyMovement_lg" FILE="../../../../../../Users/Brian/Documents/GitHub/doftg/First_2/Content/Demo/Blueprint/dummyMovement_lg.uasset" SILENT=true
[2016.10.11-21.18.57:356][144]LogSavePackage: Save=18.41ms
[2016.10.11-21.18.57:356][144]LogSavePackage: Moving '../../../../../../Users/Brian/Documents/GitHub/doftg/First_2/Saved/dummyMovement_lg972BB8A94B315B5826276F9813946147.tmp' to '../../../../../../Users/Brian/Documents/GitHub/doftg/First_2/Content/Demo/Blueprint/dummyMovement_lg.uasset'
[2016.10.11-21.18.57:358][144]LogSavePackage:Display: Finished SavePackage ../../../../../../Users/Brian/Documents/GitHub/doftg/First_2/Content/Demo/Blueprint/dummyMovement_lg.uasset
[2016.10.11-21.19.13:876][ 10]Cmd: OBJ SAVEPACKAGE PACKAGE="/Game/Demo/Blueprint/dummyMovement_sm" FILE="../../../../../../Users/Brian/Documents/GitHub/doftg/First_2/Content/Demo/Blueprint/dummyMovement_sm.uasset" SILENT=true
[2016.10.11-21.19.13:912][ 10]LogSavePackage: Save=19.14ms
[2016.10.11-21.19.13:912][ 10]LogSavePackage: Moving '../../../../../../Users/Brian/Documents/GitHub/doftg/First_2/Saved/dummyMovement_smB0A873FD49DA19F6E273298F790B6FB5.tmp' to '../../../../../../Users/Brian/Documents/GitHub/doftg/First_2/Content/Demo/Blueprint/dummyMovement_sm.uasset'
[2016.10.11-21.19.13:914][ 10]LogSavePackage:Display: Finished SavePackage ../../../../../../Users/Brian/Documents/GitHub/doftg/First_2/Content/Demo/Blueprint/dummyMovement_sm.uasset
[2016.10.11-21.19.16:182][274]LogActorComponent: UnregisterComponent: (/Engine/Transient.EditorFloorComp) Not registered. Aborting.
[2016.10.11-21.19.31:232][880]Cmd: OBJ SAVEPACKAGE PACKAGE="/Game/Demo/Blueprint/dummyMovement_xs" FILE="../../../../../../Users/Brian/Documents/GitHub/doftg/First_2/Content/Demo/Blueprint/dummyMovement_xs.uasset" SILENT=true
[2016.10.11-21.19.31:266][880]LogSavePackage: Save=18.40ms
[2016.10.11-21.19.31:266][880]LogSavePackage: Moving '../../../../../../Users/Brian/Documents/GitHub/doftg/First_2/Saved/dummyMovement_xsD997F87A40FCF738AFF548AE44B3CF6E.tmp' to '../../../../../../Users/Brian/Documents/GitHub/doftg/First_2/Content/Demo/Blueprint/dummyMovement_xs.uasset'
[2016.10.11-21.19.31:269][880]LogSavePackage:Display: Finished SavePackage ../../../../../../Users/Brian/Documents/GitHub/doftg/First_2/Content/Demo/Blueprint/dummyMovement_xs.uasset
[2016.10.11-21.19.46:871][665]Cmd: OBJ SAVEPACKAGE PACKAGE="/Game/Demo/Blueprint/dummyMovement_xxs" FILE="../../../../../../Users/Brian/Documents/GitHub/doftg/First_2/Content/Demo/Blueprint/dummyMovement_xxs.uasset" SILENT=true
[2016.10.11-21.19.46:906][665]LogSavePackage: Save=18.53ms
[2016.10.11-21.19.46:907][665]LogSavePackage: Moving '../../../../../../Users/Brian/Documents/GitHub/doftg/First_2/Saved/dummyMovement_xxsA2C808FF4F0DAD4443663E949AA630F0.tmp' to '../../../../../../Users/Brian/Documents/GitHub/doftg/First_2/Content/Demo/Blueprint/dummyMovement_xxs.uasset'
[2016.10.11-21.19.46:909][665]LogSavePackage:Display: Finished SavePackage ../../../../../../Users/Brian/Documents/GitHub/doftg/First_2/Content/Demo/Blueprint/dummyMovement_xxs.uasset
[2016.10.11-21.20.19:017][156]LogSavePackage: Save=36.04ms
[2016.10.11-21.20.19:017][156]LogSavePackage: Moving '../../../../../../Users/Brian/Documents/GitHub/doftg/First_2/Saved/FinalBossFB_Blueprint76BFFC284A57E350305EC0808FCF842F.tmp' to '../../../../../../Users/Brian/Documents/GitHub/doftg/First_2/Content/Demo/Blueprint/FinalBossFB_Blueprint.uasset'
[2016.10.11-21.20.19:020][156]LogSavePackage:Display: Finished SavePackage ../../../../../../Users/Brian/Documents/GitHub/doftg/First_2/Content/Demo/Blueprint/FinalBossFB_Blueprint.uasset
[2016.10.11-21.20.22:432][536]LogBlueprintUserMessages: Early PlayInEditor Detection: Level '/Game/Demo/Maps/Level_00.Level_00:PersistentLevel' has LevelScriptBlueprint '/Game/Demo/Maps/Level_00.Level_00:PersistentLevel.Level_00' with GeneratedClass '/Game/Demo/Maps/Level_00.Level_00_C' with ClassGeneratedBy '/Game/Demo/Maps/Level_00.Level_00:PersistentLevel.Level_00'
[2016.10.11-21.20.22:432][536]BlueprintLog: New page: Pre-Play auto-recompile
[2016.10.11-21.20.22:432][536]LogPlayLevel: [PlayLevel] Compiling dummyMovement before play...
[2016.10.11-21.20.22:505][536]LogPlayLevel: [PlayLevel] Compiling dummyMovement_lg before play...
[2016.10.11-21.20.22:574][536]LogPlayLevel: [PlayLevel] Compiling dummyMovement_sm before play...
[2016.10.11-21.20.22:643][536]LogPlayLevel: [PlayLevel] Compiling dummyMovement_xs before play...
[2016.10.11-21.20.22:713][536]LogPlayLevel: [PlayLevel] Compiling dummyMovement_xxs before play...
[2016.10.11-21.20.22:783][536]LogPlayLevel: [PlayLevel] Compiling FinalBossFB_Blueprint before play...
[2016.10.11-21.20.22:887][536]LogPlayLevel: PlayLevel: Blueprint regeneration took 455 ms (6 blueprints)
[2016.10.11-21.20.22:887][536]PIE: New page: PIE session: Level_00 (Oct 11, 2016, 12:20:22 PM)
[2016.10.11-21.20.22:888][536]LogPlayLevel: Creating play world package: /Game/Demo/Maps/UEDPIE_0_Level_00
[2016.10.11-21.20.22:893][536]LogPlayLevel: PIE: StaticDuplicateObject took: (0.005847s)
[2016.10.11-21.20.22:894][536]LogAIModule: Creating AISystem for world Level_00
[2016.10.11-21.20.22:894][536]LogPlayLevel: PIE: World Init took: (0.000705s)
[2016.10.11-21.20.22:894][536]LogPlayLevel: PIE: Created PIE world by copying editor world from /Game/Demo/Maps/Level_00.Level_00 to /Game/Demo/Maps/UEDPIE_0_Level_00.Level_00 (0.006805s)
[2016.10.11-21.20.22:909][536]LogInit: XAudio2 using 'Line Out (Scarlett 18i20 USB)' : 2 channels at 44.1 kHz using 16 bits per sample (channel mask 0x3)
[2016.10.11-21.20.22:913][536]LogInit: FAudioDevice initialized.
[2016.10.11-21.20.22:942][536]LogWorld: Game class is '2DSideScrollerGameMode_C'
[2016.10.11-21.20.22:958][536]LogWorld: Bringing World /Game/Demo/Maps/UEDPIE_0_Level_00.Level_00 up for play (max tick rate 0) at 2016.10.11-17.20.22
[2016.10.11-21.20.22:959][536]LogWorld: Bringing up level for play took: 0.015405
[2016.10.11-21.20.22:961][536]LogGameMode:Display: Match State Changed from EnteringMap to WaitingToStart
[2016.10.11-21.20.22:961][536]LogGameState: Match State Changed from EnteringMap to WaitingToStart
[2016.10.11-21.20.22:961][536]LogGameMode:Display: Match State Changed from WaitingToStart to InProgress
[2016.10.11-21.20.22:963][536]LogGameState: Match State Changed from WaitingToStart to InProgress
[2016.10.11-21.20.22:963][536]PIE: Info Play in editor start time for /Game/Demo/Maps/UEDPIE_0_Level_00 1.234
[2016.10.11-21.20.22:963][536]LogBlueprintUserMessages: Late PlayInEditor Detection: Level '/Game/Demo/Maps/Level_00.Level_00:PersistentLevel' has LevelScriptBlueprint '/Game/Demo/Maps/Level_00.Level_00:PersistentLevel.Level_00' with GeneratedClass '/Game/Demo/Maps/Level_00.Level_00_C' with ClassGeneratedBy '/Game/Demo/Maps/Level_00.Level_00:PersistentLevel.Level_00'
[2016.10.11-21.20.47:781][550]LogGameMode:Display: Match State Changed from InProgress to LeavingMap
[2016.10.11-21.20.47:781][550]LogGameState: Match State Changed from InProgress to LeavingMap
[2016.10.11-21.20.47:782][550]LogNet: Browse: /Game/Demo/Maps/Level_01
[2016.10.11-21.20.47:783][550]LogLoad: LoadMap: /Game/Demo/Maps/Level_01
[2016.10.11-21.20.47:805][550]Cmd: MEM
[2016.10.11-21.20.47:820][550]LogMemory: Platform Memory Stats for Windows
[2016.10.11-21.20.47:820][550]LogMemory: Process Physical Memory: 1133.46 MB used, 1138.36 MB peak
[2016.10.11-21.20.47:820][550]LogMemory: Process Virtual Memory: 1437.96 MB used, 1459.76 MB peak
[2016.10.11-21.20.47:820][550]LogMemory: Physical Memory: 4828.86 MB used, 32719.21 MB total
[2016.10.11-21.20.47:820][550]LogMemory: Virtual Memory: 2115.13 MB used, 134217728.00 MB total
[2016.10.11-21.20.47:820][550]LogMemory: 
[2016.10.11-21.20.47:820][550]Allocator Stats for TBB: (not implemented)
[2016.10.11-21.20.47:923][550]LogAIModule: Creating AISystem for world Level_01
[2016.10.11-21.20.47:924][550]LogWorld: Game class is '2DSideScrollerGameMode_C'
[2016.10.11-21.20.47:933][550]LogWorld: Bringing World /Game/Demo/Maps/UEDPIE_0_Level_01.Level_01 up for play (max tick rate 0) at 2016.10.11-17.20.47
[2016.10.11-21.20.47:934][550]LogWorld: Bringing up level for play took: 0.009306
[2016.10.11-21.20.47:934][550]LogGameMode:Display: Match State Changed from EnteringMap to WaitingToStart
[2016.10.11-21.20.47:934][550]LogGameState: Match State Changed from EnteringMap to WaitingToStart
[2016.10.11-21.20.47:934][550]LogGameMode:Display: Match State Changed from WaitingToStart to InProgress
[2016.10.11-21.20.47:935][550]LogGameState: Match State Changed from WaitingToStart to InProgress
[2016.10.11-21.20.47:935][550]LogLoad: Took 0.152654 seconds to LoadMap(/Game/Demo/Maps/Level_01)
[2016.10.11-21.20.58:849][377]LogBlueprintUserMessages: [BP_Man_C_0] You Died
[2016.10.11-21.20.58:862][378]LogGameMode:Display: Match State Changed from InProgress to LeavingMap
[2016.10.11-21.20.58:862][378]LogGameState: Match State Changed from InProgress to LeavingMap
[2016.10.11-21.20.58:863][378]LogNet: Browse: /Game/Demo/Maps/Level_01
[2016.10.11-21.20.58:863][378]LogLoad: LoadMap: /Game/Demo/Maps/Level_01
[2016.10.11-21.20.58:897][378]Cmd: MEM
[2016.10.11-21.20.58:909][378]LogMemory: Platform Memory Stats for Windows
[2016.10.11-21.20.58:909][378]LogMemory: Process Physical Memory: 1165.34 MB used, 1174.05 MB peak
[2016.10.11-21.20.58:909][378]LogMemory: Process Virtual Memory: 1481.93 MB used, 1583.33 MB peak
[2016.10.11-21.20.58:909][378]LogMemory: Physical Memory: 4840.04 MB used, 32719.21 MB total
[2016.10.11-21.20.58:909][378]LogMemory: Virtual Memory: 2186.88 MB used, 134217728.00 MB total
[2016.10.11-21.20.58:909][378]LogMemory: 
[2016.10.11-21.20.58:909][378]Allocator Stats for TBB: (not implemented)
[2016.10.11-21.20.58:967][378]LogAIModule: Creating AISystem for world Level_01
[2016.10.11-21.20.58:967][378]LogWorld: Game class is '2DSideScrollerGameMode_C'
[2016.10.11-21.20.58:977][378]LogWorld: Bringing World /Game/Demo/Maps/UEDPIE_0_Level_01.Level_01 up for play (max tick rate 0) at 2016.10.11-17.20.58
[2016.10.11-21.20.58:977][378]LogWorld: Bringing up level for play took: 0.009249
[2016.10.11-21.20.58:978][378]LogGameMode:Display: Match State Changed from EnteringMap to WaitingToStart
[2016.10.11-21.20.58:978][378]LogGameState: Match State Changed from EnteringMap to WaitingToStart
[2016.10.11-21.20.58:978][378]LogGameMode:Display: Match State Changed from WaitingToStart to InProgress
[2016.10.11-21.20.58:979][378]LogGameState: Match State Changed from WaitingToStart to InProgress
[2016.10.11-21.20.58:979][378]LogLoad: Took 0.116014 seconds to LoadMap(/Game/Demo/Maps/Level_01)
[2016.10.11-21.21.51:392][339]LogGameMode:Display: Match State Changed from InProgress to LeavingMap
[2016.10.11-21.21.51:392][339]LogGameState: Match State Changed from InProgress to LeavingMap
[2016.10.11-21.21.51:394][339]LogNet: Browse: /Game/Demo/Maps/Level_02
[2016.10.11-21.21.51:394][339]LogLoad: LoadMap: /Game/Demo/Maps/Level_02
[2016.10.11-21.21.51:453][339]Cmd: MEM
[2016.10.11-21.21.51:470][339]LogMemory: Platform Memory Stats for Windows
[2016.10.11-21.21.51:470][339]LogMemory: Process Physical Memory: 1162.05 MB used, 1175.82 MB peak
[2016.10.11-21.21.51:470][339]LogMemory: Process Virtual Memory: 1476.70 MB used, 1583.33 MB peak
[2016.10.11-21.21.51:470][339]LogMemory: Physical Memory: 4846.16 MB used, 32719.21 MB total
[2016.10.11-21.21.51:470][339]LogMemory: Virtual Memory: 2189.02 MB used, 134217728.00 MB total
[2016.10.11-21.21.51:470][339]LogMemory: 
[2016.10.11-21.21.51:470][339]Allocator Stats for TBB: (not implemented)
[2016.10.11-21.21.51:555][339]LogAIModule: Creating AISystem for world Level_02
[2016.10.11-21.21.51:556][339]LogWorld: Game class is '2DSideScrollerGameMode_C'
[2016.10.11-21.21.51:568][339]LogWorld: Bringing World /Game/Demo/Maps/UEDPIE_0_Level_02.Level_02 up for play (max tick rate 0) at 2016.10.11-17.21.51
[2016.10.11-21.21.51:569][339]LogWorld: Bringing up level for play took: 0.012140
[2016.10.11-21.21.51:569][339]LogGameMode:Display: Match State Changed from EnteringMap to WaitingToStart
[2016.10.11-21.21.51:569][339]LogGameState: Match State Changed from EnteringMap to WaitingToStart
[2016.10.11-21.21.51:569][339]LogGameMode:Display: Match State Changed from WaitingToStart to InProgress
[2016.10.11-21.21.51:570][339]LogGameState: Match State Changed from WaitingToStart to InProgress
[2016.10.11-21.21.51:570][339]LogLoad: Took 0.176261 seconds to LoadMap(/Game/Demo/Maps/Level_02)
[2016.10.11-21.22.11:904][  2]LogBlueprintUserMessages: [BP_Man_C_0] You Died
[2016.10.11-21.22.11:916][  3]LogGameMode:Display: Match State Changed from InProgress to LeavingMap
[2016.10.11-21.22.11:916][  3]LogGameState: Match State Changed from InProgress to LeavingMap
[2016.10.11-21.22.11:917][  3]LogNet: Browse: /Game/Demo/Maps/Level_02
[2016.10.11-21.22.11:917][  3]LogLoad: LoadMap: /Game/Demo/Maps/Level_02
[2016.10.11-21.22.11:945][  3]Cmd: MEM
[2016.10.11-21.22.11:956][  3]LogMemory: Platform Memory Stats for Windows
[2016.10.11-21.22.11:956][  3]LogMemory: Process Physical Memory: 1164.34 MB used, 1175.82 MB peak
[2016.10.11-21.22.11:956][  3]LogMemory: Process Virtual Memory: 1486.23 MB used, 1583.33 MB peak
[2016.10.11-21.22.11:956][  3]LogMemory: Physical Memory: 4851.51 MB used, 32719.21 MB total
[2016.10.11-21.22.11:956][  3]LogMemory: Virtual Memory: 2195.14 MB used, 134217728.00 MB total
[2016.10.11-21.22.11:956][  3]LogMemory: 
[2016.10.11-21.22.11:956][  3]Allocator Stats for TBB: (not implemented)
[2016.10.11-21.22.12:024][  3]LogAIModule: Creating AISystem for world Level_02
[2016.10.11-21.22.12:024][  3]LogWorld: Game class is '2DSideScrollerGameMode_C'
[2016.10.11-21.22.12:037][  3]LogWorld: Bringing World /Game/Demo/Maps/UEDPIE_0_Level_02.Level_02 up for play (max tick rate 0) at 2016.10.11-17.22.12
[2016.10.11-21.22.12:037][  3]LogWorld: Bringing up level for play took: 0.012228
[2016.10.11-21.22.12:038][  3]LogGameMode:Display: Match State Changed from EnteringMap to WaitingToStart
[2016.10.11-21.22.12:038][  3]LogGameState: Match State Changed from EnteringMap to WaitingToStart
[2016.10.11-21.22.12:038][  3]LogGameMode:Display: Match State Changed from WaitingToStart to InProgress
[2016.10.11-21.22.12:038][  3]LogGameState: Match State Changed from WaitingToStart to InProgress
[2016.10.11-21.22.12:039][  3]LogLoad: Took 0.121909 seconds to LoadMap(/Game/Demo/Maps/Level_02)
[2016.10.11-21.22.44:885][685]LogGameMode:Display: Match State Changed from InProgress to LeavingMap
[2016.10.11-21.22.44:885][685]LogGameState: Match State Changed from InProgress to LeavingMap
[2016.10.11-21.22.44:886][685]LogNet: Browse: /Game/Demo/Maps/Level_03
[2016.10.11-21.22.44:886][685]LogLoad: LoadMap: /Game/Demo/Maps/Level_03
[2016.10.11-21.22.44:914][685]Cmd: MEM
[2016.10.11-21.22.44:932][685]LogMemory: Platform Memory Stats for Windows
[2016.10.11-21.22.44:932][685]LogMemory: Process Physical Memory: 1159.37 MB used, 1175.82 MB peak
[2016.10.11-21.22.44:932][685]LogMemory: Process Virtual Memory: 1478.01 MB used, 1583.33 MB peak
[2016.10.11-21.22.44:932][685]LogMemory: Physical Memory: 4833.18 MB used, 32719.21 MB total
[2016.10.11-21.22.44:932][685]LogMemory: Virtual Memory: 2189.95 MB used, 134217728.00 MB total
[2016.10.11-21.22.44:932][685]LogMemory: 
[2016.10.11-21.22.44:932][685]Allocator Stats for TBB: (not implemented)
[2016.10.11-21.22.45:059][685]LogAIModule: Creating AISystem for world Level_03
[2016.10.11-21.22.45:059][685]LogWorld: Game class is '2DSideScrollerGameMode_C'
[2016.10.11-21.22.45:076][685]LogWorld: Bringing World /Game/Demo/Maps/UEDPIE_0_Level_03.Level_03 up for play (max tick rate 0) at 2016.10.11-17.22.45
[2016.10.11-21.22.45:077][685]LogWorld: Bringing up level for play took: 0.017135
[2016.10.11-21.22.45:077][685]LogGameMode:Display: Match State Changed from EnteringMap to WaitingToStart
[2016.10.11-21.22.45:077][685]LogGameState: Match State Changed from EnteringMap to WaitingToStart
[2016.10.11-21.22.45:077][685]LogGameMode:Display: Match State Changed from WaitingToStart to InProgress
[2016.10.11-21.22.45:078][685]LogGameState: Match State Changed from WaitingToStart to InProgress
[2016.10.11-21.22.45:078][685]LogLoad: Took 0.192175 seconds to LoadMap(/Game/Demo/Maps/Level_03)
[2016.10.11-21.23.53:156][805]LogGameMode:Display: Match State Changed from InProgress to LeavingMap
[2016.10.11-21.23.53:156][805]LogGameState: Match State Changed from InProgress to LeavingMap
[2016.10.11-21.23.53:157][805]LogNet: Browse: /Game/Demo/Maps/Level_04
[2016.10.11-21.23.53:157][805]LogLoad: LoadMap: /Game/Demo/Maps/Level_04
[2016.10.11-21.23.53:185][805]Cmd: MEM
[2016.10.11-21.23.53:198][805]LogMemory: Platform Memory Stats for Windows
[2016.10.11-21.23.53:198][805]LogMemory: Process Physical Memory: 1161.89 MB used, 1175.82 MB peak
[2016.10.11-21.23.53:198][805]LogMemory: Process Virtual Memory: 1484.66 MB used, 1583.33 MB peak
[2016.10.11-21.23.53:198][805]LogMemory: Physical Memory: 4846.22 MB used, 32719.21 MB total
[2016.10.11-21.23.53:198][805]LogMemory: Virtual Memory: 2195.40 MB used, 134217728.00 MB total
[2016.10.11-21.23.53:198][805]LogMemory: 
[2016.10.11-21.23.53:198][805]Allocator Stats for TBB: (not implemented)
[2016.10.11-21.23.53:359][805]LogAIModule: Creating AISystem for world Level_04
[2016.10.11-21.23.53:360][805]LogWorld: Game class is '2DSideScrollerGameMode_C'
[2016.10.11-21.23.53:381][805]LogWorld: Bringing World /Game/Demo/Maps/UEDPIE_0_Level_04.Level_04 up for play (max tick rate 0) at 2016.10.11-17.23.53
[2016.10.11-21.23.53:382][805]LogWorld: Bringing up level for play took: 0.021476
[2016.10.11-21.23.53:383][805]LogGameMode:Display: Match State Changed from EnteringMap to WaitingToStart
[2016.10.11-21.23.53:383][805]LogGameState: Match State Changed from EnteringMap to WaitingToStart
[2016.10.11-21.23.53:383][805]LogGameMode:Display: Match State Changed from WaitingToStart to InProgress
[2016.10.11-21.23.53:383][805]LogGameState: Match State Changed from WaitingToStart to InProgress
[2016.10.11-21.23.53:383][805]LogLoad: Took 0.226556 seconds to LoadMap(/Game/Demo/Maps/Level_04)
[2016.10.11-21.24.25:252][198]LogBlueprintUserMessages: [BP_Man_C_0] You Died
[2016.10.11-21.24.25:268][199]LogGameMode:Display: Match State Changed from InProgress to LeavingMap
[2016.10.11-21.24.25:268][199]LogGameState: Match State Changed from InProgress to LeavingMap
[2016.10.11-21.24.25:269][199]LogNet: Browse: /Game/Demo/Maps/Level_04
[2016.10.11-21.24.25:269][199]LogLoad: LoadMap: /Game/Demo/Maps/Level_04
[2016.10.11-21.24.25:299][199]Cmd: MEM
[2016.10.11-21.24.25:312][199]LogMemory: Platform Memory Stats for Windows
[2016.10.11-21.24.25:312][199]LogMemory: Process Physical Memory: 1163.84 MB used, 1175.82 MB peak
[2016.10.11-21.24.25:312][199]LogMemory: Process Virtual Memory: 1484.67 MB used, 1583.33 MB peak
[2016.10.11-21.24.25:312][199]LogMemory: Physical Memory: 4856.39 MB used, 32719.21 MB total
[2016.10.11-21.24.25:312][199]LogMemory: Virtual Memory: 2194.14 MB used, 134217728.00 MB total
[2016.10.11-21.24.25:312][199]LogMemory: 
[2016.10.11-21.24.25:312][199]Allocator Stats for TBB: (not implemented)
[2016.10.11-21.24.25:404][199]LogAIModule: Creating AISystem for world Level_04
[2016.10.11-21.24.25:404][199]LogWorld: Game class is '2DSideScrollerGameMode_C'
[2016.10.11-21.24.25:427][199]LogWorld: Bringing World /Game/Demo/Maps/UEDPIE_0_Level_04.Level_04 up for play (max tick rate 0) at 2016.10.11-17.24.25
[2016.10.11-21.24.25:428][199]LogWorld: Bringing up level for play took: 0.021709
[2016.10.11-21.24.25:428][199]LogGameMode:Display: Match State Changed from EnteringMap to WaitingToStart
[2016.10.11-21.24.25:428][199]LogGameState: Match State Changed from EnteringMap to WaitingToStart
[2016.10.11-21.24.25:428][199]LogGameMode:Display: Match State Changed from WaitingToStart to InProgress
[2016.10.11-21.24.25:429][199]LogGameState: Match State Changed from WaitingToStart to InProgress
[2016.10.11-21.24.25:429][199]LogLoad: Took 0.159060 seconds to LoadMap(/Game/Demo/Maps/Level_04)
[2016.10.11-21.25.46:465][281]LogBlueprintUserMessages: [BP_Man_C_0] You Died
[2016.10.11-21.25.46:476][282]LogGameMode:Display: Match State Changed from InProgress to LeavingMap
[2016.10.11-21.25.46:476][282]LogGameState: Match State Changed from InProgress to LeavingMap
[2016.10.11-21.25.46:477][282]LogNet: Browse: /Game/Demo/Maps/Level_04
[2016.10.11-21.25.46:477][282]LogLoad: LoadMap: /Game/Demo/Maps/Level_04
[2016.10.11-21.25.46:510][282]Cmd: MEM
[2016.10.11-21.25.46:526][282]LogMemory: Platform Memory Stats for Windows
[2016.10.11-21.25.46:526][282]LogMemory: Process Physical Memory: 1166.50 MB used, 1175.82 MB peak
[2016.10.11-21.25.46:526][282]LogMemory: Process Virtual Memory: 1486.50 MB used, 1583.33 MB peak
[2016.10.11-21.25.46:526][282]LogMemory: Physical Memory: 4849.04 MB used, 32719.21 MB total
[2016.10.11-21.25.46:526][282]LogMemory: Virtual Memory: 2200.44 MB used, 134217728.00 MB total
[2016.10.11-21.25.46:526][282]LogMemory: 
[2016.10.11-21.25.46:526][282]Allocator Stats for TBB: (not implemented)
[2016.10.11-21.25.46:621][282]LogAIModule: Creating AISystem for world Level_04
[2016.10.11-21.25.46:622][282]LogWorld: Game class is '2DSideScrollerGameMode_C'
[2016.10.11-21.25.46:643][282]LogWorld: Bringing World /Game/Demo/Maps/UEDPIE_0_Level_04.Level_04 up for play (max tick rate 0) at 2016.10.11-17.25.46
[2016.10.11-21.25.46:644][282]LogWorld: Bringing up level for play took: 0.021632
[2016.10.11-21.25.46:645][282]LogGameMode:Display: Match State Changed from EnteringMap to WaitingToStart
[2016.10.11-21.25.46:645][282]LogGameState: Match State Changed from EnteringMap to WaitingToStart
[2016.10.11-21.25.46:645][282]LogGameMode:Display: Match State Changed from WaitingToStart to InProgress
[2016.10.11-21.25.46:645][282]LogGameState: Match State Changed from WaitingToStart to InProgress
[2016.10.11-21.25.46:645][282]LogLoad: Took 0.168587 seconds to LoadMap(/Game/Demo/Maps/Level_04)
[2016.10.11-21.26.57:475][587]LogGameMode:Display: Match State Changed from InProgress to LeavingMap
[2016.10.11-21.26.57:475][587]LogGameState: Match State Changed from InProgress to LeavingMap
[2016.10.11-21.26.57:476][587]LogNet: Browse: /Game/Demo/Maps/Level_05
[2016.10.11-21.26.57:476][587]LogLoad: LoadMap: /Game/Demo/Maps/Level_05
[2016.10.11-21.26.57:526][587]Cmd: MEM
[2016.10.11-21.26.57:549][587]LogMemory: Platform Memory Stats for Windows
[2016.10.11-21.26.57:549][587]LogMemory: Process Physical Memory: 1167.87 MB used, 1175.82 MB peak
[2016.10.11-21.26.57:549][587]LogMemory: Process Virtual Memory: 1489.23 MB used, 1583.33 MB peak
[2016.10.11-21.26.57:549][587]LogMemory: Physical Memory: 4866.13 MB used, 32719.21 MB total
[2016.10.11-21.26.57:549][587]LogMemory: Virtual Memory: 2202.06 MB used, 134217728.00 MB total
[2016.10.11-21.26.57:549][587]LogMemory: 
[2016.10.11-21.26.57:549][587]Allocator Stats for TBB: (not implemented)
[2016.10.11-21.26.57:667][587]LogAIModule: Creating AISystem for world Level_05
[2016.10.11-21.26.57:667][587]LogWorld: Game class is '2DSideScrollerGameMode_C'
[2016.10.11-21.26.57:673][587]LogWorld: Bringing World /Game/Demo/Maps/UEDPIE_0_Level_05.Level_05 up for play (max tick rate 0) at 2016.10.11-17.26.57
[2016.10.11-21.26.57:673][587]LogWorld: Bringing up level for play took: 0.005084
[2016.10.11-21.26.57:674][587]LogGameMode:Display: Match State Changed from EnteringMap to WaitingToStart
[2016.10.11-21.26.57:674][587]LogGameState: Match State Changed from EnteringMap to WaitingToStart
[2016.10.11-21.26.57:674][587]LogGameMode:Display: Match State Changed from WaitingToStart to InProgress
[2016.10.11-21.26.57:674][587]LogGameState: Match State Changed from WaitingToStart to InProgress
[2016.10.11-21.26.57:674][587]LogLoad: Took 0.198768 seconds to LoadMap(/Game/Demo/Maps/Level_05)
[2016.10.11-21.27.44:535][424]LogBlueprintUserMessages: [BP_Man_C_0] You Died
[2016.10.11-21.27.44:547][425]LogGameMode:Display: Match State Changed from InProgress to LeavingMap
[2016.10.11-21.27.44:547][425]LogGameState: Match State Changed from InProgress to LeavingMap
[2016.10.11-21.27.44:548][425]LogNet: Browse: /Game/Demo/Maps/Level_05
[2016.10.11-21.27.44:548][425]LogLoad: LoadMap: /Game/Demo/Maps/Level_05
[2016.10.11-21.27.44:576][425]Cmd: MEM
[2016.10.11-21.27.44:588][425]LogMemory: Platform Memory Stats for Windows
[2016.10.11-21.27.44:588][425]LogMemory: Process Physical Memory: 1169.64 MB used, 1175.82 MB peak
[2016.10.11-21.27.44:588][425]LogMemory: Process Virtual Memory: 1513.16 MB used, 1583.33 MB peak
[2016.10.11-21.27.44:588][425]LogMemory: Physical Memory: 4864.04 MB used, 32719.21 MB total
[2016.10.11-21.27.44:588][425]LogMemory: Virtual Memory: 2219.94 MB used, 134217728.00 MB total
[2016.10.11-21.27.44:588][425]LogMemory: 
[2016.10.11-21.27.44:588][425]Allocator Stats for TBB: (not implemented)
[2016.10.11-21.27.44:651][425]LogAIModule: Creating AISystem for world Level_05
[2016.10.11-21.27.44:651][425]LogWorld: Game class is '2DSideScrollerGameMode_C'
[2016.10.11-21.27.44:657][425]LogWorld: Bringing World /Game/Demo/Maps/UEDPIE_0_Level_05.Level_05 up for play (max tick rate 0) at 2016.10.11-17.27.44
[2016.10.11-21.27.44:658][425]LogWorld: Bringing up level for play took: 0.005212
[2016.10.11-21.27.44:658][425]LogGameMode:Display: Match State Changed from EnteringMap to WaitingToStart
[2016.10.11-21.27.44:658][425]LogGameState: Match State Changed from EnteringMap to WaitingToStart
[2016.10.11-21.27.44:658][425]LogGameMode:Display: Match State Changed from WaitingToStart to InProgress
[2016.10.11-21.27.44:659][425]LogGameState: Match State Changed from WaitingToStart to InProgress
[2016.10.11-21.27.44:659][425]LogLoad: Took 0.111352 seconds to LoadMap(/Game/Demo/Maps/Level_05)
[2016.10.11-21.28.58:604][487]LogBlueprintUserMessages: Early EndPlayMap Detection: Level '/Game/Demo/Maps/Level_00.Level_00:PersistentLevel' has LevelScriptBlueprint '/Game/Demo/Maps/Level_00.Level_00:PersistentLevel.Level_00' with GeneratedClass '/Game/Demo/Maps/Level_00.Level_00_C' with ClassGeneratedBy '/Game/Demo/Maps/Level_00.Level_00:PersistentLevel.Level_00'
[2016.10.11-21.28.58:643][487]LogBlueprintUserMessages: Late EndPlayMap Detection: Level '/Game/Demo/Maps/Level_00.Level_00:PersistentLevel' has LevelScriptBlueprint '/Game/Demo/Maps/Level_00.Level_00:PersistentLevel.Level_00' with GeneratedClass '/Game/Demo/Maps/Level_00.Level_00_C' with ClassGeneratedBy '/Game/Demo/Maps/Level_00.Level_00:PersistentLevel.Level_00'
[2016.10.11-21.29.52:621][873]LogBlueprintUserMessages: Early PlayInEditor Detection: Level '/Game/Demo/Maps/Level_00.Level_00:PersistentLevel' has LevelScriptBlueprint '/Game/Demo/Maps/Level_00.Level_00:PersistentLevel.Level_00' with GeneratedClass '/Game/Demo/Maps/Level_00.Level_00_C' with ClassGeneratedBy '/Game/Demo/Maps/Level_00.Level_00:PersistentLevel.Level_00'
[2016.10.11-21.29.52:621][873]LogPlayLevel: PlayLevel: No blueprints needed recompiling
[2016.10.11-21.29.52:621][873]PIE: New page: PIE session: Level_00 (Oct 11, 2016, 12:29:52 PM)
[2016.10.11-21.29.52:621][873]LogPlayLevel: Creating play world package: /Game/Demo/Maps/UEDPIE_0_Level_00
[2016.10.11-21.29.52:628][873]LogPlayLevel: PIE: StaticDuplicateObject took: (0.006136s)
[2016.10.11-21.29.52:628][873]LogAIModule: Creating AISystem for world Level_00
[2016.10.11-21.29.52:628][873]LogPlayLevel: PIE: World Init took: (0.000868s)
[2016.10.11-21.29.52:629][873]LogPlayLevel: PIE: Created PIE world by copying editor world from /Game/Demo/Maps/Level_00.Level_00 to /Game/Demo/Maps/UEDPIE_0_Level_00.Level_00 (0.007300s)
[2016.10.11-21.29.52:644][873]LogInit: XAudio2 using 'Line Out (Scarlett 18i20 USB)' : 2 channels at 44.1 kHz using 16 bits per sample (channel mask 0x3)
[2016.10.11-21.29.52:648][873]LogInit: FAudioDevice initialized.
[2016.10.11-21.29.52:681][873]LogWorld: Game class is '2DSideScrollerGameMode_C'
[2016.10.11-21.29.52:690][873]LogWorld: Bringing World /Game/Demo/Maps/UEDPIE_0_Level_00.Level_00 up for play (max tick rate 0) at 2016.10.11-17.29.52
[2016.10.11-21.29.52:691][873]LogWorld: Bringing up level for play took: 0.008385
[2016.10.11-21.29.52:691][873]LogGameMode:Display: Match State Changed from EnteringMap to WaitingToStart
[2016.10.11-21.29.52:691][873]LogGameState: Match State Changed from EnteringMap to WaitingToStart
[2016.10.11-21.29.52:691][873]LogGameMode:Display: Match State Changed from WaitingToStart to InProgress
[2016.10.11-21.29.52:692][873]LogGameState: Match State Changed from WaitingToStart to InProgress
[2016.10.11-21.29.52:692][873]PIE: Info Play in editor start time for /Game/Demo/Maps/UEDPIE_0_Level_00 0.964
[2016.10.11-21.29.52:692][873]LogBlueprintUserMessages: Late PlayInEditor Detection: Level '/Game/Demo/Maps/Level_00.Level_00:PersistentLevel' has LevelScriptBlueprint '/Game/Demo/Maps/Level_00.Level_00:PersistentLevel.Level_00' with GeneratedClass '/Game/Demo/Maps/Level_00.Level_00_C' with ClassGeneratedBy '/Game/Demo/Maps/Level_00.Level_00:PersistentLevel.Level_00'
[2016.10.11-21.30.28:899][843]LogGameMode:Display: Match State Changed from InProgress to LeavingMap
[2016.10.11-21.30.28:899][843]LogGameState: Match State Changed from InProgress to LeavingMap
[2016.10.11-21.30.28:900][843]LogNet: Browse: /Game/Demo/Maps/Level_01
[2016.10.11-21.30.28:900][843]LogLoad: LoadMap: /Game/Demo/Maps/Level_01
[2016.10.11-21.30.28:936][843]Cmd: MEM
[2016.10.11-21.30.28:954][843]LogMemory: Platform Memory Stats for Windows
[2016.10.11-21.30.28:954][843]LogMemory: Process Physical Memory: 1174.13 MB used, 1177.83 MB peak
[2016.10.11-21.30.28:954][843]LogMemory: Process Virtual Memory: 1476.77 MB used, 1598.07 MB peak
[2016.10.11-21.30.28:954][843]LogMemory: Physical Memory: 4876.72 MB used, 32719.21 MB total
[2016.10.11-21.30.28:954][843]LogMemory: Virtual Memory: 2182.38 MB used, 134217728.00 MB total
[2016.10.11-21.30.28:954][843]LogMemory: 
[2016.10.11-21.30.28:954][843]Allocator Stats for TBB: (not implemented)
[2016.10.11-21.30.29:016][843]LogAIModule: Creating AISystem for world Level_01
[2016.10.11-21.30.29:016][843]LogWorld: Game class is '2DSideScrollerGameMode_C'
[2016.10.11-21.30.29:026][843]LogWorld: Bringing World /Game/Demo/Maps/UEDPIE_0_Level_01.Level_01 up for play (max tick rate 0) at 2016.10.11-17.30.29
[2016.10.11-21.30.29:026][843]LogWorld: Bringing up level for play took: 0.009391
[2016.10.11-21.30.29:027][843]LogGameMode:Display: Match State Changed from EnteringMap to WaitingToStart
[2016.10.11-21.30.29:027][843]LogGameState: Match State Changed from EnteringMap to WaitingToStart
[2016.10.11-21.30.29:027][843]LogGameMode:Display: Match State Changed from WaitingToStart to InProgress
[2016.10.11-21.30.29:028][843]LogGameState: Match State Changed from WaitingToStart to InProgress
[2016.10.11-21.30.29:028][843]LogLoad: Took 0.127850 seconds to LoadMap(/Game/Demo/Maps/Level_01)
[2016.10.11-21.30.31:120][  1]LogBlueprintUserMessages: Early EndPlayMap Detection: Level '/Game/Demo/Maps/Level_00.Level_00:PersistentLevel' has LevelScriptBlueprint '/Game/Demo/Maps/Level_00.Level_00:PersistentLevel.Level_00' with GeneratedClass '/Game/Demo/Maps/Level_00.Level_00_C' with ClassGeneratedBy '/Game/Demo/Maps/Level_00.Level_00:PersistentLevel.Level_00'
[2016.10.11-21.30.31:163][  1]LogBlueprintUserMessages: Late EndPlayMap Detection: Level '/Game/Demo/Maps/Level_00.Level_00:PersistentLevel' has LevelScriptBlueprint '/Game/Demo/Maps/Level_00.Level_00:PersistentLevel.Level_00' with GeneratedClass '/Game/Demo/Maps/Level_00.Level_00_C' with ClassGeneratedBy '/Game/Demo/Maps/Level_00.Level_00:PersistentLevel.Level_00'
[2016.10.11-21.30.33:377][242]LogWindowsTextInputMethodSystem:Display: IME system now deactivated.
[2016.10.11-21.30.33:553][243]Cmd: QUIT_EDITOR
[2016.10.11-21.30.34:433][243]LogExit: Preparing to exit.
[2016.10.11-21.30.35:015][243]LogDirectoryWatcher: A directory notification for 'C:/Users/Brian/Documents/GitHub/doftg/First_2/Content/' was aborted.
[2016.10.11-21.30.35:059][243]LogExit: Editor shut down
[2016.10.11-21.30.35:059][243]LogExit: Transaction tracking system shut down
[2016.10.11-21.30.35:197][243]LogObj: Freed 0b from 0 cluster array pools.
[2016.10.11-21.30.35:197][243]LogExit: Object subsystem successfully closed.
[2016.10.11-21.30.35:204][243]LogD3D11RHI: Shutdown
[2016.10.11-21.30.35:204][243]LogD3D11RHI: CleanupD3DDevice
[2016.10.11-21.30.35:284][243]LogD3D11RHI: ~FD3D11DynamicRHI
[2016.10.11-21.30.35:303][243]LogModuleManager: Shutting down and abandoning module MovieSceneCapture (236)
[2016.10.11-21.30.35:303][243]LogModuleManager: Shutting down and abandoning module BlueprintGraph (235)
[2016.10.11-21.30.35:303][243]LogModuleManager: Shutting down and abandoning module BlueprintProfiler (234)
[2016.10.11-21.30.35:303][243]LogModuleManager: Shutting down and abandoning module HierarchicalLODOutliner (233)
[2016.10.11-21.30.35:303][243]LogModuleManager: Shutting down and abandoning module CrashTracker (232)
[2016.10.11-21.30.35:303][243]LogModuleManager: Shutting down and abandoning module SceneOutliner (231)
[2016.10.11-21.30.35:303][243]LogModuleManager: Shutting down and abandoning module WidgetCarousel (230)
[2016.10.11-21.30.35:303][243]LogModuleManager: Shutting down and abandoning module AddContentDialog (229)
[2016.10.11-21.30.35:303][243]LogDirectoryWatcher: A directory notification for 'C:/Program Files (x86)/Epic Games/4.13/FeaturePacks/' was aborted.
[2016.10.11-21.30.35:304][243]LogModuleManager: Shutting down and abandoning module GameplayTags (228)
[2016.10.11-21.30.35:304][243]LogModuleManager: Shutting down and abandoning module EditorWidgets (227)
[2016.10.11-21.30.35:304][243]LogModuleManager: Shutting down and abandoning module CollectionManager (226)
[2016.10.11-21.30.35:304][243]LogDirectoryWatcher: A directory notification for 'C:/Users/Brian/Documents/GitHub/doftg/First_2/Content/Collections/' was aborted.
[2016.10.11-21.30.35:304][243]LogDirectoryWatcher: A directory notification for 'C:/Users/Brian/Documents/GitHub/doftg/First_2/Content/Developers/Brian/Collections/' was aborted.
[2016.10.11-21.30.35:304][243]LogDirectoryWatcher: A directory notification for 'C:/Users/Brian/Documents/GitHub/doftg/First_2/Saved/Collections/' was aborted.
[2016.10.11-21.30.35:304][243]LogModuleManager: Shutting down and abandoning module StatsViewer (225)
[2016.10.11-21.30.35:304][243]LogModuleManager: Shutting down and abandoning module FoliageEdit (224)
[2016.10.11-21.30.35:304][243]LogModuleManager: Shutting down and abandoning module LandscapeEditor (223)
[2016.10.11-21.30.35:305][243]LogModuleManager: Shutting down and abandoning module SceneDepthPickerMode (222)
[2016.10.11-21.30.35:305][243]LogModuleManager: Shutting down and abandoning module ActorPickerMode (221)
[2016.10.11-21.30.35:305][243]LogModuleManager: Shutting down and abandoning module GeometryMode (220)
[2016.10.11-21.30.35:305][243]LogModuleManager: Shutting down and abandoning module TextureAlignMode (219)
[2016.10.11-21.30.35:305][243]LogModuleManager: Shutting down and abandoning module BspMode (218)
[2016.10.11-21.30.35:305][243]LogModuleManager: Shutting down and abandoning module HardwareSurvey (217)
[2016.10.11-21.30.35:305][243]LogModuleManager: Shutting down and abandoning module SequenceRecorderSections (216)
[2016.10.11-21.30.35:305][243]LogModuleManager: Shutting down and abandoning module SequenceRecorder (215)
[2016.10.11-21.30.35:305][243]LogModuleManager: Shutting down and abandoning module AutomationWorker (214)
[2016.10.11-21.30.35:305][243]LogModuleManager: Shutting down and abandoning module MatineeToLevelSequence (213)
[2016.10.11-21.30.35:305][243]LogModuleManager: Shutting down and abandoning module PlacementMode (212)
[2016.10.11-21.30.35:305][243]LogModuleManager: Shutting down and abandoning module LevelSequenceEditor (211)
[2016.10.11-21.30.35:305][243]LogModuleManager: Shutting down and abandoning module WmfMediaFactory (210)
[2016.10.11-21.30.35:305][243]LogModuleManager: Shutting down and abandoning module WmfMediaEditor (209)
[2016.10.11-21.30.35:305][243]LogModuleManager: Shutting down and abandoning module AvfMediaFactory (208)
[2016.10.11-21.30.35:305][243]LogModuleManager: Shutting down and abandoning module AvfMediaEditor (207)
[2016.10.11-21.30.35:305][243]LogModuleManager: Shutting down and abandoning module Media (206)
[2016.10.11-21.30.35:305][243]LogModuleManager: Shutting down and abandoning module AndroidMediaFactory (205)
[2016.10.11-21.30.35:305][243]LogModuleManager: Shutting down and abandoning module AndroidMediaEditor (204)
[2016.10.11-21.30.35:305][243]LogModuleManager: Shutting down and abandoning module CharacterAI (203)
[2016.10.11-21.30.35:305][243]LogModuleManager: Shutting down and abandoning module SmartSnapping (202)
[2016.10.11-21.30.35:305][243]LogModuleManager: Shutting down and abandoning module SessionServices (201)
[2016.10.11-21.30.35:305][243]LogModuleManager: Shutting down and abandoning module ViewportSnapping (200)
[2016.10.11-21.30.35:305][243]LogModuleManager: Shutting down and abandoning module ViewportInteraction (199)
[2016.10.11-21.30.35:305][243]LogModuleManager: Shutting down and abandoning module LogVisualizer (198)
[2016.10.11-21.30.35:305][243]LogModuleManager: Shutting down and abandoning module GameProjectGeneration (197)
[2016.10.11-21.30.35:306][243]LogModuleManager: Shutting down and abandoning module IntroTutorials (196)
[2016.10.11-21.30.35:306][243]LogModuleManager: Shutting down and abandoning module EditorLiveStreaming (195)
[2016.10.11-21.30.35:306][243]LogModuleManager: Shutting down and abandoning module IOSPlatformEditor (194)
[2016.10.11-21.30.35:306][243]LogModuleManager: Shutting down and abandoning module HTML5PlatformEditor (193)
[2016.10.11-21.30.35:306][243]LogModuleManager: Shutting down and abandoning module AndroidDeviceDetection (192)
[2016.10.11-21.30.35:577][243]LogModuleManager: Shutting down and abandoning module AndroidPlatformEditor (191)
[2016.10.11-21.30.35:577][243]LogModuleManager: Shutting down and abandoning module IOSRuntimeSettings (190)
[2016.10.11-21.30.35:577][243]LogModuleManager: Shutting down and abandoning module AndroidRuntimeSettings (189)
[2016.10.11-21.30.35:577][243]LogModuleManager: Shutting down and abandoning module NiagaraEditor (188)
[2016.10.11-21.30.35:577][243]LogModuleManager: Shutting down and abandoning module MergeActors (187)
[2016.10.11-21.30.35:577][243]LogModuleManager: Shutting down and abandoning module SizeMap (186)
[2016.10.11-21.30.35:577][243]LogModuleManager: Shutting down and abandoning module TreeMap (185)
[2016.10.11-21.30.35:577][243]LogModuleManager: Shutting down and abandoning module ReferenceViewer (184)
[2016.10.11-21.30.35:577][243]LogModuleManager: Shutting down and abandoning module LocalizationService (183)
[2016.10.11-21.30.35:577][243]LogModuleManager: Shutting down and abandoning module LocalizationDashboard (182)
[2016.10.11-21.30.35:577][243]LogModuleManager: Shutting down and abandoning module HardwareTargeting (181)
[2016.10.11-21.30.35:577][243]LogModuleManager: Shutting down and abandoning module DeviceProfileEditor (180)
[2016.10.11-21.30.35:578][243]LogModuleManager: Shutting down and abandoning module UndoHistory (179)
[2016.10.11-21.30.35:578][243]LogModuleManager: Shutting down and abandoning module UserFeedback (178)
[2016.10.11-21.30.35:578][243]LogModuleManager: Shutting down and abandoning module XmlParser (177)
[2016.10.11-21.30.35:578][243]LogModuleManager: Shutting down and abandoning module Blutility (176)
[2016.10.11-21.30.35:578][243]LogModuleManager: Shutting down and abandoning module ProjectTargetPlatformEditor (175)
[2016.10.11-21.30.35:578][243]LogModuleManager: Shutting down and abandoning module ProjectSettingsViewer (174)
[2016.10.11-21.30.35:578][243]LogModuleManager: Shutting down and abandoning module InputBindingEditor (173)
[2016.10.11-21.30.35:579][243]LogModuleManager: Shutting down and abandoning module EditorSettingsViewer (172)
[2016.10.11-21.30.35:579][243]LogModuleManager: Shutting down and abandoning module SettingsEditor (171)
[2016.10.11-21.30.35:579][243]LogModuleManager: Shutting down and abandoning module ProjectLauncher (170)
[2016.10.11-21.30.35:579][243]LogModuleManager: Shutting down and abandoning module SessionFrontend (169)
[2016.10.11-21.30.35:579][243]LogModuleManager: Shutting down and abandoning module ProfilerClient (168)
[2016.10.11-21.30.35:579][243]LogModuleManager: Shutting down and abandoning module TargetDeviceServices (167)
[2016.10.11-21.30.35:579][243]LogModuleManager: Shutting down and abandoning module DeviceManager (166)
[2016.10.11-21.30.35:633][243]LogModuleManager: Shutting down and abandoning module AutomationController (165)
[2016.10.11-21.30.35:633][243]LogModuleManager: Shutting down and abandoning module AutomationWindow (164)
[2016.10.11-21.30.35:633][243]LogModuleManager: Shutting down and abandoning module Layers (163)
[2016.10.11-21.30.35:633][243]LogModuleManager: Shutting down and abandoning module ComponentVisualizers (162)
[2016.10.11-21.30.35:633][243]LogModuleManager: Shutting down and abandoning module DetailCustomizations (161)
[2016.10.11-21.30.35:633][243]LogModuleManager: Shutting down and abandoning module PackagesDialog (160)
[2016.10.11-21.30.35:634][243]LogModuleManager: Shutting down and abandoning module AnimGraph (159)
[2016.10.11-21.30.35:634][243]LogModuleManager: Shutting down and abandoning module Persona (158)
[2016.10.11-21.30.35:634][243]LogModuleManager: Shutting down and abandoning module Kismet (157)
[2016.10.11-21.30.35:653][243]LogModuleManager: Shutting down and abandoning module GraphEditor (156)
[2016.10.11-21.30.35:653][243]LogModuleManager: Shutting down and abandoning module ClassViewer (155)
[2016.10.11-21.30.35:653][243]LogModuleManager: Shutting down and abandoning module Toolbox (154)
[2016.10.11-21.30.35:653][243]LogModuleManager: Shutting down and abandoning module ModuleUI (153)
[2016.10.11-21.30.35:653][243]LogModuleManager: Shutting down and abandoning module MovieSceneTools (152)
[2016.10.11-21.30.35:653][243]LogModuleManager: Shutting down and abandoning module OutputLog (151)
[2016.10.11-21.30.35:653][243]LogModuleManager: Shutting down and abandoning module GammaUI (150)
[2016.10.11-21.30.35:653][243]LogModuleManager: Shutting down and abandoning module Documentation (149)
[2016.10.11-21.30.35:653][243]LogModuleManager: Shutting down and abandoning module Niagara (148)
[2016.10.11-21.30.35:653][243]LogModuleManager: Shutting down and abandoning module StreamingPauseRendering (147)
[2016.10.11-21.30.35:653][243]LogModuleManager: Shutting down and abandoning module AnalyticsET (146)
[2016.10.11-21.30.35:653][243]LogModuleManager: Shutting down and abandoning module PortalServices (145)
[2016.10.11-21.30.35:653][243]LogModuleManager: Shutting down and abandoning module PortalRpc (144)
[2016.10.11-21.30.35:653][243]LogModuleManager: Shutting down and abandoning module MessagingRpc (143)
[2016.10.11-21.30.35:653][243]LogModuleManager: Shutting down and abandoning module GameplayDebugger (142)
[2016.10.11-21.30.35:654][243]LogModuleManager: Shutting down and abandoning module AITestSuite (141)
[2016.10.11-21.30.35:654][243]LogModuleManager: Shutting down and abandoning module AIModule (140)
[2016.10.11-21.30.35:654][243]LogModuleManager: Shutting down and abandoning module ProfilerService (139)
[2016.10.11-21.30.35:874][243]LogModuleManager: Shutting down and abandoning module TaskGraph (138)
[2016.10.11-21.30.35:874][243]LogModuleManager: Shutting down and abandoning module SlateRemote (137)
[2016.10.11-21.30.35:874][243]LogModuleManager: Shutting down and abandoning module SteamVRController (136)
[2016.10.11-21.30.35:874][243]LogModuleManager: Shutting down and abandoning module SteamVR (135)
[2016.10.11-21.30.35:874][243]LogModuleManager: Shutting down and abandoning module ProceduralMeshComponentEditor (134)
[2016.10.11-21.30.35:874][243]LogModuleManager: Shutting down and abandoning module ProceduralMeshComponent (133)
[2016.10.11-21.30.35:875][243]LogModuleManager: Shutting down and abandoning module OculusLibrary (132)
[2016.10.11-21.30.35:875][243]LogModuleManager: Shutting down and abandoning module OculusInput (131)
[2016.10.11-21.30.35:875][243]LogModuleManager: Shutting down and abandoning module CustomMeshComponent (130)
[2016.10.11-21.30.35:875][243]LogModuleManager: Shutting down and abandoning module CableComponent (129)
[2016.10.11-21.30.35:875][243]LogModuleManager: Shutting down and abandoning module ArchVisCharacter (128)
[2016.10.11-21.30.35:875][243]LogModuleManager: Shutting down and abandoning module MediaPlayerEditor (126)
[2016.10.11-21.30.35:875][243]LogModuleManager: Shutting down and abandoning module HTML5Networking (125)
[2016.10.11-21.30.35:875][243]LogModuleManager: Shutting down and abandoning module GeometryCacheEd (124)
[2016.10.11-21.30.35:875][243]LogModuleManager: Shutting down and abandoning module GeometryCache (123)
[2016.10.11-21.30.35:875][243]LogModuleManager: Shutting down and abandoning module AlembicLibrary (122)
[2016.10.11-21.30.35:875][243]LogModuleManager: Shutting down and abandoning module AlembicImporter (121)
[2016.10.11-21.30.35:875][243]LogModuleManager: Shutting down and abandoning module SuperSearch (120)
[2016.10.11-21.30.35:875][243]LogModuleManager: Shutting down and abandoning module SuperSearchEditor (119)
[2016.10.11-21.30.35:875][243]LogModuleManager: Shutting down and abandoning module SpeedTreeImporter (118)
[2016.10.11-21.30.35:875][243]LogModuleManager: Shutting down and abandoning module PluginBrowser (117)
[2016.10.11-21.30.35:875][243]LogModuleManager: Shutting down and abandoning module MobileLauncherProfileWizard (116)
[2016.10.11-21.30.35:875][243]LogModuleManager: Shutting down and abandoning module EpicSurvey (115)
[2016.10.11-21.30.35:875][243]LogModuleManager: Shutting down and abandoning module DesktopPlatform (114)
[2016.10.11-21.30.35:875][243]LogModuleManager: Shutting down and abandoning module VisualStudioSourceCodeAccess (113)
[2016.10.11-21.30.35:875][243]LogModuleManager: Shutting down and abandoning module UObjectPlugin (112)
[2016.10.11-21.30.35:875][243]LogModuleManager: Shutting down and abandoning module SubversionSourceControl (111)
[2016.10.11-21.30.35:876][243]LogModuleManager: Shutting down and abandoning module PerforceSourceControl (110)
[2016.10.11-21.30.35:876][243]LogModuleManager: Shutting down and abandoning module SourceControl (109)
[2016.10.11-21.30.35:876][243]LogModuleManager: Shutting down and abandoning module GitSourceControl (108)
[2016.10.11-21.30.35:876][243]LogModuleManager: Shutting down and abandoning module LightPropagationVolumeEditor (107)
[2016.10.11-21.30.35:876][243]LogModuleManager: Shutting down and abandoning module PaperTiledImporter (106)
[2016.10.11-21.30.35:876][243]LogModuleManager: Shutting down and abandoning module PaperSpriteSheetImporter (105)
[2016.10.11-21.30.35:876][243]LogModuleManager: Shutting down and abandoning module MeshPaint (104)
[2016.10.11-21.30.35:876][243]LogModuleManager: Shutting down and abandoning module FbxAutomationBuilderModule (103)
[2016.10.11-21.30.35:876][243]LogModuleManager: Shutting down and abandoning module PixelInspectorModule (102)
[2016.10.11-21.30.35:876][243]LogModuleManager: Shutting down and abandoning module HotReload (101)
[2016.10.11-21.30.35:877][243]LogModuleManager: Shutting down and abandoning module MainFrame (100)
[2016.10.11-21.30.35:877][243]LogModuleManager: Shutting down and abandoning module LevelEditor (99)
[2016.10.11-21.30.35:879][243]LogModuleManager: Shutting down and abandoning module ContentBrowser (98)
[2016.10.11-21.30.35:882][243]LogModuleManager: Shutting down and abandoning module Paper2DEditor (97)
[2016.10.11-21.30.35:882][243]LogModuleManager: Shutting down and abandoning module UdpMessaging (96)
[2016.10.11-21.30.35:984][243]LogModuleManager: Shutting down and abandoning module TcpMessaging (95)
[2016.10.11-21.30.36:084][243]LogModuleManager: Shutting down and abandoning module LightPropagationVolumeRuntime (94)
[2016.10.11-21.30.36:084][243]LogModuleManager: Shutting down and abandoning module Paper2D (93)
[2016.10.11-21.30.36:084][243]LogModuleManager: Shutting down and abandoning module WindowsMoviePlayer (92)
[2016.10.11-21.30.36:084][243]LogModuleManager: Shutting down and abandoning module WmfMedia (91)
[2016.10.11-21.30.36:084][243]LogModuleManager: Shutting down and abandoning module MediaAssets (90)
[2016.10.11-21.30.36:084][243]LogModuleManager: Shutting down and abandoning module GameLiveStreaming (89)
[2016.10.11-21.30.36:085][243]LogModuleManager: Shutting down and abandoning module GameplayTagsEditor (88)
[2016.10.11-21.30.36:085][243]LogModuleManager: Shutting down and abandoning module VREditor (87)
[2016.10.11-21.30.36:085][243]LogModuleManager: Shutting down and abandoning module GameplayTasksEditor (86)
[2016.10.11-21.30.36:085][243]LogModuleManager: Shutting down and abandoning module PropertyEditor (85)
[2016.10.11-21.30.36:085][243]LogModuleManager: Shutting down and abandoning module BehaviorTreeEditor (84)
[2016.10.11-21.30.36:085][243]LogModuleManager: Shutting down and abandoning module FunctionalTesting (83)
[2016.10.11-21.30.36:085][243]LogModuleManager: Shutting down and abandoning module CollisionAnalyzer (82)
[2016.10.11-21.30.36:085][243]LogModuleManager: Shutting down and abandoning module Sequencer (81)
[2016.10.11-21.30.36:085][243]LogModuleManager: Shutting down and abandoning module WorkspaceMenuStructure (80)
[2016.10.11-21.30.36:085][243]LogModuleManager: Shutting down and abandoning module MessageLog (79)
[2016.10.11-21.30.36:085][243]LogModuleManager: Shutting down and abandoning module AssetTools (78)
[2016.10.11-21.30.36:085][243]LogModuleManager: Shutting down and abandoning module UMGEditor (77)
[2016.10.11-21.30.36:086][243]LogModuleManager: Shutting down and abandoning module UMG (76)
[2016.10.11-21.30.36:086][243]LogModuleManager: Shutting down and abandoning module SlateReflector (75)
[2016.10.11-21.30.36:086][243]LogModuleManager: Shutting down and abandoning module Slate (74)
[2016.10.11-21.30.36:086][243]LogModuleManager: Shutting down and abandoning module EditorStyle (73)
[2016.10.11-21.30.36:093][243]LogModuleManager: Shutting down and abandoning module SourceCodeAccess (72)
[2016.10.11-21.30.36:093][243]LogModuleManager: Shutting down and abandoning module HeadMountedDisplay (71)
[2016.10.11-21.30.36:093][243]LogModuleManager: Shutting down and abandoning module XAudio2 (70)
[2016.10.11-21.30.36:093][243]LogModuleManager: Shutting down and abandoning module Networking (68)
[2016.10.11-21.30.36:093][243]LogModuleManager: Shutting down and abandoning module Core (67)
[2016.10.11-21.30.36:093][243]LogModuleManager: Shutting down and abandoning module DirectoryWatcher (66)
[2016.10.11-21.30.36:093][243]LogDirectoryWatcher: A directory notification for '../../../Engine/Content/' was aborted.
[2016.10.11-21.30.36:094][243]LogDirectoryWatcher: A directory notification for '../../../../../../Users/Brian/Documents/GitHub/doftg/First_2/Content/' was aborted.
[2016.10.11-21.30.36:094][243]LogDirectoryWatcher: A directory notification for '../../../Engine/Plugins/2D/Paper2D/Content/' was aborted.
[2016.10.11-21.30.36:096][243]LogModuleManager: Shutting down and abandoning module AssetRegistry (65)
[2016.10.11-21.30.36:272][243]LogModuleManager: Shutting down and abandoning module KismetCompiler (64)
[2016.10.11-21.30.36:272][243]LogModuleManager: Shutting down and abandoning module PhysXFormats (63)
[2016.10.11-21.30.36:273][243]LogModuleManager: Shutting down and abandoning module MeshUtilities (62)
[2016.10.11-21.30.36:273][243]LogModuleManager: Shutting down and abandoning module DerivedDataCache (61)
[2016.10.11-21.30.36:373][243]LogDerivedDataCache: Shutdown
[2016.10.11-21.30.36:373][243]LogModuleManager: Shutting down and abandoning module VulkanShaderFormat (60)
[2016.10.11-21.30.36:373][243]LogModuleManager: Shutting down and abandoning module ShaderFormatOpenGL (59)
[2016.10.11-21.30.36:373][243]LogModuleManager: Shutting down and abandoning module ShaderFormatD3D (58)
[2016.10.11-21.30.36:373][243]LogModuleManager: Shutting down and abandoning module MetalShaderFormat (57)
[2016.10.11-21.30.36:373][243]LogModuleManager: Shutting down and abandoning module TextureFormatUncompressed (56)
[2016.10.11-21.30.36:373][243]LogModuleManager: Shutting down and abandoning module TextureFormatPVR (55)
[2016.10.11-21.30.36:373][243]LogModuleManager: Shutting down and abandoning module TextureFormatDXT (54)
[2016.10.11-21.30.36:373][243]LogModuleManager: Shutting down and abandoning module TextureFormatIntelISPCTexComp (53)
[2016.10.11-21.30.36:374][243]LogModuleManager: Shutting down and abandoning module ImageWrapper (52)
[2016.10.11-21.30.36:374][243]LogModuleManager: Shutting down and abandoning module TextureFormatASTC (51)
[2016.10.11-21.30.36:374][243]LogModuleManager: Shutting down and abandoning module TextureFormatAndroid (50)
[2016.10.11-21.30.36:374][243]LogModuleManager: Shutting down and abandoning module AudioFormatOpus (49)
[2016.10.11-21.30.36:374][243]LogModuleManager: Shutting down and abandoning module AudioFormatOgg (48)
[2016.10.11-21.30.36:374][243]LogModuleManager: Shutting down and abandoning module AudioFormatADPCM (47)
[2016.10.11-21.30.36:374][243]LogModuleManager: Shutting down and abandoning module LinuxTargetPlatform (46)
[2016.10.11-21.30.36:374][243]LogModuleManager: Shutting down and abandoning module LinuxServerTargetPlatform (45)
[2016.10.11-21.30.36:374][243]LogModuleManager: Shutting down and abandoning module LinuxNoEditorTargetPlatform (44)
[2016.10.11-21.30.36:374][243]LogModuleManager: Shutting down and abandoning module LinuxClientTargetPlatform (43)
[2016.10.11-21.30.36:374][243]LogModuleManager: Shutting down and abandoning module TVOSTargetPlatform (42)
[2016.10.11-21.30.36:374][243]LogModuleManager: Shutting down and abandoning module Messaging (41)
[2016.10.11-21.30.36:374][243]LogModuleManager: Shutting down and abandoning module IOSTargetPlatform (40)
[2016.10.11-21.30.36:374][243]LogModuleManager: Shutting down and abandoning module HTML5TargetPlatform (39)
[2016.10.11-21.30.36:374][243]LogModuleManager: Shutting down and abandoning module Android_PVRTCTargetPlatform (38)
[2016.10.11-21.30.36:374][243]LogModuleManager: Shutting down and abandoning module Android_MultiTargetPlatform (37)
[2016.10.11-21.30.36:374][243]LogModuleManager: Shutting down and abandoning module Android_ETC2TargetPlatform (36)
[2016.10.11-21.30.36:374][243]LogModuleManager: Shutting down and abandoning module Android_ETC1TargetPlatform (35)
[2016.10.11-21.30.36:374][243]LogModuleManager: Shutting down and abandoning module Android_DXTTargetPlatform (34)
[2016.10.11-21.30.36:374][243]LogModuleManager: Shutting down and abandoning module Android_ATCTargetPlatform (33)
[2016.10.11-21.30.36:374][243]LogModuleManager: Shutting down and abandoning module Android_ASTCTargetPlatform (32)
[2016.10.11-21.30.36:374][243]LogModuleManager: Shutting down and abandoning module AndroidTargetPlatform (31)
[2016.10.11-21.30.36:374][243]LogModuleManager: Shutting down and abandoning module WindowsTargetPlatform (30)
[2016.10.11-21.30.36:374][243]LogModuleManager: Shutting down and abandoning module WindowsServerTargetPlatform (29)
[2016.10.11-21.30.36:374][243]LogModuleManager: Shutting down and abandoning module WindowsNoEditorTargetPlatform (28)
[2016.10.11-21.30.36:374][243]LogModuleManager: Shutting down and abandoning module WindowsClientTargetPlatform (27)
[2016.10.11-21.30.36:374][243]LogModuleManager: Shutting down and abandoning module AllDesktopTargetPlatform (26)
[2016.10.11-21.30.36:374][243]LogModuleManager: Shutting down and abandoning module TargetPlatform (25)
[2016.10.11-21.30.36:374][243]LogModuleManager: Shutting down and abandoning module InputCore (24)
[2016.10.11-21.30.36:375][243]LogModuleManager: Shutting down and abandoning module Settings (23)
[2016.10.11-21.30.36:375][243]LogModuleManager: Shutting down and abandoning module OculusRift (22)
[2016.10.11-21.30.36:375][243]LogModuleManager: Shutting down and abandoning module GearVR (21)
[2016.10.11-21.30.36:375][243]LogModuleManager: Shutting down and abandoning module ExampleDeviceProfileSelector (20)
[2016.10.11-21.30.36:375][243]LogModuleManager: Shutting down and abandoning module OnlineBlueprintSupport (19)
[2016.10.11-21.30.36:375][243]LogModuleManager: Shutting down and abandoning module OnlineSubsystem (17)
[2016.10.11-21.30.36:375][243]LogOnline:Display: Unloading online subsystem: NULL
[2016.10.11-21.30.36:375][243]LogModuleManager: Shutting down and abandoning module HTTP (16)
[2016.10.11-21.30.36:375][243]LogHttp:Display: Http module shutting down, but needs to wait on 1 outstanding Http requests:
[2016.10.11-21.30.36:375][243]LogHttp:Display: 	verb=[POST] url=[https://datarouter.ol.epicgames.com/datarouter/api/v1/public/data?SessionID=%7B73FDEB1B-4F97-05CD-A423-2E871FA24BD9%7D&AppID=UEEditor.Rocket.Release&AppVersion=4.13.1-3142249%2B%2B%2BUE4%2BRelease-4.13&UserID=0c59ded548cb065b6ee1c4b14077824e%7C0088da38c4fe4f999d6f0e52c41d2185%7Ca2c83a08-4880-4295-ad75-ee163fceabee&AppEnvironment=datacollector-binary&UploadType=eteventstream] status=Processing
[2016.10.11-21.30.36:387][243]LogModuleManager: Shutting down and abandoning module XMPP (15)
[2016.10.11-21.30.36:387][243]LogModuleManager: Shutting down and abandoning module TextureCompressor (14)
[2016.10.11-21.30.36:388][243]LogModuleManager: Shutting down and abandoning module ShaderCore (13)
[2016.10.11-21.30.36:388][243]LogModuleManager: Shutting down and abandoning module Landscape (12)
[2016.10.11-21.30.36:388][243]LogModuleManager: Shutting down and abandoning module SlateRHIRenderer (11)
[2016.10.11-21.30.36:400][243]LogModuleManager: Shutting down and abandoning module OpenGLDrv (10)
[2016.10.11-21.30.36:400][243]LogModuleManager: Shutting down and abandoning module D3D11RHI (9)
[2016.10.11-21.30.36:400][243]LogModuleManager: Shutting down and abandoning module AnimGraphRuntime (8)
[2016.10.11-21.30.36:400][243]LogModuleManager: Shutting down and abandoning module Renderer (7)
[2016.10.11-21.30.36:400][243]LogModuleManager: Shutting down and abandoning module Engine (6)
[2016.10.11-21.30.36:400][243]LogModuleManager: Shutting down and abandoning module CoreUObject (5)
[2016.10.11-21.30.36:400][243]LogModuleManager: Shutting down and abandoning module NetworkFile (4)
[2016.10.11-21.30.36:400][243]LogModuleManager: Shutting down and abandoning module StreamingFile (3)
[2016.10.11-21.30.36:400][243]LogModuleManager: Shutting down and abandoning module SandboxFile (2)
[2016.10.11-21.30.36:401][243]LogModuleManager: Shutting down and abandoning module PakFile (1)
[2016.10.11-21.30.36:405][243]LogExit: Exiting.
[2016.10.11-21.30.36:410][243]Log file closed, 10/11/16 17:30:36
