Log file open, 10/11/16 16:10:29
LogInit:Display: Running engine for game: First_2
LogPlatformFile: Not using cached read wrapper
LogInit:Display: RandInit(-2031714522) SRandInit(-2031714522).
LogTaskGraph: Started task graph with 5 named threads and 8 total threads with 1 sets of task threads.
LogStats: Stats thread started at 0.069628
LogPluginManager: Loaded Plugin Paper2D, From C:/Program Files (x86)/Epic Games/4.13/Engine/Plugins/2D/Paper2D/Paper2D.uplugin
LogPluginManager: Loaded Plugin LightPropagationVolume, From C:/Program Files (x86)/Epic Games/4.13/Engine/Plugins/Blendables/LightPropagationVolume/LightPropagationVolume.uplugin
LogPluginManager: Loaded Plugin BlankPlugin, From C:/Program Files (x86)/Epic Games/4.13/Engine/Plugins/Developer/BlankPlugin/BlankPlugin.uplugin
LogPluginManager: Loaded Plugin CodeLiteSourceCodeAccess, From C:/Program Files (x86)/Epic Games/4.13/Engine/Plugins/Developer/CodeLiteSourceCodeAccess/CodeLiteSourceCodeAccess.uplugin
LogPluginManager: Loaded Plugin GitSourceControl, From C:/Program Files (x86)/Epic Games/4.13/Engine/Plugins/Developer/GitSourceControl/GitSourceControl.uplugin
LogPluginManager: Loaded Plugin KDevelopSourceCodeAccess, From C:/Program Files (x86)/Epic Games/4.13/Engine/Plugins/Developer/KDevelopSourceCodeAccess/KDevelopSourceCodeAccess.uplugin
LogPluginManager: Loaded Plugin NullSourceCodeAccess, From C:/Program Files (x86)/Epic Games/4.13/Engine/Plugins/Developer/NullSourceCodeAccess/NullSourceCodeAccess.uplugin
LogPluginManager: Loaded Plugin OneSkyLocalizationService, From C:/Program Files (x86)/Epic Games/4.13/Engine/Plugins/Developer/OneSkyLocalizationService/OneSkyLocalizationService.uplugin
LogPluginManager: Loaded Plugin PerforceSourceControl, From C:/Program Files (x86)/Epic Games/4.13/Engine/Plugins/Developer/PerforceSourceControl/PerforceSourceControl.uplugin
LogPluginManager: Loaded Plugin SubversionSourceControl, From C:/Program Files (x86)/Epic Games/4.13/Engine/Plugins/Developer/SubversionSourceControl/SubversionSourceControl.uplugin
LogPluginManager: Loaded Plugin UObjectPlugin, From C:/Program Files (x86)/Epic Games/4.13/Engine/Plugins/Developer/UObjectPlugin/UObjectPlugin.uplugin
LogPluginManager: Loaded Plugin VisualStudioSourceCodeAccess, From C:/Program Files (x86)/Epic Games/4.13/Engine/Plugins/Developer/VisualStudioSourceCodeAccess/VisualStudioSourceCodeAccess.uplugin
LogPluginManager: Loaded Plugin XCodeSourceCodeAccess, From C:/Program Files (x86)/Epic Games/4.13/Engine/Plugins/Developer/XCodeSourceCodeAccess/XCodeSourceCodeAccess.uplugin
LogPluginManager: Loaded Plugin EpicSurvey, From C:/Program Files (x86)/Epic Games/4.13/Engine/Plugins/Editor/EpicSurvey/EpicSurvey.uplugin
LogPluginManager: Loaded Plugin MacGraphicsSwitching, From C:/Program Files (x86)/Epic Games/4.13/Engine/Plugins/Editor/MacGraphicsSwitching/MacGraphicsSwitching.uplugin
LogPluginManager: Loaded Plugin MobileLauncherProfileWizard, From C:/Program Files (x86)/Epic Games/4.13/Engine/Plugins/Editor/MobileLauncherProfileWizard/MobileLauncherProfileWizard.uplugin
LogPluginManager: Loaded Plugin PluginBrowser, From C:/Program Files (x86)/Epic Games/4.13/Engine/Plugins/Editor/PluginBrowser/PluginBrowser.uplugin
LogPluginManager: Loaded Plugin SpeedTreeImporter, From C:/Program Files (x86)/Epic Games/4.13/Engine/Plugins/Editor/SpeedTreeImporter/SpeedTreeImporter.uplugin
LogPluginManager: Loaded Plugin SuperSearchEditor, From C:/Program Files (x86)/Epic Games/4.13/Engine/Plugins/Editor/SuperSearchEditor/SuperSearchEditor.uplugin
LogPluginManager: Loaded Plugin AlembicImporter, From C:/Program Files (x86)/Epic Games/4.13/Engine/Plugins/Experimental/AlembicImporter/AlembicImporter.uplugin
LogPluginManager: Loaded Plugin BlueprintStats, From C:/Program Files (x86)/Epic Games/4.13/Engine/Plugins/Experimental/BlueprintStats/BlueprintStats.uplugin
LogPluginManager: Loaded Plugin CharacterAI, From C:/Program Files (x86)/Epic Games/4.13/Engine/Plugins/Experimental/CharacterAI/CharacterAI.uplugin
LogPluginManager: Loaded Plugin CodeEditor, From C:/Program Files (x86)/Epic Games/4.13/Engine/Plugins/Experimental/CodeEditor/CodeEditor.uplugin
LogPluginManager: Loaded Plugin CodeView, From C:/Program Files (x86)/Epic Games/4.13/Engine/Plugins/Experimental/CodeView/CodeView.uplugin
LogPluginManager: Loaded Plugin HTML5Networking, From C:/Program Files (x86)/Epic Games/4.13/Engine/Plugins/Experimental/HTML5Networking/HTML5Networking.uplugin
LogPluginManager: Loaded Plugin LiveEditor, From C:/Program Files (x86)/Epic Games/4.13/Engine/Plugins/Experimental/LiveEditor/LiveEditor.uplugin
LogPluginManager: Loaded Plugin OSVR, From C:/Program Files (x86)/Epic Games/4.13/Engine/Plugins/Experimental/OSVR/OSVR.uplugin
LogPluginManager: Loaded Plugin Phya, From C:/Program Files (x86)/Epic Games/4.13/Engine/Plugins/Experimental/Phya/Phya.uplugin
LogPluginManager: Loaded Plugin SignificanceManager, From C:/Program Files (x86)/Epic Games/4.13/Engine/Plugins/Experimental/SignificanceManager/SignificanceManager.uplugin
LogPluginManager: Loaded Plugin SimpleHMD, From C:/Program Files (x86)/Epic Games/4.13/Engine/Plugins/Experimental/SimpleHMD/SimpleHMD.uplugin
LogPluginManager: Loaded Plugin StereoPanorama, From C:/Program Files (x86)/Epic Games/4.13/Engine/Plugins/Experimental/StereoPanorama/StereoPanorama.uplugin
LogPluginManager: Loaded Plugin StructBox, From C:/Program Files (x86)/Epic Games/4.13/Engine/Plugins/Experimental/StructBox/StructBox.uplugin
LogPluginManager: Loaded Plugin AndroidMedia, From C:/Program Files (x86)/Epic Games/4.13/Engine/Plugins/Media/AndroidMedia/AndroidMedia.uplugin
LogPluginManager: Loaded Plugin AvfMedia, From C:/Program Files (x86)/Epic Games/4.13/Engine/Plugins/Media/AvfMedia/AvfMedia.uplugin
LogPluginManager: Loaded Plugin MediaPlayerEditor, From C:/Program Files (x86)/Epic Games/4.13/Engine/Plugins/Media/MediaPlayerEditor/MediaPlayerEditor.uplugin
LogPluginManager: Loaded Plugin WmfMedia, From C:/Program Files (x86)/Epic Games/4.13/Engine/Plugins/Media/WmfMedia/WmfMedia.uplugin
LogPluginManager: Loaded Plugin MessagingDebugger, From C:/Program Files (x86)/Epic Games/4.13/Engine/Plugins/Messaging/MessagingDebugger/MessagingDebugger.uplugin
LogPluginManager: Loaded Plugin TcpMessaging, From C:/Program Files (x86)/Epic Games/4.13/Engine/Plugins/Messaging/TcpMessaging/TcpMessaging.uplugin
LogPluginManager: Loaded Plugin UdpMessaging, From C:/Program Files (x86)/Epic Games/4.13/Engine/Plugins/Messaging/UdpMessaging/UdpMessaging.uplugin
LogPluginManager: Loaded Plugin LevelSequenceEditor, From C:/Program Files (x86)/Epic Games/4.13/Engine/Plugins/MovieScene/LevelSequenceEditor/LevelSequenceEditor.uplugin
LogPluginManager: Loaded Plugin MatineeToLevelSequence, From C:/Program Files (x86)/Epic Games/4.13/Engine/Plugins/MovieScene/MatineeToLevelSequence/MatineeToLevelSequence.uplugin
LogPluginManager: Loaded Plugin NetcodeUnitTest, From C:/Program Files (x86)/Epic Games/4.13/Engine/Plugins/NetcodeUnitTest/NetcodeUnitTest/NetcodeUnitTest.uplugin
LogPluginManager: Loaded Plugin NUTUnrealEngine4, From C:/Program Files (x86)/Epic Games/4.13/Engine/Plugins/NetcodeUnitTest/NUTUnrealEngine4/NUTUnrealEngine4.uplugin
LogPluginManager: Loaded Plugin OnlineSubsystemGooglePlay, From C:/Program Files (x86)/Epic Games/4.13/Engine/Plugins/Online/Android/OnlineSubsystemGooglePlay/OnlineSubsystemGooglePlay.uplugin
LogPluginManager: Loaded Plugin OnlineSubsystemIOS, From C:/Program Files (x86)/Epic Games/4.13/Engine/Plugins/Online/IOS/OnlineSubsystemIOS/OnlineSubsystemIOS.uplugin
LogPluginManager: Loaded Plugin OnlineFramework, From C:/Program Files (x86)/Epic Games/4.13/Engine/Plugins/Online/OnlineFramework/OnlineFramework.uplugin
LogPluginManager: Loaded Plugin OnlineSubsystem, From C:/Program Files (x86)/Epic Games/4.13/Engine/Plugins/Online/OnlineSubsystem/OnlineSubsystem.uplugin
LogPluginManager: Loaded Plugin OnlineSubsystemAmazon, From C:/Program Files (x86)/Epic Games/4.13/Engine/Plugins/Online/OnlineSubsystemAmazon/OnlineSubsystemAmazon.uplugin
LogPluginManager: Loaded Plugin OnlineSubsystemFacebook, From C:/Program Files (x86)/Epic Games/4.13/Engine/Plugins/Online/OnlineSubsystemFacebook/OnlineSubsystemFacebook.uplugin
LogPluginManager: Loaded Plugin OnlineSubsystemNull, From C:/Program Files (x86)/Epic Games/4.13/Engine/Plugins/Online/OnlineSubsystemNull/OnlineSubsystemNull.uplugin
LogPluginManager: Loaded Plugin OnlineSubsystemOculus, From C:/Program Files (x86)/Epic Games/4.13/Engine/Plugins/Online/OnlineSubsystemOculus/OnlineSubsystemOculus.uplugin
LogPluginManager: Loaded Plugin OnlineSubsystemSteam, From C:/Program Files (x86)/Epic Games/4.13/Engine/Plugins/Online/OnlineSubsystemSteam/OnlineSubsystemSteam.uplugin
LogPluginManager: Loaded Plugin OnlineSubsystemUtils, From C:/Program Files (x86)/Epic Games/4.13/Engine/Plugins/Online/OnlineSubsystemUtils/OnlineSubsystemUtils.uplugin
LogPluginManager: Loaded Plugin IOSTapJoy, From C:/Program Files (x86)/Epic Games/4.13/Engine/Plugins/Runtime/Advertising/IOSTapJoy/IOSTapJoy.uplugin
LogPluginManager: Loaded Plugin AnalyticsBlueprintLibrary, From C:/Program Files (x86)/Epic Games/4.13/Engine/Plugins/Runtime/Analytics/AnalyticsBlueprintLibrary/AnalyticsBlueprintLibrary.uplugin
LogPluginManager: Loaded Plugin AnalyticsMulticast, From C:/Program Files (x86)/Epic Games/4.13/Engine/Plugins/Runtime/Analytics/AnalyticsMulticast/AnalyticsMulticast.uplugin
LogPluginManager: Loaded Plugin Apsalar, From C:/Program Files (x86)/Epic Games/4.13/Engine/Plugins/Runtime/Analytics/Apsalar/Apsalar.uplugin
LogPluginManager: Loaded Plugin FileLogging, From C:/Program Files (x86)/Epic Games/4.13/Engine/Plugins/Runtime/Analytics/FileLogging/FileLogging.uplugin
LogPluginManager: Loaded Plugin Flurry, From C:/Program Files (x86)/Epic Games/4.13/Engine/Plugins/Runtime/Analytics/Flurry/Flurry.uplugin
LogPluginManager: Loaded Plugin AndroidDeviceProfileSelector, From C:/Program Files (x86)/Epic Games/4.13/Engine/Plugins/Runtime/AndroidDeviceProfileSelector/AndroidDeviceProfileSelector.uplugin
LogPluginManager: Loaded Plugin AndroidMoviePlayer, From C:/Program Files (x86)/Epic Games/4.13/Engine/Plugins/Runtime/AndroidMoviePlayer/AndroidMoviePlayer.uplugin
LogPluginManager: Loaded Plugin AppleMoviePlayer, From C:/Program Files (x86)/Epic Games/4.13/Engine/Plugins/Runtime/AppleMoviePlayer/AppleMoviePlayer.uplugin
LogPluginManager: Loaded Plugin ArchVisCharacter, From C:/Program Files (x86)/Epic Games/4.13/Engine/Plugins/Runtime/ArchVisCharacter/ArchVisCharacter.uplugin
LogPluginManager: Loaded Plugin CableComponent, From C:/Program Files (x86)/Epic Games/4.13/Engine/Plugins/Runtime/CableComponent/CableComponent.uplugin
LogPluginManager: Loaded Plugin CustomMeshComponent, From C:/Program Files (x86)/Epic Games/4.13/Engine/Plugins/Runtime/CustomMeshComponent/CustomMeshComponent.uplugin
LogPluginManager: Loaded Plugin ExampleDeviceProfileSelector, From C:/Program Files (x86)/Epic Games/4.13/Engine/Plugins/Runtime/ExampleDeviceProfileSelector/ExampleDeviceProfileSelector.uplugin
LogPluginManager: Loaded Plugin GearVR, From C:/Program Files (x86)/Epic Games/4.13/Engine/Plugins/Runtime/GearVR/GearVR.uplugin
LogPluginManager: Loaded Plugin GoogleVRController, From C:/Program Files (x86)/Epic Games/4.13/Engine/Plugins/Runtime/GoogleVR/GoogleVRController/GoogleVRController.uplugin
LogPluginManager: Loaded Plugin GoogleVRHMD, From C:/Program Files (x86)/Epic Games/4.13/Engine/Plugins/Runtime/GoogleVR/GoogleVRHMD/GoogleVRHMD.uplugin
LogPluginManager: Loaded Plugin IOSDeviceProfileSelector, From C:/Program Files (x86)/Epic Games/4.13/Engine/Plugins/Runtime/IOSDeviceProfileSelector/IOSDeviceProfileSelector.uplugin
LogPluginManager: Loaded Plugin LeapMotion, From C:/Program Files (x86)/Epic Games/4.13/Engine/Plugins/Runtime/LeapMotion/LeapMotion.uplugin
LogPluginManager: Loaded Plugin LinuxDeviceProfileSelector, From C:/Program Files (x86)/Epic Games/4.13/Engine/Plugins/Runtime/LinuxDeviceProfileSelector/LinuxDeviceProfileSelector.uplugin
LogPluginManager: Loaded Plugin LiveEditorListenServer, From C:/Program Files (x86)/Epic Games/4.13/Engine/Plugins/Runtime/LiveEditorListenServer/LiveEditorListenServer.uplugin
LogPluginManager: Loaded Plugin OculusAudio, From C:/Program Files (x86)/Epic Games/4.13/Engine/Plugins/Runtime/OculusAudio/OculusAudio.uplugin
LogPluginManager: Loaded Plugin OculusInput, From C:/Program Files (x86)/Epic Games/4.13/Engine/Plugins/Runtime/OculusInput/OculusInput.uplugin
LogPluginManager: Loaded Plugin OculusLibrary, From C:/Program Files (x86)/Epic Games/4.13/Engine/Plugins/Runtime/OculusLibrary/OculusLibrary.uplugin
LogPluginManager: Loaded Plugin OculusRift, From C:/Program Files (x86)/Epic Games/4.13/Engine/Plugins/Runtime/OculusRift/OculusRift.uplugin
LogPluginManager: Loaded Plugin Oodle, From C:/Program Files (x86)/Epic Games/4.13/Engine/Plugins/Runtime/PacketHandlers/CompressionComponents/Oodle/Oodle.uplugin
LogPluginManager: Loaded Plugin ProceduralMeshComponent, From C:/Program Files (x86)/Epic Games/4.13/Engine/Plugins/Runtime/ProceduralMeshComponent/ProceduralMeshComponent.uplugin
LogPluginManager: Loaded Plugin SoundMod, From C:/Program Files (x86)/Epic Games/4.13/Engine/Plugins/Runtime/SoundMod/SoundMod.uplugin
LogPluginManager: Loaded Plugin SoundVisualizations, From C:/Program Files (x86)/Epic Games/4.13/Engine/Plugins/Runtime/SoundVisualizations/SoundVisualizations.uplugin
LogPluginManager: Loaded Plugin SteamController, From C:/Program Files (x86)/Epic Games/4.13/Engine/Plugins/Runtime/Steam/SteamController/SteamController.uplugin
LogPluginManager: Loaded Plugin SteamVR, From C:/Program Files (x86)/Epic Games/4.13/Engine/Plugins/Runtime/Steam/SteamVR/SteamVR.uplugin
LogPluginManager: Loaded Plugin WebBrowserWidget, From C:/Program Files (x86)/Epic Games/4.13/Engine/Plugins/Runtime/WebBrowserWidget/WebBrowserWidget.uplugin
LogPluginManager: Loaded Plugin WindowsDeviceProfileSelector, From C:/Program Files (x86)/Epic Games/4.13/Engine/Plugins/Runtime/WindowsDeviceProfileSelector/WindowsDeviceProfileSelector.uplugin
LogPluginManager: Loaded Plugin WindowsMoviePlayer, From C:/Program Files (x86)/Epic Games/4.13/Engine/Plugins/Runtime/WindowsMoviePlayer/WindowsMoviePlayer.uplugin
LogPluginManager: Loaded Plugin ScriptPlugin, From C:/Program Files (x86)/Epic Games/4.13/Engine/Plugins/ScriptPlugin/ScriptPlugin.uplugin
LogPluginManager: Loaded Plugin SlateRemote, From C:/Program Files (x86)/Epic Games/4.13/Engine/Plugins/Slate/SlateRemote/SlateRemote.uplugin
LogInit: Using libcurl 7.47.1
LogInit:  - built for x86_64-pc-win32
LogInit:  - supports SSL with WinSSL
LogInit:  - other features:
LogInit:      CURL_VERSION_SSL
LogInit:      CURL_VERSION_IPV6
LogInit:      CURL_VERSION_ASYNCHDNS
LogInit:      CURL_VERSION_LARGEFILE
LogInit:      CURL_VERSION_IDN
LogInit:  CurlRequestOptions (configurable via config and command line):
LogInit:  - bVerifyPeer = false  - Libcurl will NOT verify peer certificate
LogInit:  - bUseHttpProxy = false  - Libcurl will NOT use HTTP proxy
LogInit:  - bDontReuseConnections = false  - Libcurl will reuse connections
LogInit:  - CertBundlePath = nullptr  - Libcurl will use whatever was configured at build time.
LogInit: Build: ++UE4+Release-4.13-CL-3142249
LogInit: Engine Version: 4.13.1-3142249+++UE4+Release-4.13
LogInit: Compatible Engine Version: 4.13.0-3106830+++UE4+Release-4.13
LogInit: Net CL: 3142249
LogDevObjectVersion: Number of dev versions registered: 13
LogDevObjectVersion:   Dev-Blueprints (B0D832E4-1F89-4F0D-ACCF-7EB736FD4AA2): 5
LogDevObjectVersion:   Dev-Build (E1C64328-A22C-4D53-A36C-8E866417BD8C): 0
LogDevObjectVersion:   Dev-Core (375EC13C-06E4-48FB-B500-84F0262A717E): 1
LogDevObjectVersion:   Dev-Editor (E4B068ED-F494-42E9-A231-DA0B2E46BB41): 6
LogDevObjectVersion:   Dev-Framework (CFFC743F-43B0-4480-9391-14DF171D2073): 12
LogDevObjectVersion:   Dev-Mobile (B02B49B5-BB20-44E9-A304-32B752E40360): 0
LogDevObjectVersion:   Dev-Networking (A4E4105C-59A1-49B5-A7C5-40C4547EDFEE): 0
LogDevObjectVersion:   Dev-Online (39C831C9-5AE6-47DC-9A44-9C173E1C8E7C): 0
LogDevObjectVersion:   Dev-Physics (78F01B33-EBEA-4F98-B9B4-84EACCB95AA2): 0
LogDevObjectVersion:   Dev-Platform (6631380F-2D4D-43E0-8009-CF276956A95A): 0
LogDevObjectVersion:   Dev-Rendering (12F88B9F-8875-4AFC-A67C-D90C383ABD29): 4
LogDevObjectVersion:   Dev-Sequencer (7B5AE74C-D270-4C10-A958-57980B212A5A): 0
LogDevObjectVersion:   Dev-VR (D7296918-1DD6-4BDD-9DE2-64A83CC13884): 0
LogInit: Compiled (64-bit): Sep 28 2016 02:12:12
LogInit: Compiled with Visual C++: 19.00.23026.00
LogInit: Build Configuration: Development
LogInit: Branch Name: ++UE4+Release-4.13
LogInit: Command line:  
LogInit: Base directory: C:/Program Files (x86)/Epic Games/4.13/Engine/Binaries/Win64/
LogInit: Installed Engine Build: 1
LogInit: Presizing for max 8388607 objects, including 0 objects not considered by GC, pre-allocating 0 bytes for permanent pool.
LogInit: Object subsystem initialized
[2016.10.11-20.10.30:047][  0]LogInit: Selected Device Profile: [Windows]
[2016.10.11-20.10.30:047][  0]LogInit: Applying CVar settings loaded from the selected device profile: [Windows]
[2016.10.11-20.10.30:053][  0]LogInit: Computer: BRIAN_MUSIC_PC
[2016.10.11-20.10.30:053][  0]LogInit: User: Brian
[2016.10.11-20.10.30:053][  0]LogInit: CPU Page size=65536, Cores=4
[2016.10.11-20.10.30:053][  0]LogInit: High frequency timer resolution =3.312653 MHz
[2016.10.11-20.10.30:053][  0]LogMemory: Memory total: Physical=32.0GB (32GB approx)
[2016.10.11-20.10.30:053][  0]LogMemory: Platform Memory Stats for Windows
[2016.10.11-20.10.30:053][  0]LogMemory: Process Physical Memory: 254.21 MB used, 254.21 MB peak
[2016.10.11-20.10.30:053][  0]LogMemory: Process Virtual Memory: 259.67 MB used, 259.67 MB peak
[2016.10.11-20.10.30:053][  0]LogMemory: Physical Memory: 3798.03 MB used, 32719.21 MB total
[2016.10.11-20.10.30:053][  0]LogMemory: Virtual Memory: 602.06 MB used, 134217728.00 MB total
[2016.10.11-20.10.30:082][  0]LogTextLocalizationManager: No specific translations for ('en-US') exist, so ('en') translations will be used.
[2016.10.11-20.10.30:539][  0]LogD3D11RHI: D3D11 adapters:
[2016.10.11-20.10.30:561][  0]LogD3D11RHI:    0. 'NVIDIA GeForce GT 635' (Feature Level 11_0)
[2016.10.11-20.10.30:561][  0]LogD3D11RHI:       967/0/3072 MB DedicatedVideo/DedicatedSystem/SharedSystem, Outputs:2, VendorId:0x10de
[2016.10.11-20.10.30:562][  0]LogD3D11RHI:    1. 'Microsoft Basic Render Driver' (Feature Level 11_0)
[2016.10.11-20.10.30:562][  0]LogD3D11RHI:       0/0/256 MB DedicatedVideo/DedicatedSystem/SharedSystem, Outputs:0, VendorId:0x1414
[2016.10.11-20.10.30:562][  0]LogD3D11RHI: Chosen D3D11 Adapter: 0
[2016.10.11-20.10.30:565][  0]LogD3D11RHI: Creating new Direct3DDevice
[2016.10.11-20.10.30:565][  0]LogD3D11RHI:     GPU DeviceId: 0x1280 (for the marketing name, search the web for "GPU Device Id")
[2016.10.11-20.10.30:565][  0]LogWindows: EnumDisplayDevices:
[2016.10.11-20.10.30:565][  0]LogWindows:    0. 'NVIDIA GeForce GT 635' (P:1 D:1)
[2016.10.11-20.10.30:565][  0]LogWindows:    1. 'NVIDIA GeForce GT 635' (P:0 D:1)
[2016.10.11-20.10.30:565][  0]LogWindows:    2. 'NVIDIA GeForce GT 635' (P:0 D:0)
[2016.10.11-20.10.30:565][  0]LogWindows: DebugString: FoundDriverCount:3 
[2016.10.11-20.10.30:565][  0]LogD3D11RHI:     Adapter Name: NVIDIA GeForce GT 635
[2016.10.11-20.10.30:565][  0]LogD3D11RHI:   Driver Version: 373.06 (internal:21.21.13.7306, unified:373.06)
[2016.10.11-20.10.30:565][  0]LogD3D11RHI:      Driver Date: 10-1-2016
[2016.10.11-20.10.30:565][  0]LogRHI: Texture pool is 677 MB (70% of 967 MB)
[2016.10.11-20.10.30:576][  0]LogD3D11RHI: Async texture creation enabled
[2016.10.11-20.10.30:592][  0]LogD3D11RHI: GPU Timing Frequency: 1000.000000 (Debug: 2 2)
[2016.10.11-20.10.30:592][  0]LogShaderCompilers: Guid format shader working directory is -14 characters bigger than the processId version (../../../../../../Users/Brian/Documents/GitHub/doftg/First_2/Intermediate/Shaders/WorkingDirectory/7980/).
[2016.10.11-20.10.30:592][  0]LogShaderCompilers: Cleaned the shader compiler working directory 'C:/Users/Brian/AppData/Local/Temp/UnrealShaderWorkingDir/2083C34945D664235CB28EA7716CB3D6/'.
[2016.10.11-20.10.30:592][  0]LogShaderCompilers:Display: Using Local Shader Compiler.
[2016.10.11-20.10.31:430][  0]LogTemp:Display: Loaded TP AllDesktopTargetPlatform
[2016.10.11-20.10.31:438][  0]LogTemp:Display: Loaded TP WindowsClientTargetPlatform
[2016.10.11-20.10.31:445][  0]LogTemp:Display: Loaded TP WindowsNoEditorTargetPlatform
[2016.10.11-20.10.31:452][  0]LogTemp:Display: Loaded TP WindowsServerTargetPlatform
[2016.10.11-20.10.31:459][  0]LogTemp:Display: Loaded TP WindowsTargetPlatform
[2016.10.11-20.10.31:465][  0]LogTemp:Display: Loaded TP AndroidTargetPlatform
[2016.10.11-20.10.31:471][  0]LogTemp:Display: Loaded TP Android_ASTCTargetPlatform
[2016.10.11-20.10.31:477][  0]LogTemp:Display: Loaded TP Android_ATCTargetPlatform
[2016.10.11-20.10.31:483][  0]LogTemp:Display: Loaded TP Android_DXTTargetPlatform
[2016.10.11-20.10.31:489][  0]LogTemp:Display: Loaded TP Android_ETC1TargetPlatform
[2016.10.11-20.10.31:495][  0]LogTemp:Display: Loaded TP Android_ETC2TargetPlatform
[2016.10.11-20.10.31:507][  0]LogTemp:Display: Loaded TP Android_MultiTargetPlatform
[2016.10.11-20.10.31:507][  0]LogTemp:Display: Loaded TP Android_PVRTCTargetPlatform
[2016.10.11-20.10.31:508][  0]LogTemp:Display: Loaded TP HTML5TargetPlatform
[2016.10.11-20.10.31:527][  0]LogTemp:Display: Loaded TP IOSTargetPlatform
[2016.10.11-20.10.31:533][  0]LogTemp:Display: Loaded TP TVOSTargetPlatform
[2016.10.11-20.10.31:539][  0]LogTemp:Display: Loaded TP LinuxClientTargetPlatform
[2016.10.11-20.10.31:545][  0]LogTemp:Display: Loaded TP LinuxNoEditorTargetPlatform
[2016.10.11-20.10.31:551][  0]LogTemp:Display: Loaded TP LinuxServerTargetPlatform
[2016.10.11-20.10.31:557][  0]LogTemp:Display: Loaded TP LinuxTargetPlatform
[2016.10.11-20.10.31:557][  0]LogTargetPlatformManager:Display: Building Assets For Windows
[2016.10.11-20.10.31:610][  0]LogDerivedDataCache:Display: Max Cache Size: 512 MB
[2016.10.11-20.10.31:660][  0]LogDerivedDataCache: Loaded boot cache 0.05s 62MB C:/Users/Brian/AppData/Local/UnrealEngine/4.13/DerivedDataCache/Boot.ddc.
[2016.10.11-20.10.31:661][  0]LogDerivedDataCache:Display: Loaded Boot cache: C:/Users/Brian/AppData/Local/UnrealEngine/4.13/DerivedDataCache/Boot.ddc
[2016.10.11-20.10.31:661][  0]LogDerivedDataCache: FDerivedDataBackendGraph:  Pak pak cache file ../../../../../../Users/Brian/Documents/GitHub/doftg/First_2/DerivedDataCache/DDC.ddp not found, will not use a pak cache.
[2016.10.11-20.10.31:661][  0]LogDerivedDataCache: Unable to find inner node Pak for hierarchical cache Hierarchy.
[2016.10.11-20.10.31:661][  0]LogDerivedDataCache: FDerivedDataBackendGraph:  CompressedPak pak cache file ../../../../../../Users/Brian/Documents/GitHub/doftg/First_2/DerivedDataCache/Compressed.ddp not found, will not use a pak cache.
[2016.10.11-20.10.31:661][  0]LogDerivedDataCache: Unable to find inner node CompressedPak for hierarchical cache Hierarchy.
[2016.10.11-20.10.31:675][  0]LogDerivedDataCache:Display: Pak cache opened for reading ../../../Engine/DerivedDataCache/Compressed.ddp.
[2016.10.11-20.10.31:687][  0]LogDerivedDataCache: Using Local data cache path C:/Users/Brian/AppData/Local/UnrealEngine/Common/DerivedDataCache: Writable
[2016.10.11-20.10.31:836][  0]LogInit: Selected Device Profile: [Windows]
[2016.10.11-20.10.31:837][  0]LogContentStreaming: Texture pool size is 0.00 MB
[2016.10.11-20.10.31:908][  0]LogMeshUtilities: No automatic mesh reduction module available
[2016.10.11-20.10.31:908][  0]LogMeshUtilities: No automatic mesh merging module available
[2016.10.11-20.10.31:908][  0]LogMeshUtilities: No distributed automatic mesh merging module available
[2016.10.11-20.10.31:961][  0]LogMaterial: Uniform references updated for custom material expression Custom.
[2016.10.11-20.10.32:188][  0]LogNetVersion: GetLocalNetworkVersion: CL: 3106830, ProjectName: first_2, ProjectVersion: , EngineNetworkVersion: 1, GameNetworkVersion: 0, NetworkChecksum: 2097810495
[2016.10.11-20.10.32:223][  0]LogAssetRegistry: FAssetRegistry took 0.0214 seconds to start up
[2016.10.11-20.10.32:243][  0]LogPackageLocalizationCache: Processed 3 localized package path(s) for 2 prioritized culture(s) in 0.018143 seconds
[2016.10.11-20.10.32:247][  0]LogUObjectArray: 29778 objects as part of root set at end of initial load.
[2016.10.11-20.10.32:247][  0]LogUObjectAllocator: 6125448 out of 0 bytes used by permanent object pool.
[2016.10.11-20.10.32:247][  0]LogUObjectArray: CloseDisregardForGC: 0/0 objects in disregard for GC pool
[2016.10.11-20.10.32:251][  0]LogInit: WinSock: version 1.1 (2.2), MaxSocks=32767, MaxUdp=65467
[2016.10.11-20.10.32:423][  0]LogSlate: SlateFontCache - WITH_FREETYPE: 1, WITH_HARFBUZZ: 1
[2016.10.11-20.10.32:423][  0]LogSlate: SlateFontCache - WITH_FREETYPE: 1, WITH_HARFBUZZ: 1
[2016.10.11-20.10.32:940][  0]LogTcpMessaging: Initializing TcpMessaging bridge
[2016.10.11-20.10.32:957][  0]LogUdpMessaging: Initializing bridge on interface 0.0.0.0:0 to multicast group 230.0.0.1:6666.
[2016.10.11-20.10.33:139][  0]SourceControl: Info Source control is disabled
[2016.10.11-20.10.33:139][  0]SourceControl: Info Source control is disabled
[2016.10.11-20.10.33:145][  0]SourceControl: Info Source control is disabled
[2016.10.11-20.10.33:150][  0]SourceControl: Info Source control is disabled
[2016.10.11-20.10.33:336][  0]LogEngine: Initializing Engine...
[2016.10.11-20.10.33:336][  0]LogHMD: Failed to initialize OpenVR with code 110
[2016.10.11-20.10.33:441][  0]LogAIModule: Creating AISystem for world Untitled
[2016.10.11-20.10.33:449][  0]LogInit: XAudio2 using 'Line Out (Scarlett 18i20 USB)' : 2 channels at 44.1 kHz using 16 bits per sample (channel mask 0x3)
[2016.10.11-20.10.33:456][  0]LogInit: FAudioDevice initialized.
[2016.10.11-20.10.33:483][  0]LogDerivedDataCache: Saved boot cache 0.03s 62MB C:/Users/Brian/AppData/Local/UnrealEngine/4.13/DerivedDataCache/Boot.ddc.
[2016.10.11-20.10.33:487][  0]LogInit: Texture streaming: Enabled
[2016.10.11-20.10.33:505][  0]LogInit: Transaction tracking system initialized
[2016.10.11-20.10.33:520][  0]BlueprintLog: New page: Editor Load
[2016.10.11-20.10.33:572][  0]LocalizationService: Info Localization service is disabled
[2016.10.11-20.10.33:633][  0]LogConsoleResponse:Display: 
[2016.10.11-20.10.33:720][  0]LogCook:Display: Max memory allowance for cook 16384mb min free memory 0mb
[2016.10.11-20.10.33:720][  0]LogCook:Display: Mobile HDR setting 1
[2016.10.11-20.10.33:822][  0]LogFileCache: Scanning file cache for directory 'C:/Users/Brian/Documents/GitHub/doftg/First_2/Content/' took 0.01s
[2016.10.11-20.10.33:822][  0]SourceControl: Info Source control is disabled
[2016.10.11-20.10.33:822][  0]Cmd: MAP LOAD FILE="../../../../../../Users/Brian/Documents/GitHub/doftg/First_2/Content/Demo/Maps/Level_00.umap" TEMPLATE=0 SHOWPROGRESS=1 FEATURELEVEL=3
[2016.10.11-20.10.33:823][  0]LightingResults: New page: Lighting Build
[2016.10.11-20.10.33:824][  0]MapCheck: New page: Map Check
[2016.10.11-20.10.33:824][  0]LightingResults: New page: Lighting Build
[2016.10.11-20.10.34:086][  0]LogAIModule: Creating AISystem for world Level_00
[2016.10.11-20.10.34:094][  0]LogEditorServer: Finished looking for orphan Actors (0.000 secs)
[2016.10.11-20.10.34:094][  0]Cmd: MAP CHECKDEP NOCLEARLOG
[2016.10.11-20.10.34:127][  0]MapCheck: Info Map check complete: 0 Error(s), 0 Warning(s), took 32.772ms to complete.
[2016.10.11-20.10.34:127][  0]LogFileHelpers: Loading map 'Level_00' took 0.305
[2016.10.11-20.10.34:236][  0]LogCollectionManager: Loaded 1 collections in 0.001412 seconds
[2016.10.11-20.10.34:274][  0]LogFileCache: Scanning file cache for directory 'C:/Users/Brian/Documents/GitHub/doftg/First_2/Saved/Collections/' took 0.01s
[2016.10.11-20.10.34:274][  0]LogFileCache: Scanning file cache for directory 'C:/Users/Brian/Documents/GitHub/doftg/First_2/Content/Developers/Brian/Collections/' took 0.01s
[2016.10.11-20.10.34:274][  0]LogFileCache: Scanning file cache for directory 'C:/Users/Brian/Documents/GitHub/doftg/First_2/Content/Collections/' took 0.01s
[2016.10.11-20.10.34:274][  0]LogCollectionManager: Rebuilt the GUID cache for 1 collections in 0.000004 seconds
[2016.10.11-20.10.34:274][  0]LogCollectionManager: Rebuilt the hierarchy cache for 1 collections in 0.000001 seconds
[2016.10.11-20.10.34:282][  0]LogContentBrowser: Native class hierarchy populated in 0.0072 seconds. Added 2141 classes and 415 folders.
[2016.10.11-20.10.34:284][  0]LogStats: UGameplayTagsManager::ConstructGameplayTagTree: Construct from data asset -  0.000 s
[2016.10.11-20.10.34:284][  0]LogStats: UGameplayTagsManager::ConstructGameplayTagTree: GameplayTagTreeChangedEvent.Broadcast -  0.000 s
[2016.10.11-20.10.34:285][  0]LogContentBrowser: Native class hierarchy updated for 'GameplayTags' in 0.0004 seconds. Added 12 classes and 0 folders.
[2016.10.11-20.10.34:287][  0]LogContentBrowser: Native class hierarchy updated for 'WidgetCarousel' in 0.0003 seconds. Added 0 classes and 0 folders.
[2016.10.11-20.10.34:315][  0]LogContentBrowser: Native class hierarchy updated for 'AddContentDialog' in 0.0003 seconds. Added 0 classes and 0 folders.
[2016.10.11-20.10.34:320][  0]LogContentBrowser: Native class hierarchy updated for 'SceneOutliner' in 0.0004 seconds. Added 1 classes and 2 folders.
[2016.10.11-20.10.34:331][  0]LogCrashTracker: Crashtracker disabled due to settings.
[2016.10.11-20.10.34:335][  0]LogUObjectGlobals:Warning: Failed to find object 'Class None.'
[2016.10.11-20.10.34:361][  0]LogContentBrowser: Native class hierarchy updated for 'HierarchicalLODOutliner' in 0.0004 seconds. Added 1 classes and 2 folders.
[2016.10.11-20.10.34:362][  0]LogLoad: (Engine Initialization) Total time: 4.99 seconds
[2016.10.11-20.10.34:362][  0]LogLoad: (Engine Initialization) Total Blueprint compile time: 0.08 seconds
[2016.10.11-20.10.34:362][  0]LogExternalProfiler: No external profilers were discovered.  External profiling features will not be available.
[2016.10.11-20.10.34:371][  0]LogOcInput: OculusInput pre-init called
[2016.10.11-20.10.34:387][  0]LogContentStreaming: Texture pool size now 1000 MB
[2016.10.11-20.10.34:488][  0]LogRenderer: Reallocating scene render targets to support 1004x456 (Frame:2).
[2016.10.11-20.10.34:625][  1]LogAssetRegistry: Asset discovery search completed in 2.4240 seconds
[2016.10.11-20.10.34:625][  1]LogCollectionManager: Rebuilt the object cache for 1 collections in 0.000004 seconds (found 0 objects)
[2016.10.11-20.10.34:625][  1]LogCollectionManager: Fixed up redirectors for 1 collections in 0.000016 seconds (updated 0 objects)
[2016.10.11-20.10.45:836][250]LogContentBrowser: Native class hierarchy updated for 'BlueprintGraph' in 0.0006 seconds. Added 112 classes and 0 folders.
[2016.10.11-20.11.37:090][167]LogEditorViewport: Clicking Background
[2016.10.11-20.12.40:529][698]LogFactory: FactoryCreateFile: SoundWave with ReimportSoundFactory (0 0 C:\Users\Brian\Documents\GitHub\doftg\GD_BACKTRACK.wav)
[2016.10.11-20.12.40:553][698]LogAudioDerivedData:Display: Building compressed audio format OGG wave GD_BACKTRACK...
[2016.10.11-20.12.40:776][698]LogAudioDerivedData:Warning: Updated SoundWave->RawPCMDataSize during cooking SoundWave /Game/Demo/Sound/GD_BACKTRACK.GD_BACKTRACK.
[2016.10.11-20.12.55:393][403]Cmd: OBJ SAVEPACKAGE PACKAGE="/Game/Demo/Sound/GD_BACKTRACK" FILE="../../../../../../Users/Brian/Documents/GitHub/doftg/First_2/Content/Demo/Sound/GD_BACKTRACK.uasset" SILENT=true
[2016.10.11-20.12.55:398][403]LogSavePackage: Save=4.21ms
[2016.10.11-20.12.55:398][403]LogSavePackage: Moving '../../../../../../Users/Brian/Documents/GitHub/doftg/First_2/Saved/GD_BACKTRACKD87B84394FE0CDF0FDE9F9A40513070A.tmp' to '../../../../../../Users/Brian/Documents/GitHub/doftg/First_2/Content/Demo/Sound/GD_BACKTRACK.uasset'
[2016.10.11-20.12.55:400][403]LogSavePackage:Display: Finished SavePackage ../../../../../../Users/Brian/Documents/GitHub/doftg/First_2/Content/Demo/Sound/GD_BACKTRACK.uasset
[2016.10.11-20.12.55:402][403]Cmd: OBJ SAVEPACKAGE PACKAGE="/Game/Demo/Sound/GD_BACKTRACK_Cue" FILE="../../../../../../Users/Brian/Documents/GitHub/doftg/First_2/Content/Demo/Sound/GD_BACKTRACK_Cue.uasset" SILENT=true
[2016.10.11-20.12.55:405][403]LogSavePackage: Save=1.59ms
[2016.10.11-20.12.55:405][403]LogSavePackage: Moving '../../../../../../Users/Brian/Documents/GitHub/doftg/First_2/Saved/GD_BACKTRACK_Cue55B228F145B8F262613465B0E92F3ACC.tmp' to '../../../../../../Users/Brian/Documents/GitHub/doftg/First_2/Content/Demo/Sound/GD_BACKTRACK_Cue.uasset'
[2016.10.11-20.12.55:407][403]LogSavePackage:Display: Finished SavePackage ../../../../../../Users/Brian/Documents/GitHub/doftg/First_2/Content/Demo/Sound/GD_BACKTRACK_Cue.uasset
[2016.10.11-20.13.33:648][917]Cmd: OBJ SAVEPACKAGE PACKAGE="/Game/Demo/Sound/GD_BACKTRACK_Cue" FILE="../../../../../../Users/Brian/Documents/GitHub/doftg/First_2/Content/Demo/Sound/GD_BACKTRACK_Cue.uasset" SILENT=true
[2016.10.11-20.13.33:679][917]LogSavePackage: Save=1.46ms
[2016.10.11-20.13.33:679][917]LogSavePackage: Moving '../../../../../../Users/Brian/Documents/GitHub/doftg/First_2/Saved/GD_BACKTRACK_Cue7B9EE30C4CC35BF513ABD798F58E977F.tmp' to '../../../../../../Users/Brian/Documents/GitHub/doftg/First_2/Content/Demo/Sound/GD_BACKTRACK_Cue.uasset'
[2016.10.11-20.13.33:681][917]LogSavePackage:Display: Finished SavePackage ../../../../../../Users/Brian/Documents/GitHub/doftg/First_2/Content/Demo/Sound/GD_BACKTRACK_Cue.uasset
[2016.10.11-20.16.06:181][ 96]Cmd: OBJ SAVEPACKAGE PACKAGE="/Game/Demo/Sound/GD_BACKTRACK_Cue" FILE="../../../../../../Users/Brian/Documents/GitHub/doftg/First_2/Content/Demo/Sound/GD_BACKTRACK_Cue.uasset" SILENT=true
[2016.10.11-20.16.06:206][ 96]LogSavePackage: Save=2.34ms
[2016.10.11-20.16.06:206][ 96]LogSavePackage: Moving '../../../../../../Users/Brian/Documents/GitHub/doftg/First_2/Saved/GD_BACKTRACK_CueF7D1229648259DD6E2EFAD926CC2D31A.tmp' to '../../../../../../Users/Brian/Documents/GitHub/doftg/First_2/Content/Demo/Sound/GD_BACKTRACK_Cue.uasset'
[2016.10.11-20.16.06:209][ 96]LogSavePackage:Display: Finished SavePackage ../../../../../../Users/Brian/Documents/GitHub/doftg/First_2/Content/Demo/Sound/GD_BACKTRACK_Cue.uasset
[2016.10.11-20.16.42:150][117]LogTexture:Display: Building textures: S_AudioComponent_AutoActivate (BGRA8)
[2016.10.11-20.16.52:251][192]Cmd: OBJ SAVEPACKAGE PACKAGE="/Game/Demo/Maps/Level_00" FILE="../../../../../../Users/Brian/Documents/GitHub/doftg/First_2/Content/Demo/Maps/Level_00.umap" SILENT=true AUTOSAVING=false KEEPDIRTY=false
[2016.10.11-20.16.52:376][192]LogSavePackage: Save=99.15ms
[2016.10.11-20.16.52:376][192]LogSavePackage: Moving '../../../../../../Users/Brian/Documents/GitHub/doftg/First_2/Saved/Level_00380D9C6B47269FA9B26C8594980D9D21.tmp' to '../../../../../../Users/Brian/Documents/GitHub/doftg/First_2/Content/Demo/Maps/Level_00.umap'
[2016.10.11-20.16.52:379][192]LogSavePackage:Display: Finished SavePackage ../../../../../../Users/Brian/Documents/GitHub/doftg/First_2/Content/Demo/Maps/Level_00.umap
[2016.10.11-20.16.52:404][192]LogFileHelpers: Saving map 'Level_00' took 0.192
[2016.10.11-20.16.53:273][285]LogBlueprintUserMessages: Early PlayInEditor Detection: Level '/Game/Demo/Maps/Level_00.Level_00:PersistentLevel' has LevelScriptBlueprint '/Game/Demo/Maps/Level_00.Level_00:PersistentLevel.Level_00' with GeneratedClass '/Game/Demo/Maps/Level_00.Level_00_C' with ClassGeneratedBy '/Game/Demo/Maps/Level_00.Level_00:PersistentLevel.Level_00'
[2016.10.11-20.16.53:273][285]LogPlayLevel: PlayLevel: No blueprints needed recompiling
[2016.10.11-20.16.53:273][285]PIE: New page: PIE session: Level_00 (Oct 11, 2016, 11:16:53 AM)
[2016.10.11-20.16.53:273][285]LogPlayLevel: Creating play world package: /Game/Demo/Maps/UEDPIE_0_Level_00
[2016.10.11-20.16.53:279][285]LogPlayLevel: PIE: StaticDuplicateObject took: (0.005492s)
[2016.10.11-20.16.53:280][285]LogAIModule: Creating AISystem for world Level_00
[2016.10.11-20.16.53:281][285]LogPlayLevel: PIE: World Init took: (0.001646s)
[2016.10.11-20.16.53:281][285]LogPlayLevel: PIE: Created PIE world by copying editor world from /Game/Demo/Maps/Level_00.Level_00 to /Game/Demo/Maps/UEDPIE_0_Level_00.Level_00 (0.007533s)
[2016.10.11-20.16.53:297][285]LogInit: XAudio2 using 'Line Out (Scarlett 18i20 USB)' : 2 channels at 44.1 kHz using 16 bits per sample (channel mask 0x3)
[2016.10.11-20.16.53:301][285]LogInit: FAudioDevice initialized.
[2016.10.11-20.16.53:345][285]LogWorld: Game class is '2DSideScrollerGameMode_C'
[2016.10.11-20.16.53:353][285]LogWorld: Bringing World /Game/Demo/Maps/UEDPIE_0_Level_00.Level_00 up for play (max tick rate 0) at 2016.10.11-16.16.53
[2016.10.11-20.16.53:353][285]LogWorld: Bringing up level for play took: 0.007385
[2016.10.11-20.16.53:356][285]LogContentBrowser: Native class hierarchy updated for 'MovieSceneCapture' in 0.0007 seconds. Added 11 classes and 0 folders.
[2016.10.11-20.16.53:356][285]LogGameMode:Display: Match State Changed from EnteringMap to WaitingToStart
[2016.10.11-20.16.53:356][285]LogGameState: Match State Changed from EnteringMap to WaitingToStart
[2016.10.11-20.16.53:356][285]LogGameMode:Display: Match State Changed from WaitingToStart to InProgress
[2016.10.11-20.16.53:358][285]LogGameState: Match State Changed from WaitingToStart to InProgress
[2016.10.11-20.16.53:358][285]PIE: Info Play in editor start time for /Game/Demo/Maps/UEDPIE_0_Level_00 -0.371
[2016.10.11-20.16.53:358][285]LogBlueprintUserMessages: Late PlayInEditor Detection: Level '/Game/Demo/Maps/Level_00.Level_00:PersistentLevel' has LevelScriptBlueprint '/Game/Demo/Maps/Level_00.Level_00:PersistentLevel.Level_00' with GeneratedClass '/Game/Demo/Maps/Level_00.Level_00_C' with ClassGeneratedBy '/Game/Demo/Maps/Level_00.Level_00:PersistentLevel.Level_00'
[2016.10.11-20.17.02:123][ 10]LogBlueprintUserMessages: [BP_Man_C_0] You Died
[2016.10.11-20.17.02:135][ 11]LogGameMode:Display: Match State Changed from InProgress to LeavingMap
[2016.10.11-20.17.02:135][ 11]LogGameState: Match State Changed from InProgress to LeavingMap
[2016.10.11-20.17.02:136][ 11]LogNet: Browse: /Game/Demo/Maps/Level_00
[2016.10.11-20.17.02:136][ 11]LogLoad: LoadMap: /Game/Demo/Maps/Level_00
[2016.10.11-20.17.02:166][ 11]Cmd: MEM
[2016.10.11-20.17.02:178][ 11]LogMemory: Platform Memory Stats for Windows
[2016.10.11-20.17.02:178][ 11]LogMemory: Process Physical Memory: 1065.25 MB used, 1075.08 MB peak
[2016.10.11-20.17.02:178][ 11]LogMemory: Process Virtual Memory: 1369.68 MB used, 1378.41 MB peak
[2016.10.11-20.17.02:178][ 11]LogMemory: Physical Memory: 4626.22 MB used, 32719.21 MB total
[2016.10.11-20.17.02:178][ 11]LogMemory: Virtual Memory: 2055.29 MB used, 134217728.00 MB total
[2016.10.11-20.17.02:178][ 11]LogMemory: 
[2016.10.11-20.17.02:178][ 11]Allocator Stats for TBB: (not implemented)
[2016.10.11-20.17.02:178][ 11]LogPlayLevel: Creating play world package: /Game/Demo/Maps/UEDPIE_0_Level_00
[2016.10.11-20.17.02:183][ 11]LogPlayLevel: PIE: StaticDuplicateObject took: (0.005452s)
[2016.10.11-20.17.02:184][ 11]LogAIModule: Creating AISystem for world Level_00
[2016.10.11-20.17.02:184][ 11]LogPlayLevel: PIE: World Init took: (0.000968s)
[2016.10.11-20.17.02:185][ 11]LogPlayLevel: PIE: Created PIE world by copying editor world from /Game/Demo/Maps/Level_00.Level_00 to /Game/Demo/Maps/UEDPIE_0_Level_00.Level_00 (0.006715s)
[2016.10.11-20.17.02:185][ 11]LogWorld: Game class is '2DSideScrollerGameMode_C'
[2016.10.11-20.17.02:194][ 11]LogWorld: Bringing World /Game/Demo/Maps/UEDPIE_0_Level_00.Level_00 up for play (max tick rate 0) at 2016.10.11-16.17.02
[2016.10.11-20.17.02:194][ 11]LogWorld: Bringing up level for play took: 0.008612
[2016.10.11-20.17.02:195][ 11]LogGameMode:Display: Match State Changed from EnteringMap to WaitingToStart
[2016.10.11-20.17.02:195][ 11]LogGameState: Match State Changed from EnteringMap to WaitingToStart
[2016.10.11-20.17.02:195][ 11]LogGameMode:Display: Match State Changed from WaitingToStart to InProgress
[2016.10.11-20.17.02:196][ 11]LogGameState: Match State Changed from WaitingToStart to InProgress
[2016.10.11-20.17.02:196][ 11]LogLoad: Took 0.059643 seconds to LoadMap(/Game/Demo/Maps/UEDPIE_0_Level_00)
[2016.10.11-20.17.15:701][129]LogBlueprintUserMessages: Early EndPlayMap Detection: Level '/Game/Demo/Maps/Level_00.Level_00:PersistentLevel' has LevelScriptBlueprint '/Game/Demo/Maps/Level_00.Level_00:PersistentLevel.Level_00' with GeneratedClass '/Game/Demo/Maps/Level_00.Level_00_C' with ClassGeneratedBy '/Game/Demo/Maps/Level_00.Level_00:PersistentLevel.Level_00'
[2016.10.11-20.17.15:761][129]LogBlueprintUserMessages: Late EndPlayMap Detection: Level '/Game/Demo/Maps/Level_00.Level_00:PersistentLevel' has LevelScriptBlueprint '/Game/Demo/Maps/Level_00.Level_00:PersistentLevel.Level_00' with GeneratedClass '/Game/Demo/Maps/Level_00.Level_00_C' with ClassGeneratedBy '/Game/Demo/Maps/Level_00.Level_00:PersistentLevel.Level_00'
[2016.10.11-20.18.19:371][692]LogEditorViewport: Clicking Background
[2016.10.11-20.18.22:311][ 40]LogEditorViewport: Clicking Background
[2016.10.11-20.18.46:620][862]Cmd: OBJ SAVEPACKAGE PACKAGE="/Game/Demo/Maps/Level_00" FILE="../../../../../../Users/Brian/Documents/GitHub/doftg/First_2/Content/Demo/Maps/Level_00.umap" SILENT=true AUTOSAVING=false KEEPDIRTY=false
[2016.10.11-20.18.46:743][862]LogSavePackage: Save=97.00ms
[2016.10.11-20.18.46:743][862]LogSavePackage: Moving '../../../../../../Users/Brian/Documents/GitHub/doftg/First_2/Saved/Level_00EF59F07B430110F35A54CABD71301E4B.tmp' to '../../../../../../Users/Brian/Documents/GitHub/doftg/First_2/Content/Demo/Maps/Level_00.umap'
[2016.10.11-20.18.46:745][862]LogSavePackage:Display: Finished SavePackage ../../../../../../Users/Brian/Documents/GitHub/doftg/First_2/Content/Demo/Maps/Level_00.umap
[2016.10.11-20.18.46:771][862]LogFileHelpers: Saving map 'Level_00' took 0.187
[2016.10.11-20.18.47:606][956]LogBlueprintUserMessages: Early PlayInEditor Detection: Level '/Game/Demo/Maps/Level_00.Level_00:PersistentLevel' has LevelScriptBlueprint '/Game/Demo/Maps/Level_00.Level_00:PersistentLevel.Level_00' with GeneratedClass '/Game/Demo/Maps/Level_00.Level_00_C' with ClassGeneratedBy '/Game/Demo/Maps/Level_00.Level_00:PersistentLevel.Level_00'
[2016.10.11-20.18.47:606][956]LogPlayLevel: PlayLevel: No blueprints needed recompiling
[2016.10.11-20.18.47:606][956]PIE: New page: PIE session: Level_00 (Oct 11, 2016, 11:18:47 AM)
[2016.10.11-20.18.47:606][956]LogPlayLevel: Creating play world package: /Game/Demo/Maps/UEDPIE_0_Level_00
[2016.10.11-20.18.47:612][956]LogPlayLevel: PIE: StaticDuplicateObject took: (0.005633s)
[2016.10.11-20.18.47:613][956]LogAIModule: Creating AISystem for world Level_00
[2016.10.11-20.18.47:613][956]LogPlayLevel: PIE: World Init took: (0.001043s)
[2016.10.11-20.18.47:613][956]LogPlayLevel: PIE: Created PIE world by copying editor world from /Game/Demo/Maps/Level_00.Level_00 to /Game/Demo/Maps/UEDPIE_0_Level_00.Level_00 (0.006948s)
[2016.10.11-20.18.47:629][956]LogInit: XAudio2 using 'Line Out (Scarlett 18i20 USB)' : 2 channels at 44.1 kHz using 16 bits per sample (channel mask 0x3)
[2016.10.11-20.18.47:633][956]LogInit: FAudioDevice initialized.
[2016.10.11-20.18.47:662][956]LogWorld: Game class is '2DSideScrollerGameMode_C'
[2016.10.11-20.18.47:670][956]LogWorld: Bringing World /Game/Demo/Maps/UEDPIE_0_Level_00.Level_00 up for play (max tick rate 0) at 2016.10.11-16.18.47
[2016.10.11-20.18.47:671][956]LogWorld: Bringing up level for play took: 0.007483
[2016.10.11-20.18.47:671][956]LogGameMode:Display: Match State Changed from EnteringMap to WaitingToStart
[2016.10.11-20.18.47:671][956]LogGameState: Match State Changed from EnteringMap to WaitingToStart
[2016.10.11-20.18.47:671][956]LogGameMode:Display: Match State Changed from WaitingToStart to InProgress
[2016.10.11-20.18.47:672][956]LogGameState: Match State Changed from WaitingToStart to InProgress
[2016.10.11-20.18.47:672][956]PIE: Info Play in editor start time for /Game/Demo/Maps/UEDPIE_0_Level_00 -0.056
[2016.10.11-20.18.47:672][956]LogBlueprintUserMessages: Late PlayInEditor Detection: Level '/Game/Demo/Maps/Level_00.Level_00:PersistentLevel' has LevelScriptBlueprint '/Game/Demo/Maps/Level_00.Level_00:PersistentLevel.Level_00' with GeneratedClass '/Game/Demo/Maps/Level_00.Level_00_C' with ClassGeneratedBy '/Game/Demo/Maps/Level_00.Level_00:PersistentLevel.Level_00'
[2016.10.11-20.19.02:266][166]LogBlueprintUserMessages: [BP_Man_C_0] You Died
[2016.10.11-20.19.02:278][167]LogGameMode:Display: Match State Changed from InProgress to LeavingMap
[2016.10.11-20.19.02:278][167]LogGameState: Match State Changed from InProgress to LeavingMap
[2016.10.11-20.19.02:279][167]LogNet: Browse: /Game/Demo/Maps/Level_00
[2016.10.11-20.19.02:279][167]LogLoad: LoadMap: /Game/Demo/Maps/Level_00
[2016.10.11-20.19.02:310][167]Cmd: MEM
[2016.10.11-20.19.02:323][167]LogMemory: Platform Memory Stats for Windows
[2016.10.11-20.19.02:323][167]LogMemory: Process Physical Memory: 1075.03 MB used, 1082.21 MB peak
[2016.10.11-20.19.02:323][167]LogMemory: Process Virtual Memory: 1388.67 MB used, 1461.46 MB peak
[2016.10.11-20.19.02:323][167]LogMemory: Physical Memory: 4650.95 MB used, 32719.21 MB total
[2016.10.11-20.19.02:323][167]LogMemory: Virtual Memory: 2076.34 MB used, 134217728.00 MB total
[2016.10.11-20.19.02:323][167]LogMemory: 
[2016.10.11-20.19.02:323][167]Allocator Stats for TBB: (not implemented)
[2016.10.11-20.19.02:323][167]LogPlayLevel: Creating play world package: /Game/Demo/Maps/UEDPIE_0_Level_00
[2016.10.11-20.19.02:328][167]LogPlayLevel: PIE: StaticDuplicateObject took: (0.005511s)
[2016.10.11-20.19.02:329][167]LogAIModule: Creating AISystem for world Level_00
[2016.10.11-20.19.02:329][167]LogPlayLevel: PIE: World Init took: (0.000692s)
[2016.10.11-20.19.02:329][167]LogPlayLevel: PIE: Created PIE world by copying editor world from /Game/Demo/Maps/Level_00.Level_00 to /Game/Demo/Maps/UEDPIE_0_Level_00.Level_00 (0.006422s)
[2016.10.11-20.19.02:329][167]LogWorld: Game class is '2DSideScrollerGameMode_C'
[2016.10.11-20.19.02:337][167]LogWorld: Bringing World /Game/Demo/Maps/UEDPIE_0_Level_00.Level_00 up for play (max tick rate 0) at 2016.10.11-16.19.02
[2016.10.11-20.19.02:337][167]LogWorld: Bringing up level for play took: 0.007288
[2016.10.11-20.19.02:338][167]LogGameMode:Display: Match State Changed from EnteringMap to WaitingToStart
[2016.10.11-20.19.02:338][167]LogGameState: Match State Changed from EnteringMap to WaitingToStart
[2016.10.11-20.19.02:338][167]LogGameMode:Display: Match State Changed from WaitingToStart to InProgress
[2016.10.11-20.19.02:339][167]LogGameState: Match State Changed from WaitingToStart to InProgress
[2016.10.11-20.19.02:339][167]LogLoad: Took 0.060227 seconds to LoadMap(/Game/Demo/Maps/UEDPIE_0_Level_00)
[2016.10.11-20.19.05:111][398]LogBlueprintUserMessages: Early EndPlayMap Detection: Level '/Game/Demo/Maps/Level_00.Level_00:PersistentLevel' has LevelScriptBlueprint '/Game/Demo/Maps/Level_00.Level_00:PersistentLevel.Level_00' with GeneratedClass '/Game/Demo/Maps/Level_00.Level_00_C' with ClassGeneratedBy '/Game/Demo/Maps/Level_00.Level_00:PersistentLevel.Level_00'
[2016.10.11-20.19.05:175][398]LogBlueprintUserMessages: Late EndPlayMap Detection: Level '/Game/Demo/Maps/Level_00.Level_00:PersistentLevel' has LevelScriptBlueprint '/Game/Demo/Maps/Level_00.Level_00:PersistentLevel.Level_00' with GeneratedClass '/Game/Demo/Maps/Level_00.Level_00_C' with ClassGeneratedBy '/Game/Demo/Maps/Level_00.Level_00:PersistentLevel.Level_00'
[2016.10.11-20.19.23:390][555]LogEditorViewport: Clicking Background
[2016.10.11-20.20.26:286][ 52]LogEditorViewport: Clicking on Actor (LMB): AmbientSound (GD_BACKTRACK_Cue)
[2016.10.11-20.20.27:282][170]Cmd: DELETE
[2016.10.11-20.20.27:282][170]Cmd: ACTOR DELETE
[2016.10.11-20.20.27:282][170]LogEditorActor: Deleted Actor: AmbientSound
[2016.10.11-20.20.27:295][170]LogEditorActor: Deleted 1 Actors (0.013 secs)
[2016.10.11-20.20.56:727][232]Cmd: OBJ SAVEPACKAGE PACKAGE="/Game/Demo/Maps/Level_00" FILE="../../../../../../Users/Brian/Documents/GitHub/doftg/First_2/Content/Demo/Maps/Level_00.umap" SILENT=true AUTOSAVING=false KEEPDIRTY=false
[2016.10.11-20.20.56:844][232]LogSavePackage: Save=91.77ms
[2016.10.11-20.20.56:844][232]LogSavePackage: Moving '../../../../../../Users/Brian/Documents/GitHub/doftg/First_2/Saved/Level_00BB4B90094747D741D66CC3BD19A615E8.tmp' to '../../../../../../Users/Brian/Documents/GitHub/doftg/First_2/Content/Demo/Maps/Level_00.umap'
[2016.10.11-20.20.56:847][232]LogSavePackage:Display: Finished SavePackage ../../../../../../Users/Brian/Documents/GitHub/doftg/First_2/Content/Demo/Maps/Level_00.umap
[2016.10.11-20.20.56:871][232]LogFileHelpers: Saving map 'Level_00' took 0.223
[2016.10.11-20.21.01:248][744]LogWindowsTextInputMethodSystem:Display: IME system now deactivated.
[2016.10.11-20.21.01:413][745]Cmd: QUIT_EDITOR
[2016.10.11-20.21.01:705][745]LogExit: Preparing to exit.
[2016.10.11-20.21.02:415][745]LogDirectoryWatcher: A directory notification for 'C:/Users/Brian/Documents/GitHub/doftg/First_2/Content/' was aborted.
[2016.10.11-20.21.02:455][745]LogExit: Editor shut down
[2016.10.11-20.21.02:456][745]LogExit: Transaction tracking system shut down
[2016.10.11-20.21.02:584][745]LogObj: Freed 0b from 0 cluster array pools.
[2016.10.11-20.21.02:584][745]LogExit: Object subsystem successfully closed.
[2016.10.11-20.21.02:596][745]LogD3D11RHI: Shutdown
[2016.10.11-20.21.02:596][745]LogD3D11RHI: CleanupD3DDevice
[2016.10.11-20.21.02:636][745]LogD3D11RHI: ~FD3D11DynamicRHI
[2016.10.11-20.21.02:648][745]LogModuleManager: Shutting down and abandoning module MovieSceneCapture (237)
[2016.10.11-20.21.02:648][745]LogModuleManager: Shutting down and abandoning module SoundCueEditor (236)
[2016.10.11-20.21.02:648][745]LogModuleManager: Shutting down and abandoning module BlueprintGraph (235)
[2016.10.11-20.21.02:648][745]LogModuleManager: Shutting down and abandoning module BlueprintProfiler (234)
[2016.10.11-20.21.02:648][745]LogModuleManager: Shutting down and abandoning module HierarchicalLODOutliner (233)
[2016.10.11-20.21.02:648][745]LogModuleManager: Shutting down and abandoning module CrashTracker (232)
[2016.10.11-20.21.02:648][745]LogModuleManager: Shutting down and abandoning module SceneOutliner (231)
[2016.10.11-20.21.02:648][745]LogModuleManager: Shutting down and abandoning module WidgetCarousel (230)
[2016.10.11-20.21.02:648][745]LogModuleManager: Shutting down and abandoning module AddContentDialog (229)
[2016.10.11-20.21.02:648][745]LogDirectoryWatcher: A directory notification for 'C:/Program Files (x86)/Epic Games/4.13/FeaturePacks/' was aborted.
[2016.10.11-20.21.02:649][745]LogModuleManager: Shutting down and abandoning module GameplayTags (228)
[2016.10.11-20.21.02:649][745]LogModuleManager: Shutting down and abandoning module EditorWidgets (227)
[2016.10.11-20.21.02:649][745]LogModuleManager: Shutting down and abandoning module CollectionManager (226)
[2016.10.11-20.21.02:649][745]LogDirectoryWatcher: A directory notification for 'C:/Users/Brian/Documents/GitHub/doftg/First_2/Content/Collections/' was aborted.
[2016.10.11-20.21.02:649][745]LogDirectoryWatcher: A directory notification for 'C:/Users/Brian/Documents/GitHub/doftg/First_2/Content/Developers/Brian/Collections/' was aborted.
[2016.10.11-20.21.02:649][745]LogDirectoryWatcher: A directory notification for 'C:/Users/Brian/Documents/GitHub/doftg/First_2/Saved/Collections/' was aborted.
[2016.10.11-20.21.02:649][745]LogModuleManager: Shutting down and abandoning module StatsViewer (225)
[2016.10.11-20.21.02:649][745]LogModuleManager: Shutting down and abandoning module FoliageEdit (224)
[2016.10.11-20.21.02:649][745]LogModuleManager: Shutting down and abandoning module LandscapeEditor (223)
[2016.10.11-20.21.02:649][745]LogModuleManager: Shutting down and abandoning module SceneDepthPickerMode (222)
[2016.10.11-20.21.02:649][745]LogModuleManager: Shutting down and abandoning module ActorPickerMode (221)
[2016.10.11-20.21.02:649][745]LogModuleManager: Shutting down and abandoning module GeometryMode (220)
[2016.10.11-20.21.02:650][745]LogModuleManager: Shutting down and abandoning module TextureAlignMode (219)
[2016.10.11-20.21.02:650][745]LogModuleManager: Shutting down and abandoning module BspMode (218)
[2016.10.11-20.21.02:650][745]LogModuleManager: Shutting down and abandoning module HardwareSurvey (217)
[2016.10.11-20.21.02:650][745]LogModuleManager: Shutting down and abandoning module SequenceRecorderSections (216)
[2016.10.11-20.21.02:650][745]LogModuleManager: Shutting down and abandoning module SequenceRecorder (215)
[2016.10.11-20.21.02:650][745]LogModuleManager: Shutting down and abandoning module AutomationWorker (214)
[2016.10.11-20.21.02:650][745]LogModuleManager: Shutting down and abandoning module MatineeToLevelSequence (213)
[2016.10.11-20.21.02:650][745]LogModuleManager: Shutting down and abandoning module PlacementMode (212)
[2016.10.11-20.21.02:650][745]LogModuleManager: Shutting down and abandoning module LevelSequenceEditor (211)
[2016.10.11-20.21.02:650][745]LogModuleManager: Shutting down and abandoning module WmfMediaFactory (210)
[2016.10.11-20.21.02:650][745]LogModuleManager: Shutting down and abandoning module WmfMediaEditor (209)
[2016.10.11-20.21.02:650][745]LogModuleManager: Shutting down and abandoning module AvfMediaFactory (208)
[2016.10.11-20.21.02:650][745]LogModuleManager: Shutting down and abandoning module AvfMediaEditor (207)
[2016.10.11-20.21.02:650][745]LogModuleManager: Shutting down and abandoning module Media (206)
[2016.10.11-20.21.02:650][745]LogModuleManager: Shutting down and abandoning module AndroidMediaFactory (205)
[2016.10.11-20.21.02:650][745]LogModuleManager: Shutting down and abandoning module AndroidMediaEditor (204)
[2016.10.11-20.21.02:650][745]LogModuleManager: Shutting down and abandoning module CharacterAI (203)
[2016.10.11-20.21.02:650][745]LogModuleManager: Shutting down and abandoning module SmartSnapping (202)
[2016.10.11-20.21.02:650][745]LogModuleManager: Shutting down and abandoning module SessionServices (201)
[2016.10.11-20.21.02:650][745]LogModuleManager: Shutting down and abandoning module ViewportSnapping (200)
[2016.10.11-20.21.02:650][745]LogModuleManager: Shutting down and abandoning module ViewportInteraction (199)
[2016.10.11-20.21.02:650][745]LogModuleManager: Shutting down and abandoning module LogVisualizer (198)
[2016.10.11-20.21.02:650][745]LogModuleManager: Shutting down and abandoning module GameProjectGeneration (197)
[2016.10.11-20.21.02:650][745]LogModuleManager: Shutting down and abandoning module IntroTutorials (196)
[2016.10.11-20.21.02:650][745]LogModuleManager: Shutting down and abandoning module EditorLiveStreaming (195)
[2016.10.11-20.21.02:650][745]LogModuleManager: Shutting down and abandoning module IOSPlatformEditor (194)
[2016.10.11-20.21.02:650][745]LogModuleManager: Shutting down and abandoning module HTML5PlatformEditor (193)
[2016.10.11-20.21.02:650][745]LogModuleManager: Shutting down and abandoning module AndroidDeviceDetection (192)
[2016.10.11-20.21.02:961][745]LogModuleManager: Shutting down and abandoning module AndroidPlatformEditor (191)
[2016.10.11-20.21.02:961][745]LogModuleManager: Shutting down and abandoning module IOSRuntimeSettings (190)
[2016.10.11-20.21.02:961][745]LogModuleManager: Shutting down and abandoning module AndroidRuntimeSettings (189)
[2016.10.11-20.21.02:961][745]LogModuleManager: Shutting down and abandoning module NiagaraEditor (188)
[2016.10.11-20.21.02:961][745]LogModuleManager: Shutting down and abandoning module MergeActors (187)
[2016.10.11-20.21.02:961][745]LogModuleManager: Shutting down and abandoning module SizeMap (186)
[2016.10.11-20.21.02:961][745]LogModuleManager: Shutting down and abandoning module TreeMap (185)
[2016.10.11-20.21.02:961][745]LogModuleManager: Shutting down and abandoning module ReferenceViewer (184)
[2016.10.11-20.21.02:961][745]LogModuleManager: Shutting down and abandoning module LocalizationService (183)
[2016.10.11-20.21.02:961][745]LogModuleManager: Shutting down and abandoning module LocalizationDashboard (182)
[2016.10.11-20.21.02:961][745]LogModuleManager: Shutting down and abandoning module HardwareTargeting (181)
[2016.10.11-20.21.02:961][745]LogModuleManager: Shutting down and abandoning module DeviceProfileEditor (180)
[2016.10.11-20.21.02:961][745]LogModuleManager: Shutting down and abandoning module UndoHistory (179)
[2016.10.11-20.21.02:961][745]LogModuleManager: Shutting down and abandoning module UserFeedback (178)
[2016.10.11-20.21.02:961][745]LogModuleManager: Shutting down and abandoning module XmlParser (177)
[2016.10.11-20.21.02:961][745]LogModuleManager: Shutting down and abandoning module Blutility (176)
[2016.10.11-20.21.02:961][745]LogModuleManager: Shutting down and abandoning module ProjectTargetPlatformEditor (175)
[2016.10.11-20.21.02:962][745]LogModuleManager: Shutting down and abandoning module ProjectSettingsViewer (174)
[2016.10.11-20.21.02:962][745]LogModuleManager: Shutting down and abandoning module InputBindingEditor (173)
[2016.10.11-20.21.02:962][745]LogModuleManager: Shutting down and abandoning module EditorSettingsViewer (172)
[2016.10.11-20.21.02:962][745]LogModuleManager: Shutting down and abandoning module SettingsEditor (171)
[2016.10.11-20.21.02:962][745]LogModuleManager: Shutting down and abandoning module ProjectLauncher (170)
[2016.10.11-20.21.02:962][745]LogModuleManager: Shutting down and abandoning module SessionFrontend (169)
[2016.10.11-20.21.02:962][745]LogModuleManager: Shutting down and abandoning module ProfilerClient (168)
[2016.10.11-20.21.02:962][745]LogModuleManager: Shutting down and abandoning module TargetDeviceServices (167)
[2016.10.11-20.21.02:962][745]LogModuleManager: Shutting down and abandoning module DeviceManager (166)
[2016.10.11-20.21.03:015][745]LogModuleManager: Shutting down and abandoning module AutomationController (165)
[2016.10.11-20.21.03:015][745]LogModuleManager: Shutting down and abandoning module AutomationWindow (164)
[2016.10.11-20.21.03:015][745]LogModuleManager: Shutting down and abandoning module Layers (163)
[2016.10.11-20.21.03:015][745]LogModuleManager: Shutting down and abandoning module ComponentVisualizers (162)
[2016.10.11-20.21.03:015][745]LogModuleManager: Shutting down and abandoning module DetailCustomizations (161)
[2016.10.11-20.21.03:015][745]LogModuleManager: Shutting down and abandoning module PackagesDialog (160)
[2016.10.11-20.21.03:015][745]LogModuleManager: Shutting down and abandoning module AnimGraph (159)
[2016.10.11-20.21.03:015][745]LogModuleManager: Shutting down and abandoning module Persona (158)
[2016.10.11-20.21.03:015][745]LogModuleManager: Shutting down and abandoning module Kismet (157)
[2016.10.11-20.21.03:023][745]LogModuleManager: Shutting down and abandoning module GraphEditor (156)
[2016.10.11-20.21.03:023][745]LogModuleManager: Shutting down and abandoning module ClassViewer (155)
[2016.10.11-20.21.03:023][745]LogModuleManager: Shutting down and abandoning module Toolbox (154)
[2016.10.11-20.21.03:023][745]LogModuleManager: Shutting down and abandoning module ModuleUI (153)
[2016.10.11-20.21.03:023][745]LogModuleManager: Shutting down and abandoning module MovieSceneTools (152)
[2016.10.11-20.21.03:023][745]LogModuleManager: Shutting down and abandoning module OutputLog (151)
[2016.10.11-20.21.03:023][745]LogModuleManager: Shutting down and abandoning module GammaUI (150)
[2016.10.11-20.21.03:023][745]LogModuleManager: Shutting down and abandoning module Documentation (149)
[2016.10.11-20.21.03:024][745]LogModuleManager: Shutting down and abandoning module Niagara (148)
[2016.10.11-20.21.03:024][745]LogModuleManager: Shutting down and abandoning module StreamingPauseRendering (147)
[2016.10.11-20.21.03:024][745]LogModuleManager: Shutting down and abandoning module AnalyticsET (146)
[2016.10.11-20.21.03:024][745]LogModuleManager: Shutting down and abandoning module PortalServices (145)
[2016.10.11-20.21.03:024][745]LogModuleManager: Shutting down and abandoning module PortalRpc (144)
[2016.10.11-20.21.03:024][745]LogModuleManager: Shutting down and abandoning module MessagingRpc (143)
[2016.10.11-20.21.03:024][745]LogModuleManager: Shutting down and abandoning module GameplayDebugger (142)
[2016.10.11-20.21.03:024][745]LogModuleManager: Shutting down and abandoning module AITestSuite (141)
[2016.10.11-20.21.03:024][745]LogModuleManager: Shutting down and abandoning module AIModule (140)
[2016.10.11-20.21.03:024][745]LogModuleManager: Shutting down and abandoning module ProfilerService (139)
[2016.10.11-20.21.03:117][745]LogModuleManager: Shutting down and abandoning module TaskGraph (138)
[2016.10.11-20.21.03:117][745]LogModuleManager: Shutting down and abandoning module SlateRemote (137)
[2016.10.11-20.21.03:117][745]LogModuleManager: Shutting down and abandoning module SteamVRController (136)
[2016.10.11-20.21.03:117][745]LogModuleManager: Shutting down and abandoning module SteamVR (135)
[2016.10.11-20.21.03:117][745]LogModuleManager: Shutting down and abandoning module ProceduralMeshComponentEditor (134)
[2016.10.11-20.21.03:117][745]LogModuleManager: Shutting down and abandoning module ProceduralMeshComponent (133)
[2016.10.11-20.21.03:117][745]LogModuleManager: Shutting down and abandoning module OculusLibrary (132)
[2016.10.11-20.21.03:117][745]LogModuleManager: Shutting down and abandoning module OculusInput (131)
[2016.10.11-20.21.03:117][745]LogModuleManager: Shutting down and abandoning module CustomMeshComponent (130)
[2016.10.11-20.21.03:117][745]LogModuleManager: Shutting down and abandoning module CableComponent (129)
[2016.10.11-20.21.03:117][745]LogModuleManager: Shutting down and abandoning module ArchVisCharacter (128)
[2016.10.11-20.21.03:117][745]LogModuleManager: Shutting down and abandoning module MediaPlayerEditor (126)
[2016.10.11-20.21.03:117][745]LogModuleManager: Shutting down and abandoning module HTML5Networking (125)
[2016.10.11-20.21.03:117][745]LogModuleManager: Shutting down and abandoning module GeometryCacheEd (124)
[2016.10.11-20.21.03:117][745]LogModuleManager: Shutting down and abandoning module GeometryCache (123)
[2016.10.11-20.21.03:117][745]LogModuleManager: Shutting down and abandoning module AlembicLibrary (122)
[2016.10.11-20.21.03:117][745]LogModuleManager: Shutting down and abandoning module AlembicImporter (121)
[2016.10.11-20.21.03:117][745]LogModuleManager: Shutting down and abandoning module SuperSearch (120)
[2016.10.11-20.21.03:117][745]LogModuleManager: Shutting down and abandoning module SuperSearchEditor (119)
[2016.10.11-20.21.03:117][745]LogModuleManager: Shutting down and abandoning module SpeedTreeImporter (118)
[2016.10.11-20.21.03:117][745]LogModuleManager: Shutting down and abandoning module PluginBrowser (117)
[2016.10.11-20.21.03:117][745]LogModuleManager: Shutting down and abandoning module MobileLauncherProfileWizard (116)
[2016.10.11-20.21.03:117][745]LogModuleManager: Shutting down and abandoning module EpicSurvey (115)
[2016.10.11-20.21.03:117][745]LogModuleManager: Shutting down and abandoning module DesktopPlatform (114)
[2016.10.11-20.21.03:117][745]LogModuleManager: Shutting down and abandoning module VisualStudioSourceCodeAccess (113)
[2016.10.11-20.21.03:117][745]LogModuleManager: Shutting down and abandoning module UObjectPlugin (112)
[2016.10.11-20.21.03:117][745]LogModuleManager: Shutting down and abandoning module SubversionSourceControl (111)
[2016.10.11-20.21.03:117][745]LogModuleManager: Shutting down and abandoning module PerforceSourceControl (110)
[2016.10.11-20.21.03:118][745]LogModuleManager: Shutting down and abandoning module SourceControl (109)
[2016.10.11-20.21.03:118][745]LogModuleManager: Shutting down and abandoning module GitSourceControl (108)
[2016.10.11-20.21.03:118][745]LogModuleManager: Shutting down and abandoning module LightPropagationVolumeEditor (107)
[2016.10.11-20.21.03:118][745]LogModuleManager: Shutting down and abandoning module PaperTiledImporter (106)
[2016.10.11-20.21.03:118][745]LogModuleManager: Shutting down and abandoning module PaperSpriteSheetImporter (105)
[2016.10.11-20.21.03:118][745]LogModuleManager: Shutting down and abandoning module MeshPaint (104)
[2016.10.11-20.21.03:118][745]LogModuleManager: Shutting down and abandoning module FbxAutomationBuilderModule (103)
[2016.10.11-20.21.03:118][745]LogModuleManager: Shutting down and abandoning module PixelInspectorModule (102)
[2016.10.11-20.21.03:118][745]LogModuleManager: Shutting down and abandoning module HotReload (101)
[2016.10.11-20.21.03:118][745]LogModuleManager: Shutting down and abandoning module MainFrame (100)
[2016.10.11-20.21.03:118][745]LogModuleManager: Shutting down and abandoning module LevelEditor (99)
[2016.10.11-20.21.03:119][745]LogModuleManager: Shutting down and abandoning module ContentBrowser (98)
[2016.10.11-20.21.03:119][745]LogModuleManager: Shutting down and abandoning module Paper2DEditor (97)
[2016.10.11-20.21.03:119][745]LogModuleManager: Shutting down and abandoning module UdpMessaging (96)
[2016.10.11-20.21.03:221][745]LogModuleManager: Shutting down and abandoning module TcpMessaging (95)
[2016.10.11-20.21.03:321][745]LogModuleManager: Shutting down and abandoning module LightPropagationVolumeRuntime (94)
[2016.10.11-20.21.03:321][745]LogModuleManager: Shutting down and abandoning module Paper2D (93)
[2016.10.11-20.21.03:321][745]LogModuleManager: Shutting down and abandoning module WindowsMoviePlayer (92)
[2016.10.11-20.21.03:321][745]LogModuleManager: Shutting down and abandoning module WmfMedia (91)
[2016.10.11-20.21.03:321][745]LogModuleManager: Shutting down and abandoning module MediaAssets (90)
[2016.10.11-20.21.03:321][745]LogModuleManager: Shutting down and abandoning module GameLiveStreaming (89)
[2016.10.11-20.21.03:322][745]LogModuleManager: Shutting down and abandoning module GameplayTagsEditor (88)
[2016.10.11-20.21.03:322][745]LogModuleManager: Shutting down and abandoning module VREditor (87)
[2016.10.11-20.21.03:322][745]LogModuleManager: Shutting down and abandoning module GameplayTasksEditor (86)
[2016.10.11-20.21.03:322][745]LogModuleManager: Shutting down and abandoning module PropertyEditor (85)
[2016.10.11-20.21.03:322][745]LogModuleManager: Shutting down and abandoning module BehaviorTreeEditor (84)
[2016.10.11-20.21.03:322][745]LogModuleManager: Shutting down and abandoning module FunctionalTesting (83)
[2016.10.11-20.21.03:322][745]LogModuleManager: Shutting down and abandoning module CollisionAnalyzer (82)
[2016.10.11-20.21.03:322][745]LogModuleManager: Shutting down and abandoning module Sequencer (81)
[2016.10.11-20.21.03:322][745]LogModuleManager: Shutting down and abandoning module WorkspaceMenuStructure (80)
[2016.10.11-20.21.03:322][745]LogModuleManager: Shutting down and abandoning module MessageLog (79)
[2016.10.11-20.21.03:322][745]LogModuleManager: Shutting down and abandoning module AssetTools (78)
[2016.10.11-20.21.03:322][745]LogModuleManager: Shutting down and abandoning module UMGEditor (77)
[2016.10.11-20.21.03:323][745]LogModuleManager: Shutting down and abandoning module UMG (76)
[2016.10.11-20.21.03:323][745]LogModuleManager: Shutting down and abandoning module SlateReflector (75)
[2016.10.11-20.21.03:323][745]LogModuleManager: Shutting down and abandoning module Slate (74)
[2016.10.11-20.21.03:323][745]LogModuleManager: Shutting down and abandoning module EditorStyle (73)
[2016.10.11-20.21.03:330][745]LogModuleManager: Shutting down and abandoning module SourceCodeAccess (72)
[2016.10.11-20.21.03:330][745]LogModuleManager: Shutting down and abandoning module HeadMountedDisplay (71)
[2016.10.11-20.21.03:330][745]LogModuleManager: Shutting down and abandoning module XAudio2 (70)
[2016.10.11-20.21.03:330][745]LogModuleManager: Shutting down and abandoning module Networking (68)
[2016.10.11-20.21.03:330][745]LogModuleManager: Shutting down and abandoning module Core (67)
[2016.10.11-20.21.03:331][745]LogModuleManager: Shutting down and abandoning module DirectoryWatcher (66)
[2016.10.11-20.21.03:331][745]LogDirectoryWatcher: A directory notification for '../../../Engine/Content/' was aborted.
[2016.10.11-20.21.03:331][745]LogDirectoryWatcher: A directory notification for '../../../../../../Users/Brian/Documents/GitHub/doftg/First_2/Content/' was aborted.
[2016.10.11-20.21.03:331][745]LogDirectoryWatcher: A directory notification for '../../../Engine/Plugins/2D/Paper2D/Content/' was aborted.
[2016.10.11-20.21.03:332][745]LogModuleManager: Shutting down and abandoning module AssetRegistry (65)
[2016.10.11-20.21.03:484][745]LogModuleManager: Shutting down and abandoning module KismetCompiler (64)
[2016.10.11-20.21.03:484][745]LogModuleManager: Shutting down and abandoning module PhysXFormats (63)
[2016.10.11-20.21.03:484][745]LogModuleManager: Shutting down and abandoning module MeshUtilities (62)
[2016.10.11-20.21.03:484][745]LogModuleManager: Shutting down and abandoning module DerivedDataCache (61)
[2016.10.11-20.21.03:492][745]LogDerivedDataCache: Shutdown
[2016.10.11-20.21.03:492][745]LogModuleManager: Shutting down and abandoning module VulkanShaderFormat (60)
[2016.10.11-20.21.03:492][745]LogModuleManager: Shutting down and abandoning module ShaderFormatOpenGL (59)
[2016.10.11-20.21.03:492][745]LogModuleManager: Shutting down and abandoning module ShaderFormatD3D (58)
[2016.10.11-20.21.03:492][745]LogModuleManager: Shutting down and abandoning module MetalShaderFormat (57)
[2016.10.11-20.21.03:492][745]LogModuleManager: Shutting down and abandoning module TextureFormatUncompressed (56)
[2016.10.11-20.21.03:492][745]LogModuleManager: Shutting down and abandoning module TextureFormatPVR (55)
[2016.10.11-20.21.03:492][745]LogModuleManager: Shutting down and abandoning module TextureFormatDXT (54)
[2016.10.11-20.21.03:492][745]LogModuleManager: Shutting down and abandoning module TextureFormatIntelISPCTexComp (53)
[2016.10.11-20.21.03:492][745]LogModuleManager: Shutting down and abandoning module ImageWrapper (52)
[2016.10.11-20.21.03:492][745]LogModuleManager: Shutting down and abandoning module TextureFormatASTC (51)
[2016.10.11-20.21.03:492][745]LogModuleManager: Shutting down and abandoning module TextureFormatAndroid (50)
[2016.10.11-20.21.03:492][745]LogModuleManager: Shutting down and abandoning module AudioFormatOpus (49)
[2016.10.11-20.21.03:492][745]LogModuleManager: Shutting down and abandoning module AudioFormatOgg (48)
[2016.10.11-20.21.03:492][745]LogModuleManager: Shutting down and abandoning module AudioFormatADPCM (47)
[2016.10.11-20.21.03:493][745]LogModuleManager: Shutting down and abandoning module LinuxTargetPlatform (46)
[2016.10.11-20.21.03:493][745]LogModuleManager: Shutting down and abandoning module LinuxServerTargetPlatform (45)
[2016.10.11-20.21.03:493][745]LogModuleManager: Shutting down and abandoning module LinuxNoEditorTargetPlatform (44)
[2016.10.11-20.21.03:493][745]LogModuleManager: Shutting down and abandoning module LinuxClientTargetPlatform (43)
[2016.10.11-20.21.03:493][745]LogModuleManager: Shutting down and abandoning module TVOSTargetPlatform (42)
[2016.10.11-20.21.03:493][745]LogModuleManager: Shutting down and abandoning module Messaging (41)
[2016.10.11-20.21.03:493][745]LogModuleManager: Shutting down and abandoning module IOSTargetPlatform (40)
[2016.10.11-20.21.03:493][745]LogModuleManager: Shutting down and abandoning module HTML5TargetPlatform (39)
[2016.10.11-20.21.03:493][745]LogModuleManager: Shutting down and abandoning module Android_PVRTCTargetPlatform (38)
[2016.10.11-20.21.03:493][745]LogModuleManager: Shutting down and abandoning module Android_MultiTargetPlatform (37)
[2016.10.11-20.21.03:493][745]LogModuleManager: Shutting down and abandoning module Android_ETC2TargetPlatform (36)
[2016.10.11-20.21.03:493][745]LogModuleManager: Shutting down and abandoning module Android_ETC1TargetPlatform (35)
[2016.10.11-20.21.03:493][745]LogModuleManager: Shutting down and abandoning module Android_DXTTargetPlatform (34)
[2016.10.11-20.21.03:493][745]LogModuleManager: Shutting down and abandoning module Android_ATCTargetPlatform (33)
[2016.10.11-20.21.03:493][745]LogModuleManager: Shutting down and abandoning module Android_ASTCTargetPlatform (32)
[2016.10.11-20.21.03:493][745]LogModuleManager: Shutting down and abandoning module AndroidTargetPlatform (31)
[2016.10.11-20.21.03:493][745]LogModuleManager: Shutting down and abandoning module WindowsTargetPlatform (30)
[2016.10.11-20.21.03:493][745]LogModuleManager: Shutting down and abandoning module WindowsServerTargetPlatform (29)
[2016.10.11-20.21.03:493][745]LogModuleManager: Shutting down and abandoning module WindowsNoEditorTargetPlatform (28)
[2016.10.11-20.21.03:493][745]LogModuleManager: Shutting down and abandoning module WindowsClientTargetPlatform (27)
[2016.10.11-20.21.03:493][745]LogModuleManager: Shutting down and abandoning module AllDesktopTargetPlatform (26)
[2016.10.11-20.21.03:493][745]LogModuleManager: Shutting down and abandoning module TargetPlatform (25)
[2016.10.11-20.21.03:493][745]LogModuleManager: Shutting down and abandoning module InputCore (24)
[2016.10.11-20.21.03:493][745]LogModuleManager: Shutting down and abandoning module Settings (23)
[2016.10.11-20.21.03:493][745]LogModuleManager: Shutting down and abandoning module OculusRift (22)
[2016.10.11-20.21.03:493][745]LogModuleManager: Shutting down and abandoning module GearVR (21)
[2016.10.11-20.21.03:493][745]LogModuleManager: Shutting down and abandoning module ExampleDeviceProfileSelector (20)
[2016.10.11-20.21.03:493][745]LogModuleManager: Shutting down and abandoning module OnlineBlueprintSupport (19)
[2016.10.11-20.21.03:493][745]LogModuleManager: Shutting down and abandoning module OnlineSubsystem (17)
[2016.10.11-20.21.03:493][745]LogOnline:Display: Unloading online subsystem: NULL
[2016.10.11-20.21.03:493][745]LogModuleManager: Shutting down and abandoning module HTTP (16)
[2016.10.11-20.21.03:493][745]LogHttp:Display: Http module shutting down, but needs to wait on 1 outstanding Http requests:
[2016.10.11-20.21.03:493][745]LogHttp:Display: 	verb=[POST] url=[https://datarouter.ol.epicgames.com/datarouter/api/v1/public/data?SessionID=%7B9239B29B-4C3C-5609-2E10-3F83AF21FE06%7D&AppID=UEEditor.Rocket.Release&AppVersion=4.13.1-3142249%2B%2B%2BUE4%2BRelease-4.13&UserID=0c59ded548cb065b6ee1c4b14077824e%7C0088da38c4fe4f999d6f0e52c41d2185%7Ca2c83a08-4880-4295-ad75-ee163fceabee&AppEnvironment=datacollector-binary&UploadType=eteventstream] status=Processing
[2016.10.11-20.21.03:497][745]LogModuleManager: Shutting down and abandoning module XMPP (15)
[2016.10.11-20.21.03:497][745]LogModuleManager: Shutting down and abandoning module TextureCompressor (14)
[2016.10.11-20.21.03:497][745]LogModuleManager: Shutting down and abandoning module ShaderCore (13)
[2016.10.11-20.21.03:497][745]LogModuleManager: Shutting down and abandoning module Landscape (12)
[2016.10.11-20.21.03:497][745]LogModuleManager: Shutting down and abandoning module SlateRHIRenderer (11)
[2016.10.11-20.21.03:499][745]LogModuleManager: Shutting down and abandoning module OpenGLDrv (10)
[2016.10.11-20.21.03:499][745]LogModuleManager: Shutting down and abandoning module D3D11RHI (9)
[2016.10.11-20.21.03:499][745]LogModuleManager: Shutting down and abandoning module AnimGraphRuntime (8)
[2016.10.11-20.21.03:499][745]LogModuleManager: Shutting down and abandoning module Renderer (7)
[2016.10.11-20.21.03:499][745]LogModuleManager: Shutting down and abandoning module Engine (6)
[2016.10.11-20.21.03:499][745]LogModuleManager: Shutting down and abandoning module CoreUObject (5)
[2016.10.11-20.21.03:499][745]LogModuleManager: Shutting down and abandoning module NetworkFile (4)
[2016.10.11-20.21.03:499][745]LogModuleManager: Shutting down and abandoning module StreamingFile (3)
[2016.10.11-20.21.03:499][745]LogModuleManager: Shutting down and abandoning module SandboxFile (2)
[2016.10.11-20.21.03:499][745]LogModuleManager: Shutting down and abandoning module PakFile (1)
[2016.10.11-20.21.03:502][745]LogExit: Exiting.
[2016.10.11-20.21.03:524][745]Log file closed, 10/11/16 16:21:03
