Log file open, 10/07/16 15:10:24
LogInit:Display: Running engine for game: First_2
LogPlatformFile: Not using cached read wrapper
LogInit:Display: RandInit(1146701320) SRandInit(1146701320).
LogTaskGraph: Started task graph with 5 named threads and 6 total threads with 1 sets of task threads.
LogStats: Stats thread started at 0.075219
LogPluginManager: Loaded Plugin Paper2D, From C:/Program Files (x86)/Epic Games/4.13/Engine/Plugins/2D/Paper2D/Paper2D.uplugin
LogPluginManager: Loaded Plugin LightPropagationVolume, From C:/Program Files (x86)/Epic Games/4.13/Engine/Plugins/Blendables/LightPropagationVolume/LightPropagationVolume.uplugin
LogPluginManager: Loaded Plugin BlankPlugin, From C:/Program Files (x86)/Epic Games/4.13/Engine/Plugins/Developer/BlankPlugin/BlankPlugin.uplugin
LogPluginManager: Loaded Plugin CodeLiteSourceCodeAccess, From C:/Program Files (x86)/Epic Games/4.13/Engine/Plugins/Developer/CodeLiteSourceCodeAccess/CodeLiteSourceCodeAccess.uplugin
LogPluginManager: Loaded Plugin GitSourceControl, From C:/Program Files (x86)/Epic Games/4.13/Engine/Plugins/Developer/GitSourceControl/GitSourceControl.uplugin
LogPluginManager: Loaded Plugin KDevelopSourceCodeAccess, From C:/Program Files (x86)/Epic Games/4.13/Engine/Plugins/Developer/KDevelopSourceCodeAccess/KDevelopSourceCodeAccess.uplugin
LogPluginManager: Loaded Plugin NullSourceCodeAccess, From C:/Program Files (x86)/Epic Games/4.13/Engine/Plugins/Developer/NullSourceCodeAccess/NullSourceCodeAccess.uplugin
LogPluginManager: Loaded Plugin OneSkyLocalizationService, From C:/Program Files (x86)/Epic Games/4.13/Engine/Plugins/Developer/OneSkyLocalizationService/OneSkyLocalizationService.uplugin
LogPluginManager: Loaded Plugin PerforceSourceControl, From C:/Program Files (x86)/Epic Games/4.13/Engine/Plugins/Developer/PerforceSourceControl/PerforceSourceControl.uplugin
LogPluginManager: Loaded Plugin SubversionSourceControl, From C:/Program Files (x86)/Epic Games/4.13/Engine/Plugins/Developer/SubversionSourceControl/SubversionSourceControl.uplugin
LogPluginManager: Loaded Plugin UObjectPlugin, From C:/Program Files (x86)/Epic Games/4.13/Engine/Plugins/Developer/UObjectPlugin/UObjectPlugin.uplugin
LogPluginManager: Loaded Plugin VisualStudioSourceCodeAccess, From C:/Program Files (x86)/Epic Games/4.13/Engine/Plugins/Developer/VisualStudioSourceCodeAccess/VisualStudioSourceCodeAccess.uplugin
LogPluginManager: Loaded Plugin XCodeSourceCodeAccess, From C:/Program Files (x86)/Epic Games/4.13/Engine/Plugins/Developer/XCodeSourceCodeAccess/XCodeSourceCodeAccess.uplugin
LogPluginManager: Loaded Plugin EpicSurvey, From C:/Program Files (x86)/Epic Games/4.13/Engine/Plugins/Editor/EpicSurvey/EpicSurvey.uplugin
LogPluginManager: Loaded Plugin MacGraphicsSwitching, From C:/Program Files (x86)/Epic Games/4.13/Engine/Plugins/Editor/MacGraphicsSwitching/MacGraphicsSwitching.uplugin
LogPluginManager: Loaded Plugin MobileLauncherProfileWizard, From C:/Program Files (x86)/Epic Games/4.13/Engine/Plugins/Editor/MobileLauncherProfileWizard/MobileLauncherProfileWizard.uplugin
LogPluginManager: Loaded Plugin PluginBrowser, From C:/Program Files (x86)/Epic Games/4.13/Engine/Plugins/Editor/PluginBrowser/PluginBrowser.uplugin
LogPluginManager: Loaded Plugin SpeedTreeImporter, From C:/Program Files (x86)/Epic Games/4.13/Engine/Plugins/Editor/SpeedTreeImporter/SpeedTreeImporter.uplugin
LogPluginManager: Loaded Plugin SuperSearchEditor, From C:/Program Files (x86)/Epic Games/4.13/Engine/Plugins/Editor/SuperSearchEditor/SuperSearchEditor.uplugin
LogPluginManager: Loaded Plugin AlembicImporter, From C:/Program Files (x86)/Epic Games/4.13/Engine/Plugins/Experimental/AlembicImporter/AlembicImporter.uplugin
LogPluginManager: Loaded Plugin BlueprintStats, From C:/Program Files (x86)/Epic Games/4.13/Engine/Plugins/Experimental/BlueprintStats/BlueprintStats.uplugin
LogPluginManager: Loaded Plugin CharacterAI, From C:/Program Files (x86)/Epic Games/4.13/Engine/Plugins/Experimental/CharacterAI/CharacterAI.uplugin
LogPluginManager: Loaded Plugin CodeEditor, From C:/Program Files (x86)/Epic Games/4.13/Engine/Plugins/Experimental/CodeEditor/CodeEditor.uplugin
LogPluginManager: Loaded Plugin CodeView, From C:/Program Files (x86)/Epic Games/4.13/Engine/Plugins/Experimental/CodeView/CodeView.uplugin
LogPluginManager: Loaded Plugin HTML5Networking, From C:/Program Files (x86)/Epic Games/4.13/Engine/Plugins/Experimental/HTML5Networking/HTML5Networking.uplugin
LogPluginManager: Loaded Plugin LiveEditor, From C:/Program Files (x86)/Epic Games/4.13/Engine/Plugins/Experimental/LiveEditor/LiveEditor.uplugin
LogPluginManager: Loaded Plugin OSVR, From C:/Program Files (x86)/Epic Games/4.13/Engine/Plugins/Experimental/OSVR/OSVR.uplugin
LogPluginManager: Loaded Plugin Phya, From C:/Program Files (x86)/Epic Games/4.13/Engine/Plugins/Experimental/Phya/Phya.uplugin
LogPluginManager: Loaded Plugin SignificanceManager, From C:/Program Files (x86)/Epic Games/4.13/Engine/Plugins/Experimental/SignificanceManager/SignificanceManager.uplugin
LogPluginManager: Loaded Plugin SimpleHMD, From C:/Program Files (x86)/Epic Games/4.13/Engine/Plugins/Experimental/SimpleHMD/SimpleHMD.uplugin
LogPluginManager: Loaded Plugin StereoPanorama, From C:/Program Files (x86)/Epic Games/4.13/Engine/Plugins/Experimental/StereoPanorama/StereoPanorama.uplugin
LogPluginManager: Loaded Plugin StructBox, From C:/Program Files (x86)/Epic Games/4.13/Engine/Plugins/Experimental/StructBox/StructBox.uplugin
LogPluginManager: Loaded Plugin AndroidMedia, From C:/Program Files (x86)/Epic Games/4.13/Engine/Plugins/Media/AndroidMedia/AndroidMedia.uplugin
LogPluginManager: Loaded Plugin AvfMedia, From C:/Program Files (x86)/Epic Games/4.13/Engine/Plugins/Media/AvfMedia/AvfMedia.uplugin
LogPluginManager: Loaded Plugin MediaPlayerEditor, From C:/Program Files (x86)/Epic Games/4.13/Engine/Plugins/Media/MediaPlayerEditor/MediaPlayerEditor.uplugin
LogPluginManager: Loaded Plugin WmfMedia, From C:/Program Files (x86)/Epic Games/4.13/Engine/Plugins/Media/WmfMedia/WmfMedia.uplugin
LogPluginManager: Loaded Plugin MessagingDebugger, From C:/Program Files (x86)/Epic Games/4.13/Engine/Plugins/Messaging/MessagingDebugger/MessagingDebugger.uplugin
LogPluginManager: Loaded Plugin TcpMessaging, From C:/Program Files (x86)/Epic Games/4.13/Engine/Plugins/Messaging/TcpMessaging/TcpMessaging.uplugin
LogPluginManager: Loaded Plugin UdpMessaging, From C:/Program Files (x86)/Epic Games/4.13/Engine/Plugins/Messaging/UdpMessaging/UdpMessaging.uplugin
LogPluginManager: Loaded Plugin LevelSequenceEditor, From C:/Program Files (x86)/Epic Games/4.13/Engine/Plugins/MovieScene/LevelSequenceEditor/LevelSequenceEditor.uplugin
LogPluginManager: Loaded Plugin MatineeToLevelSequence, From C:/Program Files (x86)/Epic Games/4.13/Engine/Plugins/MovieScene/MatineeToLevelSequence/MatineeToLevelSequence.uplugin
LogPluginManager: Loaded Plugin NetcodeUnitTest, From C:/Program Files (x86)/Epic Games/4.13/Engine/Plugins/NetcodeUnitTest/NetcodeUnitTest/NetcodeUnitTest.uplugin
LogPluginManager: Loaded Plugin NUTUnrealEngine4, From C:/Program Files (x86)/Epic Games/4.13/Engine/Plugins/NetcodeUnitTest/NUTUnrealEngine4/NUTUnrealEngine4.uplugin
LogPluginManager: Loaded Plugin OnlineSubsystemGooglePlay, From C:/Program Files (x86)/Epic Games/4.13/Engine/Plugins/Online/Android/OnlineSubsystemGooglePlay/OnlineSubsystemGooglePlay.uplugin
LogPluginManager: Loaded Plugin OnlineSubsystemIOS, From C:/Program Files (x86)/Epic Games/4.13/Engine/Plugins/Online/IOS/OnlineSubsystemIOS/OnlineSubsystemIOS.uplugin
LogPluginManager: Loaded Plugin OnlineFramework, From C:/Program Files (x86)/Epic Games/4.13/Engine/Plugins/Online/OnlineFramework/OnlineFramework.uplugin
LogPluginManager: Loaded Plugin OnlineSubsystem, From C:/Program Files (x86)/Epic Games/4.13/Engine/Plugins/Online/OnlineSubsystem/OnlineSubsystem.uplugin
LogPluginManager: Loaded Plugin OnlineSubsystemAmazon, From C:/Program Files (x86)/Epic Games/4.13/Engine/Plugins/Online/OnlineSubsystemAmazon/OnlineSubsystemAmazon.uplugin
LogPluginManager: Loaded Plugin OnlineSubsystemFacebook, From C:/Program Files (x86)/Epic Games/4.13/Engine/Plugins/Online/OnlineSubsystemFacebook/OnlineSubsystemFacebook.uplugin
LogPluginManager: Loaded Plugin OnlineSubsystemNull, From C:/Program Files (x86)/Epic Games/4.13/Engine/Plugins/Online/OnlineSubsystemNull/OnlineSubsystemNull.uplugin
LogPluginManager: Loaded Plugin OnlineSubsystemOculus, From C:/Program Files (x86)/Epic Games/4.13/Engine/Plugins/Online/OnlineSubsystemOculus/OnlineSubsystemOculus.uplugin
LogPluginManager: Loaded Plugin OnlineSubsystemSteam, From C:/Program Files (x86)/Epic Games/4.13/Engine/Plugins/Online/OnlineSubsystemSteam/OnlineSubsystemSteam.uplugin
LogPluginManager: Loaded Plugin OnlineSubsystemUtils, From C:/Program Files (x86)/Epic Games/4.13/Engine/Plugins/Online/OnlineSubsystemUtils/OnlineSubsystemUtils.uplugin
LogPluginManager: Loaded Plugin IOSTapJoy, From C:/Program Files (x86)/Epic Games/4.13/Engine/Plugins/Runtime/Advertising/IOSTapJoy/IOSTapJoy.uplugin
LogPluginManager: Loaded Plugin AnalyticsBlueprintLibrary, From C:/Program Files (x86)/Epic Games/4.13/Engine/Plugins/Runtime/Analytics/AnalyticsBlueprintLibrary/AnalyticsBlueprintLibrary.uplugin
LogPluginManager: Loaded Plugin AnalyticsMulticast, From C:/Program Files (x86)/Epic Games/4.13/Engine/Plugins/Runtime/Analytics/AnalyticsMulticast/AnalyticsMulticast.uplugin
LogPluginManager: Loaded Plugin Apsalar, From C:/Program Files (x86)/Epic Games/4.13/Engine/Plugins/Runtime/Analytics/Apsalar/Apsalar.uplugin
LogPluginManager: Loaded Plugin FileLogging, From C:/Program Files (x86)/Epic Games/4.13/Engine/Plugins/Runtime/Analytics/FileLogging/FileLogging.uplugin
LogPluginManager: Loaded Plugin Flurry, From C:/Program Files (x86)/Epic Games/4.13/Engine/Plugins/Runtime/Analytics/Flurry/Flurry.uplugin
LogPluginManager: Loaded Plugin AndroidDeviceProfileSelector, From C:/Program Files (x86)/Epic Games/4.13/Engine/Plugins/Runtime/AndroidDeviceProfileSelector/AndroidDeviceProfileSelector.uplugin
LogPluginManager: Loaded Plugin AndroidMoviePlayer, From C:/Program Files (x86)/Epic Games/4.13/Engine/Plugins/Runtime/AndroidMoviePlayer/AndroidMoviePlayer.uplugin
LogPluginManager: Loaded Plugin AppleMoviePlayer, From C:/Program Files (x86)/Epic Games/4.13/Engine/Plugins/Runtime/AppleMoviePlayer/AppleMoviePlayer.uplugin
LogPluginManager: Loaded Plugin ArchVisCharacter, From C:/Program Files (x86)/Epic Games/4.13/Engine/Plugins/Runtime/ArchVisCharacter/ArchVisCharacter.uplugin
LogPluginManager: Loaded Plugin CableComponent, From C:/Program Files (x86)/Epic Games/4.13/Engine/Plugins/Runtime/CableComponent/CableComponent.uplugin
LogPluginManager: Loaded Plugin CustomMeshComponent, From C:/Program Files (x86)/Epic Games/4.13/Engine/Plugins/Runtime/CustomMeshComponent/CustomMeshComponent.uplugin
LogPluginManager: Loaded Plugin ExampleDeviceProfileSelector, From C:/Program Files (x86)/Epic Games/4.13/Engine/Plugins/Runtime/ExampleDeviceProfileSelector/ExampleDeviceProfileSelector.uplugin
LogPluginManager: Loaded Plugin GearVR, From C:/Program Files (x86)/Epic Games/4.13/Engine/Plugins/Runtime/GearVR/GearVR.uplugin
LogPluginManager: Loaded Plugin GoogleVRController, From C:/Program Files (x86)/Epic Games/4.13/Engine/Plugins/Runtime/GoogleVR/GoogleVRController/GoogleVRController.uplugin
LogPluginManager: Loaded Plugin GoogleVRHMD, From C:/Program Files (x86)/Epic Games/4.13/Engine/Plugins/Runtime/GoogleVR/GoogleVRHMD/GoogleVRHMD.uplugin
LogPluginManager: Loaded Plugin IOSDeviceProfileSelector, From C:/Program Files (x86)/Epic Games/4.13/Engine/Plugins/Runtime/IOSDeviceProfileSelector/IOSDeviceProfileSelector.uplugin
LogPluginManager: Loaded Plugin LeapMotion, From C:/Program Files (x86)/Epic Games/4.13/Engine/Plugins/Runtime/LeapMotion/LeapMotion.uplugin
LogPluginManager: Loaded Plugin LinuxDeviceProfileSelector, From C:/Program Files (x86)/Epic Games/4.13/Engine/Plugins/Runtime/LinuxDeviceProfileSelector/LinuxDeviceProfileSelector.uplugin
LogPluginManager: Loaded Plugin LiveEditorListenServer, From C:/Program Files (x86)/Epic Games/4.13/Engine/Plugins/Runtime/LiveEditorListenServer/LiveEditorListenServer.uplugin
LogPluginManager: Loaded Plugin OculusAudio, From C:/Program Files (x86)/Epic Games/4.13/Engine/Plugins/Runtime/OculusAudio/OculusAudio.uplugin
LogPluginManager: Loaded Plugin OculusInput, From C:/Program Files (x86)/Epic Games/4.13/Engine/Plugins/Runtime/OculusInput/OculusInput.uplugin
LogPluginManager: Loaded Plugin OculusLibrary, From C:/Program Files (x86)/Epic Games/4.13/Engine/Plugins/Runtime/OculusLibrary/OculusLibrary.uplugin
LogPluginManager: Loaded Plugin OculusRift, From C:/Program Files (x86)/Epic Games/4.13/Engine/Plugins/Runtime/OculusRift/OculusRift.uplugin
LogPluginManager: Loaded Plugin Oodle, From C:/Program Files (x86)/Epic Games/4.13/Engine/Plugins/Runtime/PacketHandlers/CompressionComponents/Oodle/Oodle.uplugin
LogPluginManager: Loaded Plugin ProceduralMeshComponent, From C:/Program Files (x86)/Epic Games/4.13/Engine/Plugins/Runtime/ProceduralMeshComponent/ProceduralMeshComponent.uplugin
LogPluginManager: Loaded Plugin SoundMod, From C:/Program Files (x86)/Epic Games/4.13/Engine/Plugins/Runtime/SoundMod/SoundMod.uplugin
LogPluginManager: Loaded Plugin SoundVisualizations, From C:/Program Files (x86)/Epic Games/4.13/Engine/Plugins/Runtime/SoundVisualizations/SoundVisualizations.uplugin
LogPluginManager: Loaded Plugin SteamController, From C:/Program Files (x86)/Epic Games/4.13/Engine/Plugins/Runtime/Steam/SteamController/SteamController.uplugin
LogPluginManager: Loaded Plugin SteamVR, From C:/Program Files (x86)/Epic Games/4.13/Engine/Plugins/Runtime/Steam/SteamVR/SteamVR.uplugin
LogPluginManager: Loaded Plugin WebBrowserWidget, From C:/Program Files (x86)/Epic Games/4.13/Engine/Plugins/Runtime/WebBrowserWidget/WebBrowserWidget.uplugin
LogPluginManager: Loaded Plugin WindowsDeviceProfileSelector, From C:/Program Files (x86)/Epic Games/4.13/Engine/Plugins/Runtime/WindowsDeviceProfileSelector/WindowsDeviceProfileSelector.uplugin
LogPluginManager: Loaded Plugin WindowsMoviePlayer, From C:/Program Files (x86)/Epic Games/4.13/Engine/Plugins/Runtime/WindowsMoviePlayer/WindowsMoviePlayer.uplugin
LogPluginManager: Loaded Plugin ScriptPlugin, From C:/Program Files (x86)/Epic Games/4.13/Engine/Plugins/ScriptPlugin/ScriptPlugin.uplugin
LogPluginManager: Loaded Plugin SlateRemote, From C:/Program Files (x86)/Epic Games/4.13/Engine/Plugins/Slate/SlateRemote/SlateRemote.uplugin
LogInit: Using libcurl 7.47.1
LogInit:  - built for x86_64-pc-win32
LogInit:  - supports SSL with WinSSL
LogInit:  - other features:
LogInit:      CURL_VERSION_SSL
LogInit:      CURL_VERSION_IPV6
LogInit:      CURL_VERSION_ASYNCHDNS
LogInit:      CURL_VERSION_LARGEFILE
LogInit:      CURL_VERSION_IDN
LogInit:  CurlRequestOptions (configurable via config and command line):
LogInit:  - bVerifyPeer = false  - Libcurl will NOT verify peer certificate
LogInit:  - bUseHttpProxy = false  - Libcurl will NOT use HTTP proxy
LogInit:  - bDontReuseConnections = false  - Libcurl will reuse connections
LogInit:  - CertBundlePath = nullptr  - Libcurl will use whatever was configured at build time.
LogInit: Build: ++UE4+Release-4.13-CL-3106830
LogInit: Engine Version: 4.13.0-3106830+++UE4+Release-4.13
LogInit: Compatible Engine Version: 4.13.0-3106830+++UE4+Release-4.13
LogInit: Net CL: 3106830
LogDevObjectVersion: Number of dev versions registered: 13
LogDevObjectVersion:   Dev-Blueprints (B0D832E4-1F89-4F0D-ACCF-7EB736FD4AA2): 5
LogDevObjectVersion:   Dev-Build (E1C64328-A22C-4D53-A36C-8E866417BD8C): 0
LogDevObjectVersion:   Dev-Core (375EC13C-06E4-48FB-B500-84F0262A717E): 1
LogDevObjectVersion:   Dev-Editor (E4B068ED-F494-42E9-A231-DA0B2E46BB41): 6
LogDevObjectVersion:   Dev-Framework (CFFC743F-43B0-4480-9391-14DF171D2073): 12
LogDevObjectVersion:   Dev-Mobile (B02B49B5-BB20-44E9-A304-32B752E40360): 0
LogDevObjectVersion:   Dev-Networking (A4E4105C-59A1-49B5-A7C5-40C4547EDFEE): 0
LogDevObjectVersion:   Dev-Online (39C831C9-5AE6-47DC-9A44-9C173E1C8E7C): 0
LogDevObjectVersion:   Dev-Physics (78F01B33-EBEA-4F98-B9B4-84EACCB95AA2): 0
LogDevObjectVersion:   Dev-Platform (6631380F-2D4D-43E0-8009-CF276956A95A): 0
LogDevObjectVersion:   Dev-Rendering (12F88B9F-8875-4AFC-A67C-D90C383ABD29): 4
LogDevObjectVersion:   Dev-Sequencer (7B5AE74C-D270-4C10-A958-57980B212A5A): 0
LogDevObjectVersion:   Dev-VR (D7296918-1DD6-4BDD-9DE2-64A83CC13884): 0
LogInit: Compiled (64-bit): Aug 30 2016 18:11:39
LogInit: Compiled with Visual C++: 19.00.23026.00
LogInit: Build Configuration: Development
LogInit: Branch Name: ++UE4+Release-4.13
LogInit: Command line:  
LogInit: Base directory: C:/Program Files (x86)/Epic Games/4.13/Engine/Binaries/Win64/
LogInit: Installed Engine Build: 1
LogInit: Presizing for max 8388607 objects, including 0 objects not considered by GC, pre-allocating 0 bytes for permanent pool.
LogInit: Object subsystem initialized
[2016.10.07-19.10.24:892][  0]LogInit: Selected Device Profile: [Windows]
[2016.10.07-19.10.24:892][  0]LogInit: Applying CVar settings loaded from the selected device profile: [Windows]
[2016.10.07-19.10.24:906][  0]LogInit: Computer: BSARDINHA
[2016.10.07-19.10.24:906][  0]LogInit: User: Brian
[2016.10.07-19.10.24:906][  0]LogInit: CPU Page size=65536, Cores=2
[2016.10.07-19.10.24:906][  0]LogInit: High frequency timer resolution =2.530852 MHz
[2016.10.07-19.10.24:906][  0]LogMemory: Memory total: Physical=7.9GB (8GB approx)
[2016.10.07-19.10.24:906][  0]LogMemory: Platform Memory Stats for Windows
[2016.10.07-19.10.24:906][  0]LogMemory: Process Physical Memory: 255.00 MB used, 255.00 MB peak
[2016.10.07-19.10.24:906][  0]LogMemory: Process Virtual Memory: 265.90 MB used, 265.90 MB peak
[2016.10.07-19.10.24:906][  0]LogMemory: Physical Memory: 1887.50 MB used, 8075.23 MB total
[2016.10.07-19.10.24:906][  0]LogMemory: Virtual Memory: 609.93 MB used, 134217728.00 MB total
[2016.10.07-19.10.24:943][  0]LogTextLocalizationManager: No specific translations for ('en-US') exist, so ('en') translations will be used.
[2016.10.07-19.10.25:623][  0]LogD3D11RHI: D3D11 adapters:
[2016.10.07-19.10.25:966][  0]LogD3D11RHI:    0. 'NVIDIA NVS 4200M    ' (Feature Level 11_0)
[2016.10.07-19.10.25:966][  0]LogD3D11RHI:       973/0/3071 MB DedicatedVideo/DedicatedSystem/SharedSystem, Outputs:1, VendorId:0x10de
[2016.10.07-19.10.25:983][  0]LogD3D11RHI:    1. 'NVIDIA NVS 4200M    ' (Feature Level 11_0)
[2016.10.07-19.10.25:983][  0]LogD3D11RHI:       973/0/3071 MB DedicatedVideo/DedicatedSystem/SharedSystem, Outputs:0, VendorId:0x10de
[2016.10.07-19.10.25:984][  0]LogD3D11RHI:    2. 'Microsoft Basic Render Driver' (Feature Level 11_0)
[2016.10.07-19.10.25:984][  0]LogD3D11RHI:       973/0/3071 MB DedicatedVideo/DedicatedSystem/SharedSystem, Outputs:0, VendorId:0x1414
[2016.10.07-19.10.25:984][  0]LogD3D11RHI: Chosen D3D11 Adapter: 0
[2016.10.07-19.10.25:988][  0]LogD3D11RHI: Creating new Direct3DDevice
[2016.10.07-19.10.25:988][  0]LogD3D11RHI:     GPU DeviceId: 0x1057 (for the marketing name, search the web for "GPU Device Id")
[2016.10.07-19.10.25:988][  0]LogWindows: EnumDisplayDevices:
[2016.10.07-19.10.25:988][  0]LogWindows:    0. 'Intel(R) HD Graphics 3000' (P:1 D:1)
[2016.10.07-19.10.25:989][  0]LogWindows:    1. 'Intel(R) HD Graphics 3000' (P:0 D:0)
[2016.10.07-19.10.25:989][  0]LogWindows:    2. 'NVIDIA NVS 4200M    ' (P:0 D:0)
[2016.10.07-19.10.25:989][  0]LogWindows:    3. 'NVIDIA NVS 4200M    ' (P:0 D:0)
[2016.10.07-19.10.25:989][  0]LogWindows: DebugString: PrimaryIsNotTheChoosenAdapter PrimaryIsNotTheChoosenAdapter FoundDriverCount:2 
[2016.10.07-19.10.25:989][  0]LogD3D11RHI:     Adapter Name: NVIDIA NVS 4200M    
[2016.10.07-19.10.25:989][  0]LogD3D11RHI:   Driver Version: 354.45 (internal:10.18.13.5445, unified:354.45)
[2016.10.07-19.10.25:989][  0]LogD3D11RHI:      Driver Date: 11-5-2015
[2016.10.07-19.10.25:989][  0]LogRHI: Texture pool is 681 MB (70% of 973 MB)
[2016.10.07-19.10.26:003][  0]LogD3D11RHI: Async texture creation enabled
[2016.10.07-19.10.26:022][  0]LogD3D11RHI: GPU Timing Frequency: 1000.000000 (Debug: 2 2)
[2016.10.07-19.10.26:022][  0]LogShaderCompilers: Guid format shader working directory is -14 characters bigger than the processId version (../../../../../../Users/Brian/Documents/GitHub/doftg/First_2/Intermediate/Shaders/WorkingDirectory/5656/).
[2016.10.07-19.10.26:022][  0]LogShaderCompilers: Cleaned the shader compiler working directory 'C:/Users/Brian/AppData/Local/Temp/UnrealShaderWorkingDir/ECCC73944059A8E3BC0B339D4357E59B/'.
[2016.10.07-19.10.26:022][  0]LogShaderCompilers:Display: Using Local Shader Compiler.
[2016.10.07-19.10.27:093][  0]LogTemp:Display: Loaded TP AllDesktopTargetPlatform
[2016.10.07-19.10.27:104][  0]LogTemp:Display: Loaded TP WindowsClientTargetPlatform
[2016.10.07-19.10.27:114][  0]LogTemp:Display: Loaded TP WindowsNoEditorTargetPlatform
[2016.10.07-19.10.27:125][  0]LogTemp:Display: Loaded TP WindowsServerTargetPlatform
[2016.10.07-19.10.27:135][  0]LogTemp:Display: Loaded TP WindowsTargetPlatform
[2016.10.07-19.10.27:144][  0]LogTemp:Display: Loaded TP AndroidTargetPlatform
[2016.10.07-19.10.27:153][  0]LogTemp:Display: Loaded TP Android_ASTCTargetPlatform
[2016.10.07-19.10.27:162][  0]LogTemp:Display: Loaded TP Android_ATCTargetPlatform
[2016.10.07-19.10.27:171][  0]LogTemp:Display: Loaded TP Android_DXTTargetPlatform
[2016.10.07-19.10.27:179][  0]LogTemp:Display: Loaded TP Android_ETC1TargetPlatform
[2016.10.07-19.10.27:188][  0]LogTemp:Display: Loaded TP Android_ETC2TargetPlatform
[2016.10.07-19.10.27:206][  0]LogTemp:Display: Loaded TP Android_MultiTargetPlatform
[2016.10.07-19.10.27:206][  0]LogTemp:Display: Loaded TP Android_PVRTCTargetPlatform
[2016.10.07-19.10.27:208][  0]LogTemp:Display: Loaded TP HTML5TargetPlatform
[2016.10.07-19.10.27:233][  0]LogTemp:Display: Loaded TP IOSTargetPlatform
[2016.10.07-19.10.27:240][  0]LogTemp:Display: Loaded TP TVOSTargetPlatform
[2016.10.07-19.10.27:248][  0]LogTemp:Display: Loaded TP LinuxClientTargetPlatform
[2016.10.07-19.10.27:257][  0]LogTemp:Display: Loaded TP LinuxNoEditorTargetPlatform
[2016.10.07-19.10.27:265][  0]LogTemp:Display: Loaded TP LinuxServerTargetPlatform
[2016.10.07-19.10.27:274][  0]LogTemp:Display: Loaded TP LinuxTargetPlatform
[2016.10.07-19.10.27:274][  0]LogTargetPlatformManager:Display: Building Assets For Windows
[2016.10.07-19.10.27:378][  0]LogDerivedDataCache:Display: Max Cache Size: 512 MB
[2016.10.07-19.10.27:451][  0]LogDerivedDataCache: Loaded boot cache 0.07s 62MB C:/Users/Brian/AppData/Local/UnrealEngine/4.13/DerivedDataCache/Boot.ddc.
[2016.10.07-19.10.27:451][  0]LogDerivedDataCache:Display: Loaded Boot cache: C:/Users/Brian/AppData/Local/UnrealEngine/4.13/DerivedDataCache/Boot.ddc
[2016.10.07-19.10.27:451][  0]LogDerivedDataCache: FDerivedDataBackendGraph:  Pak pak cache file ../../../../../../Users/Brian/Documents/GitHub/doftg/First_2/DerivedDataCache/DDC.ddp not found, will not use a pak cache.
[2016.10.07-19.10.27:451][  0]LogDerivedDataCache: Unable to find inner node Pak for hierarchical cache Hierarchy.
[2016.10.07-19.10.27:451][  0]LogDerivedDataCache: FDerivedDataBackendGraph:  CompressedPak pak cache file ../../../../../../Users/Brian/Documents/GitHub/doftg/First_2/DerivedDataCache/Compressed.ddp not found, will not use a pak cache.
[2016.10.07-19.10.27:451][  0]LogDerivedDataCache: Unable to find inner node CompressedPak for hierarchical cache Hierarchy.
[2016.10.07-19.10.27:471][  0]LogDerivedDataCache:Display: Pak cache opened for reading ../../../Engine/DerivedDataCache/Compressed.ddp.
[2016.10.07-19.10.27:483][  0]LogDerivedDataCache: Using Local data cache path C:/Users/Brian/AppData/Local/UnrealEngine/Common/DerivedDataCache: Writable
[2016.10.07-19.10.27:729][  0]LogInit: Selected Device Profile: [Windows]
[2016.10.07-19.10.27:731][  0]LogContentStreaming: Texture pool size is 0.00 MB
[2016.10.07-19.10.27:838][  0]LogMeshUtilities: No automatic mesh reduction module available
[2016.10.07-19.10.27:838][  0]LogMeshUtilities: No automatic mesh merging module available
[2016.10.07-19.10.27:838][  0]LogMeshUtilities: No distributed automatic mesh merging module available
[2016.10.07-19.10.27:923][  0]LogMaterial: Uniform references updated for custom material expression Custom.
[2016.10.07-19.10.28:253][  0]LogNetVersion: GetLocalNetworkVersion: CL: 3106830, ProjectName: first_2, ProjectVersion: , EngineNetworkVersion: 1, GameNetworkVersion: 0, NetworkChecksum: 3625815129
[2016.10.07-19.10.28:293][  0]LogAssetRegistry: FAssetRegistry took 0.0223 seconds to start up
[2016.10.07-19.10.28:338][  0]LogPackageLocalizationCache: Processed 3 localized package path(s) for 2 prioritized culture(s) in 0.039795 seconds
[2016.10.07-19.10.28:345][  0]LogUObjectArray: 29777 objects as part of root set at end of initial load.
[2016.10.07-19.10.28:345][  0]LogUObjectAllocator: 6124704 out of 0 bytes used by permanent object pool.
[2016.10.07-19.10.28:346][  0]LogUObjectArray: CloseDisregardForGC: 0/0 objects in disregard for GC pool
[2016.10.07-19.10.28:358][  0]LogInit: WinSock: version 1.1 (2.2), MaxSocks=32767, MaxUdp=65467
[2016.10.07-19.10.28:656][  0]LogSlate: SlateFontCache - WITH_FREETYPE: 1, WITH_HARFBUZZ: 1
[2016.10.07-19.10.28:656][  0]LogSlate: SlateFontCache - WITH_FREETYPE: 1, WITH_HARFBUZZ: 1
[2016.10.07-19.10.29:438][  0]LogUdpMessaging: Initializing bridge on interface 0.0.0.0:0 to multicast group 230.0.0.1:6666.
[2016.10.07-19.10.29:699][  0]SourceControl: Info Source control is disabled
[2016.10.07-19.10.29:700][  0]SourceControl: Info Source control is disabled
[2016.10.07-19.10.29:712][  0]SourceControl: Info Source control is disabled
[2016.10.07-19.10.29:723][  0]SourceControl: Info Source control is disabled
[2016.10.07-19.10.30:068][  0]LogEngine: Initializing Engine...
[2016.10.07-19.10.30:068][  0]LogHMD: Failed to initialize OpenVR with code 110
[2016.10.07-19.10.30:228][  0]LogAIModule: Creating AISystem for world Untitled
[2016.10.07-19.10.30:235][  0]LogInit: XAudio2 using 'Speakers (High Definition Audio Device)' : 2 channels at 44.1 kHz using 16 bits per sample (channel mask 0x3)
[2016.10.07-19.10.30:250][  0]LogInit: FAudioDevice initialized.
[2016.10.07-19.10.30:280][  0]LogDerivedDataCache: Saved boot cache 0.03s 62MB C:/Users/Brian/AppData/Local/UnrealEngine/4.13/DerivedDataCache/Boot.ddc.
[2016.10.07-19.10.30:291][  0]LogInit: Texture streaming: Enabled
[2016.10.07-19.10.30:342][  0]LogInit: Transaction tracking system initialized
[2016.10.07-19.10.30:374][  0]BlueprintLog: New page: Editor Load
[2016.10.07-19.10.30:489][  0]LocalizationService: Info Localization service is disabled
[2016.10.07-19.10.30:831][  0]LogConsoleResponse:Display: 
[2016.10.07-19.10.30:994][  0]LogCook:Display: Max memory allowance for cook 16384mb min free memory 0mb
[2016.10.07-19.10.30:994][  0]LogCook:Display: Mobile HDR setting 1
[2016.10.07-19.10.31:219][  0]LogFileCache: Scanning file cache for directory 'C:/Users/Brian/Documents/GitHub/doftg/First_2/Content/' took 0.01s
[2016.10.07-19.10.31:219][  0]SourceControl: Info Source control is disabled
[2016.10.07-19.10.31:219][  0]Cmd: MAP LOAD FILE="../../../../../../Users/Brian/Documents/GitHub/doftg/First_2/Content/Demo/Maps/Level_00.umap" TEMPLATE=0 SHOWPROGRESS=1 FEATURELEVEL=3
[2016.10.07-19.10.31:220][  0]LightingResults: New page: Lighting Build
[2016.10.07-19.10.31:224][  0]MapCheck: New page: Map Check
[2016.10.07-19.10.31:224][  0]LightingResults: New page: Lighting Build
[2016.10.07-19.10.31:390][  0]LogAIModule: Creating AISystem for world Level_00
[2016.10.07-19.10.31:405][  0]LogEditorServer: Finished looking for orphan Actors (0.000 secs)
[2016.10.07-19.10.31:406][  0]Cmd: MAP CHECKDEP NOCLEARLOG
[2016.10.07-19.10.31:467][  0]MapCheck: Info Map check complete: 0 Error(s), 0 Warning(s), took 61.1ms to complete.
[2016.10.07-19.10.31:467][  0]LogFileHelpers: Loading map 'Level_00' took 0.249
[2016.10.07-19.10.31:614][  0]LogCollectionManager: Loaded 1 collections in 0.002581 seconds
[2016.10.07-19.10.31:658][  0]LogFileCache: Scanning file cache for directory 'C:/Users/Brian/Documents/GitHub/doftg/First_2/Saved/Collections/' took 0.01s
[2016.10.07-19.10.31:658][  0]LogFileCache: Scanning file cache for directory 'C:/Users/Brian/Documents/GitHub/doftg/First_2/Content/Developers/Brian/Collections/' took 0.01s
[2016.10.07-19.10.31:658][  0]LogFileCache: Scanning file cache for directory 'C:/Users/Brian/Documents/GitHub/doftg/First_2/Content/Collections/' took 0.01s
[2016.10.07-19.10.31:658][  0]LogCollectionManager: Rebuilt the GUID cache for 1 collections in 0.000007 seconds
[2016.10.07-19.10.31:658][  0]LogCollectionManager: Rebuilt the hierarchy cache for 1 collections in 0.000000 seconds
[2016.10.07-19.10.31:669][  0]LogContentBrowser: Native class hierarchy populated in 0.0102 seconds. Added 2141 classes and 415 folders.
[2016.10.07-19.10.31:674][  0]LogStats: UGameplayTagsManager::ConstructGameplayTagTree: Construct from data asset -  0.000 s
[2016.10.07-19.10.31:674][  0]LogStats: UGameplayTagsManager::ConstructGameplayTagTree: GameplayTagTreeChangedEvent.Broadcast -  0.000 s
[2016.10.07-19.10.31:675][  0]LogContentBrowser: Native class hierarchy updated for 'GameplayTags' in 0.0005 seconds. Added 12 classes and 0 folders.
[2016.10.07-19.10.31:681][  0]LogContentBrowser: Native class hierarchy updated for 'WidgetCarousel' in 0.0004 seconds. Added 0 classes and 0 folders.
[2016.10.07-19.10.31:720][  0]LogContentBrowser: Native class hierarchy updated for 'AddContentDialog' in 0.0005 seconds. Added 0 classes and 0 folders.
[2016.10.07-19.10.31:726][  0]LogContentBrowser: Native class hierarchy updated for 'SceneOutliner' in 0.0005 seconds. Added 1 classes and 2 folders.
[2016.10.07-19.10.31:746][  0]LogCrashTracker: Crashtracker disabled due to settings.
[2016.10.07-19.10.31:752][  0]LogUObjectGlobals:Warning: Failed to find object 'Class None.'
[2016.10.07-19.10.31:785][  0]LogContentBrowser: Native class hierarchy updated for 'HierarchicalLODOutliner' in 0.0008 seconds. Added 1 classes and 2 folders.
[2016.10.07-19.10.31:785][  0]LogLoad: (Engine Initialization) Total time: 7.77 seconds
[2016.10.07-19.10.31:786][  0]LogLoad: (Engine Initialization) Total Blueprint compile time: 0.05 seconds
[2016.10.07-19.10.31:786][  0]LogExternalProfiler: Found external profiler: VSPerf
[2016.10.07-19.10.31:786][  0]LogExternalProfiler: Using external profiler: VSPerf
[2016.10.07-19.10.31:803][  0]LogOcInput: OculusInput pre-init called
[2016.10.07-19.10.31:824][  0]LogContentStreaming: Texture pool size now 400 MB
[2016.10.07-19.10.32:016][  0]LogRenderer: Reallocating scene render targets to support 1004x448 (Frame:2).
[2016.10.07-19.10.32:364][  3]LogAssetRegistry: Asset discovery search completed in 4.0936 seconds
[2016.10.07-19.10.32:364][  3]LogCollectionManager: Rebuilt the object cache for 1 collections in 0.000009 seconds (found 0 objects)
[2016.10.07-19.10.32:364][  3]LogCollectionManager: Fixed up redirectors for 1 collections in 0.000040 seconds (updated 0 objects)
[2016.10.07-19.10.41:078][523]LogEditorViewport: Clicking Background
[2016.10.07-19.10.45:895][728]LogEditorViewport: Clicking Background
[2016.10.07-19.11.45:870][999]LogFactory: FactoryCreateFile: Texture with ReimportTextureFactory (0 0 ../../../../../../Users/Brian/Documents/GitHub/doftg/paper_collect.png)
[2016.10.07-19.11.45:872][999]LogTexture:Display: Building textures: paper_collect (AutoDXT)
[2016.10.07-19.12.11:377][427]LogEditorViewport: Clicking on Actor (LMB): PaperSpriteActor (castle_Sprite_65)
[2016.10.07-19.12.13:846][560]LogEditorViewport: Clicking on Actor (LMB): PaperSpriteActor (castle_Sprite_79)
[2016.10.07-19.12.14:967][622]LogEditorViewport: Clicking on Actor (LMB): PaperSpriteActor (castle_Sprite_64)
[2016.10.07-19.12.17:158][748]LogEditorViewport: Clicking on Actor (LMB): PaperSpriteActor (castle_Sprite_65)
[2016.10.07-19.12.17:211][748]LogEditorViewport: Clicking on Component (LMB): PaperSpriteComponent (RenderComponent)
[2016.10.07-19.12.17:479][760]LogEditorViewport: Clicking on Component (LMB): PaperSpriteComponent (RenderComponent)
[2016.10.07-19.12.18:861][841]LogEditorViewport: Clicking on Actor (LMB): PaperSpriteActor (castle_Sprite_64)
[2016.10.07-19.12.57:109][ 11]LogContentBrowser: Native class hierarchy updated for 'BlueprintGraph' in 0.0012 seconds. Added 112 classes and 0 folders.
[2016.10.07-19.12.59:985][ 66]LogRenderer: Reallocating scene render targets to support 1004x568 (Frame:271).
[2016.10.07-19.13.16:660][809]Cmd: OBJ SAVEPACKAGE PACKAGE="/Game/Demo/Maps/Level_00" FILE="../../../../../../Users/Brian/Documents/GitHub/doftg/First_2/Content/Demo/Maps/Level_00.umap" SILENT=true AUTOSAVING=false KEEPDIRTY=false
[2016.10.07-19.13.16:924][809]LogSavePackage: Save=205.04ms
[2016.10.07-19.13.16:924][809]LogSavePackage: Moving '../../../../../../Users/Brian/Documents/GitHub/doftg/First_2/Saved/Level_007D63DC34428DDD1B411F35844FCFD322.tmp' to '../../../../../../Users/Brian/Documents/GitHub/doftg/First_2/Content/Demo/Maps/Level_00.umap'
[2016.10.07-19.13.16:929][809]LogSavePackage:Display: Finished SavePackage ../../../../../../Users/Brian/Documents/GitHub/doftg/First_2/Content/Demo/Maps/Level_00.umap
[2016.10.07-19.13.16:972][809]LogFileHelpers: Saving map 'Level_00' took 0.387
[2016.10.07-19.13.16:988][809]LogSavePackage: Save=3.48ms
[2016.10.07-19.13.16:988][809]LogSavePackage: Moving '../../../../../../Users/Brian/Documents/GitHub/doftg/First_2/Saved/paper_collect6A807D6843E6AE7EB0AE69B4E44C6098.tmp' to '../../../../../../Users/Brian/Documents/GitHub/doftg/First_2/Content/Demo/Sprites/level_sprites/paper_collect.uasset'
[2016.10.07-19.13.16:993][809]LogSavePackage:Display: Finished SavePackage ../../../../../../Users/Brian/Documents/GitHub/doftg/First_2/Content/Demo/Sprites/level_sprites/paper_collect.uasset
[2016.10.07-19.13.17:040][809]LogSavePackage: Save=12.31ms
[2016.10.07-19.13.17:040][809]LogSavePackage: Moving '../../../../../../Users/Brian/Documents/GitHub/doftg/First_2/Saved/paper_collect_Sprite_051EBF34C49BCFF214484F89206E3BA0A.tmp' to '../../../../../../Users/Brian/Documents/GitHub/doftg/First_2/Content/Demo/Sprites/level_sprites/paper_collect_Sprite_0.uasset'
[2016.10.07-19.13.17:045][809]LogSavePackage:Display: Finished SavePackage ../../../../../../Users/Brian/Documents/GitHub/doftg/First_2/Content/Demo/Sprites/level_sprites/paper_collect_Sprite_0.uasset
[2016.10.07-19.13.17:052][809]Cmd: OBJ SAVEPACKAGE PACKAGE="/Game/Demo/Blueprint/paper_A" FILE="../../../../../../Users/Brian/Documents/GitHub/doftg/First_2/Content/Demo/Blueprint/paper_A.uasset" SILENT=true
[2016.10.07-19.13.17:072][809]LogSavePackage: Save=17.51ms
[2016.10.07-19.13.17:072][809]LogSavePackage: Moving '../../../../../../Users/Brian/Documents/GitHub/doftg/First_2/Saved/paper_AA42FD42F46F18A925720F6975D64EDC8.tmp' to '../../../../../../Users/Brian/Documents/GitHub/doftg/First_2/Content/Demo/Blueprint/paper_A.uasset'
[2016.10.07-19.13.17:077][809]LogSavePackage:Display: Finished SavePackage ../../../../../../Users/Brian/Documents/GitHub/doftg/First_2/Content/Demo/Blueprint/paper_A.uasset
[2016.10.07-19.13.29:386][338]Cmd: OBJ SAVEPACKAGE PACKAGE="/Game/Demo/Maps/Level_00" FILE="../../../../../../Users/Brian/Documents/GitHub/doftg/First_2/Content/Demo/Maps/Level_00.umap" SILENT=true AUTOSAVING=false KEEPDIRTY=false
[2016.10.07-19.13.29:679][338]LogSavePackage: Save=218.21ms
[2016.10.07-19.13.29:679][338]LogSavePackage: Moving '../../../../../../Users/Brian/Documents/GitHub/doftg/First_2/Saved/Level_00E3292C734BE6F76FCF37C29484F1BDCF.tmp' to '../../../../../../Users/Brian/Documents/GitHub/doftg/First_2/Content/Demo/Maps/Level_00.umap'
[2016.10.07-19.13.29:685][338]LogSavePackage:Display: Finished SavePackage ../../../../../../Users/Brian/Documents/GitHub/doftg/First_2/Content/Demo/Maps/Level_00.umap
[2016.10.07-19.13.29:726][338]LogFileHelpers: Saving map 'Level_00' took 0.409
[2016.10.07-19.13.29:732][338]Cmd: OBJ SAVEPACKAGE PACKAGE="/Game/Demo/Blueprint/paper_A" FILE="../../../../../../Users/Brian/Documents/GitHub/doftg/First_2/Content/Demo/Blueprint/paper_A.uasset" SILENT=true
[2016.10.07-19.13.29:776][338]LogSavePackage: Save=18.23ms
[2016.10.07-19.13.29:777][338]LogSavePackage: Moving '../../../../../../Users/Brian/Documents/GitHub/doftg/First_2/Saved/paper_A1DBDACD24C0D6DF6445308BFEFC2649C.tmp' to '../../../../../../Users/Brian/Documents/GitHub/doftg/First_2/Content/Demo/Blueprint/paper_A.uasset'
[2016.10.07-19.13.29:782][338]LogSavePackage:Display: Finished SavePackage ../../../../../../Users/Brian/Documents/GitHub/doftg/First_2/Content/Demo/Blueprint/paper_A.uasset
[2016.10.07-19.13.44:018][951]Cmd: OBJ SAVEPACKAGE PACKAGE="/Game/Demo/Maps/Level_00" FILE="../../../../../../Users/Brian/Documents/GitHub/doftg/First_2/Content/Demo/Maps/Level_00.umap" SILENT=true AUTOSAVING=false KEEPDIRTY=false
[2016.10.07-19.13.44:300][951]LogSavePackage: Save=205.56ms
[2016.10.07-19.13.44:300][951]LogSavePackage: Moving '../../../../../../Users/Brian/Documents/GitHub/doftg/First_2/Saved/Level_009A883D844B74BA7AD52CF2885659B0A4.tmp' to '../../../../../../Users/Brian/Documents/GitHub/doftg/First_2/Content/Demo/Maps/Level_00.umap'
[2016.10.07-19.13.44:306][951]LogSavePackage:Display: Finished SavePackage ../../../../../../Users/Brian/Documents/GitHub/doftg/First_2/Content/Demo/Maps/Level_00.umap
[2016.10.07-19.13.44:349][951]LogFileHelpers: Saving map 'Level_00' took 0.400
[2016.10.07-19.13.44:354][951]Cmd: OBJ SAVEPACKAGE PACKAGE="/Game/Demo/Blueprint/paper_A" FILE="../../../../../../Users/Brian/Documents/GitHub/doftg/First_2/Content/Demo/Blueprint/paper_A.uasset" SILENT=true
[2016.10.07-19.13.44:392][951]LogSavePackage: Save=19.93ms
[2016.10.07-19.13.44:392][951]LogSavePackage: Moving '../../../../../../Users/Brian/Documents/GitHub/doftg/First_2/Saved/paper_A4B1A1CEB4D7DF9CA429FF4BD9DCAA641.tmp' to '../../../../../../Users/Brian/Documents/GitHub/doftg/First_2/Content/Demo/Blueprint/paper_A.uasset'
[2016.10.07-19.13.44:396][951]LogSavePackage:Display: Finished SavePackage ../../../../../../Users/Brian/Documents/GitHub/doftg/First_2/Content/Demo/Blueprint/paper_A.uasset
[2016.10.07-19.13.51:872][343]LogEditorViewport: Clicking Background
[2016.10.07-19.13.53:717][452]LogEditorViewport: Clicking Background
[2016.10.07-19.14.17:698][780]LogEditorViewport: Clicking on Actor (LMB): paper_A_C (paper_A)
[2016.10.07-19.14.19:693][884]Cmd: OBJ SAVEPACKAGE PACKAGE="/Game/Demo/Maps/Level_00" FILE="../../../../../../Users/Brian/Documents/GitHub/doftg/First_2/Content/Demo/Maps/Level_00.umap" SILENT=true AUTOSAVING=false KEEPDIRTY=false
[2016.10.07-19.14.19:983][884]LogSavePackage: Save=218.62ms
[2016.10.07-19.14.19:983][884]LogSavePackage: Moving '../../../../../../Users/Brian/Documents/GitHub/doftg/First_2/Saved/Level_0070E2CF5B40D87B3BF37DF89B53EA6C05.tmp' to '../../../../../../Users/Brian/Documents/GitHub/doftg/First_2/Content/Demo/Maps/Level_00.umap'
[2016.10.07-19.14.19:988][884]LogSavePackage:Display: Finished SavePackage ../../../../../../Users/Brian/Documents/GitHub/doftg/First_2/Content/Demo/Maps/Level_00.umap
[2016.10.07-19.14.20:031][884]LogFileHelpers: Saving map 'Level_00' took 0.413
[2016.10.07-19.16.04:613][903]LogEditorTransaction: Undo Modify Component(s)
[2016.10.07-19.16.51:008][794]Cmd: OBJ SAVEPACKAGE PACKAGE="/Game/Demo/Maps/Level_00" FILE="../../../../../../Users/Brian/Documents/GitHub/doftg/First_2/Content/Demo/Maps/Level_00.umap" SILENT=true AUTOSAVING=false KEEPDIRTY=false
[2016.10.07-19.16.51:245][794]LogSavePackage: Save=183.50ms
[2016.10.07-19.16.51:245][794]LogSavePackage: Moving '../../../../../../Users/Brian/Documents/GitHub/doftg/First_2/Saved/Level_006FEE626C47C45490034B47B2AF8F92D8.tmp' to '../../../../../../Users/Brian/Documents/GitHub/doftg/First_2/Content/Demo/Maps/Level_00.umap'
[2016.10.07-19.16.51:250][794]LogSavePackage:Display: Finished SavePackage ../../../../../../Users/Brian/Documents/GitHub/doftg/First_2/Content/Demo/Maps/Level_00.umap
[2016.10.07-19.16.51:290][794]LogFileHelpers: Saving map 'Level_00' took 0.343
[2016.10.07-19.16.51:295][794]Cmd: OBJ SAVEPACKAGE PACKAGE="/Game/Demo/Blueprint/paper_A" FILE="../../../../../../Users/Brian/Documents/GitHub/doftg/First_2/Content/Demo/Blueprint/paper_A.uasset" SILENT=true
[2016.10.07-19.16.51:321][794]LogSavePackage: Save=12.25ms
[2016.10.07-19.16.51:321][794]LogSavePackage: Moving '../../../../../../Users/Brian/Documents/GitHub/doftg/First_2/Saved/paper_A36407BD94777C80DE2CA9F9C1F46219C.tmp' to '../../../../../../Users/Brian/Documents/GitHub/doftg/First_2/Content/Demo/Blueprint/paper_A.uasset'
[2016.10.07-19.16.51:325][794]LogSavePackage:Display: Finished SavePackage ../../../../../../Users/Brian/Documents/GitHub/doftg/First_2/Content/Demo/Blueprint/paper_A.uasset
[2016.10.07-19.17.29:131][844]Cmd: OBJ SAVEPACKAGE PACKAGE="/Game/Demo/Blueprint/paper_A" FILE="../../../../../../Users/Brian/Documents/GitHub/doftg/First_2/Content/Demo/Blueprint/paper_A.uasset" SILENT=true
[2016.10.07-19.17.29:154][844]LogSavePackage: Save=11.19ms
[2016.10.07-19.17.29:154][844]LogSavePackage: Moving '../../../../../../Users/Brian/Documents/GitHub/doftg/First_2/Saved/paper_AF2DEF0DA4D7908F5BCF0DE894F5F25E7.tmp' to '../../../../../../Users/Brian/Documents/GitHub/doftg/First_2/Content/Demo/Blueprint/paper_A.uasset'
[2016.10.07-19.17.29:157][844]LogSavePackage:Display: Finished SavePackage ../../../../../../Users/Brian/Documents/GitHub/doftg/First_2/Content/Demo/Blueprint/paper_A.uasset
[2016.10.07-19.17.31:666][993]LogEditorViewport: Clicking Background
[2016.10.07-19.17.51:582][174]LogUObjectGlobals:Warning: Guid referenced by PaperSpriteComponent /Game/Demo/Maps/Level_00.Level_00:PersistentLevel.paper_A.RenderComponent is already used by PaperSpriteComponent /Game/Demo/Maps/Level_00.Level_00:PersistentLevel.REINST_paper_A_level00_C_0.RenderComponent, which should never happen in the editor but could happen at runtime with duplicate level loading or PIE
[2016.10.07-19.17.51:826][174]LogMetaData: Removing '/Game/Demo/Blueprint/paper_A_level00.paper_A_level00:UserConstructionScript.K2Node_FunctionEntry_0' ref from Metadata '/Game/Demo/Blueprint/paper_A.PackageMetaData'
[2016.10.07-19.17.51:826][174]LogMetaData: Removing '/Game/Demo/Blueprint/paper_A_level00.SKEL_paper_A_level00_C' ref from Metadata '/Game/Demo/Blueprint/paper_A.PackageMetaData'
[2016.10.07-19.17.51:826][174]LogMetaData: Removing '/Game/Demo/Blueprint/paper_A_level00.paper_A_level00_C' ref from Metadata '/Game/Demo/Blueprint/paper_A.PackageMetaData'
[2016.10.07-19.17.51:826][174]LogMetaData: Removing '/Game/Demo/Blueprint/paper_A_level00.paper_A_level00:EventGraph.K2Node_Event_0' ref from Metadata '/Game/Demo/Blueprint/paper_A.PackageMetaData'
[2016.10.07-19.17.51:826][174]LogMetaData: Removing '/Game/Demo/Blueprint/paper_A_level00.paper_A_level00:EventGraph.K2Node_Event_1' ref from Metadata '/Game/Demo/Blueprint/paper_A.PackageMetaData'
[2016.10.07-19.17.51:857][174]Cmd: OBJ SAVEPACKAGE PACKAGE="/Game/Demo/Blueprint/paper_A_level00" FILE="../../../../../../Users/Brian/Documents/GitHub/doftg/First_2/Content/Demo/Blueprint/paper_A_level00.uasset" SILENT=true
[2016.10.07-19.17.51:871][174]LogSavePackage: Save=12.69ms
[2016.10.07-19.17.51:871][174]LogSavePackage: Moving '../../../../../../Users/Brian/Documents/GitHub/doftg/First_2/Saved/paper_A_level001FD773194CB497CC1F116C88D8F85621.tmp' to '../../../../../../Users/Brian/Documents/GitHub/doftg/First_2/Content/Demo/Blueprint/paper_A_level00.uasset'
[2016.10.07-19.17.51:875][174]LogSavePackage:Display: Finished SavePackage ../../../../../../Users/Brian/Documents/GitHub/doftg/First_2/Content/Demo/Blueprint/paper_A_level00.uasset
[2016.10.07-19.17.51:881][174]Cmd: OBJ SAVEPACKAGE PACKAGE="/Game/Demo/Blueprint/paper_A" FILE="../../../../../../Users/Brian/Documents/GitHub/doftg/First_2/Content/Demo/Blueprint/paper_A.uasset" SILENT=true
[2016.10.07-19.17.51:898][174]LogSavePackage: Save=5.22ms
[2016.10.07-19.17.51:898][174]LogSavePackage: Moving '../../../../../../Users/Brian/Documents/GitHub/doftg/First_2/Saved/paper_A56FCA3614348E124109074B2A5FD4872.tmp' to '../../../../../../Users/Brian/Documents/GitHub/doftg/First_2/Content/Demo/Blueprint/paper_A.uasset'
[2016.10.07-19.17.51:901][174]LogSavePackage:Display: Finished SavePackage ../../../../../../Users/Brian/Documents/GitHub/doftg/First_2/Content/Demo/Blueprint/paper_A.uasset
[2016.10.07-19.17.56:765][446]LogBlueprintUserMessages: Early PlayInEditor Detection: Level '/Game/Demo/Maps/Level_00.Level_00:PersistentLevel' has LevelScriptBlueprint '/Game/Demo/Maps/Level_00.Level_00:PersistentLevel.Level_00' with GeneratedClass '/Game/Demo/Maps/Level_00.Level_00_C' with ClassGeneratedBy '/Game/Demo/Maps/Level_00.Level_00:PersistentLevel.Level_00'
[2016.10.07-19.17.56:765][446]LogPlayLevel: PlayLevel: No blueprints needed recompiling
[2016.10.07-19.17.56:766][446]PIE: New page: PIE session: Level_00 (Oct 7, 2016, 10:17:56 AM)
[2016.10.07-19.17.56:766][446]LogPlayLevel: Creating play world package: /Game/Demo/Maps/UEDPIE_0_Level_00
[2016.10.07-19.17.56:778][446]LogPlayLevel: PIE: StaticDuplicateObject took: (0.012001s)
[2016.10.07-19.17.56:780][446]LogAIModule: Creating AISystem for world Level_00
[2016.10.07-19.17.56:780][446]LogPlayLevel: PIE: World Init took: (0.001858s)
[2016.10.07-19.17.56:781][446]LogPlayLevel: PIE: Created PIE world by copying editor world from /Game/Demo/Maps/Level_00.Level_00 to /Game/Demo/Maps/UEDPIE_0_Level_00.Level_00 (0.014721s)
[2016.10.07-19.17.56:830][446]LogInit: XAudio2 using 'Speakers (High Definition Audio Device)' : 2 channels at 44.1 kHz using 16 bits per sample (channel mask 0x3)
[2016.10.07-19.17.56:839][446]LogInit: FAudioDevice initialized.
[2016.10.07-19.17.56:892][446]LogWorld: Game class is '2DSideScrollerGameMode_C'
[2016.10.07-19.17.56:906][446]LogWorld: Bringing World /Game/Demo/Maps/UEDPIE_0_Level_00.Level_00 up for play (max tick rate 60) at 2016.10.07-15.17.56
[2016.10.07-19.17.56:906][446]LogWorld: Bringing up level for play took: 0.013667
[2016.10.07-19.17.56:913][446]LogContentBrowser: Native class hierarchy updated for 'MovieSceneCapture' in 0.0006 seconds. Added 11 classes and 0 folders.
[2016.10.07-19.17.56:913][446]LogGameMode:Display: Match State Changed from EnteringMap to WaitingToStart
[2016.10.07-19.17.56:913][446]LogGameState: Match State Changed from EnteringMap to WaitingToStart
[2016.10.07-19.17.56:913][446]LogGameMode:Display: Match State Changed from WaitingToStart to InProgress
[2016.10.07-19.17.56:915][446]LogGameState: Match State Changed from WaitingToStart to InProgress
[2016.10.07-19.17.56:915][446]PIE: Info Play in editor start time for /Game/Demo/Maps/UEDPIE_0_Level_00 -0.489
[2016.10.07-19.17.56:915][446]LogBlueprintUserMessages: Late PlayInEditor Detection: Level '/Game/Demo/Maps/Level_00.Level_00:PersistentLevel' has LevelScriptBlueprint '/Game/Demo/Maps/Level_00.Level_00:PersistentLevel.Level_00' with GeneratedClass '/Game/Demo/Maps/Level_00.Level_00_C' with ClassGeneratedBy '/Game/Demo/Maps/Level_00.Level_00:PersistentLevel.Level_00'
[2016.10.07-19.18.09:948][ 91]LogBlueprintUserMessages: Early EndPlayMap Detection: Level '/Game/Demo/Maps/Level_00.Level_00:PersistentLevel' has LevelScriptBlueprint '/Game/Demo/Maps/Level_00.Level_00:PersistentLevel.Level_00' with GeneratedClass '/Game/Demo/Maps/Level_00.Level_00_C' with ClassGeneratedBy '/Game/Demo/Maps/Level_00.Level_00:PersistentLevel.Level_00'
[2016.10.07-19.18.10:002][ 91]LogBlueprintUserMessages: Late EndPlayMap Detection: Level '/Game/Demo/Maps/Level_00.Level_00:PersistentLevel' has LevelScriptBlueprint '/Game/Demo/Maps/Level_00.Level_00:PersistentLevel.Level_00' with GeneratedClass '/Game/Demo/Maps/Level_00.Level_00_C' with ClassGeneratedBy '/Game/Demo/Maps/Level_00.Level_00:PersistentLevel.Level_00'
[2016.10.07-19.18.12:273][222]LogBlueprintUserMessages: Early PlayInEditor Detection: Level '/Game/Demo/Maps/Level_00.Level_00:PersistentLevel' has LevelScriptBlueprint '/Game/Demo/Maps/Level_00.Level_00:PersistentLevel.Level_00' with GeneratedClass '/Game/Demo/Maps/Level_00.Level_00_C' with ClassGeneratedBy '/Game/Demo/Maps/Level_00.Level_00:PersistentLevel.Level_00'
[2016.10.07-19.18.12:273][222]LogPlayLevel: PlayLevel: No blueprints needed recompiling
[2016.10.07-19.18.12:273][222]PIE: New page: PIE session: Level_00 (Oct 7, 2016, 10:18:12 AM)
[2016.10.07-19.18.12:273][222]LogPlayLevel: Creating play world package: /Game/Demo/Maps/UEDPIE_0_Level_00
[2016.10.07-19.18.12:284][222]LogPlayLevel: PIE: StaticDuplicateObject took: (0.010332s)
[2016.10.07-19.18.12:285][222]LogAIModule: Creating AISystem for world Level_00
[2016.10.07-19.18.12:285][222]LogPlayLevel: PIE: World Init took: (0.001385s)
[2016.10.07-19.18.12:285][222]LogPlayLevel: PIE: Created PIE world by copying editor world from /Game/Demo/Maps/Level_00.Level_00 to /Game/Demo/Maps/UEDPIE_0_Level_00.Level_00 (0.012131s)
[2016.10.07-19.18.12:350][222]LogInit: XAudio2 using 'Speakers (High Definition Audio Device)' : 2 channels at 44.1 kHz using 16 bits per sample (channel mask 0x3)
[2016.10.07-19.18.12:360][222]LogInit: FAudioDevice initialized.
[2016.10.07-19.18.12:396][222]LogWorld: Game class is '2DSideScrollerGameMode_C'
[2016.10.07-19.18.12:412][222]LogWorld: Bringing World /Game/Demo/Maps/UEDPIE_0_Level_00.Level_00 up for play (max tick rate 60) at 2016.10.07-15.18.12
[2016.10.07-19.18.12:412][222]LogWorld: Bringing up level for play took: 0.015607
[2016.10.07-19.18.12:414][222]LogGameMode:Display: Match State Changed from EnteringMap to WaitingToStart
[2016.10.07-19.18.12:414][222]LogGameState: Match State Changed from EnteringMap to WaitingToStart
[2016.10.07-19.18.12:414][222]LogGameMode:Display: Match State Changed from WaitingToStart to InProgress
[2016.10.07-19.18.12:415][222]LogGameState: Match State Changed from WaitingToStart to InProgress
[2016.10.07-19.18.12:415][222]PIE: Info Play in editor start time for /Game/Demo/Maps/UEDPIE_0_Level_00 1.011
[2016.10.07-19.18.12:416][222]LogBlueprintUserMessages: Late PlayInEditor Detection: Level '/Game/Demo/Maps/Level_00.Level_00:PersistentLevel' has LevelScriptBlueprint '/Game/Demo/Maps/Level_00.Level_00:PersistentLevel.Level_00' with GeneratedClass '/Game/Demo/Maps/Level_00.Level_00_C' with ClassGeneratedBy '/Game/Demo/Maps/Level_00.Level_00:PersistentLevel.Level_00'
[2016.10.07-19.18.38:456][537]LogGameMode:Display: Match State Changed from InProgress to LeavingMap
[2016.10.07-19.18.38:456][537]LogGameState: Match State Changed from InProgress to LeavingMap
[2016.10.07-19.18.38:456][537]LogNet: Browse: /Game/Demo/Maps/Level_01
[2016.10.07-19.18.38:457][537]LogLoad: LoadMap: /Game/Demo/Maps/Level_01
[2016.10.07-19.18.38:519][537]Cmd: MEM
[2016.10.07-19.18.38:567][537]LogMemory: Platform Memory Stats for Windows
[2016.10.07-19.18.38:567][537]LogMemory: Process Physical Memory: 1137.33 MB used, 1138.86 MB peak
[2016.10.07-19.18.38:567][537]LogMemory: Process Virtual Memory: 1508.95 MB used, 1532.82 MB peak
[2016.10.07-19.18.38:567][537]LogMemory: Physical Memory: 3129.21 MB used, 8075.23 MB total
[2016.10.07-19.18.38:567][537]LogMemory: Virtual Memory: 2303.11 MB used, 134217728.00 MB total
[2016.10.07-19.18.38:567][537]LogMemory: 
[2016.10.07-19.18.38:567][537]Allocator Stats for TBB: (not implemented)
[2016.10.07-19.18.38:700][537]LogAIModule: Creating AISystem for world Level_01
[2016.10.07-19.18.38:700][537]LogWorld: Game class is '2DSideScrollerGameMode_C'
[2016.10.07-19.18.38:715][537]LogWorld: Bringing World /Game/Demo/Maps/UEDPIE_0_Level_01.Level_01 up for play (max tick rate 60) at 2016.10.07-15.18.38
[2016.10.07-19.18.38:716][537]LogWorld: Bringing up level for play took: 0.015550
[2016.10.07-19.18.38:717][537]LogGameMode:Display: Match State Changed from EnteringMap to WaitingToStart
[2016.10.07-19.18.38:717][537]LogGameState: Match State Changed from EnteringMap to WaitingToStart
[2016.10.07-19.18.38:717][537]LogGameMode:Display: Match State Changed from WaitingToStart to InProgress
[2016.10.07-19.18.38:719][537]LogGameState: Match State Changed from WaitingToStart to InProgress
[2016.10.07-19.18.38:719][537]LogLoad: Took 0.261957 seconds to LoadMap(/Game/Demo/Maps/Level_01)
[2016.10.07-19.18.46:758][939]LogBlueprintUserMessages: Early EndPlayMap Detection: Level '/Game/Demo/Maps/Level_00.Level_00:PersistentLevel' has LevelScriptBlueprint '/Game/Demo/Maps/Level_00.Level_00:PersistentLevel.Level_00' with GeneratedClass '/Game/Demo/Maps/Level_00.Level_00_C' with ClassGeneratedBy '/Game/Demo/Maps/Level_00.Level_00:PersistentLevel.Level_00'
[2016.10.07-19.18.46:806][939]LogBlueprintUserMessages: Late EndPlayMap Detection: Level '/Game/Demo/Maps/Level_00.Level_00:PersistentLevel' has LevelScriptBlueprint '/Game/Demo/Maps/Level_00.Level_00:PersistentLevel.Level_00' with GeneratedClass '/Game/Demo/Maps/Level_00.Level_00_C' with ClassGeneratedBy '/Game/Demo/Maps/Level_00.Level_00:PersistentLevel.Level_00'
[2016.10.07-19.18.48:256][ 13]Cmd: OBJ SAVEPACKAGE PACKAGE="/Game/Demo/Maps/Level_00" FILE="../../../../../../Users/Brian/Documents/GitHub/doftg/First_2/Content/Demo/Maps/Level_00.umap" SILENT=true AUTOSAVING=false KEEPDIRTY=false
[2016.10.07-19.18.48:474][ 13]LogSavePackage: Save=165.99ms
[2016.10.07-19.18.48:474][ 13]LogSavePackage: Moving '../../../../../../Users/Brian/Documents/GitHub/doftg/First_2/Saved/Level_00AF8CF018418CACD25329EE8A3349A552.tmp' to '../../../../../../Users/Brian/Documents/GitHub/doftg/First_2/Content/Demo/Maps/Level_00.umap'
[2016.10.07-19.18.48:479][ 13]LogSavePackage:Display: Finished SavePackage ../../../../../../Users/Brian/Documents/GitHub/doftg/First_2/Content/Demo/Maps/Level_00.umap
[2016.10.07-19.18.48:518][ 13]LogFileHelpers: Saving map 'Level_00' took 0.329
[2016.10.07-19.19.55:774][584]Cmd: OBJ SAVEPACKAGE PACKAGE="/Game/Demo/Blueprint/paper_A_level00" FILE="../../../../../../Users/Brian/Documents/GitHub/doftg/First_2/Content/Demo/Blueprint/paper_A_level00.uasset" SILENT=true
[2016.10.07-19.19.55:802][584]LogSavePackage: Save=15.34ms
[2016.10.07-19.19.55:802][584]LogSavePackage: Moving '../../../../../../Users/Brian/Documents/GitHub/doftg/First_2/Saved/paper_A_level003F805BA74A083DAAFA6F2D87CB504D72.tmp' to '../../../../../../Users/Brian/Documents/GitHub/doftg/First_2/Content/Demo/Blueprint/paper_A_level00.uasset'
[2016.10.07-19.19.55:806][584]LogSavePackage:Display: Finished SavePackage ../../../../../../Users/Brian/Documents/GitHub/doftg/First_2/Content/Demo/Blueprint/paper_A_level00.uasset
[2016.10.07-19.20.00:585][867]LogBlueprintUserMessages: Early PlayInEditor Detection: Level '/Game/Demo/Maps/Level_00.Level_00:PersistentLevel' has LevelScriptBlueprint '/Game/Demo/Maps/Level_00.Level_00:PersistentLevel.Level_00' with GeneratedClass '/Game/Demo/Maps/Level_00.Level_00_C' with ClassGeneratedBy '/Game/Demo/Maps/Level_00.Level_00:PersistentLevel.Level_00'
[2016.10.07-19.20.00:585][867]BlueprintLog: New page: Pre-Play auto-recompile
[2016.10.07-19.20.00:585][867]LogPlayLevel: [PlayLevel] Compiling paper_A_level00 before play...
[2016.10.07-19.20.00:741][867]LogPlayLevel: PlayLevel: Blueprint regeneration took 155 ms (1 blueprints)
[2016.10.07-19.20.00:741][867]PIE: New page: PIE session: Level_00 (Oct 7, 2016, 10:20:00 AM)
[2016.10.07-19.20.00:741][867]LogPlayLevel: Creating play world package: /Game/Demo/Maps/UEDPIE_0_Level_00
[2016.10.07-19.20.00:751][867]LogPlayLevel: PIE: StaticDuplicateObject took: (0.009978s)
[2016.10.07-19.20.00:752][867]LogAIModule: Creating AISystem for world Level_00
[2016.10.07-19.20.00:752][867]LogPlayLevel: PIE: World Init took: (0.001499s)
[2016.10.07-19.20.00:753][867]LogPlayLevel: PIE: Created PIE world by copying editor world from /Game/Demo/Maps/Level_00.Level_00 to /Game/Demo/Maps/UEDPIE_0_Level_00.Level_00 (0.011874s)
[2016.10.07-19.20.00:792][867]LogInit: XAudio2 using 'Speakers (High Definition Audio Device)' : 2 channels at 44.1 kHz using 16 bits per sample (channel mask 0x3)
[2016.10.07-19.20.00:799][867]LogInit: FAudioDevice initialized.
[2016.10.07-19.20.00:834][867]LogWorld: Game class is '2DSideScrollerGameMode_C'
[2016.10.07-19.20.00:847][867]LogWorld: Bringing World /Game/Demo/Maps/UEDPIE_0_Level_00.Level_00 up for play (max tick rate 60) at 2016.10.07-15.20.00
[2016.10.07-19.20.00:848][867]LogWorld: Bringing up level for play took: 0.013040
[2016.10.07-19.20.00:849][867]LogGameMode:Display: Match State Changed from EnteringMap to WaitingToStart
[2016.10.07-19.20.00:849][867]LogGameState: Match State Changed from EnteringMap to WaitingToStart
[2016.10.07-19.20.00:849][867]LogGameMode:Display: Match State Changed from WaitingToStart to InProgress
[2016.10.07-19.20.00:850][867]LogGameState: Match State Changed from WaitingToStart to InProgress
[2016.10.07-19.20.00:850][867]PIE: Info Play in editor start time for /Game/Demo/Maps/UEDPIE_0_Level_00 -0.554
[2016.10.07-19.20.00:850][867]LogBlueprintUserMessages: Late PlayInEditor Detection: Level '/Game/Demo/Maps/Level_00.Level_00:PersistentLevel' has LevelScriptBlueprint '/Game/Demo/Maps/Level_00.Level_00:PersistentLevel.Level_00' with GeneratedClass '/Game/Demo/Maps/Level_00.Level_00_C' with ClassGeneratedBy '/Game/Demo/Maps/Level_00.Level_00:PersistentLevel.Level_00'
[2016.10.07-19.20.21:097][893]LogBlueprintUserMessages: [BP_Man_C_0] You Died
[2016.10.07-19.20.21:791][929]LogBlueprintUserMessages: Early EndPlayMap Detection: Level '/Game/Demo/Maps/Level_00.Level_00:PersistentLevel' has LevelScriptBlueprint '/Game/Demo/Maps/Level_00.Level_00:PersistentLevel.Level_00' with GeneratedClass '/Game/Demo/Maps/Level_00.Level_00_C' with ClassGeneratedBy '/Game/Demo/Maps/Level_00.Level_00:PersistentLevel.Level_00'
[2016.10.07-19.20.21:841][929]LogBlueprintUserMessages: Late EndPlayMap Detection: Level '/Game/Demo/Maps/Level_00.Level_00:PersistentLevel' has LevelScriptBlueprint '/Game/Demo/Maps/Level_00.Level_00:PersistentLevel.Level_00' with GeneratedClass '/Game/Demo/Maps/Level_00.Level_00_C' with ClassGeneratedBy '/Game/Demo/Maps/Level_00.Level_00:PersistentLevel.Level_00'
[2016.10.07-19.20.24:331][ 70]LogBlueprintUserMessages: Early PlayInEditor Detection: Level '/Game/Demo/Maps/Level_00.Level_00:PersistentLevel' has LevelScriptBlueprint '/Game/Demo/Maps/Level_00.Level_00:PersistentLevel.Level_00' with GeneratedClass '/Game/Demo/Maps/Level_00.Level_00_C' with ClassGeneratedBy '/Game/Demo/Maps/Level_00.Level_00:PersistentLevel.Level_00'
[2016.10.07-19.20.24:331][ 70]LogPlayLevel: PlayLevel: No blueprints needed recompiling
[2016.10.07-19.20.24:331][ 70]PIE: New page: PIE session: Level_00 (Oct 7, 2016, 10:20:24 AM)
[2016.10.07-19.20.24:331][ 70]LogPlayLevel: Creating play world package: /Game/Demo/Maps/UEDPIE_0_Level_00
[2016.10.07-19.20.24:340][ 70]LogPlayLevel: PIE: StaticDuplicateObject took: (0.009279s)
[2016.10.07-19.20.24:342][ 70]LogAIModule: Creating AISystem for world Level_00
[2016.10.07-19.20.24:342][ 70]LogPlayLevel: PIE: World Init took: (0.001701s)
[2016.10.07-19.20.24:342][ 70]LogPlayLevel: PIE: Created PIE world by copying editor world from /Game/Demo/Maps/Level_00.Level_00 to /Game/Demo/Maps/UEDPIE_0_Level_00.Level_00 (0.011346s)
[2016.10.07-19.20.24:396][ 70]LogInit: XAudio2 using 'Speakers (High Definition Audio Device)' : 2 channels at 44.1 kHz using 16 bits per sample (channel mask 0x3)
[2016.10.07-19.20.24:404][ 70]LogInit: FAudioDevice initialized.
[2016.10.07-19.20.24:439][ 70]LogWorld: Game class is '2DSideScrollerGameMode_C'
[2016.10.07-19.20.24:453][ 70]LogWorld: Bringing World /Game/Demo/Maps/UEDPIE_0_Level_00.Level_00 up for play (max tick rate 60) at 2016.10.07-15.20.24
[2016.10.07-19.20.24:454][ 70]LogWorld: Bringing up level for play took: 0.014816
[2016.10.07-19.20.24:455][ 70]LogGameMode:Display: Match State Changed from EnteringMap to WaitingToStart
[2016.10.07-19.20.24:455][ 70]LogGameState: Match State Changed from EnteringMap to WaitingToStart
[2016.10.07-19.20.24:455][ 70]LogGameMode:Display: Match State Changed from WaitingToStart to InProgress
[2016.10.07-19.20.24:457][ 70]LogGameState: Match State Changed from WaitingToStart to InProgress
[2016.10.07-19.20.24:457][ 70]PIE: Info Play in editor start time for /Game/Demo/Maps/UEDPIE_0_Level_00 1.052
[2016.10.07-19.20.24:457][ 70]LogBlueprintUserMessages: Late PlayInEditor Detection: Level '/Game/Demo/Maps/Level_00.Level_00:PersistentLevel' has LevelScriptBlueprint '/Game/Demo/Maps/Level_00.Level_00:PersistentLevel.Level_00' with GeneratedClass '/Game/Demo/Maps/Level_00.Level_00_C' with ClassGeneratedBy '/Game/Demo/Maps/Level_00.Level_00:PersistentLevel.Level_00'
[2016.10.07-19.20.48:824][258]LogGameMode:Display: Match State Changed from InProgress to LeavingMap
[2016.10.07-19.20.48:824][258]LogGameState: Match State Changed from InProgress to LeavingMap
[2016.10.07-19.20.48:826][258]LogNet: Browse: /Game/Demo/Maps/Level_01
[2016.10.07-19.20.48:826][258]LogLoad: LoadMap: /Game/Demo/Maps/Level_01
[2016.10.07-19.20.48:889][258]Cmd: MEM
[2016.10.07-19.20.48:935][258]LogMemory: Platform Memory Stats for Windows
[2016.10.07-19.20.48:935][258]LogMemory: Process Physical Memory: 1174.39 MB used, 1178.26 MB peak
[2016.10.07-19.20.48:935][258]LogMemory: Process Virtual Memory: 1544.15 MB used, 1603.35 MB peak
[2016.10.07-19.20.48:935][258]LogMemory: Physical Memory: 3105.44 MB used, 8075.23 MB total
[2016.10.07-19.20.48:935][258]LogMemory: Virtual Memory: 2333.47 MB used, 134217728.00 MB total
[2016.10.07-19.20.48:935][258]LogMemory: 
[2016.10.07-19.20.48:935][258]Allocator Stats for TBB: (not implemented)
[2016.10.07-19.20.48:983][258]LogAIModule: Creating AISystem for world Level_01
[2016.10.07-19.20.48:983][258]LogWorld: Game class is '2DSideScrollerGameMode_C'
[2016.10.07-19.20.48:999][258]LogWorld: Bringing World /Game/Demo/Maps/UEDPIE_0_Level_01.Level_01 up for play (max tick rate 60) at 2016.10.07-15.20.48
[2016.10.07-19.20.49:000][258]LogWorld: Bringing up level for play took: 0.016639
[2016.10.07-19.20.49:001][258]LogGameMode:Display: Match State Changed from EnteringMap to WaitingToStart
[2016.10.07-19.20.49:001][258]LogGameState: Match State Changed from EnteringMap to WaitingToStart
[2016.10.07-19.20.49:001][258]LogGameMode:Display: Match State Changed from WaitingToStart to InProgress
[2016.10.07-19.20.49:003][258]LogGameState: Match State Changed from WaitingToStart to InProgress
[2016.10.07-19.20.49:003][258]LogLoad: Took 0.177524 seconds to LoadMap(/Game/Demo/Maps/Level_01)
[2016.10.07-19.21.22:337][848]LogBlueprintUserMessages: Early EndPlayMap Detection: Level '/Game/Demo/Maps/Level_00.Level_00:PersistentLevel' has LevelScriptBlueprint '/Game/Demo/Maps/Level_00.Level_00:PersistentLevel.Level_00' with GeneratedClass '/Game/Demo/Maps/Level_00.Level_00_C' with ClassGeneratedBy '/Game/Demo/Maps/Level_00.Level_00:PersistentLevel.Level_00'
[2016.10.07-19.21.22:389][848]LogBlueprintUserMessages: Late EndPlayMap Detection: Level '/Game/Demo/Maps/Level_00.Level_00:PersistentLevel' has LevelScriptBlueprint '/Game/Demo/Maps/Level_00.Level_00:PersistentLevel.Level_00' with GeneratedClass '/Game/Demo/Maps/Level_00.Level_00_C' with ClassGeneratedBy '/Game/Demo/Maps/Level_00.Level_00:PersistentLevel.Level_00'
[2016.10.07-19.21.36:477][665]LogAIModule: Creating AISystem for world Level_01
[2016.10.07-19.21.40:053][665]Cmd: OBJ SAVEPACKAGE PACKAGE="/Game/Demo/Maps/Level_00" FILE="../../../../../../Users/Brian/Documents/GitHub/doftg/First_2/Content/Demo/Maps/Level_00.umap" SILENT=true AUTOSAVING=false KEEPDIRTY=false
[2016.10.07-19.21.40:272][665]LogSavePackage: Save=169.77ms
[2016.10.07-19.21.40:272][665]LogSavePackage: Moving '../../../../../../Users/Brian/Documents/GitHub/doftg/First_2/Saved/Level_002A3D22554F8D416803E8C08D0848DCE2.tmp' to '../../../../../../Users/Brian/Documents/GitHub/doftg/First_2/Content/Demo/Maps/Level_00.umap'
[2016.10.07-19.21.40:276][665]LogSavePackage:Display: Finished SavePackage ../../../../../../Users/Brian/Documents/GitHub/doftg/First_2/Content/Demo/Maps/Level_00.umap
[2016.10.07-19.21.40:311][665]LogFileHelpers: Saving map 'Level_00' took 0.318
[2016.10.07-19.21.40:312][665]Cmd: MAP LOAD FILE="../../../../../../Users/Brian/Documents/GitHub/doftg/First_2/Content/Demo/Maps/Level_01.umap" TEMPLATE=0 SHOWPROGRESS=1 FEATURELEVEL=3
[2016.10.07-19.21.40:312][665]LightingResults: New page: Lighting Build
[2016.10.07-19.21.40:314][665]LoadErrors: New page: Loading map: Level_01.umap
[2016.10.07-19.21.40:316][665]MapCheck: New page: Map Check
[2016.10.07-19.21.40:316][665]LightingResults: New page: Lighting Build
[2016.10.07-19.21.40:381][665]LogEditorServer: Finished looking for orphan Actors (0.000 secs)
[2016.10.07-19.21.40:412][665]Cmd: MAP CHECKDEP NOCLEARLOG
[2016.10.07-19.21.40:493][665]MapCheck: Info Map check complete: 0 Error(s), 0 Warning(s), took 80.927ms to complete.
[2016.10.07-19.21.40:493][665]LogFileHelpers: Loading map 'Level_01' took 0.182
[2016.10.07-19.21.43:761][851]LogEditorViewport: Clicking on Actor (LMB): PaperSpriteActor (door_openMid_Sprite_0)
[2016.10.07-19.21.56:507][592]LogActorComponent: UnregisterComponent: (/Engine/Transient.EditorFloorComp) Not registered. Aborting.
[2016.10.07-19.21.56:562][592]LogWindowsTextInputMethodSystem:Display: IME system now deactivated.
[2016.10.07-19.21.56:767][593]Cmd: QUIT_EDITOR
[2016.10.07-19.21.57:602][593]LogExit: Preparing to exit.
[2016.10.07-19.21.58:867][593]LogDirectoryWatcher: A directory notification for 'C:/Users/Brian/Documents/GitHub/doftg/First_2/Content/' was aborted.
[2016.10.07-19.21.58:909][593]LogExit: Editor shut down
[2016.10.07-19.21.58:910][593]LogExit: Transaction tracking system shut down
[2016.10.07-19.21.59:130][593]LogObj: Freed 0b from 0 cluster array pools.
[2016.10.07-19.21.59:130][593]LogExit: Object subsystem successfully closed.
[2016.10.07-19.21.59:149][593]LogD3D11RHI: Shutdown
[2016.10.07-19.21.59:149][593]LogD3D11RHI: CleanupD3DDevice
[2016.10.07-19.21.59:214][593]LogD3D11RHI: ~FD3D11DynamicRHI
[2016.10.07-19.21.59:242][593]LogModuleManager: Shutting down and abandoning module MovieSceneCapture (236)
[2016.10.07-19.21.59:242][593]LogModuleManager: Shutting down and abandoning module BlueprintGraph (235)
[2016.10.07-19.21.59:242][593]LogModuleManager: Shutting down and abandoning module BlueprintProfiler (234)
[2016.10.07-19.21.59:244][593]LogModuleManager: Shutting down and abandoning module HierarchicalLODOutliner (233)
[2016.10.07-19.21.59:244][593]LogModuleManager: Shutting down and abandoning module CrashTracker (232)
[2016.10.07-19.21.59:244][593]LogModuleManager: Shutting down and abandoning module SceneOutliner (231)
[2016.10.07-19.21.59:244][593]LogModuleManager: Shutting down and abandoning module WidgetCarousel (230)
[2016.10.07-19.21.59:244][593]LogModuleManager: Shutting down and abandoning module AddContentDialog (229)
[2016.10.07-19.21.59:244][593]LogDirectoryWatcher: A directory notification for 'C:/Program Files (x86)/Epic Games/4.13/FeaturePacks/' was aborted.
[2016.10.07-19.21.59:246][593]LogModuleManager: Shutting down and abandoning module GameplayTags (228)
[2016.10.07-19.21.59:246][593]LogModuleManager: Shutting down and abandoning module EditorWidgets (227)
[2016.10.07-19.21.59:246][593]LogModuleManager: Shutting down and abandoning module CollectionManager (226)
[2016.10.07-19.21.59:246][593]LogDirectoryWatcher: A directory notification for 'C:/Users/Brian/Documents/GitHub/doftg/First_2/Content/Collections/' was aborted.
[2016.10.07-19.21.59:246][593]LogDirectoryWatcher: A directory notification for 'C:/Users/Brian/Documents/GitHub/doftg/First_2/Content/Developers/Brian/Collections/' was aborted.
[2016.10.07-19.21.59:246][593]LogDirectoryWatcher: A directory notification for 'C:/Users/Brian/Documents/GitHub/doftg/First_2/Saved/Collections/' was aborted.
[2016.10.07-19.21.59:246][593]LogModuleManager: Shutting down and abandoning module StatsViewer (225)
[2016.10.07-19.21.59:246][593]LogModuleManager: Shutting down and abandoning module FoliageEdit (224)
[2016.10.07-19.21.59:246][593]LogModuleManager: Shutting down and abandoning module LandscapeEditor (223)
[2016.10.07-19.21.59:247][593]LogModuleManager: Shutting down and abandoning module SceneDepthPickerMode (222)
[2016.10.07-19.21.59:247][593]LogModuleManager: Shutting down and abandoning module ActorPickerMode (221)
[2016.10.07-19.21.59:247][593]LogModuleManager: Shutting down and abandoning module GeometryMode (220)
[2016.10.07-19.21.59:247][593]LogModuleManager: Shutting down and abandoning module TextureAlignMode (219)
[2016.10.07-19.21.59:247][593]LogModuleManager: Shutting down and abandoning module BspMode (218)
[2016.10.07-19.21.59:247][593]LogModuleManager: Shutting down and abandoning module HardwareSurvey (217)
[2016.10.07-19.21.59:247][593]LogModuleManager: Shutting down and abandoning module SequenceRecorderSections (216)
[2016.10.07-19.21.59:247][593]LogModuleManager: Shutting down and abandoning module SequenceRecorder (215)
[2016.10.07-19.21.59:247][593]LogModuleManager: Shutting down and abandoning module AutomationWorker (214)
[2016.10.07-19.21.59:247][593]LogModuleManager: Shutting down and abandoning module MatineeToLevelSequence (213)
[2016.10.07-19.21.59:247][593]LogModuleManager: Shutting down and abandoning module PlacementMode (212)
[2016.10.07-19.21.59:247][593]LogModuleManager: Shutting down and abandoning module LevelSequenceEditor (211)
[2016.10.07-19.21.59:247][593]LogModuleManager: Shutting down and abandoning module WmfMediaFactory (210)
[2016.10.07-19.21.59:247][593]LogModuleManager: Shutting down and abandoning module WmfMediaEditor (209)
[2016.10.07-19.21.59:247][593]LogModuleManager: Shutting down and abandoning module AvfMediaFactory (208)
[2016.10.07-19.21.59:248][593]LogModuleManager: Shutting down and abandoning module AvfMediaEditor (207)
[2016.10.07-19.21.59:248][593]LogModuleManager: Shutting down and abandoning module Media (206)
[2016.10.07-19.21.59:248][593]LogModuleManager: Shutting down and abandoning module AndroidMediaFactory (205)
[2016.10.07-19.21.59:248][593]LogModuleManager: Shutting down and abandoning module AndroidMediaEditor (204)
[2016.10.07-19.21.59:248][593]LogModuleManager: Shutting down and abandoning module CharacterAI (203)
[2016.10.07-19.21.59:248][593]LogModuleManager: Shutting down and abandoning module SmartSnapping (202)
[2016.10.07-19.21.59:248][593]LogModuleManager: Shutting down and abandoning module SessionServices (201)
[2016.10.07-19.21.59:248][593]LogModuleManager: Shutting down and abandoning module ViewportSnapping (200)
[2016.10.07-19.21.59:248][593]LogModuleManager: Shutting down and abandoning module ViewportInteraction (199)
[2016.10.07-19.21.59:248][593]LogModuleManager: Shutting down and abandoning module LogVisualizer (198)
[2016.10.07-19.21.59:248][593]LogModuleManager: Shutting down and abandoning module GameProjectGeneration (197)
[2016.10.07-19.21.59:248][593]LogModuleManager: Shutting down and abandoning module IntroTutorials (196)
[2016.10.07-19.21.59:248][593]LogModuleManager: Shutting down and abandoning module EditorLiveStreaming (195)
[2016.10.07-19.21.59:248][593]LogModuleManager: Shutting down and abandoning module IOSPlatformEditor (194)
[2016.10.07-19.21.59:248][593]LogModuleManager: Shutting down and abandoning module HTML5PlatformEditor (193)
[2016.10.07-19.21.59:248][593]LogModuleManager: Shutting down and abandoning module AndroidDeviceDetection (192)
[2016.10.07-19.21.59:901][593]LogModuleManager: Shutting down and abandoning module AndroidPlatformEditor (191)
[2016.10.07-19.21.59:901][593]LogModuleManager: Shutting down and abandoning module IOSRuntimeSettings (190)
[2016.10.07-19.21.59:901][593]LogModuleManager: Shutting down and abandoning module AndroidRuntimeSettings (189)
[2016.10.07-19.21.59:901][593]LogModuleManager: Shutting down and abandoning module NiagaraEditor (188)
[2016.10.07-19.21.59:901][593]LogModuleManager: Shutting down and abandoning module MergeActors (187)
[2016.10.07-19.21.59:901][593]LogModuleManager: Shutting down and abandoning module SizeMap (186)
[2016.10.07-19.21.59:901][593]LogModuleManager: Shutting down and abandoning module TreeMap (185)
[2016.10.07-19.21.59:901][593]LogModuleManager: Shutting down and abandoning module ReferenceViewer (184)
[2016.10.07-19.21.59:901][593]LogModuleManager: Shutting down and abandoning module LocalizationService (183)
[2016.10.07-19.21.59:901][593]LogModuleManager: Shutting down and abandoning module LocalizationDashboard (182)
[2016.10.07-19.21.59:901][593]LogModuleManager: Shutting down and abandoning module HardwareTargeting (181)
[2016.10.07-19.21.59:901][593]LogModuleManager: Shutting down and abandoning module DeviceProfileEditor (180)
[2016.10.07-19.21.59:901][593]LogModuleManager: Shutting down and abandoning module UndoHistory (179)
[2016.10.07-19.21.59:901][593]LogModuleManager: Shutting down and abandoning module UserFeedback (178)
[2016.10.07-19.21.59:901][593]LogModuleManager: Shutting down and abandoning module XmlParser (177)
[2016.10.07-19.21.59:902][593]LogModuleManager: Shutting down and abandoning module Blutility (176)
[2016.10.07-19.21.59:902][593]LogModuleManager: Shutting down and abandoning module ProjectTargetPlatformEditor (175)
[2016.10.07-19.21.59:902][593]LogModuleManager: Shutting down and abandoning module ProjectSettingsViewer (174)
[2016.10.07-19.21.59:902][593]LogModuleManager: Shutting down and abandoning module InputBindingEditor (173)
[2016.10.07-19.21.59:902][593]LogModuleManager: Shutting down and abandoning module EditorSettingsViewer (172)
[2016.10.07-19.21.59:902][593]LogModuleManager: Shutting down and abandoning module SettingsEditor (171)
[2016.10.07-19.21.59:902][593]LogModuleManager: Shutting down and abandoning module ProjectLauncher (170)
[2016.10.07-19.21.59:902][593]LogModuleManager: Shutting down and abandoning module SessionFrontend (169)
[2016.10.07-19.21.59:902][593]LogModuleManager: Shutting down and abandoning module ProfilerClient (168)
[2016.10.07-19.21.59:902][593]LogModuleManager: Shutting down and abandoning module TargetDeviceServices (167)
[2016.10.07-19.21.59:902][593]LogModuleManager: Shutting down and abandoning module DeviceManager (166)
[2016.10.07-19.21.59:946][593]LogModuleManager: Shutting down and abandoning module AutomationController (165)
[2016.10.07-19.21.59:946][593]LogModuleManager: Shutting down and abandoning module AutomationWindow (164)
[2016.10.07-19.21.59:946][593]LogModuleManager: Shutting down and abandoning module Layers (163)
[2016.10.07-19.21.59:946][593]LogModuleManager: Shutting down and abandoning module ComponentVisualizers (162)
[2016.10.07-19.21.59:946][593]LogModuleManager: Shutting down and abandoning module DetailCustomizations (161)
[2016.10.07-19.21.59:946][593]LogModuleManager: Shutting down and abandoning module PackagesDialog (160)
[2016.10.07-19.21.59:946][593]LogModuleManager: Shutting down and abandoning module AnimGraph (159)
[2016.10.07-19.21.59:946][593]LogModuleManager: Shutting down and abandoning module Persona (158)
[2016.10.07-19.21.59:946][593]LogModuleManager: Shutting down and abandoning module Kismet (157)
[2016.10.07-19.21.59:952][593]LogModuleManager: Shutting down and abandoning module GraphEditor (156)
[2016.10.07-19.21.59:952][593]LogModuleManager: Shutting down and abandoning module ClassViewer (155)
[2016.10.07-19.21.59:952][593]LogModuleManager: Shutting down and abandoning module Toolbox (154)
[2016.10.07-19.21.59:952][593]LogModuleManager: Shutting down and abandoning module ModuleUI (153)
[2016.10.07-19.21.59:952][593]LogModuleManager: Shutting down and abandoning module MovieSceneTools (152)
[2016.10.07-19.21.59:952][593]LogModuleManager: Shutting down and abandoning module OutputLog (151)
[2016.10.07-19.21.59:952][593]LogModuleManager: Shutting down and abandoning module GammaUI (150)
[2016.10.07-19.21.59:952][593]LogModuleManager: Shutting down and abandoning module Documentation (149)
[2016.10.07-19.21.59:952][593]LogModuleManager: Shutting down and abandoning module Niagara (148)
[2016.10.07-19.21.59:952][593]LogModuleManager: Shutting down and abandoning module StreamingPauseRendering (147)
[2016.10.07-19.21.59:952][593]LogModuleManager: Shutting down and abandoning module AnalyticsET (146)
[2016.10.07-19.21.59:952][593]LogModuleManager: Shutting down and abandoning module PortalServices (145)
[2016.10.07-19.21.59:952][593]LogModuleManager: Shutting down and abandoning module PortalRpc (144)
[2016.10.07-19.21.59:952][593]LogModuleManager: Shutting down and abandoning module MessagingRpc (143)
[2016.10.07-19.21.59:952][593]LogModuleManager: Shutting down and abandoning module GameplayDebugger (142)
[2016.10.07-19.21.59:952][593]LogModuleManager: Shutting down and abandoning module AITestSuite (141)
[2016.10.07-19.21.59:952][593]LogModuleManager: Shutting down and abandoning module AIModule (140)
[2016.10.07-19.21.59:952][593]LogModuleManager: Shutting down and abandoning module ProfilerService (139)
[2016.10.07-19.21.59:988][593]LogModuleManager: Shutting down and abandoning module TaskGraph (138)
[2016.10.07-19.21.59:988][593]LogModuleManager: Shutting down and abandoning module SlateRemote (137)
[2016.10.07-19.21.59:988][593]LogModuleManager: Shutting down and abandoning module SteamVRController (136)
[2016.10.07-19.21.59:988][593]LogModuleManager: Shutting down and abandoning module SteamVR (135)
[2016.10.07-19.21.59:988][593]LogModuleManager: Shutting down and abandoning module ProceduralMeshComponentEditor (134)
[2016.10.07-19.21.59:988][593]LogModuleManager: Shutting down and abandoning module ProceduralMeshComponent (133)
[2016.10.07-19.21.59:988][593]LogModuleManager: Shutting down and abandoning module OculusLibrary (132)
[2016.10.07-19.21.59:988][593]LogModuleManager: Shutting down and abandoning module OculusInput (131)
[2016.10.07-19.21.59:988][593]LogModuleManager: Shutting down and abandoning module CustomMeshComponent (130)
[2016.10.07-19.21.59:988][593]LogModuleManager: Shutting down and abandoning module CableComponent (129)
[2016.10.07-19.21.59:988][593]LogModuleManager: Shutting down and abandoning module ArchVisCharacter (128)
[2016.10.07-19.21.59:988][593]LogModuleManager: Shutting down and abandoning module MediaPlayerEditor (126)
[2016.10.07-19.21.59:988][593]LogModuleManager: Shutting down and abandoning module HTML5Networking (125)
[2016.10.07-19.21.59:988][593]LogModuleManager: Shutting down and abandoning module GeometryCacheEd (124)
[2016.10.07-19.21.59:988][593]LogModuleManager: Shutting down and abandoning module GeometryCache (123)
[2016.10.07-19.21.59:988][593]LogModuleManager: Shutting down and abandoning module AlembicLibrary (122)
[2016.10.07-19.21.59:988][593]LogModuleManager: Shutting down and abandoning module AlembicImporter (121)
[2016.10.07-19.21.59:988][593]LogModuleManager: Shutting down and abandoning module SuperSearch (120)
[2016.10.07-19.21.59:989][593]LogModuleManager: Shutting down and abandoning module SuperSearchEditor (119)
[2016.10.07-19.21.59:989][593]LogModuleManager: Shutting down and abandoning module SpeedTreeImporter (118)
[2016.10.07-19.21.59:989][593]LogModuleManager: Shutting down and abandoning module PluginBrowser (117)
[2016.10.07-19.21.59:989][593]LogModuleManager: Shutting down and abandoning module MobileLauncherProfileWizard (116)
[2016.10.07-19.21.59:989][593]LogModuleManager: Shutting down and abandoning module EpicSurvey (115)
[2016.10.07-19.21.59:989][593]LogModuleManager: Shutting down and abandoning module DesktopPlatform (114)
[2016.10.07-19.21.59:989][593]LogModuleManager: Shutting down and abandoning module VisualStudioSourceCodeAccess (113)
[2016.10.07-19.21.59:989][593]LogModuleManager: Shutting down and abandoning module UObjectPlugin (112)
[2016.10.07-19.21.59:989][593]LogModuleManager: Shutting down and abandoning module SubversionSourceControl (111)
[2016.10.07-19.21.59:989][593]LogModuleManager: Shutting down and abandoning module PerforceSourceControl (110)
[2016.10.07-19.21.59:989][593]LogModuleManager: Shutting down and abandoning module SourceControl (109)
[2016.10.07-19.21.59:989][593]LogModuleManager: Shutting down and abandoning module GitSourceControl (108)
[2016.10.07-19.21.59:989][593]LogModuleManager: Shutting down and abandoning module LightPropagationVolumeEditor (107)
[2016.10.07-19.21.59:989][593]LogModuleManager: Shutting down and abandoning module PaperTiledImporter (106)
[2016.10.07-19.21.59:989][593]LogModuleManager: Shutting down and abandoning module PaperSpriteSheetImporter (105)
[2016.10.07-19.21.59:989][593]LogModuleManager: Shutting down and abandoning module MeshPaint (104)
[2016.10.07-19.21.59:989][593]LogModuleManager: Shutting down and abandoning module FbxAutomationBuilderModule (103)
[2016.10.07-19.21.59:989][593]LogModuleManager: Shutting down and abandoning module PixelInspectorModule (102)
[2016.10.07-19.21.59:989][593]LogModuleManager: Shutting down and abandoning module HotReload (101)
[2016.10.07-19.21.59:990][593]LogModuleManager: Shutting down and abandoning module MainFrame (100)
[2016.10.07-19.21.59:990][593]LogModuleManager: Shutting down and abandoning module LevelEditor (99)
[2016.10.07-19.21.59:991][593]LogModuleManager: Shutting down and abandoning module ContentBrowser (98)
[2016.10.07-19.21.59:991][593]LogModuleManager: Shutting down and abandoning module Paper2DEditor (97)
[2016.10.07-19.21.59:991][593]LogModuleManager: Shutting down and abandoning module UdpMessaging (96)
[2016.10.07-19.22.00:092][593]LogModuleManager: Shutting down and abandoning module TcpMessaging (95)
[2016.10.07-19.22.00:092][593]LogModuleManager: Shutting down and abandoning module LightPropagationVolumeRuntime (94)
[2016.10.07-19.22.00:092][593]LogModuleManager: Shutting down and abandoning module Paper2D (93)
[2016.10.07-19.22.00:092][593]LogModuleManager: Shutting down and abandoning module WindowsMoviePlayer (92)
[2016.10.07-19.22.00:092][593]LogModuleManager: Shutting down and abandoning module WmfMedia (91)
[2016.10.07-19.22.00:092][593]LogModuleManager: Shutting down and abandoning module MediaAssets (90)
[2016.10.07-19.22.00:092][593]LogModuleManager: Shutting down and abandoning module GameLiveStreaming (89)
[2016.10.07-19.22.00:092][593]LogModuleManager: Shutting down and abandoning module GameplayTagsEditor (88)
[2016.10.07-19.22.00:092][593]LogModuleManager: Shutting down and abandoning module VREditor (87)
[2016.10.07-19.22.00:092][593]LogModuleManager: Shutting down and abandoning module GameplayTasksEditor (86)
[2016.10.07-19.22.00:092][593]LogModuleManager: Shutting down and abandoning module PropertyEditor (85)
[2016.10.07-19.22.00:092][593]LogModuleManager: Shutting down and abandoning module BehaviorTreeEditor (84)
[2016.10.07-19.22.00:092][593]LogModuleManager: Shutting down and abandoning module FunctionalTesting (83)
[2016.10.07-19.22.00:092][593]LogModuleManager: Shutting down and abandoning module CollisionAnalyzer (82)
[2016.10.07-19.22.00:092][593]LogModuleManager: Shutting down and abandoning module Sequencer (81)
[2016.10.07-19.22.00:092][593]LogModuleManager: Shutting down and abandoning module WorkspaceMenuStructure (80)
[2016.10.07-19.22.00:092][593]LogModuleManager: Shutting down and abandoning module MessageLog (79)
[2016.10.07-19.22.00:092][593]LogModuleManager: Shutting down and abandoning module AssetTools (78)
[2016.10.07-19.22.00:093][593]LogModuleManager: Shutting down and abandoning module UMGEditor (77)
[2016.10.07-19.22.00:093][593]LogModuleManager: Shutting down and abandoning module UMG (76)
[2016.10.07-19.22.00:093][593]LogModuleManager: Shutting down and abandoning module SlateReflector (75)
[2016.10.07-19.22.00:093][593]LogModuleManager: Shutting down and abandoning module Slate (74)
[2016.10.07-19.22.00:093][593]LogModuleManager: Shutting down and abandoning module EditorStyle (73)
[2016.10.07-19.22.00:096][593]LogModuleManager: Shutting down and abandoning module SourceCodeAccess (72)
[2016.10.07-19.22.00:096][593]LogModuleManager: Shutting down and abandoning module HeadMountedDisplay (71)
[2016.10.07-19.22.00:096][593]LogModuleManager: Shutting down and abandoning module XAudio2 (70)
[2016.10.07-19.22.00:096][593]LogModuleManager: Shutting down and abandoning module Networking (68)
[2016.10.07-19.22.00:096][593]LogModuleManager: Shutting down and abandoning module Core (67)
[2016.10.07-19.22.00:096][593]LogModuleManager: Shutting down and abandoning module DirectoryWatcher (66)
[2016.10.07-19.22.00:096][593]LogDirectoryWatcher: A directory notification for '../../../Engine/Content/' was aborted.
[2016.10.07-19.22.00:096][593]LogDirectoryWatcher: A directory notification for '../../../../../../Users/Brian/Documents/GitHub/doftg/First_2/Content/' was aborted.
[2016.10.07-19.22.00:096][593]LogDirectoryWatcher: A directory notification for '../../../Engine/Plugins/2D/Paper2D/Content/' was aborted.
[2016.10.07-19.22.00:098][593]LogModuleManager: Shutting down and abandoning module AssetRegistry (65)
[2016.10.07-19.22.00:241][593]LogModuleManager: Shutting down and abandoning module KismetCompiler (64)
[2016.10.07-19.22.00:241][593]LogModuleManager: Shutting down and abandoning module PhysXFormats (63)
[2016.10.07-19.22.00:241][593]LogModuleManager: Shutting down and abandoning module MeshUtilities (62)
[2016.10.07-19.22.00:241][593]LogModuleManager: Shutting down and abandoning module DerivedDataCache (61)
[2016.10.07-19.22.00:323][593]LogDerivedDataCache: Shutdown
[2016.10.07-19.22.00:323][593]LogModuleManager: Shutting down and abandoning module VulkanShaderFormat (60)
[2016.10.07-19.22.00:323][593]LogModuleManager: Shutting down and abandoning module ShaderFormatOpenGL (59)
[2016.10.07-19.22.00:323][593]LogModuleManager: Shutting down and abandoning module ShaderFormatD3D (58)
[2016.10.07-19.22.00:323][593]LogModuleManager: Shutting down and abandoning module MetalShaderFormat (57)
[2016.10.07-19.22.00:323][593]LogModuleManager: Shutting down and abandoning module TextureFormatUncompressed (56)
[2016.10.07-19.22.00:323][593]LogModuleManager: Shutting down and abandoning module TextureFormatPVR (55)
[2016.10.07-19.22.00:323][593]LogModuleManager: Shutting down and abandoning module TextureFormatDXT (54)
[2016.10.07-19.22.00:323][593]LogModuleManager: Shutting down and abandoning module TextureFormatIntelISPCTexComp (53)
[2016.10.07-19.22.00:324][593]LogModuleManager: Shutting down and abandoning module ImageWrapper (52)
[2016.10.07-19.22.00:324][593]LogModuleManager: Shutting down and abandoning module TextureFormatASTC (51)
[2016.10.07-19.22.00:324][593]LogModuleManager: Shutting down and abandoning module TextureFormatAndroid (50)
[2016.10.07-19.22.00:324][593]LogModuleManager: Shutting down and abandoning module AudioFormatOpus (49)
[2016.10.07-19.22.00:324][593]LogModuleManager: Shutting down and abandoning module AudioFormatOgg (48)
[2016.10.07-19.22.00:324][593]LogModuleManager: Shutting down and abandoning module AudioFormatADPCM (47)
[2016.10.07-19.22.00:324][593]LogModuleManager: Shutting down and abandoning module LinuxTargetPlatform (46)
[2016.10.07-19.22.00:324][593]LogModuleManager: Shutting down and abandoning module LinuxServerTargetPlatform (45)
[2016.10.07-19.22.00:324][593]LogModuleManager: Shutting down and abandoning module LinuxNoEditorTargetPlatform (44)
[2016.10.07-19.22.00:324][593]LogModuleManager: Shutting down and abandoning module LinuxClientTargetPlatform (43)
[2016.10.07-19.22.00:324][593]LogModuleManager: Shutting down and abandoning module TVOSTargetPlatform (42)
[2016.10.07-19.22.00:324][593]LogModuleManager: Shutting down and abandoning module Messaging (41)
[2016.10.07-19.22.00:324][593]LogModuleManager: Shutting down and abandoning module IOSTargetPlatform (40)
[2016.10.07-19.22.00:324][593]LogModuleManager: Shutting down and abandoning module HTML5TargetPlatform (39)
[2016.10.07-19.22.00:324][593]LogModuleManager: Shutting down and abandoning module Android_PVRTCTargetPlatform (38)
[2016.10.07-19.22.00:324][593]LogModuleManager: Shutting down and abandoning module Android_MultiTargetPlatform (37)
[2016.10.07-19.22.00:324][593]LogModuleManager: Shutting down and abandoning module Android_ETC2TargetPlatform (36)
[2016.10.07-19.22.00:324][593]LogModuleManager: Shutting down and abandoning module Android_ETC1TargetPlatform (35)
[2016.10.07-19.22.00:324][593]LogModuleManager: Shutting down and abandoning module Android_DXTTargetPlatform (34)
[2016.10.07-19.22.00:324][593]LogModuleManager: Shutting down and abandoning module Android_ATCTargetPlatform (33)
[2016.10.07-19.22.00:324][593]LogModuleManager: Shutting down and abandoning module Android_ASTCTargetPlatform (32)
[2016.10.07-19.22.00:324][593]LogModuleManager: Shutting down and abandoning module AndroidTargetPlatform (31)
[2016.10.07-19.22.00:324][593]LogModuleManager: Shutting down and abandoning module WindowsTargetPlatform (30)
[2016.10.07-19.22.00:324][593]LogModuleManager: Shutting down and abandoning module WindowsServerTargetPlatform (29)
[2016.10.07-19.22.00:324][593]LogModuleManager: Shutting down and abandoning module WindowsNoEditorTargetPlatform (28)
[2016.10.07-19.22.00:324][593]LogModuleManager: Shutting down and abandoning module WindowsClientTargetPlatform (27)
[2016.10.07-19.22.00:324][593]LogModuleManager: Shutting down and abandoning module AllDesktopTargetPlatform (26)
[2016.10.07-19.22.00:324][593]LogModuleManager: Shutting down and abandoning module TargetPlatform (25)
[2016.10.07-19.22.00:324][593]LogModuleManager: Shutting down and abandoning module InputCore (24)
[2016.10.07-19.22.00:324][593]LogModuleManager: Shutting down and abandoning module Settings (23)
[2016.10.07-19.22.00:325][593]LogModuleManager: Shutting down and abandoning module OculusRift (22)
[2016.10.07-19.22.00:325][593]LogModuleManager: Shutting down and abandoning module GearVR (21)
[2016.10.07-19.22.00:325][593]LogModuleManager: Shutting down and abandoning module ExampleDeviceProfileSelector (20)
[2016.10.07-19.22.00:325][593]LogModuleManager: Shutting down and abandoning module OnlineBlueprintSupport (19)
[2016.10.07-19.22.00:325][593]LogModuleManager: Shutting down and abandoning module OnlineSubsystem (17)
[2016.10.07-19.22.00:325][593]LogOnline:Display: Unloading online subsystem: NULL
[2016.10.07-19.22.00:325][593]LogModuleManager: Shutting down and abandoning module HTTP (16)
[2016.10.07-19.22.00:325][593]LogHttp:Display: Http module shutting down, but needs to wait on 1 outstanding Http requests:
[2016.10.07-19.22.00:325][593]LogHttp:Display: 	verb=[POST] url=[https://datarouter.ol.epicgames.com/datarouter/api/v1/public/data?SessionID=%7B5076BADD-4D34-E7C8-1883-E0A9E39EF778%7D&AppID=UEEditor.Rocket.Release&AppVersion=%2B%2BUE4%2BRelease-4.13-CL-3106830&UserID=622d6cc84c757446e01d25b6259f4ae3%7C0088da38c4fe4f999d6f0e52c41d2185%7C0f0e893d-46e4-44f8-bd74-7f933f7c90a3&AppEnvironment=datacollector-binary&UploadType=eteventstream] status=Processing
[2016.10.07-19.22.00:334][593]LogModuleManager: Shutting down and abandoning module XMPP (15)
[2016.10.07-19.22.00:334][593]LogModuleManager: Shutting down and abandoning module TextureCompressor (14)
[2016.10.07-19.22.00:334][593]LogModuleManager: Shutting down and abandoning module ShaderCore (13)
[2016.10.07-19.22.00:334][593]LogModuleManager: Shutting down and abandoning module Landscape (12)
[2016.10.07-19.22.00:334][593]LogModuleManager: Shutting down and abandoning module SlateRHIRenderer (11)
[2016.10.07-19.22.00:337][593]LogModuleManager: Shutting down and abandoning module OpenGLDrv (10)
[2016.10.07-19.22.00:337][593]LogModuleManager: Shutting down and abandoning module D3D11RHI (9)
[2016.10.07-19.22.00:337][593]LogModuleManager: Shutting down and abandoning module AnimGraphRuntime (8)
[2016.10.07-19.22.00:337][593]LogModuleManager: Shutting down and abandoning module Renderer (7)
[2016.10.07-19.22.00:337][593]LogModuleManager: Shutting down and abandoning module Engine (6)
[2016.10.07-19.22.00:337][593]LogModuleManager: Shutting down and abandoning module CoreUObject (5)
[2016.10.07-19.22.00:337][593]LogModuleManager: Shutting down and abandoning module NetworkFile (4)
[2016.10.07-19.22.00:337][593]LogModuleManager: Shutting down and abandoning module StreamingFile (3)
[2016.10.07-19.22.00:337][593]LogModuleManager: Shutting down and abandoning module SandboxFile (2)
[2016.10.07-19.22.00:337][593]LogModuleManager: Shutting down and abandoning module PakFile (1)
[2016.10.07-19.22.00:339][593]LogExit: Exiting.
[2016.10.07-19.22.00:361][593]Log file closed, 10/07/16 15:22:00
