Log file open, 09/28/16 11:35:46
LogInit:Display: Running engine for game: First_2
LogPlatformFile: Not using cached read wrapper
LogInit:Display: RandInit(-141344034) SRandInit(-141344034).
LogTaskGraph: Started task graph with 5 named threads and 8 total threads with 1 sets of task threads.
LogStats: Stats thread started at 0.116718
LogPluginManager: Loaded Plugin Paper2D, From C:/Program Files (x86)/Epic Games/4.13/Engine/Plugins/2D/Paper2D/Paper2D.uplugin
LogPluginManager: Loaded Plugin LightPropagationVolume, From C:/Program Files (x86)/Epic Games/4.13/Engine/Plugins/Blendables/LightPropagationVolume/LightPropagationVolume.uplugin
LogPluginManager: Loaded Plugin BlankPlugin, From C:/Program Files (x86)/Epic Games/4.13/Engine/Plugins/Developer/BlankPlugin/BlankPlugin.uplugin
LogPluginManager: Loaded Plugin CodeLiteSourceCodeAccess, From C:/Program Files (x86)/Epic Games/4.13/Engine/Plugins/Developer/CodeLiteSourceCodeAccess/CodeLiteSourceCodeAccess.uplugin
LogPluginManager: Loaded Plugin GitSourceControl, From C:/Program Files (x86)/Epic Games/4.13/Engine/Plugins/Developer/GitSourceControl/GitSourceControl.uplugin
LogPluginManager: Loaded Plugin KDevelopSourceCodeAccess, From C:/Program Files (x86)/Epic Games/4.13/Engine/Plugins/Developer/KDevelopSourceCodeAccess/KDevelopSourceCodeAccess.uplugin
LogPluginManager: Loaded Plugin NullSourceCodeAccess, From C:/Program Files (x86)/Epic Games/4.13/Engine/Plugins/Developer/NullSourceCodeAccess/NullSourceCodeAccess.uplugin
LogPluginManager: Loaded Plugin OneSkyLocalizationService, From C:/Program Files (x86)/Epic Games/4.13/Engine/Plugins/Developer/OneSkyLocalizationService/OneSkyLocalizationService.uplugin
LogPluginManager: Loaded Plugin PerforceSourceControl, From C:/Program Files (x86)/Epic Games/4.13/Engine/Plugins/Developer/PerforceSourceControl/PerforceSourceControl.uplugin
LogPluginManager: Loaded Plugin SubversionSourceControl, From C:/Program Files (x86)/Epic Games/4.13/Engine/Plugins/Developer/SubversionSourceControl/SubversionSourceControl.uplugin
LogPluginManager: Loaded Plugin UObjectPlugin, From C:/Program Files (x86)/Epic Games/4.13/Engine/Plugins/Developer/UObjectPlugin/UObjectPlugin.uplugin
LogPluginManager: Loaded Plugin VisualStudioSourceCodeAccess, From C:/Program Files (x86)/Epic Games/4.13/Engine/Plugins/Developer/VisualStudioSourceCodeAccess/VisualStudioSourceCodeAccess.uplugin
LogPluginManager: Loaded Plugin XCodeSourceCodeAccess, From C:/Program Files (x86)/Epic Games/4.13/Engine/Plugins/Developer/XCodeSourceCodeAccess/XCodeSourceCodeAccess.uplugin
LogPluginManager: Loaded Plugin EpicSurvey, From C:/Program Files (x86)/Epic Games/4.13/Engine/Plugins/Editor/EpicSurvey/EpicSurvey.uplugin
LogPluginManager: Loaded Plugin MacGraphicsSwitching, From C:/Program Files (x86)/Epic Games/4.13/Engine/Plugins/Editor/MacGraphicsSwitching/MacGraphicsSwitching.uplugin
LogPluginManager: Loaded Plugin MobileLauncherProfileWizard, From C:/Program Files (x86)/Epic Games/4.13/Engine/Plugins/Editor/MobileLauncherProfileWizard/MobileLauncherProfileWizard.uplugin
LogPluginManager: Loaded Plugin PluginBrowser, From C:/Program Files (x86)/Epic Games/4.13/Engine/Plugins/Editor/PluginBrowser/PluginBrowser.uplugin
LogPluginManager: Loaded Plugin SpeedTreeImporter, From C:/Program Files (x86)/Epic Games/4.13/Engine/Plugins/Editor/SpeedTreeImporter/SpeedTreeImporter.uplugin
LogPluginManager: Loaded Plugin SuperSearchEditor, From C:/Program Files (x86)/Epic Games/4.13/Engine/Plugins/Editor/SuperSearchEditor/SuperSearchEditor.uplugin
LogPluginManager: Loaded Plugin AlembicImporter, From C:/Program Files (x86)/Epic Games/4.13/Engine/Plugins/Experimental/AlembicImporter/AlembicImporter.uplugin
LogPluginManager: Loaded Plugin BlueprintStats, From C:/Program Files (x86)/Epic Games/4.13/Engine/Plugins/Experimental/BlueprintStats/BlueprintStats.uplugin
LogPluginManager: Loaded Plugin CharacterAI, From C:/Program Files (x86)/Epic Games/4.13/Engine/Plugins/Experimental/CharacterAI/CharacterAI.uplugin
LogPluginManager: Loaded Plugin CodeEditor, From C:/Program Files (x86)/Epic Games/4.13/Engine/Plugins/Experimental/CodeEditor/CodeEditor.uplugin
LogPluginManager: Loaded Plugin CodeView, From C:/Program Files (x86)/Epic Games/4.13/Engine/Plugins/Experimental/CodeView/CodeView.uplugin
LogPluginManager: Loaded Plugin HTML5Networking, From C:/Program Files (x86)/Epic Games/4.13/Engine/Plugins/Experimental/HTML5Networking/HTML5Networking.uplugin
LogPluginManager: Loaded Plugin LiveEditor, From C:/Program Files (x86)/Epic Games/4.13/Engine/Plugins/Experimental/LiveEditor/LiveEditor.uplugin
LogPluginManager: Loaded Plugin OSVR, From C:/Program Files (x86)/Epic Games/4.13/Engine/Plugins/Experimental/OSVR/OSVR.uplugin
LogPluginManager: Loaded Plugin Phya, From C:/Program Files (x86)/Epic Games/4.13/Engine/Plugins/Experimental/Phya/Phya.uplugin
LogPluginManager: Loaded Plugin SignificanceManager, From C:/Program Files (x86)/Epic Games/4.13/Engine/Plugins/Experimental/SignificanceManager/SignificanceManager.uplugin
LogPluginManager: Loaded Plugin SimpleHMD, From C:/Program Files (x86)/Epic Games/4.13/Engine/Plugins/Experimental/SimpleHMD/SimpleHMD.uplugin
LogPluginManager: Loaded Plugin StereoPanorama, From C:/Program Files (x86)/Epic Games/4.13/Engine/Plugins/Experimental/StereoPanorama/StereoPanorama.uplugin
LogPluginManager: Loaded Plugin StructBox, From C:/Program Files (x86)/Epic Games/4.13/Engine/Plugins/Experimental/StructBox/StructBox.uplugin
LogPluginManager: Loaded Plugin AndroidMedia, From C:/Program Files (x86)/Epic Games/4.13/Engine/Plugins/Media/AndroidMedia/AndroidMedia.uplugin
LogPluginManager: Loaded Plugin AvfMedia, From C:/Program Files (x86)/Epic Games/4.13/Engine/Plugins/Media/AvfMedia/AvfMedia.uplugin
LogPluginManager: Loaded Plugin MediaPlayerEditor, From C:/Program Files (x86)/Epic Games/4.13/Engine/Plugins/Media/MediaPlayerEditor/MediaPlayerEditor.uplugin
LogPluginManager: Loaded Plugin WmfMedia, From C:/Program Files (x86)/Epic Games/4.13/Engine/Plugins/Media/WmfMedia/WmfMedia.uplugin
LogPluginManager: Loaded Plugin MessagingDebugger, From C:/Program Files (x86)/Epic Games/4.13/Engine/Plugins/Messaging/MessagingDebugger/MessagingDebugger.uplugin
LogPluginManager: Loaded Plugin TcpMessaging, From C:/Program Files (x86)/Epic Games/4.13/Engine/Plugins/Messaging/TcpMessaging/TcpMessaging.uplugin
LogPluginManager: Loaded Plugin UdpMessaging, From C:/Program Files (x86)/Epic Games/4.13/Engine/Plugins/Messaging/UdpMessaging/UdpMessaging.uplugin
LogPluginManager: Loaded Plugin LevelSequenceEditor, From C:/Program Files (x86)/Epic Games/4.13/Engine/Plugins/MovieScene/LevelSequenceEditor/LevelSequenceEditor.uplugin
LogPluginManager: Loaded Plugin MatineeToLevelSequence, From C:/Program Files (x86)/Epic Games/4.13/Engine/Plugins/MovieScene/MatineeToLevelSequence/MatineeToLevelSequence.uplugin
LogPluginManager: Loaded Plugin NetcodeUnitTest, From C:/Program Files (x86)/Epic Games/4.13/Engine/Plugins/NetcodeUnitTest/NetcodeUnitTest/NetcodeUnitTest.uplugin
LogPluginManager: Loaded Plugin NUTUnrealEngine4, From C:/Program Files (x86)/Epic Games/4.13/Engine/Plugins/NetcodeUnitTest/NUTUnrealEngine4/NUTUnrealEngine4.uplugin
LogPluginManager: Loaded Plugin OnlineSubsystemGooglePlay, From C:/Program Files (x86)/Epic Games/4.13/Engine/Plugins/Online/Android/OnlineSubsystemGooglePlay/OnlineSubsystemGooglePlay.uplugin
LogPluginManager: Loaded Plugin OnlineSubsystemIOS, From C:/Program Files (x86)/Epic Games/4.13/Engine/Plugins/Online/IOS/OnlineSubsystemIOS/OnlineSubsystemIOS.uplugin
LogPluginManager: Loaded Plugin OnlineFramework, From C:/Program Files (x86)/Epic Games/4.13/Engine/Plugins/Online/OnlineFramework/OnlineFramework.uplugin
LogPluginManager: Loaded Plugin OnlineSubsystem, From C:/Program Files (x86)/Epic Games/4.13/Engine/Plugins/Online/OnlineSubsystem/OnlineSubsystem.uplugin
LogPluginManager: Loaded Plugin OnlineSubsystemAmazon, From C:/Program Files (x86)/Epic Games/4.13/Engine/Plugins/Online/OnlineSubsystemAmazon/OnlineSubsystemAmazon.uplugin
LogPluginManager: Loaded Plugin OnlineSubsystemFacebook, From C:/Program Files (x86)/Epic Games/4.13/Engine/Plugins/Online/OnlineSubsystemFacebook/OnlineSubsystemFacebook.uplugin
LogPluginManager: Loaded Plugin OnlineSubsystemNull, From C:/Program Files (x86)/Epic Games/4.13/Engine/Plugins/Online/OnlineSubsystemNull/OnlineSubsystemNull.uplugin
LogPluginManager: Loaded Plugin OnlineSubsystemOculus, From C:/Program Files (x86)/Epic Games/4.13/Engine/Plugins/Online/OnlineSubsystemOculus/OnlineSubsystemOculus.uplugin
LogPluginManager: Loaded Plugin OnlineSubsystemSteam, From C:/Program Files (x86)/Epic Games/4.13/Engine/Plugins/Online/OnlineSubsystemSteam/OnlineSubsystemSteam.uplugin
LogPluginManager: Loaded Plugin OnlineSubsystemUtils, From C:/Program Files (x86)/Epic Games/4.13/Engine/Plugins/Online/OnlineSubsystemUtils/OnlineSubsystemUtils.uplugin
LogPluginManager: Loaded Plugin IOSTapJoy, From C:/Program Files (x86)/Epic Games/4.13/Engine/Plugins/Runtime/Advertising/IOSTapJoy/IOSTapJoy.uplugin
LogPluginManager: Loaded Plugin AnalyticsBlueprintLibrary, From C:/Program Files (x86)/Epic Games/4.13/Engine/Plugins/Runtime/Analytics/AnalyticsBlueprintLibrary/AnalyticsBlueprintLibrary.uplugin
LogPluginManager: Loaded Plugin AnalyticsMulticast, From C:/Program Files (x86)/Epic Games/4.13/Engine/Plugins/Runtime/Analytics/AnalyticsMulticast/AnalyticsMulticast.uplugin
LogPluginManager: Loaded Plugin Apsalar, From C:/Program Files (x86)/Epic Games/4.13/Engine/Plugins/Runtime/Analytics/Apsalar/Apsalar.uplugin
LogPluginManager: Loaded Plugin FileLogging, From C:/Program Files (x86)/Epic Games/4.13/Engine/Plugins/Runtime/Analytics/FileLogging/FileLogging.uplugin
LogPluginManager: Loaded Plugin Flurry, From C:/Program Files (x86)/Epic Games/4.13/Engine/Plugins/Runtime/Analytics/Flurry/Flurry.uplugin
LogPluginManager: Loaded Plugin AndroidDeviceProfileSelector, From C:/Program Files (x86)/Epic Games/4.13/Engine/Plugins/Runtime/AndroidDeviceProfileSelector/AndroidDeviceProfileSelector.uplugin
LogPluginManager: Loaded Plugin AndroidMoviePlayer, From C:/Program Files (x86)/Epic Games/4.13/Engine/Plugins/Runtime/AndroidMoviePlayer/AndroidMoviePlayer.uplugin
LogPluginManager: Loaded Plugin AppleMoviePlayer, From C:/Program Files (x86)/Epic Games/4.13/Engine/Plugins/Runtime/AppleMoviePlayer/AppleMoviePlayer.uplugin
LogPluginManager: Loaded Plugin ArchVisCharacter, From C:/Program Files (x86)/Epic Games/4.13/Engine/Plugins/Runtime/ArchVisCharacter/ArchVisCharacter.uplugin
LogPluginManager: Loaded Plugin CableComponent, From C:/Program Files (x86)/Epic Games/4.13/Engine/Plugins/Runtime/CableComponent/CableComponent.uplugin
LogPluginManager: Loaded Plugin CustomMeshComponent, From C:/Program Files (x86)/Epic Games/4.13/Engine/Plugins/Runtime/CustomMeshComponent/CustomMeshComponent.uplugin
LogPluginManager: Loaded Plugin ExampleDeviceProfileSelector, From C:/Program Files (x86)/Epic Games/4.13/Engine/Plugins/Runtime/ExampleDeviceProfileSelector/ExampleDeviceProfileSelector.uplugin
LogPluginManager: Loaded Plugin GearVR, From C:/Program Files (x86)/Epic Games/4.13/Engine/Plugins/Runtime/GearVR/GearVR.uplugin
LogPluginManager: Loaded Plugin GoogleVRController, From C:/Program Files (x86)/Epic Games/4.13/Engine/Plugins/Runtime/GoogleVR/GoogleVRController/GoogleVRController.uplugin
LogPluginManager: Loaded Plugin GoogleVRHMD, From C:/Program Files (x86)/Epic Games/4.13/Engine/Plugins/Runtime/GoogleVR/GoogleVRHMD/GoogleVRHMD.uplugin
LogPluginManager: Loaded Plugin IOSDeviceProfileSelector, From C:/Program Files (x86)/Epic Games/4.13/Engine/Plugins/Runtime/IOSDeviceProfileSelector/IOSDeviceProfileSelector.uplugin
LogPluginManager: Loaded Plugin LeapMotion, From C:/Program Files (x86)/Epic Games/4.13/Engine/Plugins/Runtime/LeapMotion/LeapMotion.uplugin
LogPluginManager: Loaded Plugin LinuxDeviceProfileSelector, From C:/Program Files (x86)/Epic Games/4.13/Engine/Plugins/Runtime/LinuxDeviceProfileSelector/LinuxDeviceProfileSelector.uplugin
LogPluginManager: Loaded Plugin LiveEditorListenServer, From C:/Program Files (x86)/Epic Games/4.13/Engine/Plugins/Runtime/LiveEditorListenServer/LiveEditorListenServer.uplugin
LogPluginManager: Loaded Plugin OculusAudio, From C:/Program Files (x86)/Epic Games/4.13/Engine/Plugins/Runtime/OculusAudio/OculusAudio.uplugin
LogPluginManager: Loaded Plugin OculusInput, From C:/Program Files (x86)/Epic Games/4.13/Engine/Plugins/Runtime/OculusInput/OculusInput.uplugin
LogPluginManager: Loaded Plugin OculusLibrary, From C:/Program Files (x86)/Epic Games/4.13/Engine/Plugins/Runtime/OculusLibrary/OculusLibrary.uplugin
LogPluginManager: Loaded Plugin OculusRift, From C:/Program Files (x86)/Epic Games/4.13/Engine/Plugins/Runtime/OculusRift/OculusRift.uplugin
LogPluginManager: Loaded Plugin Oodle, From C:/Program Files (x86)/Epic Games/4.13/Engine/Plugins/Runtime/PacketHandlers/CompressionComponents/Oodle/Oodle.uplugin
LogPluginManager: Loaded Plugin ProceduralMeshComponent, From C:/Program Files (x86)/Epic Games/4.13/Engine/Plugins/Runtime/ProceduralMeshComponent/ProceduralMeshComponent.uplugin
LogPluginManager: Loaded Plugin SoundMod, From C:/Program Files (x86)/Epic Games/4.13/Engine/Plugins/Runtime/SoundMod/SoundMod.uplugin
LogPluginManager: Loaded Plugin SoundVisualizations, From C:/Program Files (x86)/Epic Games/4.13/Engine/Plugins/Runtime/SoundVisualizations/SoundVisualizations.uplugin
LogPluginManager: Loaded Plugin SteamController, From C:/Program Files (x86)/Epic Games/4.13/Engine/Plugins/Runtime/Steam/SteamController/SteamController.uplugin
LogPluginManager: Loaded Plugin SteamVR, From C:/Program Files (x86)/Epic Games/4.13/Engine/Plugins/Runtime/Steam/SteamVR/SteamVR.uplugin
LogPluginManager: Loaded Plugin WebBrowserWidget, From C:/Program Files (x86)/Epic Games/4.13/Engine/Plugins/Runtime/WebBrowserWidget/WebBrowserWidget.uplugin
LogPluginManager: Loaded Plugin WindowsDeviceProfileSelector, From C:/Program Files (x86)/Epic Games/4.13/Engine/Plugins/Runtime/WindowsDeviceProfileSelector/WindowsDeviceProfileSelector.uplugin
LogPluginManager: Loaded Plugin WindowsMoviePlayer, From C:/Program Files (x86)/Epic Games/4.13/Engine/Plugins/Runtime/WindowsMoviePlayer/WindowsMoviePlayer.uplugin
LogPluginManager: Loaded Plugin ScriptPlugin, From C:/Program Files (x86)/Epic Games/4.13/Engine/Plugins/ScriptPlugin/ScriptPlugin.uplugin
LogPluginManager: Loaded Plugin SlateRemote, From C:/Program Files (x86)/Epic Games/4.13/Engine/Plugins/Slate/SlateRemote/SlateRemote.uplugin
LogInit: Using libcurl 7.47.1
LogInit:  - built for x86_64-pc-win32
LogInit:  - supports SSL with WinSSL
LogInit:  - other features:
LogInit:      CURL_VERSION_SSL
LogInit:      CURL_VERSION_IPV6
LogInit:      CURL_VERSION_ASYNCHDNS
LogInit:      CURL_VERSION_LARGEFILE
LogInit:      CURL_VERSION_IDN
LogInit:  CurlRequestOptions (configurable via config and command line):
LogInit:  - bVerifyPeer = false  - Libcurl will NOT verify peer certificate
LogInit:  - bUseHttpProxy = false  - Libcurl will NOT use HTTP proxy
LogInit:  - bDontReuseConnections = false  - Libcurl will reuse connections
LogInit:  - CertBundlePath = nullptr  - Libcurl will use whatever was configured at build time.
LogInit: Build: ++UE4+Release-4.13-CL-3106830
LogInit: Engine Version: 4.13.0-3106830+++UE4+Release-4.13
LogInit: Compatible Engine Version: 4.13.0-3106830+++UE4+Release-4.13
LogInit: Net CL: 3106830
LogDevObjectVersion: Number of dev versions registered: 13
LogDevObjectVersion:   Dev-Blueprints (B0D832E4-1F89-4F0D-ACCF-7EB736FD4AA2): 5
LogDevObjectVersion:   Dev-Build (E1C64328-A22C-4D53-A36C-8E866417BD8C): 0
LogDevObjectVersion:   Dev-Core (375EC13C-06E4-48FB-B500-84F0262A717E): 1
LogDevObjectVersion:   Dev-Editor (E4B068ED-F494-42E9-A231-DA0B2E46BB41): 6
LogDevObjectVersion:   Dev-Framework (CFFC743F-43B0-4480-9391-14DF171D2073): 12
LogDevObjectVersion:   Dev-Mobile (B02B49B5-BB20-44E9-A304-32B752E40360): 0
LogDevObjectVersion:   Dev-Networking (A4E4105C-59A1-49B5-A7C5-40C4547EDFEE): 0
LogDevObjectVersion:   Dev-Online (39C831C9-5AE6-47DC-9A44-9C173E1C8E7C): 0
LogDevObjectVersion:   Dev-Physics (78F01B33-EBEA-4F98-B9B4-84EACCB95AA2): 0
LogDevObjectVersion:   Dev-Platform (6631380F-2D4D-43E0-8009-CF276956A95A): 0
LogDevObjectVersion:   Dev-Rendering (12F88B9F-8875-4AFC-A67C-D90C383ABD29): 4
LogDevObjectVersion:   Dev-Sequencer (7B5AE74C-D270-4C10-A958-57980B212A5A): 0
LogDevObjectVersion:   Dev-VR (D7296918-1DD6-4BDD-9DE2-64A83CC13884): 0
LogInit: Compiled (64-bit): Aug 30 2016 18:11:39
LogInit: Compiled with Visual C++: 19.00.23026.00
LogInit: Build Configuration: Development
LogInit: Branch Name: ++UE4+Release-4.13
LogInit: Command line: -EpicPortal 
LogInit: Base directory: C:/Program Files (x86)/Epic Games/4.13/Engine/Binaries/Win64/
LogInit: Installed Engine Build: 1
LogInit: Presizing for max 8388607 objects, including 0 objects not considered by GC, pre-allocating 0 bytes for permanent pool.
LogInit: Object subsystem initialized
[2016.09.28-15.35.47:013][  0]LogInit: Selected Device Profile: [Windows]
[2016.09.28-15.35.47:014][  0]LogInit: Applying CVar settings loaded from the selected device profile: [Windows]
[2016.09.28-15.35.47:398][  0]LogInit: Computer: ACARDOSO3
[2016.09.28-15.35.47:398][  0]LogInit: User: Adam
[2016.09.28-15.35.47:398][  0]LogInit: CPU Page size=65536, Cores=4
[2016.09.28-15.35.47:398][  0]LogInit: High frequency timer resolution =1.949466 MHz
[2016.09.28-15.35.47:399][  0]LogMemory: Memory total: Physical=3.4GB (4GB approx)
[2016.09.28-15.35.47:399][  0]LogMemory: Platform Memory Stats for Windows
[2016.09.28-15.35.47:399][  0]LogMemory: Process Physical Memory: 256.01 MB used, 256.01 MB peak
[2016.09.28-15.35.47:399][  0]LogMemory: Process Virtual Memory: 259.73 MB used, 259.73 MB peak
[2016.09.28-15.35.47:399][  0]LogMemory: Physical Memory: 2972.94 MB used, 3528.98 MB total
[2016.09.28-15.35.47:399][  0]LogMemory: Virtual Memory: 623.27 MB used, 134217728.00 MB total
[2016.09.28-15.35.50:140][  0]LogTextLocalizationManager: No specific translations for ('en-US') exist, so ('en') translations will be used.
[2016.09.28-15.36.20:442][  0]LogD3D11RHI: D3D11 adapters:
[2016.09.28-15.36.20:658][  0]LogD3D11RHI:    0. 'AMD Radeon(TM) R5 Graphics' (Feature Level 11_0)
[2016.09.28-15.36.20:658][  0]LogD3D11RHI:       497/0/1764 MB DedicatedVideo/DedicatedSystem/SharedSystem, Outputs:1, VendorId:0x1002
[2016.09.28-15.36.20:692][  0]LogD3D11RHI:    1. 'Microsoft Basic Render Driver' (Feature Level 11_0)
[2016.09.28-15.36.20:692][  0]LogD3D11RHI:       0/0/1764 MB DedicatedVideo/DedicatedSystem/SharedSystem, Outputs:0, VendorId:0x1414
[2016.09.28-15.36.20:729][  0]LogD3D11RHI: Chosen D3D11 Adapter: 0
[2016.09.28-15.36.20:744][  0]LogD3D11RHI: Creating new Direct3DDevice
[2016.09.28-15.36.20:762][  0]LogD3D11RHI:     GPU DeviceId: 0x9851 (for the marketing name, search the web for "GPU Device Id")
[2016.09.28-15.36.20:780][  0]LogWindows: EnumDisplayDevices:
[2016.09.28-15.36.20:781][  0]LogWindows:    0. 'AMD Radeon(TM) R5 Graphics' (P:1 D:1)
[2016.09.28-15.36.20:783][  0]LogWindows:    1. 'AMD Radeon(TM) R5 Graphics' (P:0 D:0)
[2016.09.28-15.36.20:784][  0]LogWindows: DebugString: FoundDriverCount:2 
[2016.09.28-15.36.20:784][  0]LogD3D11RHI:     Adapter Name: AMD Radeon(TM) R5 Graphics
[2016.09.28-15.36.20:784][  0]LogD3D11RHI:   Driver Version: 15.200.1055.0 (internal:15.200.1055.0, unified:15.200.1055.0)
[2016.09.28-15.36.20:784][  0]LogD3D11RHI:      Driver Date: 7-6-2015
[2016.09.28-15.36.20:784][  0]LogRHI: Texture pool is 348 MB (70% of 497 MB)
[2016.09.28-15.36.20:813][  0]LogD3D11RHI: Async texture creation enabled
[2016.09.28-15.36.21:471][  0]LogD3D11RHI: GPU Timing Frequency: 100.000000 (Debug: 2 1)
[2016.09.28-15.36.21:936][  0]LogShaderCompilers: Guid format shader working directory is -7 characters bigger than the processId version (../../../../../../Users/Adam/Documents/GitHub/doftg/Intermediate/Shaders/WorkingDirectory/18016/).
[2016.09.28-15.36.21:938][  0]LogShaderCompilers: Cleaned the shader compiler working directory 'C:/Users/Adam/AppData/Local/Temp/UnrealShaderWorkingDir/EBF8079141D2352F7FC917BA3BD2D027/'.
[2016.09.28-15.36.21:938][  0]LogShaderCompilers:Display: Using Local Shader Compiler.
[2016.09.28-15.36.42:657][  0]LogTemp:Display: Loaded TP AllDesktopTargetPlatform
[2016.09.28-15.36.42:706][  0]LogTemp:Display: Loaded TP WindowsClientTargetPlatform
[2016.09.28-15.36.42:755][  0]LogTemp:Display: Loaded TP WindowsNoEditorTargetPlatform
[2016.09.28-15.36.42:785][  0]LogTemp:Display: Loaded TP WindowsServerTargetPlatform
[2016.09.28-15.36.42:818][  0]LogTemp:Display: Loaded TP WindowsTargetPlatform
[2016.09.28-15.36.42:871][  0]LogTemp:Display: Loaded TP AndroidTargetPlatform
[2016.09.28-15.36.42:919][  0]LogTemp:Display: Loaded TP Android_ASTCTargetPlatform
[2016.09.28-15.36.43:009][  0]LogTemp:Display: Loaded TP Android_ATCTargetPlatform
[2016.09.28-15.36.43:040][  0]LogTemp:Display: Loaded TP Android_DXTTargetPlatform
[2016.09.28-15.36.43:070][  0]LogTemp:Display: Loaded TP Android_ETC1TargetPlatform
[2016.09.28-15.36.43:102][  0]LogTemp:Display: Loaded TP Android_ETC2TargetPlatform
[2016.09.28-15.36.43:148][  0]LogTemp:Display: Loaded TP Android_MultiTargetPlatform
[2016.09.28-15.36.43:148][  0]LogTemp:Display: Loaded TP Android_PVRTCTargetPlatform
[2016.09.28-15.36.43:212][  0]LogTemp:Display: Loaded TP HTML5TargetPlatform
[2016.09.28-15.36.43:384][  0]LogTemp:Display: Loaded TP IOSTargetPlatform
[2016.09.28-15.36.43:402][  0]LogTemp:Display: Loaded TP TVOSTargetPlatform
[2016.09.28-15.36.43:441][  0]LogTemp:Display: Loaded TP LinuxClientTargetPlatform
[2016.09.28-15.36.43:526][  0]LogTemp:Display: Loaded TP LinuxNoEditorTargetPlatform
[2016.09.28-15.36.43:573][  0]LogTemp:Display: Loaded TP LinuxServerTargetPlatform
[2016.09.28-15.36.43:613][  0]LogTemp:Display: Loaded TP LinuxTargetPlatform
[2016.09.28-15.36.43:614][  0]LogTargetPlatformManager:Display: Building Assets For Windows
[2016.09.28-15.36.44:751][  0]LogDerivedDataCache:Display: Max Cache Size: 512 MB
[2016.09.28-15.36.44:935][  0]LogDerivedDataCache: Loaded boot cache 0.18s 62MB C:/Users/Adam/AppData/Local/UnrealEngine/4.13/DerivedDataCache/Boot.ddc.
[2016.09.28-15.36.44:935][  0]LogDerivedDataCache:Display: Loaded Boot cache: C:/Users/Adam/AppData/Local/UnrealEngine/4.13/DerivedDataCache/Boot.ddc
[2016.09.28-15.36.44:936][  0]LogDerivedDataCache: FDerivedDataBackendGraph:  Pak pak cache file ../../../../../../Users/Adam/Documents/GitHub/doftg/DerivedDataCache/DDC.ddp not found, will not use a pak cache.
[2016.09.28-15.36.44:936][  0]LogDerivedDataCache: Unable to find inner node Pak for hierarchical cache Hierarchy.
[2016.09.28-15.36.44:936][  0]LogDerivedDataCache: FDerivedDataBackendGraph:  CompressedPak pak cache file ../../../../../../Users/Adam/Documents/GitHub/doftg/DerivedDataCache/Compressed.ddp not found, will not use a pak cache.
[2016.09.28-15.36.44:936][  0]LogDerivedDataCache: Unable to find inner node CompressedPak for hierarchical cache Hierarchy.
[2016.09.28-15.36.44:988][  0]LogDerivedDataCache:Display: Pak cache opened for reading ../../../Engine/DerivedDataCache/Compressed.ddp.
[2016.09.28-15.36.45:002][  0]LogDerivedDataCache: Using Local data cache path C:/Users/Adam/AppData/Local/UnrealEngine/Common/DerivedDataCache: Writable
[2016.09.28-15.36.53:430][  0]LogInit: Selected Device Profile: [Windows]
[2016.09.28-15.36.53:437][  0]LogContentStreaming: Texture pool size is 0.00 MB
[2016.09.28-15.36.53:973][  0]LogMeshUtilities: No automatic mesh reduction module available
[2016.09.28-15.36.53:973][  0]LogMeshUtilities: No automatic mesh merging module available
[2016.09.28-15.36.53:973][  0]LogMeshUtilities: No distributed automatic mesh merging module available
[2016.09.28-15.36.54:660][  0]LogMaterial: Uniform references updated for custom material expression Custom.
[2016.09.28-15.36.58:740][  0]LogNetVersion: GetLocalNetworkVersion: CL: 3106830, ProjectName: first_2, ProjectVersion: , EngineNetworkVersion: 1, GameNetworkVersion: 0, NetworkChecksum: 3625815129
[2016.09.28-15.36.58:965][  0]LogAssetRegistry: FAssetRegistry took 0.0236 seconds to start up
[2016.09.28-15.36.58:970][  0]LogDirectoryWatcher:Warning: Failed to begin reading directory changes for ../../../../../../Users/Adam/Documents/GitHub/doftg/Content/. Error: The system cannot find the file specified. (0x00000002)
[2016.09.28-15.36.59:149][  0]LogPackageLocalizationCache: Processed 3 localized package path(s) for 2 prioritized culture(s) in 0.153676 seconds
[2016.09.28-15.36.59:167][  0]LogUObjectArray: 29777 objects as part of root set at end of initial load.
[2016.09.28-15.36.59:167][  0]LogUObjectAllocator: 6124704 out of 0 bytes used by permanent object pool.
[2016.09.28-15.36.59:167][  0]LogUObjectArray: CloseDisregardForGC: 0/0 objects in disregard for GC pool
[2016.09.28-15.36.59:282][  0]LogInit: WinSock: version 1.1 (2.2), MaxSocks=32767, MaxUdp=65467
[2016.09.28-15.37.13:049][  0]LogSlate: SlateFontCache - WITH_FREETYPE: 1, WITH_HARFBUZZ: 1
[2016.09.28-15.37.13:049][  0]LogSlate: SlateFontCache - WITH_FREETYPE: 1, WITH_HARFBUZZ: 1
[2016.09.28-15.38.10:032][  0]LogUdpMessaging: Initializing bridge on interface 0.0.0.0:0 to multicast group 230.0.0.1:6666.
[2016.09.28-15.38.13:513][  0]SourceControl: Info Source control is disabled
[2016.09.28-15.38.13:582][  0]SourceControl: Info Source control is disabled
[2016.09.28-15.38.14:786][  0]SourceControl: Info Source control is disabled
[2016.09.28-15.38.15:063][  0]SourceControl: Info Source control is disabled
[2016.09.28-15.38.28:390][  0]LogAutomationTest:Warning: Smoke tests took > 2s to run: 3.18s
[2016.09.28-15.38.29:063][  0]LogEngine: Initializing Engine...
[2016.09.28-15.38.29:217][  0]LogHMD: Failed to initialize OpenVR with code 110
[2016.09.28-15.38.35:432][  0]LogAIModule: Creating AISystem for world Untitled
[2016.09.28-15.38.37:307][  0]LogInit: XAudio2 using 'Speaker/HP (Realtek High Definition Audio)' : 2 channels at 44.1 kHz using 16 bits per sample (channel mask 0x3)
[2016.09.28-15.38.38:844][  0]LogInit: FAudioDevice initialized.
[2016.09.28-15.38.39:060][  0]LogDerivedDataCache: Saved boot cache 0.19s 62MB C:/Users/Adam/AppData/Local/UnrealEngine/4.13/DerivedDataCache/Boot.ddc.
[2016.09.28-15.38.39:114][  0]LogInit: Texture streaming: Enabled
[2016.09.28-15.38.42:528][  0]LogInit: Transaction tracking system initialized
[2016.09.28-15.38.45:484][  0]BlueprintLog: New page: Editor Load
[2016.09.28-15.38.52:185][  0]LocalizationService: Info Localization service is disabled
[2016.09.28-15.38.55:126][  0]LogConsoleResponse:Display: 
[2016.09.28-15.39.00:190][  0]LogFileCache: Scanning file cache for directory 'C:/Users/Adam/Documents/GitHub/doftg/Content/' took 0.01s
[2016.09.28-15.39.00:190][  0]LogDirectoryWatcher:Warning: Failed to begin reading directory changes for C:/Users/Adam/Documents/GitHub/doftg/Content/. Error: The system cannot find the file specified. (0x00000002)
[2016.09.28-15.39.00:338][  0]LogCook:Display: Max memory allowance for cook 16384mb min free memory 0mb
[2016.09.28-15.39.00:385][  0]LogCook:Display: Mobile HDR setting 1
[2016.09.28-15.39.07:877][  0]SourceControl: Info Source control is disabled
[2016.09.28-15.39.08:110][  0]Cmd: MAP LOAD FILE="../../../Engine/Content/Maps/Templates/Template_Default.umap" TEMPLATE=1 SHOWPROGRESS=1 FEATURELEVEL=3
[2016.09.28-15.39.08:224][  0]LightingResults: New page: Lighting Build
[2016.09.28-15.39.08:833][  0]MapCheck: New page: Map Check
[2016.09.28-15.39.08:833][  0]LightingResults: New page: Lighting Build
[2016.09.28-15.39.14:355][  0]LogAIModule: Creating AISystem for world Untitled_1
[2016.09.28-15.39.16:268][  0]LogEditorServer: Finished looking for orphan Actors (0.002 secs)
[2016.09.28-15.39.16:456][  0]Cmd: MAP CHECKDEP NOCLEARLOG
[2016.09.28-15.39.16:585][  0]MapCheck: Info Map check complete: 0 Error(s), 0 Warning(s), took 125.158ms to complete.
[2016.09.28-15.39.16:585][  0]LogFileHelpers: Loading map 'Template_Default' took 8.555
[2016.09.28-15.39.21:683][  0]LogCollectionManager: Loaded 0 collections in 0.003796 seconds
[2016.09.28-15.39.22:648][  0]LogFileCache: Scanning file cache for directory 'C:/Users/Adam/Documents/GitHub/doftg/Saved/Collections/' took 0.01s
[2016.09.28-15.39.22:648][  0]LogFileCache: Scanning file cache for directory 'C:/Users/Adam/Documents/GitHub/doftg/Content/Developers/Adam/Collections/' took 0.01s
[2016.09.28-15.39.22:648][  0]LogFileCache: Scanning file cache for directory 'C:/Users/Adam/Documents/GitHub/doftg/Content/Collections/' took 0.01s
[2016.09.28-15.39.22:648][  0]LogCollectionManager: Rebuilt the GUID cache for 0 collections in 0.000049 seconds
[2016.09.28-15.39.23:106][  0]LogContentBrowser: Native class hierarchy populated in 0.2521 seconds. Added 2141 classes and 415 folders.
[2016.09.28-15.39.23:307][  0]LogStats: UGameplayTagsManager::ConstructGameplayTagTree: Construct from data asset -  0.000 s
[2016.09.28-15.39.23:307][  0]LogStats: UGameplayTagsManager::ConstructGameplayTagTree: GameplayTagTreeChangedEvent.Broadcast -  0.000 s
[2016.09.28-15.39.23:352][  0]LogContentBrowser: Native class hierarchy updated for 'GameplayTags' in 0.0014 seconds. Added 12 classes and 0 folders.
[2016.09.28-15.39.23:457][  0]LogContentBrowser: Native class hierarchy updated for 'WidgetCarousel' in 0.0012 seconds. Added 0 classes and 0 folders.
[2016.09.28-15.39.26:283][  0]LogContentBrowser: Native class hierarchy updated for 'AddContentDialog' in 0.0016 seconds. Added 0 classes and 0 folders.
[2016.09.28-15.39.26:550][  0]LogContentBrowser: Native class hierarchy updated for 'SceneOutliner' in 0.0012 seconds. Added 1 classes and 2 folders.
[2016.09.28-15.39.28:558][  0]LogCrashTracker: Crashtracker disabled due to settings.
[2016.09.28-15.39.30:379][  0]LogUObjectGlobals:Warning: Failed to find object 'Class None.'
[2016.09.28-15.39.30:703][  0]LogContentBrowser: Native class hierarchy updated for 'HierarchicalLODOutliner' in 0.0028 seconds. Added 1 classes and 2 folders.
[2016.09.28-15.39.30:705][  0]LogLoad: (Engine Initialization) Total time: 227.54 seconds
[2016.09.28-15.39.30:705][  0]LogLoad: (Engine Initialization) Total Blueprint compile time: 1.22 seconds
[2016.09.28-15.39.30:720][  0]LogExternalProfiler: Found external profiler: VSPerf
[2016.09.28-15.39.30:720][  0]LogExternalProfiler: Using external profiler: VSPerf
[2016.09.28-15.39.30:820][  0]LogOcInput: OculusInput pre-init called
[2016.09.28-15.39.31:827][  0]LogContentStreaming: Texture pool size now 400 MB
[2016.09.28-15.39.34:573][  0]LogRenderer: Reallocating scene render targets to support 808x328 (Frame:2).
[2016.09.28-15.39.36:605][ 11]LogAssetRegistry: Asset discovery search completed in 157.6638 seconds
[2016.09.28-15.39.36:605][ 11]LogCollectionManager: Rebuilt the object cache for 0 collections in 0.000002 seconds (found 0 objects)
[2016.09.28-15.39.36:605][ 11]LogCollectionManager: Fixed up redirectors for 0 collections in 0.000130 seconds (updated 0 objects)
[2016.09.28-15.41.21:694][164]LogUProjectInfo: Found projects:
[2016.09.28-15.42.57:229][802]LogWindowsTextInputMethodSystem:Display: IME system now deactivated.
[2016.09.28-15.42.59:591][803]Cmd: QUIT_EDITOR
[2016.09.28-15.43.01:447][803]LogExit: Preparing to exit.
[2016.09.28-15.43.06:402][803]LogExit: Editor shut down
[2016.09.28-15.43.06:405][803]LogExit: Transaction tracking system shut down
[2016.09.28-15.43.16:914][803]LogObj: Freed 0b from 0 cluster array pools.
[2016.09.28-15.43.16:914][803]LogExit: Object subsystem successfully closed.
[2016.09.28-15.43.21:239][803]LogD3D11RHI: Shutdown
[2016.09.28-15.43.21:239][803]LogD3D11RHI: CleanupD3DDevice
[2016.09.28-15.43.24:502][803]LogD3D11RHI: ~FD3D11DynamicRHI
[2016.09.28-15.43.29:082][803]LogModuleManager: Shutting down and abandoning module HierarchicalLODOutliner (233)
[2016.09.28-15.43.29:104][803]LogModuleManager: Shutting down and abandoning module CrashTracker (232)
[2016.09.28-15.43.29:104][803]LogModuleManager: Shutting down and abandoning module SceneOutliner (231)
[2016.09.28-15.43.29:125][803]LogModuleManager: Shutting down and abandoning module WidgetCarousel (230)
[2016.09.28-15.43.29:125][803]LogModuleManager: Shutting down and abandoning module AddContentDialog (229)
[2016.09.28-15.43.29:200][803]LogDirectoryWatcher: A directory notification for 'C:/Program Files (x86)/Epic Games/4.13/FeaturePacks/' was aborted.
[2016.09.28-15.43.29:266][803]LogModuleManager: Shutting down and abandoning module GameplayTags (228)
[2016.09.28-15.43.29:266][803]LogModuleManager: Shutting down and abandoning module EditorWidgets (227)
[2016.09.28-15.43.29:267][803]LogModuleManager: Shutting down and abandoning module CollectionManager (226)
[2016.09.28-15.43.29:318][803]LogDirectoryWatcher: A directory notification for 'C:/Users/Adam/Documents/GitHub/doftg/Content/Collections/' was aborted.
[2016.09.28-15.43.29:318][803]LogDirectoryWatcher: A directory notification for 'C:/Users/Adam/Documents/GitHub/doftg/Content/Developers/Adam/Collections/' was aborted.
[2016.09.28-15.43.29:319][803]LogDirectoryWatcher: A directory notification for 'C:/Users/Adam/Documents/GitHub/doftg/Saved/Collections/' was aborted.
[2016.09.28-15.43.29:319][803]LogModuleManager: Shutting down and abandoning module StatsViewer (225)
[2016.09.28-15.43.29:402][803]LogModuleManager: Shutting down and abandoning module FoliageEdit (224)
[2016.09.28-15.43.29:429][803]LogModuleManager: Shutting down and abandoning module LandscapeEditor (223)
[2016.09.28-15.43.29:500][803]LogModuleManager: Shutting down and abandoning module SceneDepthPickerMode (222)
[2016.09.28-15.43.29:500][803]LogModuleManager: Shutting down and abandoning module ActorPickerMode (221)
[2016.09.28-15.43.29:500][803]LogModuleManager: Shutting down and abandoning module GeometryMode (220)
[2016.09.28-15.43.29:500][803]LogModuleManager: Shutting down and abandoning module TextureAlignMode (219)
[2016.09.28-15.43.29:500][803]LogModuleManager: Shutting down and abandoning module BspMode (218)
[2016.09.28-15.43.29:515][803]LogModuleManager: Shutting down and abandoning module HardwareSurvey (217)
[2016.09.28-15.43.29:515][803]LogModuleManager: Shutting down and abandoning module SequenceRecorderSections (216)
[2016.09.28-15.43.29:515][803]LogModuleManager: Shutting down and abandoning module SequenceRecorder (215)
[2016.09.28-15.43.29:582][803]LogModuleManager: Shutting down and abandoning module AutomationWorker (214)
[2016.09.28-15.43.29:593][803]LogModuleManager: Shutting down and abandoning module MatineeToLevelSequence (213)
[2016.09.28-15.43.29:593][803]LogModuleManager: Shutting down and abandoning module PlacementMode (212)
[2016.09.28-15.43.29:617][803]LogModuleManager: Shutting down and abandoning module LevelSequenceEditor (211)
[2016.09.28-15.43.29:810][803]LogModuleManager: Shutting down and abandoning module WmfMediaFactory (210)
[2016.09.28-15.43.29:810][803]LogModuleManager: Shutting down and abandoning module WmfMediaEditor (209)
[2016.09.28-15.43.29:810][803]LogModuleManager: Shutting down and abandoning module AvfMediaFactory (208)
[2016.09.28-15.43.29:810][803]LogModuleManager: Shutting down and abandoning module AvfMediaEditor (207)
[2016.09.28-15.43.29:810][803]LogModuleManager: Shutting down and abandoning module Media (206)
[2016.09.28-15.43.29:810][803]LogModuleManager: Shutting down and abandoning module AndroidMediaFactory (205)
[2016.09.28-15.43.29:810][803]LogModuleManager: Shutting down and abandoning module AndroidMediaEditor (204)
[2016.09.28-15.43.29:810][803]LogModuleManager: Shutting down and abandoning module CharacterAI (203)
[2016.09.28-15.43.29:810][803]LogModuleManager: Shutting down and abandoning module SmartSnapping (202)
[2016.09.28-15.43.29:810][803]LogModuleManager: Shutting down and abandoning module SessionServices (201)
[2016.09.28-15.43.29:810][803]LogModuleManager: Shutting down and abandoning module ViewportSnapping (200)
[2016.09.28-15.43.29:810][803]LogModuleManager: Shutting down and abandoning module ViewportInteraction (199)
[2016.09.28-15.43.29:810][803]LogModuleManager: Shutting down and abandoning module LogVisualizer (198)
[2016.09.28-15.43.29:922][803]LogModuleManager: Shutting down and abandoning module GameProjectGeneration (197)
[2016.09.28-15.43.29:922][803]LogModuleManager: Shutting down and abandoning module IntroTutorials (196)
[2016.09.28-15.43.29:962][803]LogModuleManager: Shutting down and abandoning module EditorLiveStreaming (195)
[2016.09.28-15.43.29:962][803]LogModuleManager: Shutting down and abandoning module IOSPlatformEditor (194)
[2016.09.28-15.43.29:981][803]LogModuleManager: Shutting down and abandoning module HTML5PlatformEditor (193)
[2016.09.28-15.43.29:981][803]LogModuleManager: Shutting down and abandoning module AndroidDeviceDetection (192)
[2016.09.28-15.43.30:400][803]LogModuleManager: Shutting down and abandoning module AndroidPlatformEditor (191)
[2016.09.28-15.43.30:424][803]LogModuleManager: Shutting down and abandoning module IOSRuntimeSettings (190)
[2016.09.28-15.43.30:425][803]LogModuleManager: Shutting down and abandoning module AndroidRuntimeSettings (189)
[2016.09.28-15.43.30:425][803]LogModuleManager: Shutting down and abandoning module NiagaraEditor (188)
[2016.09.28-15.43.30:521][803]LogModuleManager: Shutting down and abandoning module MergeActors (187)
[2016.09.28-15.43.30:568][803]LogModuleManager: Shutting down and abandoning module SizeMap (186)
[2016.09.28-15.43.30:582][803]LogModuleManager: Shutting down and abandoning module TreeMap (185)
[2016.09.28-15.43.30:617][803]LogModuleManager: Shutting down and abandoning module ReferenceViewer (184)
[2016.09.28-15.43.30:617][803]LogModuleManager: Shutting down and abandoning module LocalizationService (183)
[2016.09.28-15.43.30:636][803]LogModuleManager: Shutting down and abandoning module LocalizationDashboard (182)
[2016.09.28-15.43.30:710][803]LogModuleManager: Shutting down and abandoning module HardwareTargeting (181)
[2016.09.28-15.43.30:720][803]LogModuleManager: Shutting down and abandoning module DeviceProfileEditor (180)
[2016.09.28-15.43.30:786][803]LogModuleManager: Shutting down and abandoning module UndoHistory (179)
[2016.09.28-15.43.30:803][803]LogModuleManager: Shutting down and abandoning module UserFeedback (178)
[2016.09.28-15.43.30:803][803]LogModuleManager: Shutting down and abandoning module XmlParser (177)
[2016.09.28-15.43.30:807][803]LogModuleManager: Shutting down and abandoning module Blutility (176)
[2016.09.28-15.43.30:830][803]LogModuleManager: Shutting down and abandoning module ProjectTargetPlatformEditor (175)
[2016.09.28-15.43.30:833][803]LogModuleManager: Shutting down and abandoning module ProjectSettingsViewer (174)
[2016.09.28-15.43.30:833][803]LogModuleManager: Shutting down and abandoning module InputBindingEditor (173)
[2016.09.28-15.43.30:884][803]LogModuleManager: Shutting down and abandoning module EditorSettingsViewer (172)
[2016.09.28-15.43.30:884][803]LogModuleManager: Shutting down and abandoning module SettingsEditor (171)
[2016.09.28-15.43.30:980][803]LogModuleManager: Shutting down and abandoning module ProjectLauncher (170)
[2016.09.28-15.43.31:014][803]LogModuleManager: Shutting down and abandoning module SessionFrontend (169)
[2016.09.28-15.43.31:055][803]LogModuleManager: Shutting down and abandoning module ProfilerClient (168)
[2016.09.28-15.43.31:142][803]LogModuleManager: Shutting down and abandoning module TargetDeviceServices (167)
[2016.09.28-15.43.31:147][803]LogModuleManager: Shutting down and abandoning module DeviceManager (166)
[2016.09.28-15.43.31:210][803]LogModuleManager: Shutting down and abandoning module AutomationController (165)
[2016.09.28-15.43.31:286][803]LogModuleManager: Shutting down and abandoning module AutomationWindow (164)
[2016.09.28-15.43.31:308][803]LogModuleManager: Shutting down and abandoning module Layers (163)
[2016.09.28-15.43.31:414][803]LogModuleManager: Shutting down and abandoning module ComponentVisualizers (162)
[2016.09.28-15.43.31:414][803]LogModuleManager: Shutting down and abandoning module DetailCustomizations (161)
[2016.09.28-15.43.31:441][803]LogModuleManager: Shutting down and abandoning module PackagesDialog (160)
[2016.09.28-15.43.31:511][803]LogModuleManager: Shutting down and abandoning module AnimGraph (159)
[2016.09.28-15.43.31:542][803]LogModuleManager: Shutting down and abandoning module Persona (158)
[2016.09.28-15.43.31:745][803]LogModuleManager: Shutting down and abandoning module Kismet (157)
[2016.09.28-15.43.31:882][803]LogModuleManager: Shutting down and abandoning module GraphEditor (156)
[2016.09.28-15.43.31:985][803]LogModuleManager: Shutting down and abandoning module ClassViewer (155)
[2016.09.28-15.43.32:023][803]LogModuleManager: Shutting down and abandoning module Toolbox (154)
[2016.09.28-15.43.32:040][803]LogModuleManager: Shutting down and abandoning module ModuleUI (153)
[2016.09.28-15.43.32:048][803]LogModuleManager: Shutting down and abandoning module MovieSceneTools (152)
[2016.09.28-15.43.32:113][803]LogModuleManager: Shutting down and abandoning module OutputLog (151)
[2016.09.28-15.43.32:154][803]LogModuleManager: Shutting down and abandoning module GammaUI (150)
[2016.09.28-15.43.32:209][803]LogModuleManager: Shutting down and abandoning module Documentation (149)
[2016.09.28-15.43.32:209][803]LogModuleManager: Shutting down and abandoning module Niagara (148)
[2016.09.28-15.43.32:235][803]LogModuleManager: Shutting down and abandoning module StreamingPauseRendering (147)
[2016.09.28-15.43.32:235][803]LogModuleManager: Shutting down and abandoning module AnalyticsET (146)
[2016.09.28-15.43.32:235][803]LogModuleManager: Shutting down and abandoning module PortalServices (145)
[2016.09.28-15.43.32:235][803]LogModuleManager: Shutting down and abandoning module PortalRpc (144)
[2016.09.28-15.43.32:235][803]LogModuleManager: Shutting down and abandoning module MessagingRpc (143)
[2016.09.28-15.43.32:235][803]LogModuleManager: Shutting down and abandoning module GameplayDebugger (142)
[2016.09.28-15.43.32:290][803]LogModuleManager: Shutting down and abandoning module AITestSuite (141)
[2016.09.28-15.43.32:363][803]LogModuleManager: Shutting down and abandoning module AIModule (140)
[2016.09.28-15.43.32:377][803]LogModuleManager: Shutting down and abandoning module ProfilerService (139)
[2016.09.28-15.43.32:585][803]LogModuleManager: Shutting down and abandoning module TaskGraph (138)
[2016.09.28-15.43.32:618][803]LogModuleManager: Shutting down and abandoning module SlateRemote (137)
[2016.09.28-15.43.32:618][803]LogModuleManager: Shutting down and abandoning module SteamVRController (136)
[2016.09.28-15.43.32:618][803]LogModuleManager: Shutting down and abandoning module SteamVR (135)
[2016.09.28-15.43.32:618][803]LogModuleManager: Shutting down and abandoning module ProceduralMeshComponentEditor (134)
[2016.09.28-15.43.32:634][803]LogModuleManager: Shutting down and abandoning module ProceduralMeshComponent (133)
[2016.09.28-15.43.32:634][803]LogModuleManager: Shutting down and abandoning module OculusLibrary (132)
[2016.09.28-15.43.32:634][803]LogModuleManager: Shutting down and abandoning module OculusInput (131)
[2016.09.28-15.43.32:634][803]LogModuleManager: Shutting down and abandoning module CustomMeshComponent (130)
[2016.09.28-15.43.32:634][803]LogModuleManager: Shutting down and abandoning module CableComponent (129)
[2016.09.28-15.43.32:634][803]LogModuleManager: Shutting down and abandoning module ArchVisCharacter (128)
[2016.09.28-15.43.32:635][803]LogModuleManager: Shutting down and abandoning module MediaPlayerEditor (126)
[2016.09.28-15.43.32:681][803]LogModuleManager: Shutting down and abandoning module HTML5Networking (125)
[2016.09.28-15.43.32:682][803]LogModuleManager: Shutting down and abandoning module GeometryCacheEd (124)
[2016.09.28-15.43.32:682][803]LogModuleManager: Shutting down and abandoning module GeometryCache (123)
[2016.09.28-15.43.32:682][803]LogModuleManager: Shutting down and abandoning module AlembicLibrary (122)
[2016.09.28-15.43.32:682][803]LogModuleManager: Shutting down and abandoning module AlembicImporter (121)
[2016.09.28-15.43.32:685][803]LogModuleManager: Shutting down and abandoning module SuperSearch (120)
[2016.09.28-15.43.32:685][803]LogModuleManager: Shutting down and abandoning module SuperSearchEditor (119)
[2016.09.28-15.43.32:685][803]LogModuleManager: Shutting down and abandoning module SpeedTreeImporter (118)
[2016.09.28-15.43.32:685][803]LogModuleManager: Shutting down and abandoning module PluginBrowser (117)
[2016.09.28-15.43.32:785][803]LogModuleManager: Shutting down and abandoning module MobileLauncherProfileWizard (116)
[2016.09.28-15.43.32:885][803]LogModuleManager: Shutting down and abandoning module EpicSurvey (115)
[2016.09.28-15.43.32:909][803]LogModuleManager: Shutting down and abandoning module DesktopPlatform (114)
[2016.09.28-15.43.32:926][803]LogModuleManager: Shutting down and abandoning module VisualStudioSourceCodeAccess (113)
[2016.09.28-15.43.32:947][803]LogModuleManager: Shutting down and abandoning module UObjectPlugin (112)
[2016.09.28-15.43.32:947][803]LogModuleManager: Shutting down and abandoning module SubversionSourceControl (111)
[2016.09.28-15.43.33:004][803]LogModuleManager: Shutting down and abandoning module PerforceSourceControl (110)
[2016.09.28-15.43.33:115][803]LogModuleManager: Shutting down and abandoning module SourceControl (109)
[2016.09.28-15.43.33:223][803]LogModuleManager: Shutting down and abandoning module GitSourceControl (108)
[2016.09.28-15.43.33:272][803]LogModuleManager: Shutting down and abandoning module LightPropagationVolumeEditor (107)
[2016.09.28-15.43.33:272][803]LogModuleManager: Shutting down and abandoning module PaperTiledImporter (106)
[2016.09.28-15.43.33:285][803]LogModuleManager: Shutting down and abandoning module PaperSpriteSheetImporter (105)
[2016.09.28-15.43.33:298][803]LogModuleManager: Shutting down and abandoning module MeshPaint (104)
[2016.09.28-15.43.33:320][803]LogModuleManager: Shutting down and abandoning module FbxAutomationBuilderModule (103)
[2016.09.28-15.43.33:337][803]LogModuleManager: Shutting down and abandoning module PixelInspectorModule (102)
[2016.09.28-15.43.33:386][803]LogModuleManager: Shutting down and abandoning module HotReload (101)
[2016.09.28-15.43.33:403][803]LogModuleManager: Shutting down and abandoning module MainFrame (100)
[2016.09.28-15.43.33:403][803]LogModuleManager: Shutting down and abandoning module LevelEditor (99)
[2016.09.28-15.43.33:407][803]LogModuleManager: Shutting down and abandoning module ContentBrowser (98)
[2016.09.28-15.43.33:409][803]LogModuleManager: Shutting down and abandoning module Paper2DEditor (97)
[2016.09.28-15.43.33:485][803]LogModuleManager: Shutting down and abandoning module UdpMessaging (96)
[2016.09.28-15.43.33:586][803]LogModuleManager: Shutting down and abandoning module TcpMessaging (95)
[2016.09.28-15.43.33:621][803]LogModuleManager: Shutting down and abandoning module LightPropagationVolumeRuntime (94)
[2016.09.28-15.43.33:621][803]LogModuleManager: Shutting down and abandoning module Paper2D (93)
[2016.09.28-15.43.33:681][803]LogModuleManager: Shutting down and abandoning module WindowsMoviePlayer (92)
[2016.09.28-15.43.33:705][803]LogModuleManager: Shutting down and abandoning module WmfMedia (91)
[2016.09.28-15.43.33:737][803]LogModuleManager: Shutting down and abandoning module MediaAssets (90)
[2016.09.28-15.43.33:737][803]LogModuleManager: Shutting down and abandoning module GameLiveStreaming (89)
[2016.09.28-15.43.33:758][803]LogModuleManager: Shutting down and abandoning module GameplayTagsEditor (88)
[2016.09.28-15.43.33:778][803]LogModuleManager: Shutting down and abandoning module VREditor (87)
[2016.09.28-15.43.33:778][803]LogModuleManager: Shutting down and abandoning module GameplayTasksEditor (86)
[2016.09.28-15.43.33:778][803]LogModuleManager: Shutting down and abandoning module PropertyEditor (85)
[2016.09.28-15.43.33:795][803]LogModuleManager: Shutting down and abandoning module BehaviorTreeEditor (84)
[2016.09.28-15.43.33:896][803]LogModuleManager: Shutting down and abandoning module FunctionalTesting (83)
[2016.09.28-15.43.33:920][803]LogModuleManager: Shutting down and abandoning module CollisionAnalyzer (82)
[2016.09.28-15.43.33:979][803]LogModuleManager: Shutting down and abandoning module Sequencer (81)
[2016.09.28-15.43.34:153][803]LogModuleManager: Shutting down and abandoning module WorkspaceMenuStructure (80)
[2016.09.28-15.43.34:153][803]LogModuleManager: Shutting down and abandoning module MessageLog (79)
[2016.09.28-15.43.34:213][803]LogModuleManager: Shutting down and abandoning module AssetTools (78)
[2016.09.28-15.43.34:291][803]LogModuleManager: Shutting down and abandoning module UMGEditor (77)
[2016.09.28-15.43.34:421][803]LogModuleManager: Shutting down and abandoning module UMG (76)
[2016.09.28-15.43.34:492][803]LogModuleManager: Shutting down and abandoning module SlateReflector (75)
[2016.09.28-15.43.34:574][803]LogModuleManager: Shutting down and abandoning module Slate (74)
[2016.09.28-15.43.34:574][803]LogModuleManager: Shutting down and abandoning module EditorStyle (73)
[2016.09.28-15.43.34:583][803]LogModuleManager: Shutting down and abandoning module SourceCodeAccess (72)
[2016.09.28-15.43.34:584][803]LogModuleManager: Shutting down and abandoning module HeadMountedDisplay (71)
[2016.09.28-15.43.34:584][803]LogModuleManager: Shutting down and abandoning module XAudio2 (70)
[2016.09.28-15.43.34:584][803]LogModuleManager: Shutting down and abandoning module Networking (68)
[2016.09.28-15.43.34:584][803]LogModuleManager: Shutting down and abandoning module Core (67)
[2016.09.28-15.43.34:584][803]LogModuleManager: Shutting down and abandoning module DirectoryWatcher (66)
[2016.09.28-15.43.34:584][803]LogDirectoryWatcher: A directory notification for '../../../Engine/Content/' was aborted.
[2016.09.28-15.43.34:585][803]LogDirectoryWatcher: A directory notification for '../../../Engine/Plugins/2D/Paper2D/Content/' was aborted.
[2016.09.28-15.43.34:589][803]LogModuleManager: Shutting down and abandoning module AssetRegistry (65)
[2016.09.28-15.43.34:904][803]LogModuleManager: Shutting down and abandoning module KismetCompiler (64)
[2016.09.28-15.43.34:904][803]LogModuleManager: Shutting down and abandoning module PhysXFormats (63)
[2016.09.28-15.43.34:907][803]LogModuleManager: Shutting down and abandoning module MeshUtilities (62)
[2016.09.28-15.43.34:974][803]LogModuleManager: Shutting down and abandoning module DerivedDataCache (61)
[2016.09.28-15.43.35:018][803]LogDerivedDataCache: Shutdown
[2016.09.28-15.43.35:018][803]LogModuleManager: Shutting down and abandoning module VulkanShaderFormat (60)
[2016.09.28-15.43.35:034][803]LogModuleManager: Shutting down and abandoning module ShaderFormatOpenGL (59)
[2016.09.28-15.43.35:042][803]LogModuleManager: Shutting down and abandoning module ShaderFormatD3D (58)
[2016.09.28-15.43.35:042][803]LogModuleManager: Shutting down and abandoning module MetalShaderFormat (57)
[2016.09.28-15.43.35:079][803]LogModuleManager: Shutting down and abandoning module TextureFormatUncompressed (56)
[2016.09.28-15.43.35:079][803]LogModuleManager: Shutting down and abandoning module TextureFormatPVR (55)
[2016.09.28-15.43.35:101][803]LogModuleManager: Shutting down and abandoning module TextureFormatDXT (54)
[2016.09.28-15.43.35:101][803]LogModuleManager: Shutting down and abandoning module TextureFormatIntelISPCTexComp (53)
[2016.09.28-15.43.35:197][803]LogModuleManager: Shutting down and abandoning module ImageWrapper (52)
[2016.09.28-15.43.35:197][803]LogModuleManager: Shutting down and abandoning module TextureFormatASTC (51)
[2016.09.28-15.43.35:197][803]LogModuleManager: Shutting down and abandoning module TextureFormatAndroid (50)
[2016.09.28-15.43.35:197][803]LogModuleManager: Shutting down and abandoning module AudioFormatOpus (49)
[2016.09.28-15.43.35:212][803]LogModuleManager: Shutting down and abandoning module AudioFormatOgg (48)
[2016.09.28-15.43.35:230][803]LogModuleManager: Shutting down and abandoning module AudioFormatADPCM (47)
[2016.09.28-15.43.35:253][803]LogModuleManager: Shutting down and abandoning module LinuxTargetPlatform (46)
[2016.09.28-15.43.35:254][803]LogModuleManager: Shutting down and abandoning module LinuxServerTargetPlatform (45)
[2016.09.28-15.43.35:270][803]LogModuleManager: Shutting down and abandoning module LinuxNoEditorTargetPlatform (44)
[2016.09.28-15.43.35:276][803]LogModuleManager: Shutting down and abandoning module LinuxClientTargetPlatform (43)
[2016.09.28-15.43.35:296][803]LogModuleManager: Shutting down and abandoning module TVOSTargetPlatform (42)
[2016.09.28-15.43.35:296][803]LogModuleManager: Shutting down and abandoning module Messaging (41)
[2016.09.28-15.43.35:297][803]LogModuleManager: Shutting down and abandoning module IOSTargetPlatform (40)
[2016.09.28-15.43.35:297][803]LogModuleManager: Shutting down and abandoning module HTML5TargetPlatform (39)
[2016.09.28-15.43.35:297][803]LogModuleManager: Shutting down and abandoning module Android_PVRTCTargetPlatform (38)
[2016.09.28-15.43.35:297][803]LogModuleManager: Shutting down and abandoning module Android_MultiTargetPlatform (37)
[2016.09.28-15.43.35:297][803]LogModuleManager: Shutting down and abandoning module Android_ETC2TargetPlatform (36)
[2016.09.28-15.43.35:297][803]LogModuleManager: Shutting down and abandoning module Android_ETC1TargetPlatform (35)
[2016.09.28-15.43.35:297][803]LogModuleManager: Shutting down and abandoning module Android_DXTTargetPlatform (34)
[2016.09.28-15.43.35:297][803]LogModuleManager: Shutting down and abandoning module Android_ATCTargetPlatform (33)
[2016.09.28-15.43.35:297][803]LogModuleManager: Shutting down and abandoning module Android_ASTCTargetPlatform (32)
[2016.09.28-15.43.35:297][803]LogModuleManager: Shutting down and abandoning module AndroidTargetPlatform (31)
[2016.09.28-15.43.35:297][803]LogModuleManager: Shutting down and abandoning module WindowsTargetPlatform (30)
[2016.09.28-15.43.35:297][803]LogModuleManager: Shutting down and abandoning module WindowsServerTargetPlatform (29)
[2016.09.28-15.43.35:324][803]LogModuleManager: Shutting down and abandoning module WindowsNoEditorTargetPlatform (28)
[2016.09.28-15.43.35:328][803]LogModuleManager: Shutting down and abandoning module WindowsClientTargetPlatform (27)
[2016.09.28-15.43.35:347][803]LogModuleManager: Shutting down and abandoning module AllDesktopTargetPlatform (26)
[2016.09.28-15.43.35:347][803]LogModuleManager: Shutting down and abandoning module TargetPlatform (25)
[2016.09.28-15.43.35:347][803]LogModuleManager: Shutting down and abandoning module InputCore (24)
[2016.09.28-15.43.35:347][803]LogModuleManager: Shutting down and abandoning module Settings (23)
[2016.09.28-15.43.35:348][803]LogModuleManager: Shutting down and abandoning module OculusRift (22)
[2016.09.28-15.43.35:368][803]LogModuleManager: Shutting down and abandoning module GearVR (21)
[2016.09.28-15.43.35:368][803]LogModuleManager: Shutting down and abandoning module ExampleDeviceProfileSelector (20)
[2016.09.28-15.43.35:368][803]LogModuleManager: Shutting down and abandoning module OnlineBlueprintSupport (19)
[2016.09.28-15.43.35:368][803]LogModuleManager: Shutting down and abandoning module OnlineSubsystem (17)
[2016.09.28-15.43.35:376][803]LogOnline:Display: Unloading online subsystem: NULL
[2016.09.28-15.43.35:453][803]LogModuleManager: Shutting down and abandoning module HTTP (16)
[2016.09.28-15.43.35:453][803]LogHttp:Display: Http module shutting down, but needs to wait on 1 outstanding Http requests:
[2016.09.28-15.43.35:453][803]LogHttp:Display: 	verb=[POST] url=[https://datarouter.ol.epicgames.com/datarouter/api/v1/public/data?SessionID=%7BD0A0F2BD-4C71-1CF6-BF37-B3AC5132D97B%7D&AppID=UEEditor.Rocket.Release&AppVersion=%2B%2BUE4%2BRelease-4.13-CL-3106830&UserID=8727bc464acd6b012086cc82da186341%7Cd57b917e87184af8bad096027f72158a%7C21423555-d3f2-4343-8b77-ae15dc2d8cf9&AppEnvironment=datacollector-binary&UploadType=eteventstream] status=Processing
[2016.09.28-15.43.35:487][803]LogModuleManager: Shutting down and abandoning module XMPP (15)
[2016.09.28-15.43.35:577][803]LogModuleManager: Shutting down and abandoning module TextureCompressor (14)
[2016.09.28-15.43.35:626][803]LogModuleManager: Shutting down and abandoning module ShaderCore (13)
[2016.09.28-15.43.35:626][803]LogModuleManager: Shutting down and abandoning module Landscape (12)
[2016.09.28-15.43.35:626][803]LogModuleManager: Shutting down and abandoning module SlateRHIRenderer (11)
[2016.09.28-15.43.35:753][803]LogModuleManager: Shutting down and abandoning module OpenGLDrv (10)
[2016.09.28-15.43.35:810][803]LogModuleManager: Shutting down and abandoning module D3D11RHI (9)
[2016.09.28-15.43.35:810][803]LogModuleManager: Shutting down and abandoning module AnimGraphRuntime (8)
[2016.09.28-15.43.35:862][803]LogModuleManager: Shutting down and abandoning module Renderer (7)
[2016.09.28-15.43.35:862][803]LogModuleManager: Shutting down and abandoning module Engine (6)
[2016.09.28-15.43.35:862][803]LogModuleManager: Shutting down and abandoning module CoreUObject (5)
[2016.09.28-15.43.35:862][803]LogModuleManager: Shutting down and abandoning module NetworkFile (4)
[2016.09.28-15.43.35:915][803]LogModuleManager: Shutting down and abandoning module StreamingFile (3)
[2016.09.28-15.43.35:916][803]LogModuleManager: Shutting down and abandoning module SandboxFile (2)
[2016.09.28-15.43.35:923][803]LogModuleManager: Shutting down and abandoning module PakFile (1)
[2016.09.28-15.43.36:007][803]LogExit: Exiting.
[2016.09.28-15.43.36:114][803]Log file closed, 09/28/16 11:43:36
